
────────────────────────────────────────────────────────────
  Seed 1/10
────────────────────────────────────────────────────────────
  LB-BVF:   min=59.44 jfi=0.9591 js=0.9701  t=5.1s
  GA-3D-LB: min=53.97 jfi=0.8634 js=0.8761  t=12.5s
  PSO-3D-LB: min=54.28 jfi=0.8912 js=0.8960  t=30.7s
  SSA-3D-LB: min=55.02 jfi=0.8870 js=0.8975  t=14.4s

────────────────────────────────────────────────────────────
  Seed 2/10
────────────────────────────────────────────────────────────
  LB-BVF:   min=54.50 jfi=0.9588 js=0.9412  t=5.0s
  GA-3D-LB: min=50.54 jfi=0.7225 js=0.7644  t=19.1s
  PSO-3D-LB: min=44.29 jfi=0.6406 js=0.5744  t=30.5s
  SSA-3D-LB: min=49.21 jfi=0.6537 js=0.7120  t=17.1s

────────────────────────────────────────────────────────────
  Seed 3/10
────────────────────────────────────────────────────────────
  LB-BVF:   min=48.62 jfi=0.9815 js=0.9216  t=5.1s
  GA-3D-LB: min=38.79 jfi=0.9323 js=0.5434  t=20.0s
  PSO-3D-LB: min=37.12 jfi=0.8649 js=0.4656  t=17.0s
  SSA-3D-LB: min=39.30 jfi=0.8007 js=0.5024  t=16.6s

────────────────────────────────────────────────────────────
  Seed 4/10
────────────────────────────────────────────────────────────
  LB-BVF:   min=60.78 jfi=0.9277 js=0.9576  t=5.1s
  GA-3D-LB: min=43.58 jfi=0.9197 js=0.7024  t=17.9s
  PSO-3D-LB: min=40.54 jfi=0.8265 js=0.5518  t=21.2s
  SSA-3D-LB: min=39.44 jfi=0.7387 js=0.4794  t=22.3s

────────────────────────────────────────────────────────────
  Seed 5/10
────────────────────────────────────────────────────────────
  LB-BVF:   min=49.98 jfi=0.9843 js=0.9313  t=5.1s
  GA-3D-LB: min=50.39 jfi=0.6359 js=0.7073  t=16.7s
  PSO-3D-LB: min=47.42 jfi=0.5804 js=0.6381  t=23.0s
  SSA-3D-LB: min=42.56 jfi=0.8394 js=0.6242  t=17.9s

────────────────────────────────────────────────────────────
  Seed 6/10
────────────────────────────────────────────────────────────
  LB-BVF:   min=61.00 jfi=0.9305 js=0.9607  t=5.1s
  GA-3D-LB: min=46.71 jfi=0.7607 js=0.7265  t=16.1s
  PSO-3D-LB: min=47.54 jfi=0.7366 js=0.7416  t=26.4s
  SSA-3D-LB: min=48.24 jfi=0.7428 js=0.7642  t=15.4s

────────────────────────────────────────────────────────────
  Seed 7/10
────────────────────────────────────────────────────────────
  LB-BVF:   min=57.17 jfi=0.9871 js=0.9751  t=5.1s
  GA-3D-LB: min=50.23 jfi=0.5187 js=0.6302  t=16.7s
  PSO-3D-LB: min=48.71 jfi=0.7880 js=0.7963  t=30.4s
  SSA-3D-LB: min=46.30 jfi=0.5726 js=0.5975  t=16.9s

────────────────────────────────────────────────────────────
  Seed 8/10
────────────────────────────────────────────────────────────
  LB-BVF:   min=66.31 jfi=0.9770 js=1.0219  t=5.2s
  GA-3D-LB: min=56.41 jfi=0.7010 js=0.7847  t=19.9s
  PSO-3D-LB: min=40.21 jfi=0.9232 js=0.5857  t=30.7s
  SSA-3D-LB: min=44.96 jfi=0.4719 js=0.4993  t=18.8s

────────────────────────────────────────────────────────────
  Seed 9/10
────────────────────────────────────────────────────────────
  LB-BVF:   min=47.55 jfi=0.9765 js=0.8950  t=5.1s
  GA-3D-LB: min=37.27 jfi=0.7716 js=0.4335  t=19.9s
  PSO-3D-LB: min=36.80 jfi=0.8501 js=0.4510  t=21.4s
  SSA-3D-LB: min=36.69 jfi=0.8940 js=0.4647  t=19.6s

────────────────────────────────────────────────────────────
  Seed 10/10
────────────────────────────────────────────────────────────
  LB-BVF:   min=58.10 jfi=0.9921 js=0.9838  t=5.2s
  GA-3D-LB: min=57.81 jfi=0.6761 js=0.7767  t=20.0s
  PSO-3D-LB: min=47.89 jfi=0.5344 js=0.6240  t=29.9s
  SSA-3D-LB: min=47.12 jfi=0.9241 js=0.8439  t=16.8s

===========================================================================
  静态场景对比总结  (10 种子均值 ± 标准差)
===========================================================================
算法                MinRate    JFI_eff   JointScore    Time(s)
---------------------------------------------------------------------------
LB-BVF          56.347±5.79  0.9675±0.0218    0.9558±0.0338       5.1
GA-3D-LB        48.571±6.62  0.7502±0.1227    0.6945±0.1221      17.9
PSO-3D-LB       44.479±5.39  0.7636±0.1288    0.6324±0.1346      26.1
SSA-3D-LB       44.884±5.23  0.7525±0.1409    0.6385±0.1503      17.6
===========================================================================
/Users/haydd/.matplotlib is not a writable directory
Matplotlib created a temporary cache directory at /var/folders/r6/dcf4cdw91gq6nbp1qy0xyx4w0000gn/T/matplotlib-ik6pg6xs because there was an issue with the default path (/Users/haydd/.matplotlib); it is highly recommended to set the MPLCONFIGDIR environment variable to a writable directory, in particular to speed up the import of Matplotlib and to better support multiprocessing.
Matplotlib is building the font cache; this may take a moment.

All plots saved to result/static_full_comparison/

Total time: 674.2s
Results saved to: result/static_full_comparison/
