
==========================================================================================
                                        四算法公平对比实验                                         
                               (使用3D版本ISSA + 均匀分布Ground AP)                               
==========================================================================================

⚠️  注意：完整实验大约需要 15-20 分钟
   - VF:   ~50 秒
   - GA:   ~300 秒
   - PSO:  ~300 秒
   - ISSA: ~280 秒

📊 实验配置:
   • 总评估次数: 1500 (30个体 × 50迭代)
   • 信道实现: 50
   • 随机种子: 43
   • Ground AP: 均匀分布在地面区域
   • ISSA版本: 3D标准版（严格遵循论文公式14-20）

🚀 开始四算法公平对比...

================================================================================
                      FAIR OPTIMIZER COMPARISON EXPERIMENT                      
================================================================================

公平性保证：
  ✓ 总评估次数: 1500 (种群30 × 迭代50)
  ✓ 信道实现次数: 50
  ✓ 随机种子: 43
  ✓ 相同的初始位置和场景
  ✓ 固定的导频分配


[1/5] Generating neutral scenario...
[Neutral Initialization]
  ✓ UE positions: 60 users randomly distributed
  ✓ Ground APs: 4 APs uniformly distributed (2x2 grid)
  ✓ UAVs: 9 UAVs in 3x3 grid
  ✓ Random seed: 43

[2/5] Creating fair configurations...
  ✓ All configurations created with unified parameters

[3/5] Computing initial performance...
  Initial Min Rate: 27.5609 Mbps
  Initial Sum Rate: 2659.60 Mbps
  Initial Mean Rate: 44.3267 Mbps
  Initial Std Rate: 6.2697 Mbps

[4/5] Running optimizers...

================================================================================
[4/4] Running Balanced Virtual Force Optimizer V3...
================================================================================
开始平衡虚拟力优化（V3正确优化版）...
Iter 0: Sum=2627.93Mbps, Min=29.1619Mbps, BestMin=29.1619Mbps (Iter0), Time=0.087s
Iter 10: Sum=2634.49Mbps, Min=35.6547Mbps, BestMin=35.6547Mbps (Iter10), Time=0.088s
Iter 20: Sum=2644.03Mbps, Min=28.7964Mbps, BestMin=35.6547Mbps (Iter10), Time=0.092s
Iter 30: Sum=2632.24Mbps, Min=35.7263Mbps, BestMin=37.6162Mbps (Iter22), Time=0.091s
Iter 40: Sum=2608.42Mbps, Min=34.9976Mbps, BestMin=37.6162Mbps (Iter22), Time=0.093s

🔄 智能重启 #1 (Iter 47)

🎉 平衡虚拟力优化完成（V3版 - 历代最优记忆）!
✨ 最佳性能出现在第 22 次迭代
📊 历代最优总速率: 2654.82 Mbps
🎯 历代最优最小速率: 37.6162 Mbps
📈 速率标准差: 5.1406 Mbps
⏱️  优化时间: 4.69 秒
⚡ 平均每次迭代: 0.094 秒
🔄 重启次数: 1

✓ Balanced Virtual Force Optimizer V3 Complete
   Final Min Rate: 37.6162 Mbps
   Final Sum Rate: 2654.82 Mbps
   Time: 4.69 s

================================================================================
[4/4] Running Discrete Genetic Algorithm...
================================================================================
离散网格生成完成: 9x9 = 81个候选点
开始离散遗传算法优化（网格: 9x9）...
Gen 0: Fitness=3.3059, Sum=2543.34Mbps, Min=28.6086Mbps, Time=2.857s
Gen 10: Fitness=3.4264, Sum=2563.26Mbps, Min=28.9019Mbps, Time=2.829s
Gen 20: Fitness=3.4264, Sum=2566.72Mbps, Min=28.7192Mbps, Time=2.768s
Gen 30: Fitness=3.4368, Sum=2508.69Mbps, Min=28.5589Mbps, Time=2.782s
Gen 40: Fitness=3.4427, Sum=2527.29Mbps, Min=27.6685Mbps, Time=2.776s

🎉 离散遗传算法优化完成!
✨ 最佳性能出现在第 33 代
📊 最终总速率: 2517.59 Mbps
🎯 最终最小速率: 28.6664 Mbps
📈 速率标准差: 6.4939 Mbps
⏱️  优化时间: 140.04 秒
⚡ 平均每代: 2.801 秒
🎲 使用网格点: [13, 28, 32, 33, 34, 58, 61, 63, 76]

✓ Discrete Genetic Algorithm Complete
   Final Min Rate: 28.6664 Mbps
   Final Sum Rate: 2517.59 Mbps
   Time: 140.13 s

================================================================================
[4/4] Running Distributed PSO...
================================================================================
✅ 分布式PSO优化器初始化完成
   - 粒子数量: 30
   - 最大迭代次数: 50
   - PSO参数: w=0.729, c1=1.49445, c2=1.49445

================================================================================
                            分布式PSO优化算法 (Algorithm 2)                            
================================================================================

[Step 1] 初始化粒子群...
   ✓ 粒子群初始化完成
   ✓ 初始全局最佳适应度: 55.3537

[开始迭代] 最大迭代次数: 50
--------------------------------------------------------------------------------
Iter   0 | Fitness:  55.3537 | Min Rate: 30.9067 Mbps | Sum Rate:  2662.76 Mbps | Mean Rate: 44.3794 Mbps
Iter  10 | Fitness:  60.0419 | Min Rate: 33.0373 Mbps | Sum Rate:  2633.64 Mbps | Mean Rate: 43.8939 Mbps
Iter  20 | Fitness:  61.6632 | Min Rate: 33.8223 Mbps | Sum Rate:  2603.34 Mbps | Mean Rate: 43.3890 Mbps
Iter  30 | Fitness:  61.9300 | Min Rate: 35.4498 Mbps | Sum Rate:  2589.45 Mbps | Mean Rate: 43.1575 Mbps
Iter  40 | Fitness:  61.9300 | Min Rate: 33.1502 Mbps | Sum Rate:  2606.28 Mbps | Mean Rate: 43.4380 Mbps
Iter  49 | Fitness:  61.9300 | Min Rate: 33.6819 Mbps | Sum Rate:  2577.49 Mbps | Mean Rate: 42.9582 Mbps

================================================================================
                                      优化完成                                      
================================================================================

📊 最终性能指标:
   - 总速率 (Sum Rate):      2592.74 Mbps
   - 最小速率 (Min Rate):    33.7955 Mbps
   - 平均速率 (Mean Rate):   43.2123 Mbps
   - 速率标准差 (Std):        5.4490 Mbps
   - 最佳适应度 (Fitness):   61.9300

📈 性能提升:
   - 总速率提升:   -2.63%
   - 最小速率提升: +9.35%

⏱️  计算时间:
   - 总优化时间: 178.54 秒
   - 平均每代:   3.571 秒

✓ Distributed PSO Complete
   Final Min Rate: 33.7955 Mbps
   Final Sum Rate: 2592.74 Mbps
   Time: 178.66 s

================================================================================
[4/4] Running Improved Sparrow Search Algorithm (3D)...
================================================================================
================================================================================
开始标准ISSA优化（严格遵循论文公式 - 3D版本）...
  • 优化目标: 最大化最小用户速率
  • 优化变量: UAV 3D位置(xyz)
  • 公式14: 生产者更新
  • 公式15: 跟随者更新
  • 公式16: 警戒者更新
  • 公式17-18: 混沌初始化
  • 公式19-20: Cauchy-Gaussian变异
  • 麻雀数量: 30, 最大迭代: 50
================================================================================

[1/5] 混沌策略初始化种群...
[2/5] 计算初始适应度...
  ✓ 初始最优适应度: 22.2723 Mbps

[3/5] 开始迭代优化（50次）...
--------------------------------------------------------------------------------
Iter  10/50: Sum=2314.23Mbps, Min=23.8362Mbps, Time=5.541s
Iter  20/50: Sum=2400.58Mbps, Min=26.9623Mbps, Time=5.509s
Iter  30/50: Sum=2384.05Mbps, Min=27.0097Mbps, Time=5.491s
Iter  40/50: Sum=2411.41Mbps, Min=27.3454Mbps, Time=5.539s
Iter  50/50: Sum=2430.64Mbps, Min=28.6343Mbps, Time=5.491s

[4/5] 整理最终结果...
  ℹ️  使用迭代中记录的最优值（信道模型包含随机性）

[5/5] 优化完成!
================================================================================
🎉 标准ISSA优化完成!
📊 最终总速率: 2430.64 Mbps
🎯 最终最小速率: 28.6343 Mbps
📈 平均速率: 40.2699 Mbps
⏱️  优化时间: 275.64 秒
================================================================================

✓ Improved Sparrow Search Algorithm (3D) Complete
   Final Min Rate: 28.6343 Mbps
   Final Sum Rate: 2430.64 Mbps
   Time: 278.44 s

==========================================================================================
                         FAIR COMPARISON - FINAL RESULTS SUMMARY                          
==========================================================================================

Method               Min Rate        Sum Rate        Mean Rate       Time(s)     
------------------------------------------------------------------------------------------
Initial              27.5609         2659.60         44.3267         0.00        
Virtual Force        37.6162         2654.82         44.2471         4.69        
Genetic Algorithm    28.6664         2517.59         41.9598         140.13      
PSO                  33.7955         2592.74         43.2123         178.66      
ISSA                 28.6343         2430.64         40.2699         278.44      
------------------------------------------------------------------------------------------

==========================================================================================
                               IMPROVEMENT OVER INITIAL (%)                               
==========================================================================================

Method               Min Rate             Sum Rate             Mean Rate           
------------------------------------------------------------------------------------------
Virtual Force                    +36.48%              -0.18%              -0.18%
Genetic Algorithm                 +4.01%              -5.34%              -5.34%
PSO                              +22.62%              -2.51%              -2.51%
ISSA                              +3.89%              -8.61%              -9.15%
------------------------------------------------------------------------------------------

==========================================================================================
                                   PERFORMANCE RANKING                                    
==========================================================================================

📊 Minimum Rate Ranking:
   1. Virtual Force        37.6162 Mbps
   2. PSO                  33.7955 Mbps
   3. Genetic Algorithm    28.6664 Mbps
   4. ISSA                 28.6343 Mbps

📊 Sum Rate Ranking:
   1. Virtual Force        2654.82 Mbps
   2. PSO                  2592.74 Mbps
   3. Genetic Algorithm    2517.59 Mbps
   4. ISSA                 2430.64 Mbps

⏱️  Time Efficiency Ranking:
   1. Virtual Force        4.69 s
   2. Genetic Algorithm    140.13 s
   3. PSO                  178.66 s
   4. ISSA                 278.44 s
------------------------------------------------------------------------------------------

[5/5] Generating comparison plot...

✓ Fair comparison plot saved to: optimizer_comparison_fair_3d.png

==========================================================================================
                                          实验完成！                                           
==========================================================================================

⏱️  总运行时间: 10.03 分钟 (602.0 秒)

📊 最终排名（最小用户速率）:
   🥇 1. VF    : 37.6162 Mbps (+36.48%)
   🥈 2. PSO   : 33.7955 Mbps (+22.62%)
   🥉 3. GA    : 28.6664 Mbps ( +4.01%)
      4. ISSA  : 28.6343 Mbps ( +3.89%)

✅ 结果图表已保存到: optimizer_comparison_fair_3d.png

🎯 ISSA (3D标准版) 性能评估:
   📈 及格！ISSA实现了+3.89%的改进
