
==========================================================================================
                                        四算法公平对比实验                                         
                               (使用3D版本ISSA + 均匀分布Ground AP)                               
==========================================================================================

⚠️  注意：完整实验大约需要 15-20 分钟
   - VF:   ~50 秒
   - GA:   ~300 秒
   - PSO:  ~300 秒
   - ISSA: ~280 秒

📊 实验配置:
   • 总评估次数: 1500 (30个体 × 50迭代)
   • 信道实现: 50
   • 随机种子: 44
   • Ground AP: 均匀分布在地面区域
   • ISSA版本: 3D标准版（严格遵循论文公式14-20）

🚀 开始四算法公平对比...

================================================================================
                      FAIR OPTIMIZER COMPARISON EXPERIMENT                      
================================================================================

公平性保证：
  ✓ 总评估次数: 1500 (种群30 × 迭代50)
  ✓ 信道实现次数: 50
  ✓ 随机种子: 44
  ✓ 相同的初始位置和场景
  ✓ 固定的导频分配


[1/5] Generating neutral scenario...
[Neutral Initialization]
  ✓ UE positions: 60 users randomly distributed
  ✓ Ground APs: 4 APs uniformly distributed (2x2 grid)
  ✓ UAVs: 9 UAVs in 3x3 grid
  ✓ Random seed: 44

[2/5] Creating fair configurations...
  ✓ All configurations created with unified parameters

[3/5] Computing initial performance...
  Initial Min Rate: 31.0191 Mbps
  Initial Sum Rate: 2637.18 Mbps
  Initial Mean Rate: 43.9530 Mbps
  Initial Std Rate: 5.4869 Mbps

[4/5] Running optimizers...

================================================================================
[4/4] Running Balanced Virtual Force Optimizer V3...
================================================================================
开始平衡虚拟力优化（V3正确优化版）...
Iter 0: Sum=2623.51Mbps, Min=28.2627Mbps, BestMin=28.2627Mbps (Iter0), Time=0.089s
Iter 10: Sum=2695.82Mbps, Min=36.8638Mbps, BestMin=36.8858Mbps (Iter8), Time=0.089s
Iter 20: Sum=2649.11Mbps, Min=35.0842Mbps, BestMin=38.1285Mbps (Iter12), Time=0.088s
Iter 30: Sum=2635.30Mbps, Min=34.6704Mbps, BestMin=38.1285Mbps (Iter12), Time=0.087s

🔄 智能重启 #1 (Iter 37)
Iter 40: Sum=2622.66Mbps, Min=34.4355Mbps, BestMin=38.1285Mbps (Iter12), Time=0.091s

🎉 平衡虚拟力优化完成（V3版 - 历代最优记忆）!
✨ 最佳性能出现在第 12 次迭代
📊 历代最优总速率: 2638.72 Mbps
🎯 历代最优最小速率: 38.1285 Mbps
📈 速率标准差: 4.0060 Mbps
⏱️  优化时间: 4.58 秒
⚡ 平均每次迭代: 0.092 秒
🔄 重启次数: 1

✓ Balanced Virtual Force Optimizer V3 Complete
   Final Min Rate: 38.1285 Mbps
   Final Sum Rate: 2638.72 Mbps
   Time: 4.58 s

================================================================================
[4/4] Running Discrete Genetic Algorithm...
================================================================================
离散网格生成完成: 9x9 = 81个候选点
开始离散遗传算法优化（网格: 9x9）...
Gen 0: Fitness=3.3154, Sum=2528.61Mbps, Min=26.7729Mbps, Time=2.871s
Gen 10: Fitness=3.4615, Sum=2582.41Mbps, Min=28.4595Mbps, Time=2.831s
Gen 20: Fitness=3.5006, Sum=2612.48Mbps, Min=32.2822Mbps, Time=2.801s
Gen 30: Fitness=3.5006, Sum=2588.66Mbps, Min=29.5489Mbps, Time=2.777s
Gen 40: Fitness=3.5006, Sum=2625.51Mbps, Min=32.4966Mbps, Time=2.768s

🎉 离散遗传算法优化完成!
✨ 最佳性能出现在第 12 代
📊 最终总速率: 2602.01 Mbps
🎯 最终最小速率: 29.2357 Mbps
📈 速率标准差: 6.7852 Mbps
⏱️  优化时间: 140.87 秒
⚡ 平均每代: 2.817 秒
🎲 使用网格点: [12, 13, 14, 25, 40, 45, 68, 69, 73]

✓ Discrete Genetic Algorithm Complete
   Final Min Rate: 29.2357 Mbps
   Final Sum Rate: 2602.01 Mbps
   Time: 140.97 s

================================================================================
[4/4] Running Distributed PSO...
================================================================================
✅ 分布式PSO优化器初始化完成
   - 粒子数量: 30
   - 最大迭代次数: 50
   - PSO参数: w=0.729, c1=1.49445, c2=1.49445

================================================================================
                            分布式PSO优化算法 (Algorithm 2)                            
================================================================================

[Step 1] 初始化粒子群...
   ✓ 粒子群初始化完成
   ✓ 初始全局最佳适应度: 56.9748

[开始迭代] 最大迭代次数: 50
--------------------------------------------------------------------------------
Iter   0 | Fitness:  56.9748 | Min Rate: 30.5064 Mbps | Sum Rate:  2648.59 Mbps | Mean Rate: 44.1432 Mbps
Iter  10 | Fitness:  60.4256 | Min Rate: 29.3585 Mbps | Sum Rate:  2638.29 Mbps | Mean Rate: 43.9716 Mbps
Iter  20 | Fitness:  62.3591 | Min Rate: 32.4377 Mbps | Sum Rate:  2655.94 Mbps | Mean Rate: 44.2657 Mbps
Iter  30 | Fitness:  63.8929 | Min Rate: 37.2052 Mbps | Sum Rate:  2666.27 Mbps | Mean Rate: 44.4378 Mbps
Iter  40 | Fitness:  64.4521 | Min Rate: 36.4813 Mbps | Sum Rate:  2651.90 Mbps | Mean Rate: 44.1983 Mbps
Iter  49 | Fitness:  65.0744 | Min Rate: 34.4404 Mbps | Sum Rate:  2653.97 Mbps | Mean Rate: 44.2328 Mbps

================================================================================
                                      优化完成                                      
================================================================================

📊 最终性能指标:
   - 总速率 (Sum Rate):      2655.68 Mbps
   - 最小速率 (Min Rate):    35.8802 Mbps
   - 平均速率 (Mean Rate):   44.2613 Mbps
   - 速率标准差 (Std):        4.6335 Mbps
   - 最佳适应度 (Fitness):   65.0744

📈 性能提升:
   - 总速率提升:   +0.27%
   - 最小速率提升: +17.62%

⏱️  计算时间:
   - 总优化时间: 180.16 秒
   - 平均每代:   3.603 秒

✓ Distributed PSO Complete
   Final Min Rate: 35.8802 Mbps
   Final Sum Rate: 2655.68 Mbps
   Time: 180.27 s

================================================================================
[4/4] Running Improved Sparrow Search Algorithm (3D)...
================================================================================
================================================================================
开始标准ISSA优化（严格遵循论文公式 - 3D版本）...
  • 优化目标: 最大化最小用户速率
  • 优化变量: UAV 3D位置(xyz)
  • 公式14: 生产者更新
  • 公式15: 跟随者更新
  • 公式16: 警戒者更新
  • 公式17-18: 混沌初始化
  • 公式19-20: Cauchy-Gaussian变异
  • 麻雀数量: 30, 最大迭代: 50
================================================================================

[1/5] 混沌策略初始化种群...
[2/5] 计算初始适应度...
  ✓ 初始最优适应度: 27.7589 Mbps

[3/5] 开始迭代优化（50次）...
--------------------------------------------------------------------------------
Iter  10/50: Sum=2534.73Mbps, Min=31.7736Mbps, Time=5.523s
Iter  20/50: Sum=2556.53Mbps, Min=31.5064Mbps, Time=5.517s
Iter  30/50: Sum=2537.94Mbps, Min=31.2429Mbps, Time=5.523s
Iter  40/50: Sum=2543.73Mbps, Min=31.4517Mbps, Time=5.522s
Iter  50/50: Sum=2576.10Mbps, Min=30.3464Mbps, Time=5.504s

[4/5] 整理最终结果...
  ℹ️  使用迭代中记录的最优值（信道模型包含随机性）

[5/5] 优化完成!
================================================================================
🎉 标准ISSA优化完成!
📊 最终总速率: 2576.10 Mbps
🎯 最终最小速率: 30.3464 Mbps
📈 平均速率: 42.2953 Mbps
⏱️  优化时间: 276.93 秒
================================================================================

✓ Improved Sparrow Search Algorithm (3D) Complete
   Final Min Rate: 30.3464 Mbps
   Final Sum Rate: 2576.10 Mbps
   Time: 279.73 s

==========================================================================================
                         FAIR COMPARISON - FINAL RESULTS SUMMARY                          
==========================================================================================

Method               Min Rate        Sum Rate        Mean Rate       Time(s)     
------------------------------------------------------------------------------------------
Initial              31.0191         2637.18         43.9530         0.00        
Virtual Force        38.1285         2638.72         43.9787         4.58        
Genetic Algorithm    29.2357         2602.01         43.3669         140.97      
PSO                  35.8802         2655.68         44.2613         180.27      
ISSA                 30.3464         2576.10         42.2953         279.73      
------------------------------------------------------------------------------------------

==========================================================================================
                               IMPROVEMENT OVER INITIAL (%)                               
==========================================================================================

Method               Min Rate             Sum Rate             Mean Rate           
------------------------------------------------------------------------------------------
Virtual Force                    +22.92%              +0.06%              +0.06%
Genetic Algorithm                 -5.75%              -1.33%              -1.33%
PSO                              +15.67%              +0.70%              +0.70%
ISSA                              -2.17%              -2.32%              -3.77%
------------------------------------------------------------------------------------------

==========================================================================================
                                   PERFORMANCE RANKING                                    
==========================================================================================

📊 Minimum Rate Ranking:
   1. Virtual Force        38.1285 Mbps
   2. PSO                  35.8802 Mbps
   3. ISSA                 30.3464 Mbps
   4. Genetic Algorithm    29.2357 Mbps

📊 Sum Rate Ranking:
   1. PSO                  2655.68 Mbps
   2. Virtual Force        2638.72 Mbps
   3. Genetic Algorithm    2602.01 Mbps
   4. ISSA                 2576.10 Mbps

⏱️  Time Efficiency Ranking:
   1. Virtual Force        4.58 s
   2. Genetic Algorithm    140.97 s
   3. PSO                  180.27 s
   4. ISSA                 279.73 s
------------------------------------------------------------------------------------------

[5/5] Generating comparison plot...

✓ Fair comparison plot saved to: optimizer_comparison_fair_3d.png

==========================================================================================
                                          实验完成！                                           
==========================================================================================

⏱️  总运行时间: 10.09 分钟 (605.6 秒)

📊 最终排名（最小用户速率）:
   🥇 1. VF    : 38.1285 Mbps (+22.92%)
   🥈 2. PSO   : 35.8802 Mbps (+15.67%)
   🥉 3. ISSA  : 30.3464 Mbps ( -2.17%)
      4. GA    : 29.2357 Mbps ( -5.75%)

✅ 结果图表已保存到: optimizer_comparison_fair_3d.png

🎯 ISSA (3D标准版) 性能评估:
   ❌ 需要改进！ISSA表现为-2.17%
