
==========================================================================================
                                       多随机种子四算法对比实验                                       
==========================================================================================

📊 实验配置:
   • 随机种子: [42, 44, 123, 456, 789]
   • 运行次数: 5 次
   • 信道实现: 50
   • 总评估次数: 1500

⏱️  预计总时间: ~75 分钟 (每次约15分钟)


==========================================================================================
                                    运行 1/5: 随机种子 = 42                                     
==========================================================================================
================================================================================
                      FAIR OPTIMIZER COMPARISON EXPERIMENT                      
================================================================================

公平性保证：
  ✓ 总评估次数: 1500 (种群30 × 迭代50)
  ✓ 信道实现次数: 50
  ✓ 随机种子: 42
  ✓ 相同的初始位置和场景
  ✓ 固定的导频分配


[1/5] Generating neutral scenario...
[Neutral Initialization]
  ✓ UE positions: 60 users randomly distributed
  ✓ Ground APs: 4 APs uniformly distributed (2x2 grid)
  ✓ UAVs: 9 UAVs in 3x3 grid
  ✓ Random seed: 42

[2/5] Creating fair configurations...
  ✓ All configurations created with unified parameters

[3/5] Computing initial performance...
  Initial Min Rate: 28.7046 Mbps
  Initial Sum Rate: 2641.19 Mbps
  Initial Mean Rate: 44.0199 Mbps
  Initial Std Rate: 5.8396 Mbps

[4/5] Running optimizers...

================================================================================
[4/4] Running Balanced Virtual Force Optimizer V3...
================================================================================
开始平衡虚拟力优化（V3正确优化版）...
Iter 0: Sum=2701.78Mbps, Min=29.3472Mbps, BestMin=29.3472Mbps (Iter0), Time=0.087s
Iter 10: Sum=2667.68Mbps, Min=34.0493Mbps, BestMin=36.0829Mbps (Iter6), Time=0.090s
Iter 20: Sum=2667.27Mbps, Min=33.3958Mbps, BestMin=36.1908Mbps (Iter15), Time=0.090s
Iter 30: Sum=2717.63Mbps, Min=32.5577Mbps, BestMin=37.0386Mbps (Iter28), Time=0.090s
Iter 40: Sum=2725.46Mbps, Min=34.5790Mbps, BestMin=37.2181Mbps (Iter39), Time=0.090s

🎉 平衡虚拟力优化完成（V3版 - 历代最优记忆）!
✨ 最佳性能出现在第 39 次迭代
📊 历代最优总速率: 2689.02 Mbps
🎯 历代最优最小速率: 37.2181 Mbps
📈 速率标准差: 5.2823 Mbps
⏱️  优化时间: 4.65 秒
⚡ 平均每次迭代: 0.093 秒
🔄 重启次数: 0

✓ Balanced Virtual Force Optimizer V3 Complete
   Final Min Rate: 37.2181 Mbps
   Final Sum Rate: 2689.02 Mbps
   Time: 4.65 s

================================================================================
[4/4] Running Discrete Genetic Algorithm...
================================================================================
离散网格生成完成: 9x9 = 81个候选点
开始离散遗传算法优化（网格: 9x9）...
Gen 0: Fitness=3.2767, Sum=2593.75Mbps, Min=28.9017Mbps, Time=2.826s
Gen 10: Fitness=3.4384, Sum=2572.97Mbps, Min=29.6505Mbps, Time=2.792s
Gen 20: Fitness=3.4839, Sum=2578.94Mbps, Min=32.2558Mbps, Time=2.779s
Gen 30: Fitness=3.4921, Sum=2545.02Mbps, Min=28.2688Mbps, Time=2.802s
Gen 40: Fitness=3.4921, Sum=2543.05Mbps, Min=29.3606Mbps, Time=2.777s

🎉 离散遗传算法优化完成!
✨ 最佳性能出现在第 47 代
📊 最终总速率: 2517.04 Mbps
🎯 最终最小速率: 30.7874 Mbps
📈 速率标准差: 6.2237 Mbps
⏱️  优化时间: 140.16 秒
⚡ 平均每代: 2.803 秒
🎲 使用网格点: [0, 6, 14, 26, 27, 39, 63, 69, 77]

✓ Discrete Genetic Algorithm Complete
   Final Min Rate: 30.7874 Mbps
   Final Sum Rate: 2517.04 Mbps
   Time: 140.26 s

================================================================================
[4/4] Running Distributed PSO...
================================================================================
✅ 分布式PSO优化器初始化完成
   - 粒子数量: 30
   - 最大迭代次数: 50
   - PSO参数: w=0.729, c1=1.49445, c2=1.49445

================================================================================
                            分布式PSO优化算法 (Algorithm 2)                            
================================================================================

[Step 1] 初始化粒子群...
   ✓ 粒子群初始化完成
   ✓ 初始全局最佳适应度: 56.8304

[开始迭代] 最大迭代次数: 50
--------------------------------------------------------------------------------
Iter   0 | Fitness:  56.8304 | Min Rate: 27.7494 Mbps | Sum Rate:  2642.07 Mbps | Mean Rate: 44.0346 Mbps
Iter  10 | Fitness:  62.2120 | Min Rate: 33.3785 Mbps | Sum Rate:  2666.59 Mbps | Mean Rate: 44.4432 Mbps
Iter  20 | Fitness:  64.1549 | Min Rate: 33.2284 Mbps | Sum Rate:  2692.51 Mbps | Mean Rate: 44.8752 Mbps
Iter  30 | Fitness:  64.1549 | Min Rate: 34.5006 Mbps | Sum Rate:  2668.02 Mbps | Mean Rate: 44.4670 Mbps
Iter  40 | Fitness:  64.1549 | Min Rate: 33.1758 Mbps | Sum Rate:  2708.40 Mbps | Mean Rate: 45.1401 Mbps
Iter  49 | Fitness:  64.7547 | Min Rate: 35.5408 Mbps | Sum Rate:  2678.75 Mbps | Mean Rate: 44.6458 Mbps

================================================================================
                                      优化完成                                      
================================================================================

📊 最终性能指标:
   - 总速率 (Sum Rate):      2710.17 Mbps
   - 最小速率 (Min Rate):    33.4215 Mbps
   - 平均速率 (Mean Rate):   45.1696 Mbps
   - 速率标准差 (Std):        5.5693 Mbps
   - 最佳适应度 (Fitness):   64.7547

📈 性能提升:
   - 总速率提升:   +2.58%
   - 最小速率提升: +20.44%

⏱️  计算时间:
   - 总优化时间: 177.93 秒
   - 平均每代:   3.559 秒

✓ Distributed PSO Complete
   Final Min Rate: 33.4215 Mbps
   Final Sum Rate: 2710.17 Mbps
   Time: 178.04 s

================================================================================
[4/4] Running NewSSA (OBL + Sine-Cosine)...
================================================================================
================================================================================
开始NewSSA优化（论文算法）...
  • 改进1: OBL策略 + 折射原理（公式18）
  • 改进2: 正弦-余弦搜索（公式20）
  • 改进3: 自适应参数r1和w（公式21-22）
  • 麻雀数量: 30
  • 最大迭代: 50
  • 生产者: 20%, 警戒者: 15%
================================================================================

[1/5] OBL策略 + 折射原理初始化...
[2/5] 计算初始适应度...
  ✓ 初始最优适应度: 29.7085 Mbps

[3/5] 开始迭代优化（50次）...
--------------------------------------------------------------------------------
Iter  10/50: Sum=2649.90Mbps, Min=29.9404Mbps, Time=5.384s
Iter  20/50: Sum=2650.49Mbps, Min=30.2023Mbps, Time=5.395s
Iter  30/50: Sum=2611.06Mbps, Min=30.8215Mbps, Time=5.415s
Iter  40/50: Sum=2627.05Mbps, Min=32.8070Mbps, Time=5.375s
Iter  50/50: Sum=2627.05Mbps, Min=32.8070Mbps, Time=5.352s

[4/5] 整理最终结果...

[5/5] 优化完成!
================================================================================
🎉 NewSSA优化完成!
📊 最终总速率: 2627.05 Mbps
🎯 最终最小速率: 32.8070 Mbps
📈 平均速率: 44.3175 Mbps
⏱️  优化时间: 269.60 秒
================================================================================

✓ NewSSA (OBL + Sine-Cosine) Complete
   Final Min Rate: 32.8070 Mbps
   Final Sum Rate: 2627.05 Mbps
   Time: 272.40 s

✓ 随机种子 42 完成（用时 9.9 分钟）
  VF:     37.22 Mbps
  GA:     30.79 Mbps
  PSO:    33.42 Mbps
  NewSSA: 32.81 Mbps
✓ 结果已保存到: multi_seed_results_partial_1.json

==========================================================================================
                                    运行 2/5: 随机种子 = 44                                     
==========================================================================================
================================================================================
                      FAIR OPTIMIZER COMPARISON EXPERIMENT                      
================================================================================

公平性保证：
  ✓ 总评估次数: 1500 (种群30 × 迭代50)
  ✓ 信道实现次数: 50
  ✓ 随机种子: 44
  ✓ 相同的初始位置和场景
  ✓ 固定的导频分配


[1/5] Generating neutral scenario...
[Neutral Initialization]
  ✓ UE positions: 60 users randomly distributed
  ✓ Ground APs: 4 APs uniformly distributed (2x2 grid)
  ✓ UAVs: 9 UAVs in 3x3 grid
  ✓ Random seed: 44

[2/5] Creating fair configurations...
  ✓ All configurations created with unified parameters

[3/5] Computing initial performance...
  Initial Min Rate: 31.0191 Mbps
  Initial Sum Rate: 2637.18 Mbps
  Initial Mean Rate: 43.9530 Mbps
  Initial Std Rate: 5.4869 Mbps

[4/5] Running optimizers...

================================================================================
[4/4] Running Balanced Virtual Force Optimizer V3...
================================================================================
开始平衡虚拟力优化（V3正确优化版）...
Iter 0: Sum=2623.51Mbps, Min=28.2627Mbps, BestMin=28.2627Mbps (Iter0), Time=0.090s
Iter 10: Sum=2695.82Mbps, Min=36.8638Mbps, BestMin=36.8858Mbps (Iter8), Time=0.091s
Iter 20: Sum=2649.11Mbps, Min=35.0842Mbps, BestMin=38.1285Mbps (Iter12), Time=0.089s
Iter 30: Sum=2635.30Mbps, Min=34.6704Mbps, BestMin=38.1285Mbps (Iter12), Time=0.089s

🔄 智能重启 #1 (Iter 37)
Iter 40: Sum=2622.66Mbps, Min=34.4355Mbps, BestMin=38.1285Mbps (Iter12), Time=0.091s

🎉 平衡虚拟力优化完成（V3版 - 历代最优记忆）!
✨ 最佳性能出现在第 12 次迭代
📊 历代最优总速率: 2638.72 Mbps
🎯 历代最优最小速率: 38.1285 Mbps
📈 速率标准差: 4.0060 Mbps
⏱️  优化时间: 4.56 秒
⚡ 平均每次迭代: 0.091 秒
🔄 重启次数: 1

✓ Balanced Virtual Force Optimizer V3 Complete
   Final Min Rate: 38.1285 Mbps
   Final Sum Rate: 2638.72 Mbps
   Time: 4.56 s

================================================================================
[4/4] Running Discrete Genetic Algorithm...
================================================================================
离散网格生成完成: 9x9 = 81个候选点
开始离散遗传算法优化（网格: 9x9）...
Gen 0: Fitness=3.3154, Sum=2528.61Mbps, Min=26.7729Mbps, Time=2.771s
Gen 10: Fitness=3.4615, Sum=2582.41Mbps, Min=28.4595Mbps, Time=2.782s
Gen 20: Fitness=3.5006, Sum=2612.48Mbps, Min=32.2822Mbps, Time=2.769s
Gen 30: Fitness=3.5006, Sum=2588.66Mbps, Min=29.5489Mbps, Time=2.789s
Gen 40: Fitness=3.5006, Sum=2625.51Mbps, Min=32.4966Mbps, Time=2.921s

🎉 离散遗传算法优化完成!
✨ 最佳性能出现在第 12 代
📊 最终总速率: 2602.01 Mbps
🎯 最终最小速率: 29.2357 Mbps
📈 速率标准差: 6.7852 Mbps
⏱️  优化时间: 139.87 秒
⚡ 平均每代: 2.797 秒
🎲 使用网格点: [12, 13, 14, 25, 40, 45, 68, 69, 73]

✓ Discrete Genetic Algorithm Complete
   Final Min Rate: 29.2357 Mbps
   Final Sum Rate: 2602.01 Mbps
   Time: 139.97 s

================================================================================
[4/4] Running Distributed PSO...
================================================================================
✅ 分布式PSO优化器初始化完成
   - 粒子数量: 30
   - 最大迭代次数: 50
   - PSO参数: w=0.729, c1=1.49445, c2=1.49445

================================================================================
                            分布式PSO优化算法 (Algorithm 2)                            
================================================================================

[Step 1] 初始化粒子群...
   ✓ 粒子群初始化完成
   ✓ 初始全局最佳适应度: 56.9748

[开始迭代] 最大迭代次数: 50
--------------------------------------------------------------------------------
Iter   0 | Fitness:  56.9748 | Min Rate: 30.5064 Mbps | Sum Rate:  2648.59 Mbps | Mean Rate: 44.1432 Mbps
Iter  10 | Fitness:  60.4256 | Min Rate: 29.3585 Mbps | Sum Rate:  2638.29 Mbps | Mean Rate: 43.9716 Mbps
Iter  20 | Fitness:  62.3591 | Min Rate: 32.4377 Mbps | Sum Rate:  2655.94 Mbps | Mean Rate: 44.2657 Mbps
Iter  30 | Fitness:  63.8929 | Min Rate: 37.2052 Mbps | Sum Rate:  2666.27 Mbps | Mean Rate: 44.4378 Mbps
Iter  40 | Fitness:  64.4521 | Min Rate: 36.4813 Mbps | Sum Rate:  2651.90 Mbps | Mean Rate: 44.1983 Mbps
Iter  49 | Fitness:  65.0744 | Min Rate: 34.4404 Mbps | Sum Rate:  2653.97 Mbps | Mean Rate: 44.2328 Mbps

================================================================================
                                      优化完成                                      
================================================================================

📊 最终性能指标:
   - 总速率 (Sum Rate):      2655.68 Mbps
   - 最小速率 (Min Rate):    35.8802 Mbps
   - 平均速率 (Mean Rate):   44.2613 Mbps
   - 速率标准差 (Std):        4.6335 Mbps
   - 最佳适应度 (Fitness):   65.0744

📈 性能提升:
   - 总速率提升:   +0.27%
   - 最小速率提升: +17.62%

⏱️  计算时间:
   - 总优化时间: 178.49 秒
   - 平均每代:   3.570 秒

✓ Distributed PSO Complete
   Final Min Rate: 35.8802 Mbps
   Final Sum Rate: 2655.68 Mbps
   Time: 178.61 s

================================================================================
[4/4] Running NewSSA (OBL + Sine-Cosine)...
================================================================================
================================================================================
开始NewSSA优化（论文算法）...
  • 改进1: OBL策略 + 折射原理（公式18）
  • 改进2: 正弦-余弦搜索（公式20）
  • 改进3: 自适应参数r1和w（公式21-22）
  • 麻雀数量: 30
  • 最大迭代: 50
  • 生产者: 20%, 警戒者: 15%
================================================================================

[1/5] OBL策略 + 折射原理初始化...
[2/5] 计算初始适应度...
  ✓ 初始最优适应度: 26.3090 Mbps

[3/5] 开始迭代优化（50次）...
--------------------------------------------------------------------------------
Iter  10/50: Sum=2594.80Mbps, Min=26.3090Mbps, Time=5.394s
Iter  20/50: Sum=2594.80Mbps, Min=26.3090Mbps, Time=5.375s
Iter  30/50: Sum=2594.80Mbps, Min=26.3090Mbps, Time=5.396s
Iter  40/50: Sum=2594.80Mbps, Min=26.3090Mbps, Time=5.373s
Iter  50/50: Sum=2594.80Mbps, Min=26.3090Mbps, Time=5.372s

[4/5] 整理最终结果...

[5/5] 优化完成!
================================================================================
🎉 NewSSA优化完成!
📊 最终总速率: 2594.80 Mbps
🎯 最终最小速率: 26.3090 Mbps
📈 平均速率: 42.4042 Mbps
⏱️  优化时间: 269.60 秒
================================================================================

✓ NewSSA (OBL + Sine-Cosine) Complete
   Final Min Rate: 26.3090 Mbps
   Final Sum Rate: 2594.80 Mbps
   Time: 272.37 s

✓ 随机种子 44 完成（用时 9.9 分钟）
  VF:     38.13 Mbps
  GA:     29.24 Mbps
  PSO:    35.88 Mbps
  NewSSA: 26.31 Mbps
✓ 结果已保存到: multi_seed_results_partial_2.json

==========================================================================================
                                    运行 3/5: 随机种子 = 123                                    
==========================================================================================
================================================================================
                      FAIR OPTIMIZER COMPARISON EXPERIMENT                      
================================================================================

公平性保证：
  ✓ 总评估次数: 1500 (种群30 × 迭代50)
  ✓ 信道实现次数: 50
  ✓ 随机种子: 123
  ✓ 相同的初始位置和场景
  ✓ 固定的导频分配


[1/5] Generating neutral scenario...
[Neutral Initialization]
  ✓ UE positions: 60 users randomly distributed
  ✓ Ground APs: 4 APs uniformly distributed (2x2 grid)
  ✓ UAVs: 9 UAVs in 3x3 grid
  ✓ Random seed: 123

[2/5] Creating fair configurations...
  ✓ All configurations created with unified parameters

[3/5] Computing initial performance...
  Initial Min Rate: 25.0823 Mbps
  Initial Sum Rate: 2560.59 Mbps
  Initial Mean Rate: 42.6765 Mbps
  Initial Std Rate: 6.9844 Mbps

[4/5] Running optimizers...

================================================================================
[4/4] Running Balanced Virtual Force Optimizer V3...
================================================================================
开始平衡虚拟力优化（V3正确优化版）...
Iter 0: Sum=2558.50Mbps, Min=24.5373Mbps, BestMin=24.5373Mbps (Iter0), Time=0.091s
Iter 10: Sum=2621.32Mbps, Min=24.9857Mbps, BestMin=26.8342Mbps (Iter3), Time=0.089s
Iter 20: Sum=2630.49Mbps, Min=21.6266Mbps, BestMin=26.8342Mbps (Iter3), Time=0.090s
Iter 30: Sum=2564.39Mbps, Min=22.4418Mbps, BestMin=26.8342Mbps (Iter3), Time=0.090s

🔄 智能重启 #1 (Iter 31)
Iter 40: Sum=2645.10Mbps, Min=24.8242Mbps, BestMin=32.2379Mbps (Iter33), Time=0.090s

🎉 平衡虚拟力优化完成（V3版 - 历代最优记忆）!
✨ 最佳性能出现在第 33 次迭代
📊 历代最优总速率: 2630.94 Mbps
🎯 历代最优最小速率: 32.2379 Mbps
📈 速率标准差: 6.5026 Mbps
⏱️  优化时间: 4.58 秒
⚡ 平均每次迭代: 0.092 秒
🔄 重启次数: 1

✓ Balanced Virtual Force Optimizer V3 Complete
   Final Min Rate: 32.2379 Mbps
   Final Sum Rate: 2630.94 Mbps
   Time: 4.58 s

================================================================================
[4/4] Running Discrete Genetic Algorithm...
================================================================================
离散网格生成完成: 9x9 = 81个候选点
开始离散遗传算法优化（网格: 9x9）...
Gen 0: Fitness=3.1002, Sum=2496.78Mbps, Min=22.5220Mbps, Time=2.776s
Gen 10: Fitness=3.3605, Sum=2535.14Mbps, Min=27.9123Mbps, Time=2.781s
Gen 20: Fitness=3.3999, Sum=2530.50Mbps, Min=29.4636Mbps, Time=2.758s
Gen 30: Fitness=3.4433, Sum=2606.38Mbps, Min=30.1596Mbps, Time=2.762s
Gen 40: Fitness=3.4519, Sum=2541.06Mbps, Min=30.7819Mbps, Time=2.769s

🎉 离散遗传算法优化完成!
✨ 最佳性能出现在第 47 代
📊 最终总速率: 2590.50 Mbps
🎯 最终最小速率: 30.4802 Mbps
📈 速率标准差: 7.9443 Mbps
⏱️  优化时间: 138.51 秒
⚡ 平均每代: 2.770 秒
🎲 使用网格点: [6, 17, 20, 29, 40, 43, 48, 60, 66]

✓ Discrete Genetic Algorithm Complete
   Final Min Rate: 30.4802 Mbps
   Final Sum Rate: 2590.50 Mbps
   Time: 138.60 s

================================================================================
[4/4] Running Distributed PSO...
================================================================================
✅ 分布式PSO优化器初始化完成
   - 粒子数量: 30
   - 最大迭代次数: 50
   - PSO参数: w=0.729, c1=1.49445, c2=1.49445

================================================================================
                            分布式PSO优化算法 (Algorithm 2)                            
================================================================================

[Step 1] 初始化粒子群...
   ✓ 粒子群初始化完成
   ✓ 初始全局最佳适应度: 53.4485

[开始迭代] 最大迭代次数: 50
--------------------------------------------------------------------------------
Iter   0 | Fitness:  53.4485 | Min Rate: 26.7005 Mbps | Sum Rate:  2567.04 Mbps | Mean Rate: 42.7839 Mbps
Iter  10 | Fitness:  56.5217 | Min Rate: 30.0703 Mbps | Sum Rate:  2649.77 Mbps | Mean Rate: 44.1628 Mbps
Iter  20 | Fitness:  60.7929 | Min Rate: 31.4192 Mbps | Sum Rate:  2640.78 Mbps | Mean Rate: 44.0131 Mbps
Iter  30 | Fitness:  61.8366 | Min Rate: 33.0988 Mbps | Sum Rate:  2663.10 Mbps | Mean Rate: 44.3850 Mbps
Iter  40 | Fitness:  62.4197 | Min Rate: 33.3777 Mbps | Sum Rate:  2675.58 Mbps | Mean Rate: 44.5929 Mbps
Iter  49 | Fitness:  62.4197 | Min Rate: 33.0207 Mbps | Sum Rate:  2679.50 Mbps | Mean Rate: 44.6583 Mbps

================================================================================
                                      优化完成                                      
================================================================================

📊 最终性能指标:
   - 总速率 (Sum Rate):      2661.14 Mbps
   - 最小速率 (Min Rate):    33.1540 Mbps
   - 平均速率 (Mean Rate):   44.3523 Mbps
   - 速率标准差 (Std):        6.4747 Mbps
   - 最佳适应度 (Fitness):   62.4197

📈 性能提升:
   - 总速率提升:   +3.67%
   - 最小速率提升: +24.17%

⏱️  计算时间:
   - 总优化时间: 177.42 秒
   - 平均每代:   3.548 秒

✓ Distributed PSO Complete
   Final Min Rate: 33.1540 Mbps
   Final Sum Rate: 2661.14 Mbps
   Time: 177.53 s

================================================================================
[4/4] Running NewSSA (OBL + Sine-Cosine)...
================================================================================
================================================================================
开始NewSSA优化（论文算法）...
  • 改进1: OBL策略 + 折射原理（公式18）
  • 改进2: 正弦-余弦搜索（公式20）
  • 改进3: 自适应参数r1和w（公式21-22）
  • 麻雀数量: 30
  • 最大迭代: 50
  • 生产者: 20%, 警戒者: 15%
================================================================================

[1/5] OBL策略 + 折射原理初始化...
[2/5] 计算初始适应度...
  ✓ 初始最优适应度: 24.7854 Mbps

[3/5] 开始迭代优化（50次）...
--------------------------------------------------------------------------------
Iter  10/50: Sum=2558.68Mbps, Min=29.8617Mbps, Time=5.573s
Iter  20/50: Sum=2535.51Mbps, Min=30.0256Mbps, Time=5.381s
Iter  30/50: Sum=2577.70Mbps, Min=32.3710Mbps, Time=5.425s
Iter  40/50: Sum=2568.27Mbps, Min=34.5138Mbps, Time=5.401s
Iter  50/50: Sum=2568.27Mbps, Min=34.5138Mbps, Time=5.416s

[4/5] 整理最终结果...

[5/5] 优化完成!
================================================================================
🎉 NewSSA优化完成!
📊 最终总速率: 2568.27 Mbps
🎯 最终最小速率: 34.5138 Mbps
📈 平均速率: 42.8960 Mbps
⏱️  优化时间: 1858.29 秒
================================================================================

✓ NewSSA (OBL + Sine-Cosine) Complete
   Final Min Rate: 34.5138 Mbps
   Final Sum Rate: 2568.27 Mbps
   Time: 1861.05 s

✓ 随机种子 123 完成（用时 36.4 分钟）
  VF:     32.24 Mbps
  GA:     30.48 Mbps
  PSO:    33.15 Mbps
  NewSSA: 34.51 Mbps
✓ 结果已保存到: multi_seed_results_partial_3.json

==========================================================================================
                                    运行 4/5: 随机种子 = 456                                    
==========================================================================================
================================================================================
                      FAIR OPTIMIZER COMPARISON EXPERIMENT                      
================================================================================

公平性保证：
  ✓ 总评估次数: 1500 (种群30 × 迭代50)
  ✓ 信道实现次数: 50
  ✓ 随机种子: 456
  ✓ 相同的初始位置和场景
  ✓ 固定的导频分配


[1/5] Generating neutral scenario...
[Neutral Initialization]
  ✓ UE positions: 60 users randomly distributed
  ✓ Ground APs: 4 APs uniformly distributed (2x2 grid)
  ✓ UAVs: 9 UAVs in 3x3 grid
  ✓ Random seed: 456

[2/5] Creating fair configurations...
  ✓ All configurations created with unified parameters

[3/5] Computing initial performance...
  Initial Min Rate: 29.2716 Mbps
  Initial Sum Rate: 2615.31 Mbps
  Initial Mean Rate: 43.5885 Mbps
  Initial Std Rate: 5.4287 Mbps

[4/5] Running optimizers...

================================================================================
[4/4] Running Balanced Virtual Force Optimizer V3...
================================================================================
开始平衡虚拟力优化（V3正确优化版）...
Iter 0: Sum=2607.00Mbps, Min=29.9672Mbps, BestMin=29.9672Mbps (Iter0), Time=0.090s
Iter 10: Sum=2662.54Mbps, Min=33.4559Mbps, BestMin=37.9792Mbps (Iter6), Time=0.091s
Iter 20: Sum=2654.16Mbps, Min=35.4363Mbps, BestMin=37.9792Mbps (Iter6), Time=0.092s
Iter 30: Sum=2604.92Mbps, Min=34.5292Mbps, BestMin=37.9792Mbps (Iter6), Time=0.090s

🔄 智能重启 #1 (Iter 31)
Iter 40: Sum=2684.35Mbps, Min=34.8258Mbps, BestMin=37.9792Mbps (Iter6), Time=0.091s

🎉 平衡虚拟力优化完成（V3版 - 历代最优记忆）!
✨ 最佳性能出现在第 6 次迭代
📊 历代最优总速率: 2683.22 Mbps
🎯 历代最优最小速率: 37.9792 Mbps
📈 速率标准差: 3.9897 Mbps
⏱️  优化时间: 4.63 秒
⚡ 平均每次迭代: 0.093 秒
🔄 重启次数: 1

✓ Balanced Virtual Force Optimizer V3 Complete
   Final Min Rate: 37.9792 Mbps
   Final Sum Rate: 2683.22 Mbps
   Time: 4.63 s

================================================================================
[4/4] Running Discrete Genetic Algorithm...
================================================================================
离散网格生成完成: 9x9 = 81个候选点
开始离散遗传算法优化（网格: 9x9）...
Gen 0: Fitness=3.1206, Sum=2490.20Mbps, Min=22.3000Mbps, Time=2.807s
Gen 10: Fitness=3.4073, Sum=2485.15Mbps, Min=29.5274Mbps, Time=2.802s
Gen 20: Fitness=3.4157, Sum=2464.90Mbps, Min=30.1493Mbps, Time=2.805s
Gen 30: Fitness=3.4157, Sum=2475.24Mbps, Min=29.0596Mbps, Time=2.792s
Gen 40: Fitness=3.4500, Sum=2518.97Mbps, Min=30.1461Mbps, Time=2.791s

🎉 离散遗传算法优化完成!
✨ 最佳性能出现在第 40 代
📊 最终总速率: 2533.24 Mbps
🎯 最终最小速率: 29.6508 Mbps
📈 速率标准差: 5.8985 Mbps
⏱️  优化时间: 139.75 秒
⚡ 平均每代: 2.795 秒
🎲 使用网格点: [8, 9, 13, 32, 37, 56, 61, 74, 76]

✓ Discrete Genetic Algorithm Complete
   Final Min Rate: 29.6508 Mbps
   Final Sum Rate: 2533.24 Mbps
   Time: 139.85 s

================================================================================
[4/4] Running Distributed PSO...
================================================================================
✅ 分布式PSO优化器初始化完成
   - 粒子数量: 30
   - 最大迭代次数: 50
   - PSO参数: w=0.729, c1=1.49445, c2=1.49445

================================================================================
                            分布式PSO优化算法 (Algorithm 2)                            
================================================================================

[Step 1] 初始化粒子群...
   ✓ 粒子群初始化完成
   ✓ 初始全局最佳适应度: 58.7728

[开始迭代] 最大迭代次数: 50
--------------------------------------------------------------------------------
Iter   0 | Fitness:  58.7728 | Min Rate: 30.4718 Mbps | Sum Rate:  2619.34 Mbps | Mean Rate: 43.6557 Mbps
Iter  10 | Fitness:  58.7855 | Min Rate: 29.4869 Mbps | Sum Rate:  2596.92 Mbps | Mean Rate: 43.2820 Mbps
Iter  20 | Fitness:  61.4921 | Min Rate: 32.6066 Mbps | Sum Rate:  2585.79 Mbps | Mean Rate: 43.0966 Mbps
Iter  30 | Fitness:  63.5606 | Min Rate: 36.1782 Mbps | Sum Rate:  2609.13 Mbps | Mean Rate: 43.4854 Mbps
Iter  40 | Fitness:  63.5606 | Min Rate: 34.5926 Mbps | Sum Rate:  2611.73 Mbps | Mean Rate: 43.5288 Mbps
Iter  49 | Fitness:  63.5606 | Min Rate: 33.3707 Mbps | Sum Rate:  2602.98 Mbps | Mean Rate: 43.3830 Mbps

================================================================================
                                      优化完成                                      
================================================================================

📊 最终性能指标:
   - 总速率 (Sum Rate):      2619.39 Mbps
   - 最小速率 (Min Rate):    34.6670 Mbps
   - 平均速率 (Mean Rate):   43.6565 Mbps
   - 速率标准差 (Std):        4.6507 Mbps
   - 最佳适应度 (Fitness):   63.5606

📈 性能提升:
   - 总速率提升:   +0.00%
   - 最小速率提升: +13.77%

⏱️  计算时间:
   - 总优化时间: 182.23 秒
   - 平均每代:   3.645 秒

✓ Distributed PSO Complete
   Final Min Rate: 34.6670 Mbps
   Final Sum Rate: 2619.39 Mbps
   Time: 182.35 s

================================================================================
[4/4] Running NewSSA (OBL + Sine-Cosine)...
================================================================================
================================================================================
开始NewSSA优化（论文算法）...
  • 改进1: OBL策略 + 折射原理（公式18）
  • 改进2: 正弦-余弦搜索（公式20）
  • 改进3: 自适应参数r1和w（公式21-22）
  • 麻雀数量: 30
  • 最大迭代: 50
  • 生产者: 20%, 警戒者: 15%
================================================================================

[1/5] OBL策略 + 折射原理初始化...
[2/5] 计算初始适应度...
  ✓ 初始最优适应度: 26.0964 Mbps

[3/5] 开始迭代优化（50次）...
--------------------------------------------------------------------------------
Iter  10/50: Sum=2492.10Mbps, Min=27.9647Mbps, Time=5.416s
Iter  20/50: Sum=2502.37Mbps, Min=29.1195Mbps, Time=5.392s
Iter  30/50: Sum=2502.37Mbps, Min=29.1195Mbps, Time=5.412s
Iter  40/50: Sum=2502.37Mbps, Min=29.1195Mbps, Time=5.416s
Iter  50/50: Sum=2502.37Mbps, Min=29.1195Mbps, Time=5.402s

[4/5] 整理最终结果...

[5/5] 优化完成!
================================================================================
🎉 NewSSA优化完成!
📊 最终总速率: 2502.37 Mbps
🎯 最终最小速率: 29.1195 Mbps
📈 平均速率: 41.8690 Mbps
⏱️  优化时间: 270.76 秒
================================================================================

✓ NewSSA (OBL + Sine-Cosine) Complete
   Final Min Rate: 29.1195 Mbps
   Final Sum Rate: 2502.37 Mbps
   Time: 273.62 s

✓ 随机种子 456 完成（用时 10.0 分钟）
  VF:     37.98 Mbps
  GA:     29.65 Mbps
  PSO:    34.67 Mbps
  NewSSA: 29.12 Mbps
✓ 结果已保存到: multi_seed_results_partial_4.json

==========================================================================================
                                    运行 5/5: 随机种子 = 789                                    
==========================================================================================
================================================================================
                      FAIR OPTIMIZER COMPARISON EXPERIMENT                      
================================================================================

公平性保证：
  ✓ 总评估次数: 1500 (种群30 × 迭代50)
  ✓ 信道实现次数: 50
  ✓ 随机种子: 789
  ✓ 相同的初始位置和场景
  ✓ 固定的导频分配


[1/5] Generating neutral scenario...
[Neutral Initialization]
  ✓ UE positions: 60 users randomly distributed
  ✓ Ground APs: 4 APs uniformly distributed (2x2 grid)
  ✓ UAVs: 9 UAVs in 3x3 grid
  ✓ Random seed: 789

[2/5] Creating fair configurations...
  ✓ All configurations created with unified parameters

[3/5] Computing initial performance...
  Initial Min Rate: 28.7683 Mbps
  Initial Sum Rate: 2613.73 Mbps
  Initial Mean Rate: 43.5621 Mbps
  Initial Std Rate: 7.0169 Mbps

[4/5] Running optimizers...

================================================================================
[4/4] Running Balanced Virtual Force Optimizer V3...
================================================================================
开始平衡虚拟力优化（V3正确优化版）...
Iter 0: Sum=2583.09Mbps, Min=33.6560Mbps, BestMin=33.6560Mbps (Iter0), Time=0.092s
Iter 10: Sum=2647.28Mbps, Min=31.8852Mbps, BestMin=34.3040Mbps (Iter4), Time=0.092s
Iter 20: Sum=2610.80Mbps, Min=34.3370Mbps, BestMin=35.5980Mbps (Iter14), Time=0.092s
Iter 30: Sum=2608.58Mbps, Min=35.6859Mbps, BestMin=35.7941Mbps (Iter25), Time=0.092s
Iter 40: Sum=2595.48Mbps, Min=28.9130Mbps, BestMin=35.7941Mbps (Iter25), Time=0.091s

🎉 平衡虚拟力优化完成（V3版 - 历代最优记忆）!
✨ 最佳性能出现在第 44 次迭代
📊 历代最优总速率: 2600.08 Mbps
🎯 历代最优最小速率: 36.5261 Mbps
📈 速率标准差: 5.2362 Mbps
⏱️  优化时间: 4.71 秒
⚡ 平均每次迭代: 0.094 秒
🔄 重启次数: 0

✓ Balanced Virtual Force Optimizer V3 Complete
   Final Min Rate: 36.5261 Mbps
   Final Sum Rate: 2600.08 Mbps
   Time: 4.71 s

================================================================================
[4/4] Running Discrete Genetic Algorithm...
================================================================================
离散网格生成完成: 9x9 = 81个候选点
开始离散遗传算法优化（网格: 9x9）...
Gen 0: Fitness=3.2419, Sum=2486.58Mbps, Min=27.2499Mbps, Time=2.794s
Gen 10: Fitness=3.4252, Sum=2500.36Mbps, Min=29.7988Mbps, Time=2.799s
Gen 20: Fitness=3.4340, Sum=2559.23Mbps, Min=26.3504Mbps, Time=2.798s
Gen 30: Fitness=3.4340, Sum=2577.71Mbps, Min=26.0663Mbps, Time=2.791s
Gen 40: Fitness=3.5199, Sum=2518.26Mbps, Min=29.9088Mbps, Time=2.783s

🎉 离散遗传算法优化完成!
✨ 最佳性能出现在第 38 代
📊 最终总速率: 2499.98 Mbps
🎯 最终最小速率: 30.1486 Mbps
📈 速率标准差: 6.7099 Mbps
⏱️  优化时间: 139.57 秒
⚡ 平均每代: 2.791 秒
🎲 使用网格点: [0, 6, 13, 28, 40, 44, 57, 75, 78]

✓ Discrete Genetic Algorithm Complete
   Final Min Rate: 30.1486 Mbps
   Final Sum Rate: 2499.98 Mbps
   Time: 139.66 s

================================================================================
[4/4] Running Distributed PSO...
================================================================================
✅ 分布式PSO优化器初始化完成
   - 粒子数量: 30
   - 最大迭代次数: 50
   - PSO参数: w=0.729, c1=1.49445, c2=1.49445

================================================================================
                            分布式PSO优化算法 (Algorithm 2)                            
================================================================================

[Step 1] 初始化粒子群...
   ✓ 粒子群初始化完成
   ✓ 初始全局最佳适应度: 59.0820

[开始迭代] 最大迭代次数: 50
--------------------------------------------------------------------------------
Iter   0 | Fitness:  59.0820 | Min Rate: 33.1553 Mbps | Sum Rate:  2626.62 Mbps | Mean Rate: 43.7770 Mbps
Iter  10 | Fitness:  60.6218 | Min Rate: 32.6057 Mbps | Sum Rate:  2606.50 Mbps | Mean Rate: 43.4417 Mbps
Iter  20 | Fitness:  63.1679 | Min Rate: 35.5599 Mbps | Sum Rate:  2622.76 Mbps | Mean Rate: 43.7127 Mbps
Iter  30 | Fitness:  63.4830 | Min Rate: 35.0595 Mbps | Sum Rate:  2645.41 Mbps | Mean Rate: 44.0902 Mbps
Iter  40 | Fitness:  64.6831 | Min Rate: 35.0814 Mbps | Sum Rate:  2664.71 Mbps | Mean Rate: 44.4118 Mbps
Iter  49 | Fitness:  64.8829 | Min Rate: 35.2184 Mbps | Sum Rate:  2664.08 Mbps | Mean Rate: 44.4014 Mbps

================================================================================
                                      优化完成                                      
================================================================================

📊 最终性能指标:
   - 总速率 (Sum Rate):      2703.17 Mbps
   - 最小速率 (Min Rate):    34.5081 Mbps
   - 平均速率 (Mean Rate):   45.0529 Mbps
   - 速率标准差 (Std):        6.5615 Mbps
   - 最佳适应度 (Fitness):   64.8829

📈 性能提升:
   - 总速率提升:   +2.91%
   - 最小速率提升: +4.08%

⏱️  计算时间:
   - 总优化时间: 180.02 秒
   - 平均每代:   3.600 秒

✓ Distributed PSO Complete
   Final Min Rate: 34.5081 Mbps
   Final Sum Rate: 2703.17 Mbps
   Time: 180.13 s

================================================================================
[4/4] Running NewSSA (OBL + Sine-Cosine)...
================================================================================
================================================================================
开始NewSSA优化（论文算法）...
  • 改进1: OBL策略 + 折射原理（公式18）
  • 改进2: 正弦-余弦搜索（公式20）
  • 改进3: 自适应参数r1和w（公式21-22）
  • 麻雀数量: 30
  • 最大迭代: 50
  • 生产者: 20%, 警戒者: 15%
================================================================================

[1/5] OBL策略 + 折射原理初始化...
[2/5] 计算初始适应度...
  ✓ 初始最优适应度: 27.2237 Mbps

[3/5] 开始迭代优化（50次）...
--------------------------------------------------------------------------------
Iter  10/50: Sum=2511.72Mbps, Min=30.7953Mbps, Time=5.417s
Iter  20/50: Sum=2473.54Mbps, Min=30.8661Mbps, Time=5.415s
Iter  30/50: Sum=2473.54Mbps, Min=30.8661Mbps, Time=5.412s
Iter  40/50: Sum=2473.54Mbps, Min=30.8661Mbps, Time=5.451s
Iter  50/50: Sum=2473.54Mbps, Min=30.8661Mbps, Time=5.406s

[4/5] 整理最终结果...

[5/5] 优化完成!
================================================================================
🎉 NewSSA优化完成!
📊 最终总速率: 2473.54 Mbps
🎯 最终最小速率: 30.8661 Mbps
📈 平均速率: 41.0341 Mbps
⏱️  优化时间: 270.68 秒
================================================================================

✓ NewSSA (OBL + Sine-Cosine) Complete
   Final Min Rate: 30.8661 Mbps
   Final Sum Rate: 2473.54 Mbps
   Time: 273.49 s

✓ 随机种子 789 完成（用时 10.0 分钟）
  VF:     36.53 Mbps
  GA:     30.15 Mbps
  PSO:    34.51 Mbps
  NewSSA: 30.87 Mbps
✓ 结果已保存到: multi_seed_results_partial_5.json

==========================================================================================
                                        多随机种子聚合结果                                         
==========================================================================================

算法              最小速率 (Mbps)               总速率 (Mbps)                时间 (秒)              
                平均 ± 标准差                  平均 ± 标准差                  平均 ± 标准差            
------------------------------------------------------------------------------------------
VF               36.42 ± 2.17           2648.4 ±  33.5             4.6 ±  0.1
GA               30.06 ± 0.56           2548.6 ±  40.5           139.7 ±  0.6
PSO              34.33 ± 0.98           2669.9 ±  33.3           179.3 ±  1.7
NewSSA           30.72 ± 2.86           2553.2 ±  57.2           590.6 ± 635.2
------------------------------------------------------------------------------------------

初始状态: 28.57 ± 1.93 Mbps

==========================================================================================
                                      最小速率排名（基于平均值）                                       
==========================================================================================
🥇 1. VF          :  36.42 ± 2.17 Mbps (+27.47%)
🥈 2. PSO         :  34.33 ± 0.98 Mbps (+20.15%)
🥉 3. NewSSA      :  30.72 ± 2.86 Mbps ( +7.54%)
   4. GA          :  30.06 ± 0.56 Mbps ( +5.22%)
==========================================================================================
✓ 结果已保存到: multi_seed_results_final.json

✅ 所有实验完成！
   总运行时间: 76.2 分钟
   成功运行: 5/5 次
