======================================================================
  动态多目标对比 (GA/PSO/SSA fitness 含能耗惩罚)
======================================================================
  Seed=62 | UAV=9 | K=60 | L=3
  步数=20 × 5.0s | 每步迭代=15
  能耗惩罚权重 λ=0.3
  P0 (叶片功率)   = 1597.13 W
  P1 (诱导功率)   = 86.11 W
  P_hover         = 1683.24 W
  U  (桨尖速度)   = 120.0 m/s
  v_r (诱导速度)  = 3.99 m/s
  10m/s飞行功率   = 1701.09 W
  20m/s飞行功率   = 2041.39 W
======================================================================

--- Step 1/20 (t=0s) ---
  BVF:    mr=38.76 | E=101216J | d=149.7m | cum=101.22kJ
离散网格生成完成: 9x9 = 81个候选点
开始离散遗传算法优化（网格: 9x9）...
Gen 0: Fitness=-28.0038, Sum=2315.78Mbps, Min=17.3347Mbps, Time=1.053s
Gen 10: Fitness=-19.0135, Sum=2364.40Mbps, Min=17.7576Mbps, Time=1.104s

🎉 离散遗传算法优化完成!
✨ 最佳性能出现在第 12 代
📊 最终总速率: 2337.32 Mbps
🎯 最终最小速率: 16.6323 Mbps
📈 速率标准差: 9.0775 Mbps
⏱️  优化时间: 16.80 秒
⚡ 平均每代: 1.120 秒
🎲 使用网格点: [15, 21, 24, 34, 36, 46, 48, 49, 58]
  GA_MO:  mr=16.63 | E=439011J | d=2135.5m | cum=439.01kJ
✅ 分布式PSO优化器初始化完成
   - 粒子数量: 30
   - 最大迭代次数: 15
   - PSO参数: w=0.729, c1=1.49445, c2=1.49445

================================================================================
                            分布式PSO优化算法 (Algorithm 2)                            
================================================================================

[Step 1] 初始化粒子群...
   ✓ 粒子群初始化完成
   ✓ 初始全局最佳适应度: 29.8415

[开始迭代] 最大迭代次数: 15
--------------------------------------------------------------------------------
Iter   0 | Fitness:  29.8415 | Min Rate: 28.0030 Mbps | Sum Rate:  2523.23 Mbps | Mean Rate: 42.0539 Mbps
Iter  10 | Fitness:  30.0091 | Min Rate: 29.5201 Mbps | Sum Rate:  2584.45 Mbps | Mean Rate: 43.0742 Mbps
Iter  14 | Fitness:  30.0091 | Min Rate: 31.7581 Mbps | Sum Rate:  2570.07 Mbps | Mean Rate: 42.8345 Mbps

================================================================================
                                      优化完成                                      
================================================================================

📊 最终性能指标:
   - 总速率 (Sum Rate):      2596.16 Mbps
   - 最小速率 (Min Rate):    29.4659 Mbps
   - 平均速率 (Mean Rate):   43.2694 Mbps
   - 速率标准差 (Std):        6.9348 Mbps
   - 最佳适应度 (Fitness):   30.0091

📈 性能提升:
   - 总速率提升:   +2.89%
   - 最小速率提升: +5.22%

⏱️  计算时间:
   - 总优化时间: 66.91 秒
   - 平均每代:   4.460 秒
  PSO_MO: mr=29.47 | E=150912J | d=441.9m | cum=150.91kJ
================================================================================
开始NewSSA优化（论文算法）...
  • 改进1: OBL策略 + 折射原理（公式18）
  • 改进2: 正弦-余弦搜索（公式20）
  • 改进3: 自适应参数r1和w（公式21-22）
  • 麻雀数量: 30
  • 最大迭代: 15
  • 生产者: 20%, 警戒者: 15%
================================================================================

[1/5] OBL策略 + 折射原理初始化...
[2/5] 计算初始适应度...
  ✓ 初始最优适应度: -5.7617 Mbps

[3/5] 开始迭代优化（15次）...
--------------------------------------------------------------------------------
Iter  10/15: Sum=2577.30Mbps, Min=-3.1847Mbps, Time=6.666s

[4/5] 整理最终结果...

[5/5] 优化完成!
================================================================================
🎉 NewSSA优化完成!
📊 最终总速率: 2577.30 Mbps
🎯 最终最小速率: -3.1847 Mbps
📈 平均速率: 43.1961 Mbps
⏱️  优化时间: 100.81 秒
================================================================================
  SSA_MO: mr=-3.18 | E=601845J | d=3092.7m | cum=601.84kJ

--- Step 2/20 (t=5s) ---
  BVF:    mr=41.18 | E=75746J | d=0.0m | cum=176.96kJ
离散网格生成完成: 9x9 = 81个候选点
开始离散遗传算法优化（网格: 9x9）...
Gen 0: Fitness=-26.7965, Sum=2339.05Mbps, Min=18.1804Mbps, Time=1.187s
Gen 10: Fitness=-15.9372, Sum=2525.52Mbps, Min=23.4005Mbps, Time=1.177s

🎉 离散遗传算法优化完成!
✨ 最佳性能出现在第 13 代
📊 最终总速率: 2388.95 Mbps
🎯 最终最小速率: 17.5274 Mbps
📈 速率标准差: 12.3698 Mbps
⏱️  优化时间: 17.85 秒
⚡ 平均每代: 1.190 秒
🎲 使用网格点: [25, 26, 31, 32, 37, 38, 46, 50, 55]
  GA_MO:  mr=17.53 | E=359810J | d=1669.9m | cum=798.82kJ
✅ 分布式PSO优化器初始化完成
   - 粒子数量: 30
   - 最大迭代次数: 15
   - PSO参数: w=0.729, c1=1.49445, c2=1.49445

================================================================================
                            分布式PSO优化算法 (Algorithm 2)                            
================================================================================

[Step 1] 初始化粒子群...
   ✓ 粒子群初始化完成
   ✓ 初始全局最佳适应度: 32.5581

[开始迭代] 最大迭代次数: 15
--------------------------------------------------------------------------------
Iter   0 | Fitness:  32.7543 | Min Rate: 28.6255 Mbps | Sum Rate:  2590.56 Mbps | Mean Rate: 43.1761 Mbps
Iter  10 | Fitness:  34.2823 | Min Rate: 31.3781 Mbps | Sum Rate:  2541.06 Mbps | Mean Rate: 42.3510 Mbps
Iter  14 | Fitness:  34.2823 | Min Rate: 29.9798 Mbps | Sum Rate:  2564.18 Mbps | Mean Rate: 42.7363 Mbps

================================================================================
                                      优化完成                                      
================================================================================

📊 最终性能指标:
   - 总速率 (Sum Rate):      2547.52 Mbps
   - 最小速率 (Min Rate):    29.9882 Mbps
   - 平均速率 (Mean Rate):   42.4587 Mbps
   - 速率标准差 (Std):        6.4483 Mbps
   - 最佳适应度 (Fitness):   34.2823

📈 性能提升:
   - 总速率提升:   -1.66%
   - 最小速率提升: +4.76%

⏱️  计算时间:
   - 总优化时间: 68.08 秒
   - 平均每代:   4.539 秒
  PSO_MO: mr=29.99 | E=82533J | d=39.9m | cum=233.45kJ
================================================================================
开始NewSSA优化（论文算法）...
  • 改进1: OBL策略 + 折射原理（公式18）
  • 改进2: 正弦-余弦搜索（公式20）
  • 改进3: 自适应参数r1和w（公式21-22）
  • 麻雀数量: 30
  • 最大迭代: 15
  • 生产者: 20%, 警戒者: 15%
================================================================================

[1/5] OBL策略 + 折射原理初始化...
[2/5] 计算初始适应度...
  ✓ 初始最优适应度: 21.5292 Mbps

[3/5] 开始迭代优化（15次）...
--------------------------------------------------------------------------------
Iter  10/15: Sum=2591.12Mbps, Min=29.2968Mbps, Time=6.805s

[4/5] 整理最终结果...

[5/5] 优化完成!
================================================================================
🎉 NewSSA优化完成!
📊 最终总速率: 2591.12 Mbps
🎯 最终最小速率: 29.2968 Mbps
📈 平均速率: 43.4561 Mbps
⏱️  优化时间: 102.07 秒
================================================================================
  SSA_MO: mr=29.30 | E=75746J | d=0.0m | cum=677.59kJ

--- Step 3/20 (t=10s) ---
  BVF:    mr=40.76 | E=95389J | d=115.5m | cum=272.35kJ
离散网格生成完成: 9x9 = 81个候选点
开始离散遗传算法优化（网格: 9x9）...
Gen 0: Fitness=-28.8181, Sum=2356.08Mbps, Min=17.3195Mbps, Time=1.271s
Gen 10: Fitness=-19.3416, Sum=2360.86Mbps, Min=19.9541Mbps, Time=1.292s

🎉 离散遗传算法优化完成!
✨ 最佳性能出现在第 13 代
📊 最终总速率: 2300.66 Mbps
🎯 最终最小速率: 21.5357 Mbps
📈 速率标准差: 11.5280 Mbps
⏱️  优化时间: 18.97 秒
⚡ 平均每代: 1.265 秒
🎲 使用网格点: [0, 24, 30, 32, 36, 45, 46, 48, 58]
  GA_MO:  mr=21.54 | E=412270J | d=1978.3m | cum=1211.09kJ
✅ 分布式PSO优化器初始化完成
   - 粒子数量: 30
   - 最大迭代次数: 15
   - PSO参数: w=0.729, c1=1.49445, c2=1.49445

================================================================================
                            分布式PSO优化算法 (Algorithm 2)                            
================================================================================

[Step 1] 初始化粒子群...
   ✓ 粒子群初始化完成
   ✓ 初始全局最佳适应度: 31.0847

[开始迭代] 最大迭代次数: 15
--------------------------------------------------------------------------------
Iter   0 | Fitness:  31.0847 | Min Rate: 29.0086 Mbps | Sum Rate:  2593.68 Mbps | Mean Rate: 43.2281 Mbps
Iter  10 | Fitness:  33.6006 | Min Rate: 34.4827 Mbps | Sum Rate:  2610.45 Mbps | Mean Rate: 43.5075 Mbps
Iter  14 | Fitness:  33.6006 | Min Rate: 32.9990 Mbps | Sum Rate:  2593.19 Mbps | Mean Rate: 43.2198 Mbps

================================================================================
                                      优化完成                                      
================================================================================

📊 最终性能指标:
   - 总速率 (Sum Rate):      2577.72 Mbps
   - 最小速率 (Min Rate):    32.9081 Mbps
   - 平均速率 (Mean Rate):   42.9620 Mbps
   - 速率标准差 (Std):        5.6492 Mbps
   - 最佳适应度 (Fitness):   33.6006

📈 性能提升:
   - 总速率提升:   -0.62%
   - 最小速率提升: +13.44%

⏱️  计算时间:
   - 总优化时间: 70.46 秒
   - 平均每代:   4.698 秒
  PSO_MO: mr=32.91 | E=123782J | d=282.4m | cum=357.23kJ
================================================================================
开始NewSSA优化（论文算法）...
  • 改进1: OBL策略 + 折射原理（公式18）
  • 改进2: 正弦-余弦搜索（公式20）
  • 改进3: 自适应参数r1和w（公式21-22）
  • 麻雀数量: 30
  • 最大迭代: 15
  • 生产者: 20%, 警戒者: 15%
================================================================================

[1/5] OBL策略 + 折射原理初始化...
[2/5] 计算初始适应度...
  ✓ 初始最优适应度: 21.4718 Mbps

[3/5] 开始迭代优化（15次）...
--------------------------------------------------------------------------------
Iter  10/15: Sum=2607.83Mbps, Min=27.0177Mbps, Time=7.206s

[4/5] 整理最终结果...

[5/5] 优化完成!
================================================================================
🎉 NewSSA优化完成!
📊 最终总速率: 2607.83 Mbps
🎯 最终最小速率: 27.0177 Mbps
📈 平均速率: 43.6111 Mbps
⏱️  优化时间: 106.63 秒
================================================================================
  SSA_MO: mr=27.02 | E=125417J | d=292.0m | cum=803.01kJ

--- Step 4/20 (t=15s) ---
  BVF:    mr=40.54 | E=94324J | d=109.2m | cum=366.68kJ
离散网格生成完成: 9x9 = 81个候选点
开始离散遗传算法优化（网格: 9x9）...
Gen 0: Fitness=-22.3077, Sum=2284.99Mbps, Min=19.8959Mbps, Time=1.250s
Gen 10: Fitness=-14.2853, Sum=2385.87Mbps, Min=22.7413Mbps, Time=1.199s

🎉 离散遗传算法优化完成!
✨ 最佳性能出现在第 9 代
📊 最终总速率: 2388.15 Mbps
🎯 最终最小速率: 21.1244 Mbps
📈 速率标准差: 10.5557 Mbps
⏱️  优化时间: 18.06 秒
⚡ 平均每代: 1.204 秒
🎲 使用网格点: [11, 15, 36, 37, 50, 54, 57, 59, 67]
  GA_MO:  mr=21.12 | E=366078J | d=1706.7m | cum=1577.17kJ
✅ 分布式PSO优化器初始化完成
   - 粒子数量: 30
   - 最大迭代次数: 15
   - PSO参数: w=0.729, c1=1.49445, c2=1.49445

================================================================================
                            分布式PSO优化算法 (Algorithm 2)                            
================================================================================

[Step 1] 初始化粒子群...
   ✓ 粒子群初始化完成
   ✓ 初始全局最佳适应度: 34.7580

[开始迭代] 最大迭代次数: 15
--------------------------------------------------------------------------------
Iter   0 | Fitness:  34.7580 | Min Rate: 33.5186 Mbps | Sum Rate:  2612.65 Mbps | Mean Rate: 43.5441 Mbps
Iter  10 | Fitness:  34.8707 | Min Rate: 33.2267 Mbps | Sum Rate:  2593.82 Mbps | Mean Rate: 43.2304 Mbps
Iter  14 | Fitness:  35.0292 | Min Rate: 33.8037 Mbps | Sum Rate:  2592.43 Mbps | Mean Rate: 43.2071 Mbps

================================================================================
                                      优化完成                                      
================================================================================

📊 最终性能指标:
   - 总速率 (Sum Rate):      2622.24 Mbps
   - 最小速率 (Min Rate):    33.2233 Mbps
   - 平均速率 (Mean Rate):   43.7040 Mbps
   - 速率标准差 (Std):        6.4932 Mbps
   - 最佳适应度 (Fitness):   35.0292

📈 性能提升:
   - 总速率提升:   +0.37%
   - 最小速率提升: -0.88%

⏱️  计算时间:
   - 总优化时间: 67.76 秒
   - 平均每代:   4.518 秒
  PSO_MO: mr=33.22 | E=88341J | d=74.0m | cum=445.57kJ
================================================================================
开始NewSSA优化（论文算法）...
  • 改进1: OBL策略 + 折射原理（公式18）
  • 改进2: 正弦-余弦搜索（公式20）
  • 改进3: 自适应参数r1和w（公式21-22）
  • 麻雀数量: 30
  • 最大迭代: 15
  • 生产者: 20%, 警戒者: 15%
================================================================================

[1/5] OBL策略 + 折射原理初始化...
[2/5] 计算初始适应度...
  ✓ 初始最优适应度: 22.1668 Mbps

[3/5] 开始迭代优化（15次）...
--------------------------------------------------------------------------------
Iter  10/15: Sum=2571.29Mbps, Min=26.9750Mbps, Time=6.450s

[4/5] 整理最终结果...

[5/5] 优化完成!
================================================================================
🎉 NewSSA优化完成!
📊 最终总速率: 2571.29 Mbps
🎯 最终最小速率: 26.9750 Mbps
📈 平均速率: 42.8760 Mbps
⏱️  优化时间: 97.40 秒
================================================================================
  SSA_MO: mr=26.97 | E=121530J | d=269.1m | cum=924.54kJ

--- Step 5/20 (t=20s) ---
  BVF:    mr=40.76 | E=103704J | d=164.4m | cum=470.38kJ
离散网格生成完成: 9x9 = 81个候选点
开始离散遗传算法优化（网格: 9x9）...
Gen 0: Fitness=-27.1898, Sum=2305.23Mbps, Min=9.2527Mbps, Time=1.198s
Gen 10: Fitness=-18.1315, Sum=2345.20Mbps, Min=13.8520Mbps, Time=1.203s

🎉 离散遗传算法优化完成!
✨ 最佳性能出现在第 14 代
📊 最终总速率: 2486.68 Mbps
🎯 最终最小速率: 25.2259 Mbps
📈 速率标准差: 9.7497 Mbps
⏱️  优化时间: 17.86 秒
⚡ 平均每代: 1.191 秒
🎲 使用网格点: [9, 11, 16, 30, 33, 64, 67, 74, 76]
  GA_MO:  mr=25.23 | E=426128J | d=2059.7m | cum=2003.30kJ
✅ 分布式PSO优化器初始化完成
   - 粒子数量: 30
   - 最大迭代次数: 15
   - PSO参数: w=0.729, c1=1.49445, c2=1.49445

================================================================================
                            分布式PSO优化算法 (Algorithm 2)                            
================================================================================

[Step 1] 初始化粒子群...
   ✓ 粒子群初始化完成
   ✓ 初始全局最佳适应度: 34.4671

[开始迭代] 最大迭代次数: 15
--------------------------------------------------------------------------------
Iter   0 | Fitness:  34.4671 | Min Rate: 30.8396 Mbps | Sum Rate:  2566.34 Mbps | Mean Rate: 42.7723 Mbps
Iter  10 | Fitness:  34.8340 | Min Rate: 32.6039 Mbps | Sum Rate:  2629.42 Mbps | Mean Rate: 43.8237 Mbps
Iter  14 | Fitness:  34.8340 | Min Rate: 32.2857 Mbps | Sum Rate:  2605.52 Mbps | Mean Rate: 43.4253 Mbps

================================================================================
                                      优化完成                                      
================================================================================

📊 最终性能指标:
   - 总速率 (Sum Rate):      2588.79 Mbps
   - 最小速率 (Min Rate):    33.1230 Mbps
   - 平均速率 (Mean Rate):   43.1465 Mbps
   - 速率标准差 (Std):        5.7637 Mbps
   - 最佳适应度 (Fitness):   34.8340

📈 性能提升:
   - 总速率提升:   +0.87%
   - 最小速率提升: +7.40%

⏱️  计算时间:
   - 总优化时间: 67.47 秒
   - 平均每代:   4.498 秒
  PSO_MO: mr=33.12 | E=81929J | d=36.3m | cum=527.50kJ
================================================================================
开始NewSSA优化（论文算法）...
  • 改进1: OBL策略 + 折射原理（公式18）
  • 改进2: 正弦-余弦搜索（公式20）
  • 改进3: 自适应参数r1和w（公式21-22）
  • 麻雀数量: 30
  • 最大迭代: 15
  • 生产者: 20%, 警戒者: 15%
================================================================================

[1/5] OBL策略 + 折射原理初始化...
[2/5] 计算初始适应度...
  ✓ 初始最优适应度: 24.1411 Mbps

[3/5] 开始迭代优化（15次）...
--------------------------------------------------------------------------------
Iter  10/15: Sum=2569.30Mbps, Min=29.5497Mbps, Time=6.492s

[4/5] 整理最终结果...

[5/5] 优化完成!
================================================================================
🎉 NewSSA优化完成!
📊 最终总速率: 2569.30 Mbps
🎯 最终最小速率: 29.5497 Mbps
📈 平均速率: 42.6970 Mbps
⏱️  优化时间: 98.40 秒
================================================================================
  SSA_MO: mr=29.55 | E=75746J | d=0.0m | cum=1000.28kJ

--- Step 6/20 (t=25s) ---
  BVF:    mr=39.89 | E=102724J | d=158.6m | cum=573.10kJ
离散网格生成完成: 9x9 = 81个候选点
开始离散遗传算法优化（网格: 9x9）...
Gen 0: Fitness=-33.6903, Sum=2296.04Mbps, Min=16.2497Mbps, Time=1.276s
Gen 10: Fitness=-21.7535, Sum=2464.19Mbps, Min=20.4289Mbps, Time=1.253s

🎉 离散遗传算法优化完成!
✨ 最佳性能出现在第 14 代
📊 最终总速率: 2459.00 Mbps
🎯 最终最小速率: 23.2962 Mbps
📈 速率标准差: 8.8897 Mbps
⏱️  优化时间: 18.82 秒
⚡ 平均每代: 1.255 秒
🎲 使用网格点: [3, 8, 11, 26, 37, 38, 71, 73, 74]
  GA_MO:  mr=23.30 | E=429793J | d=2081.3m | cum=2433.09kJ
✅ 分布式PSO优化器初始化完成
   - 粒子数量: 30
   - 最大迭代次数: 15
   - PSO参数: w=0.729, c1=1.49445, c2=1.49445

================================================================================
                            分布式PSO优化算法 (Algorithm 2)                            
================================================================================

[Step 1] 初始化粒子群...
   ✓ 粒子群初始化完成
   ✓ 初始全局最佳适应度: 32.3454

[开始迭代] 最大迭代次数: 15
--------------------------------------------------------------------------------
Iter   0 | Fitness:  32.3454 | Min Rate: 29.7666 Mbps | Sum Rate:  2565.38 Mbps | Mean Rate: 42.7564 Mbps
Iter  10 | Fitness:  33.4414 | Min Rate: 31.6140 Mbps | Sum Rate:  2588.08 Mbps | Mean Rate: 43.1346 Mbps
Iter  14 | Fitness:  33.4414 | Min Rate: 28.9421 Mbps | Sum Rate:  2614.30 Mbps | Mean Rate: 43.5716 Mbps

================================================================================
                                      优化完成                                      
================================================================================

📊 最终性能指标:
   - 总速率 (Sum Rate):      2577.94 Mbps
   - 最小速率 (Min Rate):    30.2230 Mbps
   - 平均速率 (Mean Rate):   42.9657 Mbps
   - 速率标准差 (Std):        6.4155 Mbps
   - 最佳适应度 (Fitness):   33.4414

📈 性能提升:
   - 总速率提升:   +0.49%
   - 最小速率提升: +1.53%

⏱️  计算时间:
   - 总优化时间: 71.62 秒
   - 平均每代:   4.775 秒
  PSO_MO: mr=30.22 | E=96413J | d=121.5m | cum=623.91kJ
================================================================================
开始NewSSA优化（论文算法）...
  • 改进1: OBL策略 + 折射原理（公式18）
  • 改进2: 正弦-余弦搜索（公式20）
  • 改进3: 自适应参数r1和w（公式21-22）
  • 麻雀数量: 30
  • 最大迭代: 15
  • 生产者: 20%, 警戒者: 15%
================================================================================

[1/5] OBL策略 + 折射原理初始化...
[2/5] 计算初始适应度...
  ✓ 初始最优适应度: 23.8371 Mbps

[3/5] 开始迭代优化（15次）...
--------------------------------------------------------------------------------
Iter  10/15: Sum=2579.00Mbps, Min=29.5186Mbps, Time=7.361s

[4/5] 整理最终结果...

[5/5] 优化完成!
================================================================================
🎉 NewSSA优化完成!
📊 最终总速率: 2579.00 Mbps
🎯 最终最小速率: 29.5186 Mbps
📈 平均速率: 42.7589 Mbps
⏱️  优化时间: 110.40 秒
================================================================================
  SSA_MO: mr=29.52 | E=75746J | d=0.0m | cum=1076.03kJ

--- Step 7/20 (t=30s) ---
  BVF:    mr=37.72 | E=91072J | d=90.1m | cum=664.18kJ
离散网格生成完成: 9x9 = 81个候选点
开始离散遗传算法优化（网格: 9x9）...
Gen 0: Fitness=-38.5299, Sum=1796.62Mbps, Min=5.5439Mbps, Time=1.224s
Gen 10: Fitness=-16.6465, Sum=2430.85Mbps, Min=22.2404Mbps, Time=1.242s

🎉 离散遗传算法优化完成!
✨ 最佳性能出现在第 14 代
📊 最终总速率: 2372.56 Mbps
🎯 最终最小速率: 19.6503 Mbps
📈 速率标准差: 11.9308 Mbps
⏱️  优化时间: 18.94 秒
⚡ 平均每代: 1.263 秒
🎲 使用网格点: [9, 10, 12, 17, 26, 37, 43, 67, 74]
  GA_MO:  mr=19.65 | E=394240J | d=1872.3m | cum=2827.33kJ
✅ 分布式PSO优化器初始化完成
   - 粒子数量: 30
   - 最大迭代次数: 15
   - PSO参数: w=0.729, c1=1.49445, c2=1.49445

================================================================================
                            分布式PSO优化算法 (Algorithm 2)                            
================================================================================

[Step 1] 初始化粒子群...
   ✓ 粒子群初始化完成
   ✓ 初始全局最佳适应度: 30.4280

[开始迭代] 最大迭代次数: 15
--------------------------------------------------------------------------------
Iter   0 | Fitness:  30.4280 | Min Rate: 27.6647 Mbps | Sum Rate:  2586.32 Mbps | Mean Rate: 43.1053 Mbps
Iter  10 | Fitness:  32.0633 | Min Rate: 27.5634 Mbps | Sum Rate:  2591.12 Mbps | Mean Rate: 43.1853 Mbps
Iter  14 | Fitness:  32.1641 | Min Rate: 28.4143 Mbps | Sum Rate:  2583.83 Mbps | Mean Rate: 43.0638 Mbps

================================================================================
                                      优化完成                                      
================================================================================

📊 最终性能指标:
   - 总速率 (Sum Rate):      2585.46 Mbps
   - 最小速率 (Min Rate):    29.2084 Mbps
   - 平均速率 (Mean Rate):   43.0909 Mbps
   - 速率标准差 (Std):        6.7261 Mbps
   - 最佳适应度 (Fitness):   32.1641

📈 性能提升:
   - 总速率提升:   -0.03%
   - 最小速率提升: +5.58%

⏱️  计算时间:
   - 总优化时间: 68.99 秒
   - 平均每代:   4.599 秒
  PSO_MO: mr=29.21 | E=100066J | d=143.0m | cum=723.98kJ
================================================================================
开始NewSSA优化（论文算法）...
  • 改进1: OBL策略 + 折射原理（公式18）
  • 改进2: 正弦-余弦搜索（公式20）
  • 改进3: 自适应参数r1和w（公式21-22）
  • 麻雀数量: 30
  • 最大迭代: 15
  • 生产者: 20%, 警戒者: 15%
================================================================================

[1/5] OBL策略 + 折射原理初始化...
[2/5] 计算初始适应度...
  ✓ 初始最优适应度: 23.5181 Mbps

[3/5] 开始迭代优化（15次）...
--------------------------------------------------------------------------------
Iter  10/15: Sum=2588.48Mbps, Min=29.1000Mbps, Time=6.589s

[4/5] 整理最终结果...

[5/5] 优化完成!
================================================================================
🎉 NewSSA优化完成!
📊 最终总速率: 2588.48 Mbps
🎯 最终最小速率: 29.1000 Mbps
📈 平均速率: 42.6448 Mbps
⏱️  优化时间: 98.56 秒
================================================================================
  SSA_MO: mr=29.10 | E=75746J | d=0.0m | cum=1151.77kJ

--- Step 8/20 (t=35s) ---
  BVF:    mr=37.89 | E=75746J | d=0.0m | cum=739.92kJ
离散网格生成完成: 9x9 = 81个候选点
开始离散遗传算法优化（网格: 9x9）...
Gen 0: Fitness=-34.2719, Sum=2290.72Mbps, Min=16.8247Mbps, Time=1.197s
Gen 10: Fitness=-19.7564, Sum=2423.37Mbps, Min=22.0144Mbps, Time=1.202s

🎉 离散遗传算法优化完成!
✨ 最佳性能出现在第 14 代
📊 最终总速率: 2400.06 Mbps
🎯 最终最小速率: 21.7467 Mbps
📈 速率标准差: 9.4228 Mbps
⏱️  优化时间: 18.06 秒
⚡ 平均每代: 1.204 秒
🎲 使用网格点: [6, 9, 26, 28, 39, 46, 49, 51, 74]
  GA_MO:  mr=21.75 | E=396862J | d=1887.7m | cum=3224.19kJ
✅ 分布式PSO优化器初始化完成
   - 粒子数量: 30
   - 最大迭代次数: 15
   - PSO参数: w=0.729, c1=1.49445, c2=1.49445

================================================================================
                            分布式PSO优化算法 (Algorithm 2)                            
================================================================================

[Step 1] 初始化粒子群...
   ✓ 粒子群初始化完成
   ✓ 初始全局最佳适应度: 30.1176

[开始迭代] 最大迭代次数: 15
--------------------------------------------------------------------------------
Iter   0 | Fitness:  30.2860 | Min Rate: 26.6138 Mbps | Sum Rate:  2610.54 Mbps | Mean Rate: 43.5090 Mbps
Iter  10 | Fitness:  31.9844 | Min Rate: 26.6963 Mbps | Sum Rate:  2594.95 Mbps | Mean Rate: 43.2491 Mbps
Iter  14 | Fitness:  32.4035 | Min Rate: 32.7737 Mbps | Sum Rate:  2628.59 Mbps | Mean Rate: 43.8098 Mbps

================================================================================
                                      优化完成                                      
================================================================================

📊 最终性能指标:
   - 总速率 (Sum Rate):      2622.97 Mbps
   - 最小速率 (Min Rate):    33.0458 Mbps
   - 平均速率 (Mean Rate):   43.7161 Mbps
   - 速率标准差 (Std):        5.1629 Mbps
   - 最佳适应度 (Fitness):   32.4035

📈 性能提升:
   - 总速率提升:   +0.48%
   - 最小速率提升: +24.17%

⏱️  计算时间:
   - 总优化时间: 69.71 秒
   - 平均每代:   4.647 秒
  PSO_MO: mr=33.05 | E=117176J | d=243.6m | cum=841.15kJ
================================================================================
开始NewSSA优化（论文算法）...
  • 改进1: OBL策略 + 折射原理（公式18）
  • 改进2: 正弦-余弦搜索（公式20）
  • 改进3: 自适应参数r1和w（公式21-22）
  • 麻雀数量: 30
  • 最大迭代: 15
  • 生产者: 20%, 警戒者: 15%
================================================================================

[1/5] OBL策略 + 折射原理初始化...
[2/5] 计算初始适应度...
  ✓ 初始最优适应度: 22.5420 Mbps

[3/5] 开始迭代优化（15次）...
--------------------------------------------------------------------------------
Iter  10/15: Sum=2560.11Mbps, Min=27.9698Mbps, Time=6.534s

[4/5] 整理最终结果...

[5/5] 优化完成!
================================================================================
🎉 NewSSA优化完成!
📊 最终总速率: 2560.11 Mbps
🎯 最终最小速率: 27.9698 Mbps
📈 平均速率: 42.1874 Mbps
⏱️  优化时间: 98.70 秒
================================================================================
  SSA_MO: mr=27.97 | E=91853J | d=94.7m | cum=1243.63kJ

--- Step 9/20 (t=40s) ---
  BVF:    mr=37.71 | E=92661J | d=99.4m | cum=832.58kJ
离散网格生成完成: 9x9 = 81个候选点
开始离散遗传算法优化（网格: 9x9）...
Gen 0: Fitness=-38.1000, Sum=1885.08Mbps, Min=7.0515Mbps, Time=1.191s
Gen 10: Fitness=-19.3594, Sum=2293.37Mbps, Min=15.7400Mbps, Time=1.196s

🎉 离散遗传算法优化完成!
✨ 最佳性能出现在第 12 代
📊 最终总速率: 2421.28 Mbps
🎯 最终最小速率: 16.1334 Mbps
📈 速率标准差: 11.8605 Mbps
⏱️  优化时间: 18.05 秒
⚡ 平均每代: 1.203 秒
🎲 使用网格点: [0, 12, 13, 22, 23, 47, 52, 64, 67]
  GA_MO:  mr=16.13 | E=397859J | d=1893.6m | cum=3622.05kJ
✅ 分布式PSO优化器初始化完成
   - 粒子数量: 30
   - 最大迭代次数: 15
   - PSO参数: w=0.729, c1=1.49445, c2=1.49445

================================================================================
                            分布式PSO优化算法 (Algorithm 2)                            
================================================================================

[Step 1] 初始化粒子群...
   ✓ 粒子群初始化完成
   ✓ 初始全局最佳适应度: 34.0220

[开始迭代] 最大迭代次数: 15
--------------------------------------------------------------------------------
Iter   0 | Fitness:  34.0220 | Min Rate: 31.6822 Mbps | Sum Rate:  2603.22 Mbps | Mean Rate: 43.3870 Mbps
Iter  10 | Fitness:  35.5635 | Min Rate: 34.2835 Mbps | Sum Rate:  2626.15 Mbps | Mean Rate: 43.7692 Mbps
Iter  14 | Fitness:  35.5635 | Min Rate: 32.1053 Mbps | Sum Rate:  2625.27 Mbps | Mean Rate: 43.7545 Mbps

================================================================================
                                      优化完成                                      
================================================================================

📊 最终性能指标:
   - 总速率 (Sum Rate):      2643.28 Mbps
   - 最小速率 (Min Rate):    32.6825 Mbps
   - 平均速率 (Mean Rate):   44.0547 Mbps
   - 速率标准差 (Std):        5.2868 Mbps
   - 最佳适应度 (Fitness):   35.5635

📈 性能提升:
   - 总速率提升:   +1.54%
   - 最小速率提升: +3.16%

⏱️  计算时间:
   - 总优化时间: 68.25 秒
   - 平均每代:   4.550 秒
  PSO_MO: mr=32.68 | E=95850J | d=118.2m | cum=937.00kJ
================================================================================
开始NewSSA优化（论文算法）...
  • 改进1: OBL策略 + 折射原理（公式18）
  • 改进2: 正弦-余弦搜索（公式20）
  • 改进3: 自适应参数r1和w（公式21-22）
  • 麻雀数量: 30
  • 最大迭代: 15
  • 生产者: 20%, 警戒者: 15%
================================================================================

[1/5] OBL策略 + 折射原理初始化...
[2/5] 计算初始适应度...
  ✓ 初始最优适应度: 22.8394 Mbps

[3/5] 开始迭代优化（15次）...
--------------------------------------------------------------------------------
Iter  10/15: Sum=2536.40Mbps, Min=29.0828Mbps, Time=6.525s

[4/5] 整理最终结果...

[5/5] 优化完成!
================================================================================
🎉 NewSSA优化完成!
📊 最终总速率: 2536.40 Mbps
🎯 最终最小速率: 29.0828 Mbps
📈 平均速率: 41.9956 Mbps
⏱️  优化时间: 98.46 秒
================================================================================
  SSA_MO: mr=29.08 | E=75746J | d=0.0m | cum=1319.37kJ

--- Step 10/20 (t=45s) ---
  BVF:    mr=36.92 | E=98104J | d=131.4m | cum=930.69kJ
离散网格生成完成: 9x9 = 81个候选点
开始离散遗传算法优化（网格: 9x9）...
Gen 0: Fitness=-21.6340, Sum=2272.26Mbps, Min=15.8207Mbps, Time=1.201s
Gen 10: Fitness=-14.8166, Sum=2467.09Mbps, Min=16.8631Mbps, Time=1.203s

🎉 离散遗传算法优化完成!
✨ 最佳性能出现在第 12 代
📊 最终总速率: 2308.26 Mbps
🎯 最终最小速率: 18.5688 Mbps
📈 速率标准差: 11.8276 Mbps
⏱️  优化时间: 18.07 秒
⚡ 平均每代: 1.205 秒
🎲 使用网格点: [0, 9, 23, 24, 29, 30, 34, 64, 68]
  GA_MO:  mr=18.57 | E=297985J | d=1306.4m | cum=3920.03kJ
✅ 分布式PSO优化器初始化完成
   - 粒子数量: 30
   - 最大迭代次数: 15
   - PSO参数: w=0.729, c1=1.49445, c2=1.49445

================================================================================
                            分布式PSO优化算法 (Algorithm 2)                            
================================================================================

[Step 1] 初始化粒子群...
   ✓ 粒子群初始化完成
   ✓ 初始全局最佳适应度: 35.6419

[开始迭代] 最大迭代次数: 15
--------------------------------------------------------------------------------
Iter   0 | Fitness:  35.6419 | Min Rate: 33.0310 Mbps | Sum Rate:  2618.93 Mbps | Mean Rate: 43.6488 Mbps
Iter  10 | Fitness:  35.7473 | Min Rate: 30.1821 Mbps | Sum Rate:  2608.10 Mbps | Mean Rate: 43.4683 Mbps
Iter  14 | Fitness:  35.7473 | Min Rate: 32.8103 Mbps | Sum Rate:  2631.24 Mbps | Mean Rate: 43.8539 Mbps

================================================================================
                                      优化完成                                      
================================================================================

📊 最终性能指标:
   - 总速率 (Sum Rate):      2597.42 Mbps
   - 最小速率 (Min Rate):    33.8800 Mbps
   - 平均速率 (Mean Rate):   43.2903 Mbps
   - 速率标准差 (Std):        5.0191 Mbps
   - 最佳适应度 (Fitness):   35.7473

📈 性能提升:
   - 总速率提升:   -0.82%
   - 最小速率提升: +2.57%

⏱️  计算时间:
   - 总优化时间: 69.40 秒
   - 平均每代:   4.626 秒
  PSO_MO: mr=33.88 | E=82702J | d=40.9m | cum=1019.71kJ
================================================================================
开始NewSSA优化（论文算法）...
  • 改进1: OBL策略 + 折射原理（公式18）
  • 改进2: 正弦-余弦搜索（公式20）
  • 改进3: 自适应参数r1和w（公式21-22）
  • 麻雀数量: 30
  • 最大迭代: 15
  • 生产者: 20%, 警戒者: 15%
================================================================================

[1/5] OBL策略 + 折射原理初始化...
[2/5] 计算初始适应度...
  ✓ 初始最优适应度: 22.9217 Mbps

[3/5] 开始迭代优化（15次）...
--------------------------------------------------------------------------------
Iter  10/15: Sum=2530.63Mbps, Min=28.6230Mbps, Time=6.675s

[4/5] 整理最终结果...

[5/5] 优化完成!
================================================================================
🎉 NewSSA优化完成!
📊 最终总速率: 2530.63 Mbps
🎯 最终最小速率: 28.6230 Mbps
📈 平均速率: 41.7708 Mbps
⏱️  优化时间: 100.80 秒
================================================================================
  SSA_MO: mr=28.62 | E=75746J | d=0.0m | cum=1395.12kJ

--- Step 11/20 (t=50s) ---
  BVF:    mr=36.87 | E=96071J | d=119.5m | cum=1026.76kJ
离散网格生成完成: 9x9 = 81个候选点
开始离散遗传算法优化（网格: 9x9）...
Gen 0: Fitness=-28.3513, Sum=2265.10Mbps, Min=16.5535Mbps, Time=1.227s
Gen 10: Fitness=-19.9096, Sum=2310.38Mbps, Min=15.6299Mbps, Time=1.274s

🎉 离散遗传算法优化完成!
✨ 最佳性能出现在第 14 代
📊 最终总速率: 2300.88 Mbps
🎯 最终最小速率: 15.5094 Mbps
📈 速率标准差: 11.3904 Mbps
⏱️  优化时间: 18.77 秒
⚡ 平均每代: 1.251 秒
🎲 使用网格点: [0, 14, 31, 32, 41, 44, 46, 57, 69]
  GA_MO:  mr=15.51 | E=453844J | d=2222.7m | cum=4373.88kJ
✅ 分布式PSO优化器初始化完成
   - 粒子数量: 30
   - 最大迭代次数: 15
   - PSO参数: w=0.729, c1=1.49445, c2=1.49445

================================================================================
                            分布式PSO优化算法 (Algorithm 2)                            
================================================================================

[Step 1] 初始化粒子群...
   ✓ 粒子群初始化完成
   ✓ 初始全局最佳适应度: 34.6220

[开始迭代] 最大迭代次数: 15
--------------------------------------------------------------------------------
Iter   0 | Fitness:  34.6220 | Min Rate: 33.3500 Mbps | Sum Rate:  2582.76 Mbps | Mean Rate: 43.0460 Mbps
Iter  10 | Fitness:  34.9666 | Min Rate: 34.0507 Mbps | Sum Rate:  2589.19 Mbps | Mean Rate: 43.1532 Mbps
Iter  14 | Fitness:  34.9666 | Min Rate: 31.5172 Mbps | Sum Rate:  2586.16 Mbps | Mean Rate: 43.1027 Mbps

================================================================================
                                      优化完成                                      
================================================================================

📊 最终性能指标:
   - 总速率 (Sum Rate):      2581.33 Mbps
   - 最小速率 (Min Rate):    32.7298 Mbps
   - 平均速率 (Mean Rate):   43.0221 Mbps
   - 速率标准差 (Std):        5.1228 Mbps
   - 最佳适应度 (Fitness):   34.9666

📈 性能提升:
   - 总速率提升:   -0.06%
   - 最小速率提升: -1.86%

⏱️  计算时间:
   - 总优化时间: 70.95 秒
   - 平均每代:   4.730 秒
  PSO_MO: mr=32.73 | E=94960J | d=113.0m | cum=1114.67kJ
================================================================================
开始NewSSA优化（论文算法）...
  • 改进1: OBL策略 + 折射原理（公式18）
  • 改进2: 正弦-余弦搜索（公式20）
  • 改进3: 自适应参数r1和w（公式21-22）
  • 麻雀数量: 30
  • 最大迭代: 15
  • 生产者: 20%, 警戒者: 15%
================================================================================

[1/5] OBL策略 + 折射原理初始化...
[2/5] 计算初始适应度...
  ✓ 初始最优适应度: 22.5257 Mbps

[3/5] 开始迭代优化（15次）...
--------------------------------------------------------------------------------
Iter  10/15: Sum=2520.02Mbps, Min=27.2004Mbps, Time=6.556s

[4/5] 整理最终结果...

[5/5] 优化完成!
================================================================================
🎉 NewSSA优化完成!
📊 最终总速率: 2520.02 Mbps
🎯 最终最小速率: 27.2004 Mbps
📈 平均速率: 41.4345 Mbps
⏱️  优化时间: 99.83 秒
================================================================================
  SSA_MO: mr=27.20 | E=75746J | d=0.0m | cum=1470.86kJ

--- Step 12/20 (t=55s) ---
  BVF:    mr=36.22 | E=99314J | d=138.5m | cum=1126.07kJ
离散网格生成完成: 9x9 = 81个候选点
开始离散遗传算法优化（网格: 9x9）...
Gen 0: Fitness=-22.2816, Sum=2273.05Mbps, Min=15.5500Mbps, Time=1.218s
Gen 10: Fitness=-14.8490, Sum=2365.87Mbps, Min=17.2559Mbps, Time=1.211s

🎉 离散遗传算法优化完成!
✨ 最佳性能出现在第 14 代
📊 最终总速率: 2352.62 Mbps
🎯 最终最小速率: 16.1160 Mbps
📈 速率标准差: 13.0600 Mbps
⏱️  优化时间: 18.39 秒
⚡ 平均每代: 1.226 秒
🎲 使用网格点: [0, 20, 30, 32, 33, 34, 55, 56, 64]
  GA_MO:  mr=16.12 | E=368789J | d=1722.7m | cum=4742.67kJ
✅ 分布式PSO优化器初始化完成
   - 粒子数量: 30
   - 最大迭代次数: 15
   - PSO参数: w=0.729, c1=1.49445, c2=1.49445

================================================================================
                            分布式PSO优化算法 (Algorithm 2)                            
================================================================================

[Step 1] 初始化粒子群...
   ✓ 粒子群初始化完成
   ✓ 初始全局最佳适应度: 33.8528

[开始迭代] 最大迭代次数: 15
--------------------------------------------------------------------------------
Iter   0 | Fitness:  33.8528 | Min Rate: 33.3465 Mbps | Sum Rate:  2583.39 Mbps | Mean Rate: 43.0565 Mbps
Iter  10 | Fitness:  34.7153 | Min Rate: 33.4227 Mbps | Sum Rate:  2632.27 Mbps | Mean Rate: 43.8712 Mbps
Iter  14 | Fitness:  34.7239 | Min Rate: 33.1435 Mbps | Sum Rate:  2588.52 Mbps | Mean Rate: 43.1419 Mbps

================================================================================
                                      优化完成                                      
================================================================================

📊 最终性能指标:
   - 总速率 (Sum Rate):      2564.91 Mbps
   - 最小速率 (Min Rate):    32.2696 Mbps
   - 平均速率 (Mean Rate):   42.7486 Mbps
   - 速率标准差 (Std):        4.9674 Mbps
   - 最佳适应度 (Fitness):   34.7239

📈 性能提升:
   - 总速率提升:   -0.72%
   - 最小速率提升: -3.23%

⏱️  计算时间:
   - 总优化时间: 70.14 秒
   - 平均每代:   4.676 秒
  PSO_MO: mr=32.27 | E=90091J | d=84.3m | cum=1204.76kJ
================================================================================
开始NewSSA优化（论文算法）...
  • 改进1: OBL策略 + 折射原理（公式18）
  • 改进2: 正弦-余弦搜索（公式20）
  • 改进3: 自适应参数r1和w（公式21-22）
  • 麻雀数量: 30
  • 最大迭代: 15
  • 生产者: 20%, 警戒者: 15%
================================================================================

[1/5] OBL策略 + 折射原理初始化...
[2/5] 计算初始适应度...
  ✓ 初始最优适应度: 22.2430 Mbps

[3/5] 开始迭代优化（15次）...
--------------------------------------------------------------------------------
Iter  10/15: Sum=2503.91Mbps, Min=28.0986Mbps, Time=7.022s

[4/5] 整理最终结果...

[5/5] 优化完成!
================================================================================
🎉 NewSSA优化完成!
📊 最终总速率: 2503.91 Mbps
🎯 最终最小速率: 28.0986 Mbps
📈 平均速率: 40.8827 Mbps
⏱️  优化时间: 103.01 秒
================================================================================
  SSA_MO: mr=28.10 | E=75746J | d=0.0m | cum=1546.61kJ

--- Step 13/20 (t=60s) ---
  BVF:    mr=35.58 | E=99027J | d=136.9m | cum=1225.10kJ
离散网格生成完成: 9x9 = 81个候选点
开始离散遗传算法优化（网格: 9x9）...
Gen 0: Fitness=-29.1691, Sum=2103.16Mbps, Min=7.7190Mbps, Time=1.245s
Gen 10: Fitness=-11.9580, Sum=2308.76Mbps, Min=17.5119Mbps, Time=1.264s

🎉 离散遗传算法优化完成!
✨ 最佳性能出现在第 10 代
📊 最终总速率: 2303.28 Mbps
🎯 最终最小速率: 19.1283 Mbps
📈 速率标准差: 12.3174 Mbps
⏱️  优化时间: 18.86 秒
⚡ 平均每代: 1.258 秒
🎲 使用网格点: [0, 5, 24, 33, 36, 39, 47, 51, 55]
  GA_MO:  mr=19.13 | E=324042J | d=1459.6m | cum=5066.71kJ
✅ 分布式PSO优化器初始化完成
   - 粒子数量: 30
   - 最大迭代次数: 15
   - PSO参数: w=0.729, c1=1.49445, c2=1.49445

================================================================================
                            分布式PSO优化算法 (Algorithm 2)                            
================================================================================

[Step 1] 初始化粒子群...
   ✓ 粒子群初始化完成
   ✓ 初始全局最佳适应度: 34.2407

[开始迭代] 最大迭代次数: 15
--------------------------------------------------------------------------------
Iter   0 | Fitness:  34.2407 | Min Rate: 31.7045 Mbps | Sum Rate:  2576.71 Mbps | Mean Rate: 42.9452 Mbps
Iter  10 | Fitness:  34.4083 | Min Rate: 32.4967 Mbps | Sum Rate:  2591.80 Mbps | Mean Rate: 43.1967 Mbps
Iter  14 | Fitness:  34.4083 | Min Rate: 33.9948 Mbps | Sum Rate:  2593.18 Mbps | Mean Rate: 43.2197 Mbps

================================================================================
                                      优化完成                                      
================================================================================

📊 最终性能指标:
   - 总速率 (Sum Rate):      2595.63 Mbps
   - 最小速率 (Min Rate):    30.3928 Mbps
   - 平均速率 (Mean Rate):   43.2606 Mbps
   - 速率标准差 (Std):        5.6798 Mbps
   - 最佳适应度 (Fitness):   34.4083

📈 性能提升:
   - 总速率提升:   +0.73%
   - 最小速率提升: -4.14%

⏱️  计算时间:
   - 总优化时间: 71.00 秒
   - 平均每代:   4.733 秒
  PSO_MO: mr=30.39 | E=90149J | d=84.7m | cum=1294.91kJ
================================================================================
开始NewSSA优化（论文算法）...
  • 改进1: OBL策略 + 折射原理（公式18）
  • 改进2: 正弦-余弦搜索（公式20）
  • 改进3: 自适应参数r1和w（公式21-22）
  • 麻雀数量: 30
  • 最大迭代: 15
  • 生产者: 20%, 警戒者: 15%
================================================================================

[1/5] OBL策略 + 折射原理初始化...
[2/5] 计算初始适应度...
  ✓ 初始最优适应度: 22.1116 Mbps

[3/5] 开始迭代优化（15次）...
--------------------------------------------------------------------------------
Iter  10/15: Sum=2478.67Mbps, Min=27.6869Mbps, Time=6.909s

[4/5] 整理最终结果...

[5/5] 优化完成!
================================================================================
🎉 NewSSA优化完成!
📊 最终总速率: 2478.67 Mbps
🎯 最终最小速率: 27.6869 Mbps
📈 平均速率: 40.5665 Mbps
⏱️  优化时间: 102.81 秒
================================================================================
  SSA_MO: mr=27.69 | E=76104J | d=2.1m | cum=1622.72kJ

--- Step 14/20 (t=65s) ---
  BVF:    mr=35.83 | E=95675J | d=117.2m | cum=1320.77kJ
离散网格生成完成: 9x9 = 81个候选点
开始离散遗传算法优化（网格: 9x9）...
Gen 0: Fitness=-30.1166, Sum=2103.24Mbps, Min=10.8362Mbps, Time=1.260s
Gen 10: Fitness=-20.2475, Sum=2213.95Mbps, Min=13.4522Mbps, Time=1.279s

🎉 离散遗传算法优化完成!
✨ 最佳性能出现在第 14 代
📊 最终总速率: 2191.04 Mbps
🎯 最终最小速率: 15.2352 Mbps
📈 速率标准差: 13.3087 Mbps
⏱️  优化时间: 18.95 秒
⚡ 平均每代: 1.263 秒
🎲 使用网格点: [12, 19, 22, 29, 34, 36, 41, 46, 49]
  GA_MO:  mr=15.24 | E=357049J | d=1653.7m | cum=5423.76kJ
✅ 分布式PSO优化器初始化完成
   - 粒子数量: 30
   - 最大迭代次数: 15
   - PSO参数: w=0.729, c1=1.49445, c2=1.49445

================================================================================
                            分布式PSO优化算法 (Algorithm 2)                            
================================================================================

[Step 1] 初始化粒子群...
   ✓ 粒子群初始化完成
   ✓ 初始全局最佳适应度: 35.2285

[开始迭代] 最大迭代次数: 15
--------------------------------------------------------------------------------
Iter   0 | Fitness:  35.2285 | Min Rate: 31.5508 Mbps | Sum Rate:  2579.58 Mbps | Mean Rate: 42.9930 Mbps
Iter  10 | Fitness:  35.2285 | Min Rate: 32.2486 Mbps | Sum Rate:  2571.93 Mbps | Mean Rate: 42.8655 Mbps
Iter  14 | Fitness:  35.2285 | Min Rate: 32.1972 Mbps | Sum Rate:  2565.98 Mbps | Mean Rate: 42.7663 Mbps

================================================================================
                                      优化完成                                      
================================================================================

📊 最终性能指标:
   - 总速率 (Sum Rate):      2565.15 Mbps
   - 最小速率 (Min Rate):    32.7714 Mbps
   - 平均速率 (Mean Rate):   42.7526 Mbps
   - 速率标准差 (Std):        5.6075 Mbps
   - 最佳适应度 (Fitness):   35.2285

📈 性能提升:
   - 总速率提升:   -0.56%
   - 最小速率提升: +3.87%

⏱️  计算时间:
   - 总优化时间: 71.34 秒
   - 平均每代:   4.756 秒
  PSO_MO: mr=32.77 | E=75746J | d=0.0m | cum=1370.65kJ
================================================================================
开始NewSSA优化（论文算法）...
  • 改进1: OBL策略 + 折射原理（公式18）
  • 改进2: 正弦-余弦搜索（公式20）
  • 改进3: 自适应参数r1和w（公式21-22）
  • 麻雀数量: 30
  • 最大迭代: 15
  • 生产者: 20%, 警戒者: 15%
================================================================================

[1/5] OBL策略 + 折射原理初始化...
[2/5] 计算初始适应度...
  ✓ 初始最优适应度: 21.7129 Mbps

[3/5] 开始迭代优化（15次）...
--------------------------------------------------------------------------------
Iter  10/15: Sum=2469.48Mbps, Min=27.6000Mbps, Time=6.929s

[4/5] 整理最终结果...

[5/5] 优化完成!
================================================================================
🎉 NewSSA优化完成!
📊 最终总速率: 2469.48 Mbps
🎯 最终最小速率: 27.6000 Mbps
📈 平均速率: 40.3484 Mbps
⏱️  优化时间: 102.61 秒
================================================================================
  SSA_MO: mr=27.60 | E=75746J | d=0.0m | cum=1698.46kJ

--- Step 15/20 (t=70s) ---
  BVF:    mr=37.13 | E=102186J | d=155.4m | cum=1422.96kJ
离散网格生成完成: 9x9 = 81个候选点
开始离散遗传算法优化（网格: 9x9）...
Gen 0: Fitness=-23.3196, Sum=2302.14Mbps, Min=16.7140Mbps, Time=1.255s
Gen 10: Fitness=-15.3686, Sum=2355.74Mbps, Min=15.6557Mbps, Time=1.250s

🎉 离散遗传算法优化完成!
✨ 最佳性能出现在第 13 代
📊 最终总速率: 2365.74 Mbps
🎯 最终最小速率: 14.0029 Mbps
📈 速率标准差: 12.7787 Mbps
⏱️  优化时间: 18.89 秒
⚡ 平均每代: 1.259 秒
🎲 使用网格点: [3, 11, 21, 29, 34, 43, 48, 60, 66]
  GA_MO:  mr=14.00 | E=376171J | d=1766.1m | cum=5799.93kJ
✅ 分布式PSO优化器初始化完成
   - 粒子数量: 30
   - 最大迭代次数: 15
   - PSO参数: w=0.729, c1=1.49445, c2=1.49445

================================================================================
                            分布式PSO优化算法 (Algorithm 2)                            
================================================================================

[Step 1] 初始化粒子群...
   ✓ 粒子群初始化完成
   ✓ 初始全局最佳适应度: 34.5459

[开始迭代] 最大迭代次数: 15
--------------------------------------------------------------------------------
Iter   0 | Fitness:  34.5459 | Min Rate: 33.3467 Mbps | Sum Rate:  2574.53 Mbps | Mean Rate: 42.9089 Mbps
Iter  10 | Fitness:  34.5459 | Min Rate: 32.1726 Mbps | Sum Rate:  2571.11 Mbps | Mean Rate: 42.8519 Mbps
Iter  14 | Fitness:  34.5459 | Min Rate: 31.3482 Mbps | Sum Rate:  2585.59 Mbps | Mean Rate: 43.0932 Mbps

================================================================================
                                      优化完成                                      
================================================================================

📊 最终性能指标:
   - 总速率 (Sum Rate):      2577.60 Mbps
   - 最小速率 (Min Rate):    33.5743 Mbps
   - 平均速率 (Mean Rate):   42.9600 Mbps
   - 速率标准差 (Std):        5.6983 Mbps
   - 最佳适应度 (Fitness):   34.5459

📈 性能提升:
   - 总速率提升:   +0.12%
   - 最小速率提升: +0.68%

⏱️  计算时间:
   - 总优化时间: 69.37 秒
   - 平均每代:   4.625 秒
  PSO_MO: mr=33.57 | E=75746J | d=0.0m | cum=1446.40kJ
================================================================================
开始NewSSA优化（论文算法）...
  • 改进1: OBL策略 + 折射原理（公式18）
  • 改进2: 正弦-余弦搜索（公式20）
  • 改进3: 自适应参数r1和w（公式21-22）
  • 麻雀数量: 30
  • 最大迭代: 15
  • 生产者: 20%, 警戒者: 15%
================================================================================

[1/5] OBL策略 + 折射原理初始化...
[2/5] 计算初始适应度...
  ✓ 初始最优适应度: 21.6020 Mbps

[3/5] 开始迭代优化（15次）...
--------------------------------------------------------------------------------
Iter  10/15: Sum=2458.16Mbps, Min=27.9417Mbps, Time=5.455s

[4/5] 整理最终结果...

[5/5] 优化完成!
================================================================================
🎉 NewSSA优化完成!
📊 最终总速率: 2458.16 Mbps
🎯 最终最小速率: 27.9417 Mbps
📈 平均速率: 40.3061 Mbps
⏱️  优化时间: 83.80 秒
================================================================================
  SSA_MO: mr=27.94 | E=75746J | d=0.0m | cum=1774.21kJ

--- Step 16/20 (t=75s) ---
  BVF:    mr=37.38 | E=100630J | d=146.3m | cum=1523.59kJ
离散网格生成完成: 9x9 = 81个候选点
开始离散遗传算法优化（网格: 9x9）...
Gen 0: Fitness=-32.8539, Sum=1899.58Mbps, Min=6.9601Mbps, Time=0.989s
Gen 10: Fitness=-18.7507, Sum=2254.70Mbps, Min=18.9069Mbps, Time=0.992s

🎉 离散遗传算法优化完成!
✨ 最佳性能出现在第 14 代
📊 最终总速率: 2169.96 Mbps
🎯 最终最小速率: 12.2317 Mbps
📈 速率标准差: 13.1597 Mbps
⏱️  优化时间: 14.91 秒
⚡ 平均每代: 0.994 秒
🎲 使用网格点: [0, 1, 4, 32, 40, 43, 62, 66, 79]
  GA_MO:  mr=12.23 | E=367350J | d=1714.2m | cum=6167.28kJ
✅ 分布式PSO优化器初始化完成
   - 粒子数量: 30
   - 最大迭代次数: 15
   - PSO参数: w=0.729, c1=1.49445, c2=1.49445

================================================================================
                            分布式PSO优化算法 (Algorithm 2)                            
================================================================================

[Step 1] 初始化粒子群...
   ✓ 粒子群初始化完成
   ✓ 初始全局最佳适应度: 33.2936

[开始迭代] 最大迭代次数: 15
--------------------------------------------------------------------------------
Iter   0 | Fitness:  33.2936 | Min Rate: 31.6965 Mbps | Sum Rate:  2557.59 Mbps | Mean Rate: 42.6265 Mbps
Iter  10 | Fitness:  34.7697 | Min Rate: 32.4067 Mbps | Sum Rate:  2543.37 Mbps | Mean Rate: 42.3896 Mbps
Iter  14 | Fitness:  35.2522 | Min Rate: 31.4579 Mbps | Sum Rate:  2572.16 Mbps | Mean Rate: 42.8693 Mbps

================================================================================
                                      优化完成                                      
================================================================================

📊 最终性能指标:
   - 总速率 (Sum Rate):      2565.63 Mbps
   - 最小速率 (Min Rate):    30.8248 Mbps
   - 平均速率 (Mean Rate):   42.7605 Mbps
   - 速率标准差 (Std):        5.6273 Mbps
   - 最佳适应度 (Fitness):   35.2522

📈 性能提升:
   - 总速率提升:   +0.31%
   - 最小速率提升: -2.75%

⏱️  计算时间:
   - 总优化时间: 57.59 秒
   - 平均每代:   3.839 秒
  PSO_MO: mr=30.82 | E=89430J | d=80.4m | cum=1535.83kJ
================================================================================
开始NewSSA优化（论文算法）...
  • 改进1: OBL策略 + 折射原理（公式18）
  • 改进2: 正弦-余弦搜索（公式20）
  • 改进3: 自适应参数r1和w（公式21-22）
  • 麻雀数量: 30
  • 最大迭代: 15
  • 生产者: 20%, 警戒者: 15%
================================================================================

[1/5] OBL策略 + 折射原理初始化...
[2/5] 计算初始适应度...
  ✓ 初始最优适应度: 21.4205 Mbps

[3/5] 开始迭代优化（15次）...
--------------------------------------------------------------------------------
Iter  10/15: Sum=2442.04Mbps, Min=27.0751Mbps, Time=5.385s

[4/5] 整理最终结果...

[5/5] 优化完成!
================================================================================
🎉 NewSSA优化完成!
📊 最终总速率: 2442.04 Mbps
🎯 最终最小速率: 27.0751 Mbps
📈 平均速率: 40.1595 Mbps
⏱️  优化时间: 80.75 秒
================================================================================
  SSA_MO: mr=27.08 | E=75746J | d=0.0m | cum=1849.95kJ

--- Step 17/20 (t=80s) ---
  BVF:    mr=35.81 | E=75746J | d=0.0m | cum=1599.34kJ
离散网格生成完成: 9x9 = 81个候选点
开始离散遗传算法优化（网格: 9x9）...
Gen 0: Fitness=-35.9985, Sum=2377.05Mbps, Min=14.9729Mbps, Time=0.983s
Gen 10: Fitness=-19.5279, Sum=2284.24Mbps, Min=10.1609Mbps, Time=0.987s

🎉 离散遗传算法优化完成!
✨ 最佳性能出现在第 14 代
📊 最终总速率: 2193.19 Mbps
🎯 最终最小速率: 14.1254 Mbps
📈 速率标准差: 13.2011 Mbps
⏱️  优化时间: 14.75 秒
⚡ 平均每代: 0.984 秒
🎲 使用网格点: [0, 1, 4, 32, 52, 60, 65, 69, 78]
  GA_MO:  mr=14.13 | E=233196J | d=925.6m | cum=6400.48kJ
✅ 分布式PSO优化器初始化完成
   - 粒子数量: 30
   - 最大迭代次数: 15
   - PSO参数: w=0.729, c1=1.49445, c2=1.49445

================================================================================
                            分布式PSO优化算法 (Algorithm 2)                            
================================================================================

[Step 1] 初始化粒子群...
   ✓ 粒子群初始化完成
   ✓ 初始全局最佳适应度: 35.0232

[开始迭代] 最大迭代次数: 15
--------------------------------------------------------------------------------
Iter   0 | Fitness:  35.0232 | Min Rate: 34.0638 Mbps | Sum Rate:  2554.90 Mbps | Mean Rate: 42.5817 Mbps
Iter  10 | Fitness:  35.0232 | Min Rate: 33.5308 Mbps | Sum Rate:  2544.42 Mbps | Mean Rate: 42.4069 Mbps
Iter  14 | Fitness:  35.0232 | Min Rate: 31.4604 Mbps | Sum Rate:  2540.48 Mbps | Mean Rate: 42.3414 Mbps

================================================================================
                                      优化完成                                      
================================================================================

📊 最终性能指标:
   - 总速率 (Sum Rate):      2565.70 Mbps
   - 最小速率 (Min Rate):    31.0555 Mbps
   - 平均速率 (Mean Rate):   42.7617 Mbps
   - 速率标准差 (Std):        5.6175 Mbps
   - 最佳适应度 (Fitness):   35.0232

📈 性能提升:
   - 总速率提升:   +0.42%
   - 最小速率提升: -8.83%

⏱️  计算时间:
   - 总优化时间: 56.20 秒
   - 平均每代:   3.747 秒
  PSO_MO: mr=31.06 | E=75746J | d=0.0m | cum=1611.57kJ
================================================================================
开始NewSSA优化（论文算法）...
  • 改进1: OBL策略 + 折射原理（公式18）
  • 改进2: 正弦-余弦搜索（公式20）
  • 改进3: 自适应参数r1和w（公式21-22）
  • 麻雀数量: 30
  • 最大迭代: 15
  • 生产者: 20%, 警戒者: 15%
================================================================================

[1/5] OBL策略 + 折射原理初始化...
[2/5] 计算初始适应度...
  ✓ 初始最优适应度: 21.0316 Mbps

[3/5] 开始迭代优化（15次）...
--------------------------------------------------------------------------------
Iter  10/15: Sum=2432.00Mbps, Min=27.9291Mbps, Time=5.413s

[4/5] 整理最终结果...

[5/5] 优化完成!
================================================================================
🎉 NewSSA优化完成!
📊 最终总速率: 2432.00 Mbps
🎯 最终最小速率: 27.9291 Mbps
📈 平均速率: 39.9823 Mbps
⏱️  优化时间: 81.22 秒
================================================================================
  SSA_MO: mr=27.93 | E=75746J | d=0.0m | cum=1925.70kJ

--- Step 18/20 (t=85s) ---
  BVF:    mr=36.29 | E=96320J | d=120.9m | cum=1695.66kJ
离散网格生成完成: 9x9 = 81个候选点
开始离散遗传算法优化（网格: 9x9）...
Gen 0: Fitness=-32.7954, Sum=2177.11Mbps, Min=13.0416Mbps, Time=0.992s
Gen 10: Fitness=-20.1897, Sum=2373.13Mbps, Min=11.7827Mbps, Time=0.991s

🎉 离散遗传算法优化完成!
✨ 最佳性能出现在第 14 代
📊 最终总速率: 2280.41 Mbps
🎯 最终最小速率: 15.4747 Mbps
📈 速率标准差: 11.9156 Mbps
⏱️  优化时间: 14.88 秒
⚡ 平均每代: 0.992 秒
🎲 使用网格点: [3, 10, 12, 50, 51, 52, 56, 61, 77]
  GA_MO:  mr=15.47 | E=282637J | d=1216.2m | cum=6683.11kJ
✅ 分布式PSO优化器初始化完成
   - 粒子数量: 30
   - 最大迭代次数: 15
   - PSO参数: w=0.729, c1=1.49445, c2=1.49445

================================================================================
                            分布式PSO优化算法 (Algorithm 2)                            
================================================================================

[Step 1] 初始化粒子群...
   ✓ 粒子群初始化完成
   ✓ 初始全局最佳适应度: 33.1499

[开始迭代] 最大迭代次数: 15
--------------------------------------------------------------------------------
Iter   0 | Fitness:  33.1499 | Min Rate: 29.5706 Mbps | Sum Rate:  2495.83 Mbps | Mean Rate: 41.5971 Mbps
Iter  10 | Fitness:  34.0996 | Min Rate: 32.4324 Mbps | Sum Rate:  2501.12 Mbps | Mean Rate: 41.6854 Mbps
Iter  14 | Fitness:  34.0996 | Min Rate: 30.1129 Mbps | Sum Rate:  2533.81 Mbps | Mean Rate: 42.2302 Mbps

================================================================================
                                      优化完成                                      
================================================================================

📊 最终性能指标:
   - 总速率 (Sum Rate):      2487.07 Mbps
   - 最小速率 (Min Rate):    32.5106 Mbps
   - 平均速率 (Mean Rate):   41.4511 Mbps
   - 速率标准差 (Std):        5.4906 Mbps
   - 最佳适应度 (Fitness):   34.0996

📈 性能提升:
   - 总速率提升:   -0.35%
   - 最小速率提升: +9.94%

⏱️  计算时间:
   - 总优化时间: 56.25 秒
   - 平均每代:   3.750 秒
  PSO_MO: mr=32.51 | E=89088J | d=78.4m | cum=1700.66kJ
================================================================================
开始NewSSA优化（论文算法）...
  • 改进1: OBL策略 + 折射原理（公式18）
  • 改进2: 正弦-余弦搜索（公式20）
  • 改进3: 自适应参数r1和w（公式21-22）
  • 麻雀数量: 30
  • 最大迭代: 15
  • 生产者: 20%, 警戒者: 15%
================================================================================

[1/5] OBL策略 + 折射原理初始化...
[2/5] 计算初始适应度...
  ✓ 初始最优适应度: 21.7523 Mbps

[3/5] 开始迭代优化（15次）...
--------------------------------------------------------------------------------
Iter  10/15: Sum=2424.31Mbps, Min=27.2722Mbps, Time=5.395s

[4/5] 整理最终结果...

[5/5] 优化完成!
================================================================================
🎉 NewSSA优化完成!
📊 最终总速率: 2424.31 Mbps
🎯 最终最小速率: 27.2722 Mbps
📈 平均速率: 40.1069 Mbps
⏱️  优化时间: 81.10 秒
================================================================================
  SSA_MO: mr=27.27 | E=75746J | d=0.0m | cum=2001.44kJ

--- Step 19/20 (t=90s) ---
  BVF:    mr=37.16 | E=90607J | d=87.4m | cum=1786.26kJ
离散网格生成完成: 9x9 = 81个候选点
开始离散遗传算法优化（网格: 9x9）...
Gen 0: Fitness=-30.1957, Sum=1916.48Mbps, Min=12.2019Mbps, Time=0.993s
Gen 10: Fitness=-18.0962, Sum=2195.34Mbps, Min=11.7704Mbps, Time=0.993s

🎉 离散遗传算法优化完成!
✨ 最佳性能出现在第 13 代
📊 最终总速率: 2320.62 Mbps
🎯 最终最小速率: 13.0175 Mbps
📈 速率标准差: 11.0789 Mbps
⏱️  优化时间: 14.85 秒
⚡ 平均每代: 0.990 秒
🎲 使用网格点: [0, 6, 19, 29, 31, 34, 52, 69, 75]
  GA_MO:  mr=13.02 | E=418047J | d=2012.2m | cum=7101.16kJ
✅ 分布式PSO优化器初始化完成
   - 粒子数量: 30
   - 最大迭代次数: 15
   - PSO参数: w=0.729, c1=1.49445, c2=1.49445

================================================================================
                            分布式PSO优化算法 (Algorithm 2)                            
================================================================================

[Step 1] 初始化粒子群...
   ✓ 粒子群初始化完成
   ✓ 初始全局最佳适应度: 33.3788

[开始迭代] 最大迭代次数: 15
--------------------------------------------------------------------------------
Iter   0 | Fitness:  33.3788 | Min Rate: 31.7637 Mbps | Sum Rate:  2491.53 Mbps | Mean Rate: 41.5254 Mbps
Iter  10 | Fitness:  33.4874 | Min Rate: 30.7998 Mbps | Sum Rate:  2514.84 Mbps | Mean Rate: 41.9140 Mbps
Iter  14 | Fitness:  33.8281 | Min Rate: 31.0324 Mbps | Sum Rate:  2500.42 Mbps | Mean Rate: 41.6737 Mbps

================================================================================
                                      优化完成                                      
================================================================================

📊 最终性能指标:
   - 总速率 (Sum Rate):      2491.98 Mbps
   - 最小速率 (Min Rate):    32.6873 Mbps
   - 平均速率 (Mean Rate):   41.5330 Mbps
   - 速率标准差 (Std):        4.9315 Mbps
   - 最佳适应度 (Fitness):   33.8281

📈 性能提升:
   - 总速率提升:   +0.02%
   - 最小速率提升: +2.91%

⏱️  计算时间:
   - 总优化时间: 56.23 秒
   - 平均每代:   3.749 秒
  PSO_MO: mr=32.69 | E=88780J | d=76.6m | cum=1789.44kJ
================================================================================
开始NewSSA优化（论文算法）...
  • 改进1: OBL策略 + 折射原理（公式18）
  • 改进2: 正弦-余弦搜索（公式20）
  • 改进3: 自适应参数r1和w（公式21-22）
  • 麻雀数量: 30
  • 最大迭代: 15
  • 生产者: 20%, 警戒者: 15%
================================================================================

[1/5] OBL策略 + 折射原理初始化...
[2/5] 计算初始适应度...
  ✓ 初始最优适应度: 21.3200 Mbps

[3/5] 开始迭代优化（15次）...
--------------------------------------------------------------------------------
Iter  10/15: Sum=2410.13Mbps, Min=26.9910Mbps, Time=5.409s

[4/5] 整理最终结果...

[5/5] 优化完成!
================================================================================
🎉 NewSSA优化完成!
📊 最终总速率: 2410.13 Mbps
🎯 最终最小速率: 26.9910 Mbps
📈 平均速率: 39.7845 Mbps
⏱️  优化时间: 81.22 秒
================================================================================
  SSA_MO: mr=26.99 | E=76104J | d=2.1m | cum=2077.55kJ

--- Step 20/20 (t=95s) ---
  BVF:    mr=36.57 | E=96141J | d=119.9m | cum=1882.40kJ
离散网格生成完成: 9x9 = 81个候选点
开始离散遗传算法优化（网格: 9x9）...
Gen 0: Fitness=-36.8448, Sum=1663.53Mbps, Min=7.5739Mbps, Time=0.993s
Gen 10: Fitness=-19.5814, Sum=2259.07Mbps, Min=15.5580Mbps, Time=0.994s

🎉 离散遗传算法优化完成!
✨ 最佳性能出现在第 11 代
📊 最终总速率: 2255.06 Mbps
🎯 最终最小速率: 15.5416 Mbps
📈 速率标准差: 11.4440 Mbps
⏱️  优化时间: 14.88 秒
⚡ 平均每代: 0.992 秒
🎲 使用网格点: [33, 36, 39, 44, 48, 52, 58, 66, 77]
  GA_MO:  mr=15.54 | E=447228J | d=2183.8m | cum=7548.39kJ
✅ 分布式PSO优化器初始化完成
   - 粒子数量: 30
   - 最大迭代次数: 15
   - PSO参数: w=0.729, c1=1.49445, c2=1.49445

================================================================================
                            分布式PSO优化算法 (Algorithm 2)                            
================================================================================

[Step 1] 初始化粒子群...
   ✓ 粒子群初始化完成
   ✓ 初始全局最佳适应度: 30.3940

[开始迭代] 最大迭代次数: 15
--------------------------------------------------------------------------------
Iter   0 | Fitness:  31.6474 | Min Rate: 30.7812 Mbps | Sum Rate:  2471.85 Mbps | Mean Rate: 41.1975 Mbps
Iter  10 | Fitness:  31.9149 | Min Rate: 29.9515 Mbps | Sum Rate:  2486.07 Mbps | Mean Rate: 41.4345 Mbps
Iter  14 | Fitness:  32.8890 | Min Rate: 32.4367 Mbps | Sum Rate:  2493.71 Mbps | Mean Rate: 41.5618 Mbps

================================================================================
                                      优化完成                                      
================================================================================

📊 最终性能指标:
   - 总速率 (Sum Rate):      2491.39 Mbps
   - 最小速率 (Min Rate):    29.9875 Mbps
   - 平均速率 (Mean Rate):   41.5231 Mbps
   - 速率标准差 (Std):        4.9322 Mbps
   - 最佳适应度 (Fitness):   32.8890

📈 性能提升:
   - 总速率提升:   +0.79%
   - 最小速率提升: -2.58%

⏱️  计算时间:
   - 总优化时间: 56.32 秒
   - 平均每代:   3.755 秒
  PSO_MO: mr=29.99 | E=111264J | d=208.8m | cum=1900.71kJ
================================================================================
开始NewSSA优化（论文算法）...
  • 改进1: OBL策略 + 折射原理（公式18）
  • 改进2: 正弦-余弦搜索（公式20）
  • 改进3: 自适应参数r1和w（公式21-22）
  • 麻雀数量: 30
  • 最大迭代: 15
  • 生产者: 20%, 警戒者: 15%
================================================================================

[1/5] OBL策略 + 折射原理初始化...
[2/5] 计算初始适应度...
  ✓ 初始最优适应度: 20.7733 Mbps

[3/5] 开始迭代优化（15次）...
--------------------------------------------------------------------------------
Iter  10/15: Sum=2398.72Mbps, Min=25.9660Mbps, Time=5.405s

[4/5] 整理最终结果...

[5/5] 优化完成!
================================================================================
🎉 NewSSA优化完成!
📊 最终总速率: 2398.72 Mbps
🎯 最终最小速率: 25.9660 Mbps
📈 平均速率: 39.6105 Mbps
⏱️  优化时间: 81.14 秒
================================================================================
  SSA_MO: mr=25.97 | E=75746J | d=0.0m | cum=2153.29kJ

=====================================================================================
  多目标动态场景对比总结
=====================================================================================
算法         平均MinRate     平均SumRate     累计能耗kJ        累计距离m         能效Mbps/kJ    
-------------------------------------------------------------------------------------
BVF        37.85         3192.5        1882.40       2160.3        0.0201       
GA(MO)     17.59         2329.8        7548.39       35468.2       0.0023       
PSO(MO)    31.83         2572.3        1900.71       2267.9        0.0167       
SSA(MO)    26.39         2512.4        2153.29       3752.8        0.0123       
-------------------------------------------------------------------------------------

JSON 已保存: result/dynamic_multiobjective/dynamic_MO_9uav_seed62.json
图表已保存: result/dynamic_multiobjective/dynamic_MO_9uav_seed62.png
能效图已保存: result/dynamic_multiobjective/dynamic_MO_efficiency_9uav_seed62.png

======================================================================
  多目标动态对比实验完成!
======================================================================
