======================================================================
  动态多目标对比 (GA/PSO/SSA fitness 含能耗惩罚)
======================================================================
  Seed=62 | UAV=9 | K=60 | L=3
  步数=20 × 5.0s | 每步迭代=15
  能耗惩罚权重 λ=0.3
  P0 (叶片功率)   = 1597.13 W
  P1 (诱导功率)   = 86.11 W
  P_hover         = 1683.24 W
  U  (桨尖速度)   = 120.0 m/s
  v_r (诱导速度)  = 3.99 m/s
  10m/s飞行功率   = 1701.09 W
  20m/s飞行功率   = 2041.39 W
======================================================================

--- Step 0 (t=0s): 初始状态 (无优化) ---
  所有算法初始: min_rate=27.06 Mbps | sum_rate=2542.7 Mbps
  能耗=0 | 距离=0

--- Step 1/19 (t=5s) ---
  BVF:    mr=43.90 | E=145209J | d=408.3m | cum=145.21kJ
离散网格生成完成: 9x9 = 81个候选点
开始离散遗传算法优化（网格: 9x9）...
Gen 0: Fitness=-32.0462, Sum=2312.95Mbps, Min=19.6115Mbps, Time=1.036s
Gen 10: Fitness=-18.1523, Sum=2439.70Mbps, Min=21.4413Mbps, Time=1.061s

🎉 离散遗传算法优化完成!
✨ 最佳性能出现在第 12 代
📊 最终总速率: 2326.07 Mbps
🎯 最终最小速率: 18.0755 Mbps
📈 速率标准差: 9.9669 Mbps
⏱️  优化时间: 16.09 秒
⚡ 平均每代: 1.072 秒
🎲 使用网格点: [2, 19, 26, 39, 40, 49, 56, 67, 68]
  GA_MO:  mr=18.08 | E=388560J | d=1838.9m | cum=388.56kJ
✅ 分布式PSO优化器初始化完成
   - 粒子数量: 30
   - 最大迭代次数: 15
   - PSO参数: w=0.729, c1=1.49445, c2=1.49445

================================================================================
                            分布式PSO优化算法 (Algorithm 2)                            
================================================================================

[Step 1] 初始化粒子群...
   ✓ 粒子群初始化完成
   ✓ 初始全局最佳适应度: 3.3441

[开始迭代] 最大迭代次数: 15
--------------------------------------------------------------------------------
Iter   0 | Fitness:   3.3441 | Min Rate: 28.7220 Mbps | Sum Rate:  2521.49 Mbps | Mean Rate: 42.0249 Mbps
Iter  10 | Fitness:   3.3441 | Min Rate: 28.0463 Mbps | Sum Rate:  2492.67 Mbps | Mean Rate: 41.5446 Mbps
Iter  14 | Fitness:   3.3441 | Min Rate: 28.2505 Mbps | Sum Rate:  2517.01 Mbps | Mean Rate: 41.9502 Mbps

================================================================================
                                      优化完成                                      
================================================================================

📊 最终性能指标:
   - 总速率 (Sum Rate):      2518.23 Mbps
   - 最小速率 (Min Rate):    27.6748 Mbps
   - 平均速率 (Mean Rate):   41.9704 Mbps
   - 速率标准差 (Std):        7.6824 Mbps
   - 最佳适应度 (Fitness):    3.3441

📈 性能提升:
   - 总速率提升:   -0.13%
   - 最小速率提升: -3.65%

⏱️  计算时间:
   - 总优化时间: 62.46 秒
   - 平均每代:   4.164 秒
  PSO_MO: mr=27.67 | E=75746J | d=0.0m | cum=75.75kJ
================================================================================
开始NewSSA优化（论文算法）...
  • 改进1: OBL策略 + 折射原理（公式18）
  • 改进2: 正弦-余弦搜索（公式20）
  • 改进3: 自适应参数r1和w（公式21-22）
  • 麻雀数量: 30
  • 最大迭代: 15
  • 生产者: 20%, 警戒者: 15%
================================================================================

[1/5] OBL策略 + 折射原理初始化...
[2/5] 计算初始适应度...
  ✓ 初始最优适应度: -26.5542 Mbps

[3/5] 开始迭代优化（15次）...
--------------------------------------------------------------------------------
Iter  10/15: Sum=2451.76Mbps, Min=-26.2746Mbps, Time=5.827s

[4/5] 整理最终结果...

[5/5] 优化完成!
================================================================================
🎉 NewSSA优化完成!
📊 最终总速率: 2396.68 Mbps
🎯 最终最小速率: -24.2815 Mbps
📈 平均速率: 40.1370 Mbps
⏱️  优化时间: 86.79 秒
================================================================================
  SSA_MO: mr=-24.28 | E=529313J | d=2666.3m | cum=529.31kJ

--- Step 2/19 (t=10s) ---
  BVF:    mr=39.63 | E=126310J | d=297.2m | cum=271.52kJ
离散网格生成完成: 9x9 = 81个候选点
开始离散遗传算法优化（网格: 9x9）...
Gen 0: Fitness=-31.7609, Sum=2343.79Mbps, Min=17.8817Mbps, Time=1.071s
Gen 10: Fitness=-19.7792, Sum=2471.34Mbps, Min=18.4412Mbps, Time=1.063s

🎉 离散遗传算法优化完成!
✨ 最佳性能出现在第 14 代
📊 最终总速率: 2417.46 Mbps
🎯 最终最小速率: 24.2702 Mbps
📈 速率标准差: 8.9810 Mbps
⏱️  优化时间: 16.08 秒
⚡ 平均每代: 1.072 秒
🎲 使用网格点: [11, 30, 34, 40, 46, 55, 56, 58, 77]
  GA_MO:  mr=24.27 | E=406066J | d=1941.8m | cum=794.63kJ
✅ 分布式PSO优化器初始化完成
   - 粒子数量: 30
   - 最大迭代次数: 15
   - PSO参数: w=0.729, c1=1.49445, c2=1.49445

================================================================================
                            分布式PSO优化算法 (Algorithm 2)                            
================================================================================

[Step 1] 初始化粒子群...
   ✓ 粒子群初始化完成
   ✓ 初始全局最佳适应度: 3.3192

[开始迭代] 最大迭代次数: 15
--------------------------------------------------------------------------------
Iter   0 | Fitness:   3.3192 | Min Rate: 25.6912 Mbps | Sum Rate:  2524.31 Mbps | Mean Rate: 42.0719 Mbps
Iter  10 | Fitness:   3.3192 | Min Rate: 27.6617 Mbps | Sum Rate:  2525.61 Mbps | Mean Rate: 42.0935 Mbps
Iter  14 | Fitness:   3.3192 | Min Rate: 27.9604 Mbps | Sum Rate:  2530.24 Mbps | Mean Rate: 42.1707 Mbps

================================================================================
                                      优化完成                                      
================================================================================

📊 最终性能指标:
   - 总速率 (Sum Rate):      2490.62 Mbps
   - 最小速率 (Min Rate):    26.1959 Mbps
   - 平均速率 (Mean Rate):   41.5103 Mbps
   - 速率标准差 (Std):        7.4707 Mbps
   - 最佳适应度 (Fitness):    3.3192

📈 性能提升:
   - 总速率提升:   -1.33%
   - 最小速率提升: +1.96%

⏱️  计算时间:
   - 总优化时间: 63.30 秒
   - 平均每代:   4.220 秒
  PSO_MO: mr=26.20 | E=75746J | d=0.0m | cum=151.49kJ
================================================================================
开始NewSSA优化（论文算法）...
  • 改进1: OBL策略 + 折射原理（公式18）
  • 改进2: 正弦-余弦搜索（公式20）
  • 改进3: 自适应参数r1和w（公式21-22）
  • 麻雀数量: 30
  • 最大迭代: 15
  • 生产者: 20%, 警戒者: 15%
================================================================================

[1/5] OBL策略 + 折射原理初始化...
[2/5] 计算初始适应度...
  ✓ 初始最优适应度: -27.0957 Mbps

[3/5] 开始迭代优化（15次）...
--------------------------------------------------------------------------------
Iter  10/15: Sum=2123.19Mbps, Min=-20.6132Mbps, Time=5.998s

[4/5] 整理最终结果...

[5/5] 优化完成!
================================================================================
🎉 NewSSA优化完成!
📊 最终总速率: 2209.16 Mbps
🎯 最终最小速率: -8.0285 Mbps
📈 平均速率: 37.1081 Mbps
⏱️  优化时间: 89.66 秒
================================================================================
  SSA_MO: mr=-8.03 | E=253116J | d=1042.7m | cum=782.43kJ

--- Step 3/19 (t=15s) ---
  BVF:    mr=41.06 | E=114972J | d=230.6m | cum=386.49kJ
离散网格生成完成: 9x9 = 81个候选点
开始离散遗传算法优化（网格: 9x9）...
Gen 0: Fitness=-28.2100, Sum=2031.22Mbps, Min=10.5857Mbps, Time=1.097s
Gen 10: Fitness=-17.6102, Sum=2430.50Mbps, Min=21.3126Mbps, Time=1.111s

🎉 离散遗传算法优化完成!
✨ 最佳性能出现在第 14 代
📊 最终总速率: 2416.54 Mbps
🎯 最终最小速率: 19.7280 Mbps
📈 速率标准差: 10.0306 Mbps
⏱️  优化时间: 16.47 秒
⚡ 平均每代: 1.098 秒
🎲 使用网格点: [1, 34, 36, 46, 49, 60, 73, 76, 78]
  GA_MO:  mr=19.73 | E=396707J | d=1886.8m | cum=1191.33kJ
✅ 分布式PSO优化器初始化完成
   - 粒子数量: 30
   - 最大迭代次数: 15
   - PSO参数: w=0.729, c1=1.49445, c2=1.49445

================================================================================
                            分布式PSO优化算法 (Algorithm 2)                            
================================================================================

[Step 1] 初始化粒子群...
   ✓ 粒子群初始化完成
   ✓ 初始全局最佳适应度: 3.2658

[开始迭代] 最大迭代次数: 15
--------------------------------------------------------------------------------
Iter   0 | Fitness:   3.2658 | Min Rate: 25.4151 Mbps | Sum Rate:  2537.79 Mbps | Mean Rate: 42.2965 Mbps
Iter  10 | Fitness:   3.2658 | Min Rate: 26.7468 Mbps | Sum Rate:  2510.03 Mbps | Mean Rate: 41.8338 Mbps
Iter  14 | Fitness:   3.2658 | Min Rate: 25.3179 Mbps | Sum Rate:  2515.72 Mbps | Mean Rate: 41.9286 Mbps

================================================================================
                                      优化完成                                      
================================================================================

📊 最终性能指标:
   - 总速率 (Sum Rate):      2541.84 Mbps
   - 最小速率 (Min Rate):    27.7936 Mbps
   - 平均速率 (Mean Rate):   42.3640 Mbps
   - 速率标准差 (Std):        7.7177 Mbps
   - 最佳适应度 (Fitness):    3.2658

📈 性能提升:
   - 总速率提升:   +0.16%
   - 最小速率提升: +9.36%

⏱️  计算时间:
   - 总优化时间: 64.64 秒
   - 平均每代:   4.309 秒
  PSO_MO: mr=27.79 | E=75746J | d=0.0m | cum=227.24kJ
================================================================================
开始NewSSA优化（论文算法）...
  • 改进1: OBL策略 + 折射原理（公式18）
  • 改进2: 正弦-余弦搜索（公式20）
  • 改进3: 自适应参数r1和w（公式21-22）
  • 麻雀数量: 30
  • 最大迭代: 15
  • 生产者: 20%, 警戒者: 15%
================================================================================

[1/5] OBL策略 + 折射原理初始化...
[2/5] 计算初始适应度...
  ✓ 初始最优适应度: -26.4156 Mbps

[3/5] 开始迭代优化（15次）...
--------------------------------------------------------------------------------
Iter  10/15: Sum=1948.63Mbps, Min=-15.7503Mbps, Time=6.047s

[4/5] 整理最终结果...

[5/5] 优化完成!
================================================================================
🎉 NewSSA优化完成!
📊 最终总速率: 1874.85 Mbps
🎯 最终最小速率: -10.7325 Mbps
📈 平均速率: 31.4273 Mbps
⏱️  优化时间: 91.35 秒
================================================================================
  SSA_MO: mr=-10.73 | E=294324J | d=1284.9m | cum=1076.75kJ

--- Step 4/19 (t=20s) ---
  BVF:    mr=44.03 | E=120114J | d=260.8m | cum=506.60kJ
离散网格生成完成: 9x9 = 81个候选点
开始离散遗传算法优化（网格: 9x9）...
Gen 0: Fitness=-29.8738, Sum=2048.43Mbps, Min=10.7149Mbps, Time=1.148s
Gen 10: Fitness=-19.0385, Sum=2464.87Mbps, Min=19.5230Mbps, Time=1.162s

🎉 离散遗传算法优化完成!
✨ 最佳性能出现在第 11 代
📊 最终总速率: 2484.38 Mbps
🎯 最终最小速率: 20.2203 Mbps
📈 速率标准差: 9.1381 Mbps
⏱️  优化时间: 17.30 秒
⚡ 平均每代: 1.153 秒
🎲 使用网格点: [12, 29, 30, 33, 45, 49, 52, 64, 75]
  GA_MO:  mr=20.22 | E=439502J | d=2138.4m | cum=1630.84kJ
✅ 分布式PSO优化器初始化完成
   - 粒子数量: 30
   - 最大迭代次数: 15
   - PSO参数: w=0.729, c1=1.49445, c2=1.49445

================================================================================
                            分布式PSO优化算法 (Algorithm 2)                            
================================================================================

[Step 1] 初始化粒子群...
   ✓ 粒子群初始化完成
   ✓ 初始全局最佳适应度: 3.3143

[开始迭代] 最大迭代次数: 15
--------------------------------------------------------------------------------
Iter   0 | Fitness:   3.3143 | Min Rate: 26.8818 Mbps | Sum Rate:  2488.78 Mbps | Mean Rate: 41.4797 Mbps
Iter  10 | Fitness:   3.3143 | Min Rate: 26.4640 Mbps | Sum Rate:  2540.93 Mbps | Mean Rate: 42.3488 Mbps
Iter  14 | Fitness:   3.3143 | Min Rate: 25.6214 Mbps | Sum Rate:  2538.88 Mbps | Mean Rate: 42.3147 Mbps

================================================================================
                                      优化完成                                      
================================================================================

📊 最终性能指标:
   - 总速率 (Sum Rate):      2498.35 Mbps
   - 最小速率 (Min Rate):    25.6743 Mbps
   - 平均速率 (Mean Rate):   41.6391 Mbps
   - 速率标准差 (Std):        7.7160 Mbps
   - 最佳适应度 (Fitness):    3.3143

📈 性能提升:
   - 总速率提升:   +0.38%
   - 最小速率提升: -4.49%

⏱️  计算时间:
   - 总优化时间: 69.22 秒
   - 平均每代:   4.615 秒
  PSO_MO: mr=25.67 | E=75746J | d=0.0m | cum=302.98kJ
================================================================================
开始NewSSA优化（论文算法）...
  • 改进1: OBL策略 + 折射原理（公式18）
  • 改进2: 正弦-余弦搜索（公式20）
  • 改进3: 自适应参数r1和w（公式21-22）
  • 麻雀数量: 30
  • 最大迭代: 15
  • 生产者: 20%, 警戒者: 15%
================================================================================

[1/5] OBL策略 + 折射原理初始化...
[2/5] 计算初始适应度...
  ✓ 初始最优适应度: -31.6321 Mbps

[3/5] 开始迭代优化（15次）...
--------------------------------------------------------------------------------
Iter  10/15: Sum=1710.67Mbps, Min=-15.9777Mbps, Time=6.897s

[4/5] 整理最终结果...

[5/5] 优化完成!
================================================================================
🎉 NewSSA优化完成!
📊 最终总速率: 1669.47 Mbps
🎯 最终最小速率: -14.0534 Mbps
📈 平均速率: 27.6958 Mbps
⏱️  优化时间: 104.47 秒
================================================================================
  SSA_MO: mr=-14.05 | E=347329J | d=1596.5m | cum=1424.08kJ

--- Step 5/19 (t=25s) ---
  BVF:    mr=42.51 | E=106787J | d=182.5m | cum=613.39kJ
离散网格生成完成: 9x9 = 81个候选点
开始离散遗传算法优化（网格: 9x9）...
Gen 0: Fitness=-28.9474, Sum=1860.79Mbps, Min=7.9250Mbps, Time=1.195s
Gen 10: Fitness=-16.4070, Sum=2472.64Mbps, Min=21.6720Mbps, Time=1.205s

🎉 离散遗传算法优化完成!
✨ 最佳性能出现在第 11 代
📊 最终总速率: 2462.59 Mbps
🎯 最终最小速率: 19.9057 Mbps
📈 速率标准差: 9.4950 Mbps
⏱️  优化时间: 17.92 秒
⚡ 平均每代: 1.195 秒
🎲 使用网格点: [13, 26, 27, 30, 39, 48, 57, 69, 74]
  GA_MO:  mr=19.91 | E=401372J | d=1914.2m | cum=2032.21kJ
✅ 分布式PSO优化器初始化完成
   - 粒子数量: 30
   - 最大迭代次数: 15
   - PSO参数: w=0.729, c1=1.49445, c2=1.49445

================================================================================
                            分布式PSO优化算法 (Algorithm 2)                            
================================================================================

[Step 1] 初始化粒子群...
   ✓ 粒子群初始化完成
   ✓ 初始全局最佳适应度: 3.2967

[开始迭代] 最大迭代次数: 15
--------------------------------------------------------------------------------
Iter   0 | Fitness:   3.2967 | Min Rate: 27.2971 Mbps | Sum Rate:  2479.18 Mbps | Mean Rate: 41.3196 Mbps
Iter  10 | Fitness:   3.2967 | Min Rate: 26.2737 Mbps | Sum Rate:  2524.87 Mbps | Mean Rate: 42.0811 Mbps
Iter  14 | Fitness:   3.2967 | Min Rate: 24.2951 Mbps | Sum Rate:  2529.28 Mbps | Mean Rate: 42.1547 Mbps

================================================================================
                                      优化完成                                      
================================================================================

📊 最终性能指标:
   - 总速率 (Sum Rate):      2520.48 Mbps
   - 最小速率 (Min Rate):    25.9730 Mbps
   - 平均速率 (Mean Rate):   42.0080 Mbps
   - 速率标准差 (Std):        7.8224 Mbps
   - 最佳适应度 (Fitness):    3.2967

📈 性能提升:
   - 总速率提升:   +1.67%
   - 最小速率提升: -4.85%

⏱️  计算时间:
   - 总优化时间: 70.38 秒
   - 平均每代:   4.692 秒
  PSO_MO: mr=25.97 | E=75746J | d=0.0m | cum=378.73kJ
================================================================================
开始NewSSA优化（论文算法）...
  • 改进1: OBL策略 + 折射原理（公式18）
  • 改进2: 正弦-余弦搜索（公式20）
  • 改进3: 自适应参数r1和w（公式21-22）
  • 麻雀数量: 30
  • 最大迭代: 15
  • 生产者: 20%, 警戒者: 15%
================================================================================

[1/5] OBL策略 + 折射原理初始化...
[2/5] 计算初始适应度...
  ✓ 初始最优适应度: -36.5156 Mbps

[3/5] 开始迭代优化（15次）...
--------------------------------------------------------------------------------
Iter  10/15: Sum=1163.15Mbps, Min=-15.0723Mbps, Time=6.586s

[4/5] 整理最终结果...

[5/5] 优化完成!
================================================================================
🎉 NewSSA优化完成!
📊 最终总速率: 1206.74 Mbps
🎯 最终最小速率: -13.9560 Mbps
📈 平均速率: 20.0361 Mbps
⏱️  优化时间: 99.47 秒
================================================================================
  SSA_MO: mr=-13.96 | E=341276J | d=1560.9m | cum=1765.36kJ

--- Step 6/19 (t=30s) ---
  BVF:    mr=43.78 | E=104447J | d=168.7m | cum=717.84kJ
离散网格生成完成: 9x9 = 81个候选点
开始离散遗传算法优化（网格: 9x9）...
Gen 0: Fitness=-31.2820, Sum=1952.31Mbps, Min=9.1544Mbps, Time=1.259s
Gen 10: Fitness=-15.8119, Sum=2445.78Mbps, Min=21.2528Mbps, Time=1.248s

🎉 离散遗传算法优化完成!
✨ 最佳性能出现在第 14 代
📊 最终总速率: 2494.72 Mbps
🎯 最终最小速率: 22.4578 Mbps
📈 速率标准差: 8.2846 Mbps
⏱️  优化时间: 18.86 秒
⚡ 平均每代: 1.257 秒
🎲 使用网格点: [7, 16, 28, 40, 46, 57, 60, 64, 65]
  GA_MO:  mr=22.46 | E=388560J | d=1838.9m | cum=2420.77kJ
✅ 分布式PSO优化器初始化完成
   - 粒子数量: 30
   - 最大迭代次数: 15
   - PSO参数: w=0.729, c1=1.49445, c2=1.49445

================================================================================
                            分布式PSO优化算法 (Algorithm 2)                            
================================================================================

[Step 1] 初始化粒子群...
   ✓ 粒子群初始化完成
   ✓ 初始全局最佳适应度: 3.2114

[开始迭代] 最大迭代次数: 15
--------------------------------------------------------------------------------
Iter   0 | Fitness:   3.2114 | Min Rate: 26.7781 Mbps | Sum Rate:  2529.00 Mbps | Mean Rate: 42.1499 Mbps
Iter  10 | Fitness:   3.2114 | Min Rate: 26.1975 Mbps | Sum Rate:  2503.48 Mbps | Mean Rate: 41.7247 Mbps
Iter  14 | Fitness:   3.2114 | Min Rate: 25.0871 Mbps | Sum Rate:  2521.57 Mbps | Mean Rate: 42.0262 Mbps

================================================================================
                                      优化完成                                      
================================================================================

📊 最终性能指标:
   - 总速率 (Sum Rate):      2532.63 Mbps
   - 最小速率 (Min Rate):    25.6987 Mbps
   - 平均速率 (Mean Rate):   42.2105 Mbps
   - 速率标准差 (Std):        8.1151 Mbps
   - 最佳适应度 (Fitness):    3.2114

📈 性能提升:
   - 总速率提升:   +0.14%
   - 最小速率提升: -4.03%

⏱️  计算时间:
   - 总优化时间: 73.21 秒
   - 平均每代:   4.881 秒
  PSO_MO: mr=25.70 | E=75746J | d=0.0m | cum=454.47kJ
================================================================================
开始NewSSA优化（论文算法）...
  • 改进1: OBL策略 + 折射原理（公式18）
  • 改进2: 正弦-余弦搜索（公式20）
  • 改进3: 自适应参数r1和w（公式21-22）
  • 麻雀数量: 30
  • 最大迭代: 15
  • 生产者: 20%, 警戒者: 15%
================================================================================

[1/5] OBL策略 + 折射原理初始化...
[2/5] 计算初始适应度...
  ✓ 初始最优适应度: -40.5314 Mbps

[3/5] 开始迭代优化（15次）...
--------------------------------------------------------------------------------
Iter  10/15: Sum=1152.60Mbps, Min=-3.6130Mbps, Time=7.548s

[4/5] 整理最终结果...

[5/5] 优化完成!
================================================================================
🎉 NewSSA优化完成!
📊 最终总速率: 1156.04 Mbps
🎯 最终最小速率: -3.4662 Mbps
📈 平均速率: 19.0409 Mbps
⏱️  优化时间: 110.00 秒
================================================================================
  SSA_MO: mr=-3.47 | E=163371J | d=515.1m | cum=1928.73kJ

--- Step 7/19 (t=35s) ---
  BVF:    mr=42.87 | E=97494J | d=127.9m | cum=815.33kJ
离散网格生成完成: 9x9 = 81个候选点
开始离散遗传算法优化（网格: 9x9）...
Gen 0: Fitness=-22.0671, Sum=2282.76Mbps, Min=17.0207Mbps, Time=1.322s
Gen 10: Fitness=-17.2652, Sum=2436.44Mbps, Min=20.7274Mbps, Time=1.372s

🎉 离散遗传算法优化完成!
✨ 最佳性能出现在第 13 代
📊 最终总速率: 2451.23 Mbps
🎯 最终最小速率: 23.2449 Mbps
📈 速率标准差: 10.9940 Mbps
⏱️  优化时间: 20.23 秒
⚡ 平均每代: 1.349 秒
🎲 使用网格点: [7, 14, 16, 45, 46, 56, 58, 63, 72]
  GA_MO:  mr=23.24 | E=334006J | d=1518.2m | cum=2754.77kJ
✅ 分布式PSO优化器初始化完成
   - 粒子数量: 30
   - 最大迭代次数: 15
   - PSO参数: w=0.729, c1=1.49445, c2=1.49445

================================================================================
                            分布式PSO优化算法 (Algorithm 2)                            
================================================================================

[Step 1] 初始化粒子群...
   ✓ 粒子群初始化完成
   ✓ 初始全局最佳适应度: 3.2151

[开始迭代] 最大迭代次数: 15
--------------------------------------------------------------------------------
Iter   0 | Fitness:   3.2151 | Min Rate: 24.9157 Mbps | Sum Rate:  2513.29 Mbps | Mean Rate: 41.8882 Mbps
Iter  10 | Fitness:   3.2151 | Min Rate: 25.2499 Mbps | Sum Rate:  2502.80 Mbps | Mean Rate: 41.7133 Mbps
Iter  14 | Fitness:   3.2151 | Min Rate: 25.1986 Mbps | Sum Rate:  2525.76 Mbps | Mean Rate: 42.0960 Mbps

================================================================================
                                      优化完成                                      
================================================================================

📊 最终性能指标:
   - 总速率 (Sum Rate):      2514.30 Mbps
   - 最小速率 (Min Rate):    24.6143 Mbps
   - 平均速率 (Mean Rate):   41.9049 Mbps
   - 速率标准差 (Std):        8.3845 Mbps
   - 最佳适应度 (Fitness):    3.2151

📈 性能提升:
   - 总速率提升:   +0.04%
   - 最小速率提升: -1.21%

⏱️  计算时间:
   - 总优化时间: 78.01 秒
   - 平均每代:   5.201 秒
  PSO_MO: mr=24.61 | E=75746J | d=0.0m | cum=530.22kJ
================================================================================
开始NewSSA优化（论文算法）...
  • 改进1: OBL策略 + 折射原理（公式18）
  • 改进2: 正弦-余弦搜索（公式20）
  • 改进3: 自适应参数r1和w（公式21-22）
  • 麻雀数量: 30
  • 最大迭代: 15
  • 生产者: 20%, 警戒者: 15%
================================================================================

[1/5] OBL策略 + 折射原理初始化...
[2/5] 计算初始适应度...
  ✓ 初始最优适应度: -43.4318 Mbps

[3/5] 开始迭代优化（15次）...
--------------------------------------------------------------------------------
Iter  10/15: Sum= 826.27Mbps, Min=-8.7840Mbps, Time=6.956s

[4/5] 整理最终结果...

[5/5] 优化完成!
================================================================================
🎉 NewSSA优化完成!
📊 最终总速率: 817.80 Mbps
🎯 最终最小速率: -8.7819 Mbps
📈 平均速率: 13.4827 Mbps
⏱️  优化时间: 103.04 秒
================================================================================
  SSA_MO: mr=-8.78 | E=249765J | d=1023.0m | cum=2178.49kJ

--- Step 8/19 (t=40s) ---
  BVF:    mr=44.00 | E=94613J | d=110.9m | cum=909.95kJ
离散网格生成完成: 9x9 = 81个候选点
开始离散遗传算法优化（网格: 9x9）...
Gen 0: Fitness=-29.8325, Sum=2310.69Mbps, Min=17.4402Mbps, Time=1.254s
Gen 10: Fitness=-17.7592, Sum=2380.89Mbps, Min=19.4570Mbps, Time=1.260s

🎉 离散遗传算法优化完成!
✨ 最佳性能出现在第 14 代
📊 最终总速率: 2387.19 Mbps
🎯 最终最小速率: 21.7859 Mbps
📈 速率标准差: 9.2509 Mbps
⏱️  优化时间: 18.80 秒
⚡ 平均每代: 1.253 秒
🎲 使用网格点: [16, 35, 40, 41, 46, 50, 56, 64, 74]
  GA_MO:  mr=21.79 | E=346099J | d=1589.3m | cum=3100.87kJ
✅ 分布式PSO优化器初始化完成
   - 粒子数量: 30
   - 最大迭代次数: 15
   - PSO参数: w=0.729, c1=1.49445, c2=1.49445

================================================================================
                            分布式PSO优化算法 (Algorithm 2)                            
================================================================================

[Step 1] 初始化粒子群...
   ✓ 粒子群初始化完成
   ✓ 初始全局最佳适应度: 3.1930

[开始迭代] 最大迭代次数: 15
--------------------------------------------------------------------------------
Iter   0 | Fitness:   3.1930 | Min Rate: 24.2845 Mbps | Sum Rate:  2529.15 Mbps | Mean Rate: 42.1525 Mbps
Iter  10 | Fitness:   3.1930 | Min Rate: 24.1000 Mbps | Sum Rate:  2525.16 Mbps | Mean Rate: 42.0860 Mbps
Iter  14 | Fitness:   3.1930 | Min Rate: 24.3383 Mbps | Sum Rate:  2512.73 Mbps | Mean Rate: 41.8788 Mbps

================================================================================
                                      优化完成                                      
================================================================================

📊 最终性能指标:
   - 总速率 (Sum Rate):      2512.18 Mbps
   - 最小速率 (Min Rate):    24.4380 Mbps
   - 平均速率 (Mean Rate):   41.8697 Mbps
   - 速率标准差 (Std):        8.1066 Mbps
   - 最佳适应度 (Fitness):    3.1930

📈 性能提升:
   - 总速率提升:   -0.67%
   - 最小速率提升: +0.63%

⏱️  计算时间:
   - 总优化时间: 77.62 秒
   - 平均每代:   5.174 秒
  PSO_MO: mr=24.44 | E=75746J | d=0.0m | cum=605.97kJ
================================================================================
开始NewSSA优化（论文算法）...
  • 改进1: OBL策略 + 折射原理（公式18）
  • 改进2: 正弦-余弦搜索（公式20）
  • 改进3: 自适应参数r1和w（公式21-22）
  • 麻雀数量: 30
  • 最大迭代: 15
  • 生产者: 20%, 警戒者: 15%
================================================================================

[1/5] OBL策略 + 折射原理初始化...
[2/5] 计算初始适应度...
  ✓ 初始最优适应度: -48.5091 Mbps

[3/5] 开始迭代优化（15次）...
--------------------------------------------------------------------------------
Iter  10/15: Sum= 820.50Mbps, Min= 1.5807Mbps, Time=6.962s

[4/5] 整理最终结果...

[5/5] 优化完成!
================================================================================
🎉 NewSSA优化完成!
📊 最终总速率: 820.50 Mbps
🎯 最终最小速率: 1.5807 Mbps
📈 平均速率: 13.4491 Mbps
⏱️  优化时间: 105.54 秒
================================================================================
  SSA_MO: mr=1.58 | E=75746J | d=0.0m | cum=2254.24kJ

--- Step 9/19 (t=45s) ---
  BVF:    mr=43.71 | E=92083J | d=96.0m | cum=1002.03kJ
离散网格生成完成: 9x9 = 81个候选点
开始离散遗传算法优化（网格: 9x9）...
Gen 0: Fitness=-31.8505, Sum=1982.42Mbps, Min=7.1957Mbps, Time=1.249s
Gen 10: Fitness=-17.6242, Sum=2452.33Mbps, Min=22.8405Mbps, Time=1.270s

🎉 离散遗传算法优化完成!
✨ 最佳性能出现在第 14 代
📊 最终总速率: 2383.62 Mbps
🎯 最终最小速率: 22.8101 Mbps
📈 速率标准差: 10.1333 Mbps
⏱️  优化时间: 19.01 秒
⚡ 平均每代: 1.267 秒
🎲 使用网格点: [16, 17, 25, 39, 46, 47, 49, 65, 74]
  GA_MO:  mr=22.81 | E=380345J | d=1790.6m | cum=3481.22kJ
✅ 分布式PSO优化器初始化完成
   - 粒子数量: 30
   - 最大迭代次数: 15
   - PSO参数: w=0.729, c1=1.49445, c2=1.49445

================================================================================
                            分布式PSO优化算法 (Algorithm 2)                            
================================================================================

[Step 1] 初始化粒子群...
   ✓ 粒子群初始化完成
   ✓ 初始全局最佳适应度: 3.2397

[开始迭代] 最大迭代次数: 15
--------------------------------------------------------------------------------
Iter   0 | Fitness:   3.2397 | Min Rate: 23.7721 Mbps | Sum Rate:  2528.66 Mbps | Mean Rate: 42.1443 Mbps
Iter  10 | Fitness:   3.2397 | Min Rate: 25.4236 Mbps | Sum Rate:  2518.10 Mbps | Mean Rate: 41.9684 Mbps
Iter  14 | Fitness:   3.2397 | Min Rate: 23.4398 Mbps | Sum Rate:  2528.92 Mbps | Mean Rate: 42.1486 Mbps

================================================================================
                                      优化完成                                      
================================================================================

📊 最终性能指标:
   - 总速率 (Sum Rate):      2531.37 Mbps
   - 最小速率 (Min Rate):    25.1086 Mbps
   - 平均速率 (Mean Rate):   42.1894 Mbps
   - 速率标准差 (Std):        8.0085 Mbps
   - 最佳适应度 (Fitness):    3.2397

📈 性能提升:
   - 总速率提升:   +0.11%
   - 最小速率提升: +5.62%

⏱️  计算时间:
   - 总优化时间: 77.07 秒
   - 平均每代:   5.138 秒
  PSO_MO: mr=25.11 | E=75746J | d=0.0m | cum=681.71kJ
================================================================================
开始NewSSA优化（论文算法）...
  • 改进1: OBL策略 + 折射原理（公式18）
  • 改进2: 正弦-余弦搜索（公式20）
  • 改进3: 自适应参数r1和w（公式21-22）
  • 麻雀数量: 30
  • 最大迭代: 15
  • 生产者: 20%, 警戒者: 15%
================================================================================

[1/5] OBL策略 + 折射原理初始化...
[2/5] 计算初始适应度...
  ✓ 初始最优适应度: -48.5330 Mbps

[3/5] 开始迭代优化（15次）...
--------------------------------------------------------------------------------
Iter  10/15: Sum= 815.42Mbps, Min= 1.6235Mbps, Time=6.807s

[4/5] 整理最终结果...

[5/5] 优化完成!
================================================================================
🎉 NewSSA优化完成!
📊 最终总速率: 815.42 Mbps
🎯 最终最小速率: 1.6235 Mbps
📈 平均速率: 13.4045 Mbps
⏱️  优化时间: 102.88 秒
================================================================================
  SSA_MO: mr=1.62 | E=75746J | d=0.0m | cum=2329.99kJ

--- Step 10/19 (t=50s) ---
  BVF:    mr=44.06 | E=109835J | d=200.4m | cum=1111.87kJ
离散网格生成完成: 9x9 = 81个候选点
开始离散遗传算法优化（网格: 9x9）...
Gen 0: Fitness=-28.5997, Sum=2050.28Mbps, Min=12.9953Mbps, Time=1.227s
Gen 10: Fitness=-14.7253, Sum=2459.57Mbps, Min=20.2637Mbps, Time=1.235s

🎉 离散遗传算法优化完成!
✨ 最佳性能出现在第 14 代
📊 最终总速率: 2441.66 Mbps
🎯 最终最小速率: 22.4241 Mbps
📈 速率标准差: 9.3561 Mbps
⏱️  优化时间: 18.49 秒
⚡ 平均每代: 1.233 秒
🎲 使用网格点: [8, 16, 40, 42, 46, 56, 61, 74, 76]
  GA_MO:  mr=22.42 | E=372044J | d=1741.8m | cum=3853.26kJ
✅ 分布式PSO优化器初始化完成
   - 粒子数量: 30
   - 最大迭代次数: 15
   - PSO参数: w=0.729, c1=1.49445, c2=1.49445

================================================================================
                            分布式PSO优化算法 (Algorithm 2)                            
================================================================================

[Step 1] 初始化粒子群...
   ✓ 粒子群初始化完成
   ✓ 初始全局最佳适应度: 3.2065

[开始迭代] 最大迭代次数: 15
--------------------------------------------------------------------------------
Iter   0 | Fitness:   3.2065 | Min Rate: 25.1030 Mbps | Sum Rate:  2531.59 Mbps | Mean Rate: 42.1932 Mbps
Iter  10 | Fitness:   3.2065 | Min Rate: 24.7579 Mbps | Sum Rate:  2503.96 Mbps | Mean Rate: 41.7326 Mbps
Iter  14 | Fitness:   3.2065 | Min Rate: 25.3816 Mbps | Sum Rate:  2512.52 Mbps | Mean Rate: 41.8754 Mbps

================================================================================
                                      优化完成                                      
================================================================================

📊 最终性能指标:
   - 总速率 (Sum Rate):      2484.52 Mbps
   - 最小速率 (Min Rate):    24.1534 Mbps
   - 平均速率 (Mean Rate):   41.4087 Mbps
   - 速率标准差 (Std):        7.4188 Mbps
   - 最佳适应度 (Fitness):    3.2065

📈 性能提升:
   - 总速率提升:   -1.86%
   - 最小速率提升: -3.78%

⏱️  计算时间:
   - 总优化时间: 72.30 秒
   - 平均每代:   4.820 秒
  PSO_MO: mr=24.15 | E=75746J | d=0.0m | cum=757.46kJ
================================================================================
开始NewSSA优化（论文算法）...
  • 改进1: OBL策略 + 折射原理（公式18）
  • 改进2: 正弦-余弦搜索（公式20）
  • 改进3: 自适应参数r1和w（公式21-22）
  • 麻雀数量: 30
  • 最大迭代: 15
  • 生产者: 20%, 警戒者: 15%
================================================================================

[1/5] OBL策略 + 折射原理初始化...
[2/5] 计算初始适应度...
  ✓ 初始最优适应度: -48.5186 Mbps

[3/5] 开始迭代优化（15次）...
--------------------------------------------------------------------------------
Iter  10/15: Sum= 835.76Mbps, Min= 1.6032Mbps, Time=6.877s

[4/5] 整理最终结果...

[5/5] 优化完成!
================================================================================
🎉 NewSSA优化完成!
📊 最终总速率: 835.76 Mbps
🎯 最终最小速率: 1.6032 Mbps
📈 平均速率: 13.7236 Mbps
⏱️  优化时间: 102.35 秒
================================================================================
  SSA_MO: mr=1.60 | E=75746J | d=0.0m | cum=2405.73kJ

--- Step 11/19 (t=55s) ---
  BVF:    mr=43.42 | E=96712J | d=123.2m | cum=1208.58kJ
离散网格生成完成: 9x9 = 81个候选点
开始离散遗传算法优化（网格: 9x9）...
Gen 0: Fitness=-31.4081, Sum=2257.86Mbps, Min=15.9454Mbps, Time=1.273s
Gen 10: Fitness=-21.6413, Sum=2404.07Mbps, Min=18.6084Mbps, Time=1.252s

🎉 离散遗传算法优化完成!
✨ 最佳性能出现在第 14 代
📊 最终总速率: 2413.85 Mbps
🎯 最终最小速率: 20.4136 Mbps
📈 速率标准差: 8.0471 Mbps
⏱️  优化时间: 18.74 秒
⚡ 平均每代: 1.250 秒
🎲 使用网格点: [24, 34, 36, 40, 44, 49, 73, 74, 76]
  GA_MO:  mr=20.41 | E=365268J | d=1702.0m | cum=4218.53kJ
✅ 分布式PSO优化器初始化完成
   - 粒子数量: 30
   - 最大迭代次数: 15
   - PSO参数: w=0.729, c1=1.49445, c2=1.49445

================================================================================
                            分布式PSO优化算法 (Algorithm 2)                            
================================================================================

[Step 1] 初始化粒子群...
   ✓ 粒子群初始化完成
   ✓ 初始全局最佳适应度: 3.2371

[开始迭代] 最大迭代次数: 15
--------------------------------------------------------------------------------
Iter   0 | Fitness:   3.2371 | Min Rate: 25.6945 Mbps | Sum Rate:  2516.64 Mbps | Mean Rate: 41.9440 Mbps
Iter  10 | Fitness:   3.2371 | Min Rate: 24.2327 Mbps | Sum Rate:  2529.09 Mbps | Mean Rate: 42.1516 Mbps
Iter  14 | Fitness:   3.2371 | Min Rate: 26.9006 Mbps | Sum Rate:  2524.55 Mbps | Mean Rate: 42.0759 Mbps

================================================================================
                                      优化完成                                      
================================================================================

📊 最终性能指标:
   - 总速率 (Sum Rate):      2489.42 Mbps
   - 最小速率 (Min Rate):    25.9785 Mbps
   - 平均速率 (Mean Rate):   41.4904 Mbps
   - 速率标准差 (Std):        7.5267 Mbps
   - 最佳适应度 (Fitness):    3.2371

📈 性能提升:
   - 总速率提升:   -1.08%
   - 最小速率提升: +1.11%

⏱️  计算时间:
   - 总优化时间: 72.84 秒
   - 平均每代:   4.856 秒
  PSO_MO: mr=25.98 | E=75746J | d=0.0m | cum=833.20kJ
================================================================================
开始NewSSA优化（论文算法）...
  • 改进1: OBL策略 + 折射原理（公式18）
  • 改进2: 正弦-余弦搜索（公式20）
  • 改进3: 自适应参数r1和w（公式21-22）
  • 麻雀数量: 30
  • 最大迭代: 15
  • 生产者: 20%, 警戒者: 15%
================================================================================

[1/5] OBL策略 + 折射原理初始化...
[2/5] 计算初始适应度...
  ✓ 初始最优适应度: -48.5355 Mbps

[3/5] 开始迭代优化（15次）...
--------------------------------------------------------------------------------
Iter  10/15: Sum= 826.02Mbps, Min= 1.6151Mbps, Time=7.239s

[4/5] 整理最终结果...

[5/5] 优化完成!
================================================================================
🎉 NewSSA优化完成!
📊 最终总速率: 826.02 Mbps
🎯 最终最小速率: 1.6151 Mbps
📈 平均速率: 13.6629 Mbps
⏱️  优化时间: 104.79 秒
================================================================================
  SSA_MO: mr=1.62 | E=75746J | d=0.0m | cum=2481.48kJ

--- Step 12/19 (t=60s) ---
  BVF:    mr=42.48 | E=91568J | d=93.0m | cum=1300.15kJ
离散网格生成完成: 9x9 = 81个候选点
开始离散遗传算法优化（网格: 9x9）...
Gen 0: Fitness=-24.7545, Sum=2124.32Mbps, Min=7.4473Mbps, Time=1.337s
Gen 10: Fitness=-13.2444, Sum=2332.46Mbps, Min=18.4821Mbps, Time=1.320s

🎉 离散遗传算法优化完成!
✨ 最佳性能出现在第 13 代
📊 最终总速率: 2316.68 Mbps
🎯 最终最小速率: 19.1818 Mbps
📈 速率标准差: 10.0566 Mbps
⏱️  优化时间: 20.03 秒
⚡ 平均每代: 1.335 秒
🎲 使用网格点: [24, 33, 39, 40, 42, 55, 56, 59, 78]
  GA_MO:  mr=19.18 | E=345226J | d=1584.2m | cum=4563.76kJ
✅ 分布式PSO优化器初始化完成
   - 粒子数量: 30
   - 最大迭代次数: 15
   - PSO参数: w=0.729, c1=1.49445, c2=1.49445

================================================================================
                            分布式PSO优化算法 (Algorithm 2)                            
================================================================================

[Step 1] 初始化粒子群...
   ✓ 粒子群初始化完成
   ✓ 初始全局最佳适应度: 3.2124

[开始迭代] 最大迭代次数: 15
--------------------------------------------------------------------------------
Iter   0 | Fitness:   3.2124 | Min Rate: 24.3394 Mbps | Sum Rate:  2540.40 Mbps | Mean Rate: 42.3400 Mbps
Iter  10 | Fitness:   3.2124 | Min Rate: 24.1953 Mbps | Sum Rate:  2535.58 Mbps | Mean Rate: 42.2597 Mbps
Iter  14 | Fitness:   3.2124 | Min Rate: 23.4113 Mbps | Sum Rate:  2528.64 Mbps | Mean Rate: 42.1440 Mbps

================================================================================
                                      优化完成                                      
================================================================================

📊 最终性能指标:
   - 总速率 (Sum Rate):      2559.31 Mbps
   - 最小速率 (Min Rate):    22.8550 Mbps
   - 平均速率 (Mean Rate):   42.6552 Mbps
   - 速率标准差 (Std):        7.6694 Mbps
   - 最佳适应度 (Fitness):    3.2124

📈 性能提升:
   - 总速率提升:   +0.74%
   - 最小速率提升: -6.10%

⏱️  计算时间:
   - 总优化时间: 81.53 秒
   - 平均每代:   5.435 秒
  PSO_MO: mr=22.86 | E=75746J | d=0.0m | cum=908.95kJ
================================================================================
开始NewSSA优化（论文算法）...
  • 改进1: OBL策略 + 折射原理（公式18）
  • 改进2: 正弦-余弦搜索（公式20）
  • 改进3: 自适应参数r1和w（公式21-22）
  • 麻雀数量: 30
  • 最大迭代: 15
  • 生产者: 20%, 警戒者: 15%
================================================================================

[1/5] OBL策略 + 折射原理初始化...
[2/5] 计算初始适应度...
  ✓ 初始最优适应度: -48.5591 Mbps

[3/5] 开始迭代优化（15次）...
--------------------------------------------------------------------------------
Iter  10/15: Sum= 833.99Mbps, Min= 1.6169Mbps, Time=6.902s

[4/5] 整理最终结果...

[5/5] 优化完成!
================================================================================
🎉 NewSSA优化完成!
📊 最终总速率: 833.99 Mbps
🎯 最终最小速率: 1.6169 Mbps
📈 平均速率: 13.6749 Mbps
⏱️  优化时间: 104.13 秒
================================================================================
  SSA_MO: mr=1.62 | E=75746J | d=0.0m | cum=2557.22kJ

--- Step 13/19 (t=65s) ---
  BVF:    mr=41.84 | E=96532J | d=122.2m | cum=1396.68kJ
离散网格生成完成: 9x9 = 81个候选点
开始离散遗传算法优化（网格: 9x9）...
Gen 0: Fitness=-26.4362, Sum=2092.78Mbps, Min=11.3373Mbps, Time=1.265s
Gen 10: Fitness=-21.3383, Sum=2431.96Mbps, Min=20.1615Mbps, Time=1.269s

🎉 离散遗传算法优化完成!
✨ 最佳性能出现在第 14 代
📊 最终总速率: 2373.81 Mbps
🎯 最终最小速率: 17.7504 Mbps
📈 速率标准差: 9.4188 Mbps
⏱️  优化时间: 19.14 秒
⚡ 平均每代: 1.276 秒
🎲 使用网格点: [13, 21, 24, 36, 49, 51, 59, 65, 68]
  GA_MO:  mr=17.75 | E=358666J | d=1663.2m | cum=4922.42kJ
✅ 分布式PSO优化器初始化完成
   - 粒子数量: 30
   - 最大迭代次数: 15
   - PSO参数: w=0.729, c1=1.49445, c2=1.49445

================================================================================
                            分布式PSO优化算法 (Algorithm 2)                            
================================================================================

[Step 1] 初始化粒子群...
   ✓ 粒子群初始化完成
   ✓ 初始全局最佳适应度: 3.1869

[开始迭代] 最大迭代次数: 15
--------------------------------------------------------------------------------
Iter   0 | Fitness:   3.1869 | Min Rate: 24.7339 Mbps | Sum Rate:  2508.23 Mbps | Mean Rate: 41.8039 Mbps
Iter  10 | Fitness:   3.1869 | Min Rate: 24.8137 Mbps | Sum Rate:  2519.84 Mbps | Mean Rate: 41.9974 Mbps
Iter  14 | Fitness:   3.1869 | Min Rate: 24.4589 Mbps | Sum Rate:  2513.63 Mbps | Mean Rate: 41.8938 Mbps

================================================================================
                                      优化完成                                      
================================================================================

📊 最终性能指标:
   - 总速率 (Sum Rate):      2527.24 Mbps
   - 最小速率 (Min Rate):    21.9537 Mbps
   - 平均速率 (Mean Rate):   42.1207 Mbps
   - 速率标准差 (Std):        7.7601 Mbps
   - 最佳适应度 (Fitness):    3.1869

📈 性能提升:
   - 总速率提升:   +0.76%
   - 最小速率提升: -11.24%

⏱️  计算时间:
   - 总优化时间: 74.58 秒
   - 平均每代:   4.972 秒
  PSO_MO: mr=21.95 | E=75746J | d=0.0m | cum=984.70kJ
================================================================================
开始NewSSA优化（论文算法）...
  • 改进1: OBL策略 + 折射原理（公式18）
  • 改进2: 正弦-余弦搜索（公式20）
  • 改进3: 自适应参数r1和w（公式21-22）
  • 麻雀数量: 30
  • 最大迭代: 15
  • 生产者: 20%, 警戒者: 15%
================================================================================

[1/5] OBL策略 + 折射原理初始化...
[2/5] 计算初始适应度...
  ✓ 初始最优适应度: -48.5627 Mbps

[3/5] 开始迭代优化（15次）...
--------------------------------------------------------------------------------
Iter  10/15: Sum= 822.27Mbps, Min= 1.5979Mbps, Time=7.014s

[4/5] 整理最终结果...

[5/5] 优化完成!
================================================================================
🎉 NewSSA优化完成!
📊 最终总速率: 822.27 Mbps
🎯 最终最小速率: 1.5979 Mbps
📈 平均速率: 13.5860 Mbps
⏱️  优化时间: 104.69 秒
================================================================================
  SSA_MO: mr=1.60 | E=75746J | d=0.0m | cum=2632.97kJ

--- Step 14/19 (t=70s) ---
  BVF:    mr=41.34 | E=95966J | d=118.9m | cum=1492.64kJ
离散网格生成完成: 9x9 = 81个候选点
开始离散遗传算法优化（网格: 9x9）...
Gen 0: Fitness=-25.8850, Sum=1970.43Mbps, Min=9.4971Mbps, Time=1.272s
Gen 10: Fitness=-16.3915, Sum=2222.22Mbps, Min=12.2316Mbps, Time=1.275s

🎉 离散遗传算法优化完成!
✨ 最佳性能出现在第 12 代
📊 最终总速率: 2196.40 Mbps
🎯 最终最小速率: 12.0337 Mbps
📈 速率标准差: 12.0704 Mbps
⏱️  优化时间: 19.01 秒
⚡ 平均每代: 1.267 秒
🎲 使用网格点: [10, 31, 39, 41, 47, 51, 52, 60, 65]
  GA_MO:  mr=12.03 | E=391591J | d=1856.7m | cum=5314.01kJ
✅ 分布式PSO优化器初始化完成
   - 粒子数量: 30
   - 最大迭代次数: 15
   - PSO参数: w=0.729, c1=1.49445, c2=1.49445

================================================================================
                            分布式PSO优化算法 (Algorithm 2)                            
================================================================================

[Step 1] 初始化粒子群...
   ✓ 粒子群初始化完成
   ✓ 初始全局最佳适应度: 3.2289

[开始迭代] 最大迭代次数: 15
--------------------------------------------------------------------------------
Iter   0 | Fitness:   3.2289 | Min Rate: 26.2461 Mbps | Sum Rate:  2513.01 Mbps | Mean Rate: 41.8835 Mbps
Iter  10 | Fitness:   3.2289 | Min Rate: 23.7845 Mbps | Sum Rate:  2500.96 Mbps | Mean Rate: 41.6827 Mbps
Iter  14 | Fitness:   3.2289 | Min Rate: 24.7192 Mbps | Sum Rate:  2518.00 Mbps | Mean Rate: 41.9666 Mbps

================================================================================
                                      优化完成                                      
================================================================================

📊 最终性能指标:
   - 总速率 (Sum Rate):      2519.13 Mbps
   - 最小速率 (Min Rate):    24.3017 Mbps
   - 平均速率 (Mean Rate):   41.9855 Mbps
   - 速率标准差 (Std):        7.7424 Mbps
   - 最佳适应度 (Fitness):    3.2289

📈 性能提升:
   - 总速率提升:   +0.24%
   - 最小速率提升: -7.41%

⏱️  计算时间:
   - 总优化时间: 74.21 秒
   - 平均每代:   4.947 秒
  PSO_MO: mr=24.30 | E=75746J | d=0.0m | cum=1060.44kJ
================================================================================
开始NewSSA优化（论文算法）...
  • 改进1: OBL策略 + 折射原理（公式18）
  • 改进2: 正弦-余弦搜索（公式20）
  • 改进3: 自适应参数r1和w（公式21-22）
  • 麻雀数量: 30
  • 最大迭代: 15
  • 生产者: 20%, 警戒者: 15%
================================================================================

[1/5] OBL策略 + 折射原理初始化...
[2/5] 计算初始适应度...
  ✓ 初始最优适应度: -48.5478 Mbps

[3/5] 开始迭代优化（15次）...
--------------------------------------------------------------------------------
Iter  10/15: Sum= 825.38Mbps, Min= 1.5822Mbps, Time=7.585s

[4/5] 整理最终结果...

[5/5] 优化完成!
================================================================================
🎉 NewSSA优化完成!
📊 最终总速率: 825.38 Mbps
🎯 最终最小速率: 1.5822 Mbps
📈 平均速率: 13.5300 Mbps
⏱️  优化时间: 108.21 秒
================================================================================
  SSA_MO: mr=1.58 | E=75746J | d=0.0m | cum=2708.71kJ

--- Step 15/19 (t=75s) ---
  BVF:    mr=41.12 | E=75746J | d=0.0m | cum=1568.39kJ
离散网格生成完成: 9x9 = 81个候选点
开始离散遗传算法优化（网格: 9x9）...
Gen 0: Fitness=-26.7546, Sum=2163.64Mbps, Min=17.3900Mbps, Time=1.321s
Gen 10: Fitness=-12.1780, Sum=2258.54Mbps, Min=15.5320Mbps, Time=1.266s

🎉 离散遗传算法优化完成!
✨ 最佳性能出现在第 14 代
📊 最终总速率: 2427.96 Mbps
🎯 最终最小速率: 18.2298 Mbps
📈 速率标准差: 11.5220 Mbps
⏱️  优化时间: 19.34 秒
⚡ 平均每代: 1.289 秒
🎲 使用网格点: [20, 26, 30, 40, 42, 47, 65, 69, 77]
  GA_MO:  mr=18.23 | E=290514J | d=1262.5m | cum=5604.53kJ
✅ 分布式PSO优化器初始化完成
   - 粒子数量: 30
   - 最大迭代次数: 15
   - PSO参数: w=0.729, c1=1.49445, c2=1.49445

================================================================================
                            分布式PSO优化算法 (Algorithm 2)                            
================================================================================

[Step 1] 初始化粒子群...
   ✓ 粒子群初始化完成
   ✓ 初始全局最佳适应度: 3.1753

[开始迭代] 最大迭代次数: 15
--------------------------------------------------------------------------------
Iter   0 | Fitness:   3.1753 | Min Rate: 24.3134 Mbps | Sum Rate:  2497.63 Mbps | Mean Rate: 41.6272 Mbps
Iter  10 | Fitness:   3.1753 | Min Rate: 25.0487 Mbps | Sum Rate:  2492.45 Mbps | Mean Rate: 41.5408 Mbps
Iter  14 | Fitness:   3.1753 | Min Rate: 22.5426 Mbps | Sum Rate:  2515.27 Mbps | Mean Rate: 41.9212 Mbps

================================================================================
                                      优化完成                                      
================================================================================

📊 最终性能指标:
   - 总速率 (Sum Rate):      2495.09 Mbps
   - 最小速率 (Min Rate):    23.9845 Mbps
   - 平均速率 (Mean Rate):   41.5848 Mbps
   - 速率标准差 (Std):        7.3455 Mbps
   - 最佳适应度 (Fitness):    3.1753

📈 性能提升:
   - 总速率提升:   -0.10%
   - 最小速率提升: -1.35%

⏱️  计算时间:
   - 总优化时间: 75.05 秒
   - 平均每代:   5.003 秒
  PSO_MO: mr=23.98 | E=75746J | d=0.0m | cum=1136.19kJ
================================================================================
开始NewSSA优化（论文算法）...
  • 改进1: OBL策略 + 折射原理（公式18）
  • 改进2: 正弦-余弦搜索（公式20）
  • 改进3: 自适应参数r1和w（公式21-22）
  • 麻雀数量: 30
  • 最大迭代: 15
  • 生产者: 20%, 警戒者: 15%
================================================================================

[1/5] OBL策略 + 折射原理初始化...
[2/5] 计算初始适应度...
  ✓ 初始最优适应度: -48.5711 Mbps

[3/5] 开始迭代优化（15次）...
--------------------------------------------------------------------------------
Iter  10/15: Sum= 817.17Mbps, Min= 1.5591Mbps, Time=7.588s

[4/5] 整理最终结果...

[5/5] 优化完成!
================================================================================
🎉 NewSSA优化完成!
📊 最终总速率: 817.17 Mbps
🎯 最终最小速率: 1.5591 Mbps
📈 平均速率: 13.4331 Mbps
⏱️  优化时间: 106.87 秒
================================================================================
  SSA_MO: mr=1.56 | E=75746J | d=0.0m | cum=2784.46kJ

--- Step 16/19 (t=80s) ---
  BVF:    mr=40.51 | E=100335J | d=144.5m | cum=1668.72kJ
离散网格生成完成: 9x9 = 81个候选点
开始离散遗传算法优化（网格: 9x9）...
Gen 0: Fitness=-27.7272, Sum=2359.90Mbps, Min=14.9881Mbps, Time=1.283s
Gen 10: Fitness=-17.3613, Sum=2393.06Mbps, Min=21.8584Mbps, Time=1.305s

🎉 离散遗传算法优化完成!
✨ 最佳性能出现在第 14 代
📊 最终总速率: 2397.81 Mbps
🎯 最终最小速率: 22.2872 Mbps
📈 速率标准差: 11.4329 Mbps
⏱️  优化时间: 19.66 秒
⚡ 平均每代: 1.310 秒
🎲 使用网格点: [8, 19, 20, 24, 33, 52, 64, 70, 78]
  GA_MO:  mr=22.29 | E=417239J | d=2007.5m | cum=6021.77kJ
✅ 分布式PSO优化器初始化完成
   - 粒子数量: 30
   - 最大迭代次数: 15
   - PSO参数: w=0.729, c1=1.49445, c2=1.49445

================================================================================
                            分布式PSO优化算法 (Algorithm 2)                            
================================================================================

[Step 1] 初始化粒子群...
   ✓ 粒子群初始化完成
   ✓ 初始全局最佳适应度: 3.2028

[开始迭代] 最大迭代次数: 15
--------------------------------------------------------------------------------
Iter   0 | Fitness:   3.2028 | Min Rate: 25.2887 Mbps | Sum Rate:  2501.44 Mbps | Mean Rate: 41.6906 Mbps
Iter  10 | Fitness:   3.2028 | Min Rate: 23.7447 Mbps | Sum Rate:  2500.87 Mbps | Mean Rate: 41.6812 Mbps
Iter  14 | Fitness:   3.2028 | Min Rate: 25.5122 Mbps | Sum Rate:  2467.44 Mbps | Mean Rate: 41.1239 Mbps

================================================================================
                                      优化完成                                      
================================================================================

📊 最终性能指标:
   - 总速率 (Sum Rate):      2498.92 Mbps
   - 最小速率 (Min Rate):    23.5337 Mbps
   - 平均速率 (Mean Rate):   41.6487 Mbps
   - 速率标准差 (Std):        7.6310 Mbps
   - 最佳适应度 (Fitness):    3.2028

📈 性能提升:
   - 总速率提升:   -0.10%
   - 最小速率提升: -6.94%

⏱️  计算时间:
   - 总优化时间: 77.33 秒
   - 平均每代:   5.156 秒
  PSO_MO: mr=23.53 | E=75746J | d=0.0m | cum=1211.93kJ
================================================================================
开始NewSSA优化（论文算法）...
  • 改进1: OBL策略 + 折射原理（公式18）
  • 改进2: 正弦-余弦搜索（公式20）
  • 改进3: 自适应参数r1和w（公式21-22）
  • 麻雀数量: 30
  • 最大迭代: 15
  • 生产者: 20%, 警戒者: 15%
================================================================================

[1/5] OBL策略 + 折射原理初始化...
[2/5] 计算初始适应度...
  ✓ 初始最优适应度: -48.5679 Mbps

[3/5] 开始迭代优化（15次）...
--------------------------------------------------------------------------------
Iter  10/15: Sum= 818.00Mbps, Min= 1.5654Mbps, Time=7.372s

[4/5] 整理最终结果...

[5/5] 优化完成!
================================================================================
🎉 NewSSA优化完成!
📊 最终总速率: 818.00 Mbps
🎯 最终最小速率: 1.5654 Mbps
📈 平均速率: 13.4570 Mbps
⏱️  优化时间: 111.30 秒
================================================================================
  SSA_MO: mr=1.57 | E=75746J | d=0.0m | cum=2860.21kJ

--- Step 17/19 (t=85s) ---
  BVF:    mr=38.34 | E=108461J | d=192.3m | cum=1777.18kJ
离散网格生成完成: 9x9 = 81个候选点
开始离散遗传算法优化（网格: 9x9）...
Gen 0: Fitness=-33.4678, Sum=2158.75Mbps, Min=16.6645Mbps, Time=1.302s
Gen 10: Fitness=-20.0126, Sum=2286.63Mbps, Min=18.5052Mbps, Time=1.289s

🎉 离散遗传算法优化完成!
✨ 最佳性能出现在第 11 代
📊 最终总速率: 2297.13 Mbps
🎯 最终最小速率: 16.9896 Mbps
📈 速率标准差: 9.3481 Mbps
⏱️  优化时间: 20.02 秒
⚡ 平均每代: 1.334 秒
🎲 使用网格点: [7, 22, 24, 30, 41, 44, 49, 56, 64]
  GA_MO:  mr=16.99 | E=421413J | d=2032.0m | cum=6443.18kJ
✅ 分布式PSO优化器初始化完成
   - 粒子数量: 30
   - 最大迭代次数: 15
   - PSO参数: w=0.729, c1=1.49445, c2=1.49445

================================================================================
                            分布式PSO优化算法 (Algorithm 2)                            
================================================================================

[Step 1] 初始化粒子群...
   ✓ 粒子群初始化完成
   ✓ 初始全局最佳适应度: 3.1582

[开始迭代] 最大迭代次数: 15
--------------------------------------------------------------------------------
Iter   0 | Fitness:   3.1582 | Min Rate: 23.3594 Mbps | Sum Rate:  2450.27 Mbps | Mean Rate: 40.8378 Mbps
Iter  10 | Fitness:   3.1582 | Min Rate: 25.7989 Mbps | Sum Rate:  2461.68 Mbps | Mean Rate: 41.0281 Mbps
Iter  14 | Fitness:   3.1582 | Min Rate: 23.6527 Mbps | Sum Rate:  2473.06 Mbps | Mean Rate: 41.2177 Mbps

================================================================================
                                      优化完成                                      
================================================================================

📊 最终性能指标:
   - 总速率 (Sum Rate):      2429.90 Mbps
   - 最小速率 (Min Rate):    21.5456 Mbps
   - 平均速率 (Mean Rate):   40.4983 Mbps
   - 速率标准差 (Std):        7.6243 Mbps
   - 最佳适应度 (Fitness):    3.1582

📈 性能提升:
   - 总速率提升:   -0.83%
   - 最小速率提升: -7.76%

⏱️  计算时间:
   - 总优化时间: 75.00 秒
   - 平均每代:   5.000 秒
  PSO_MO: mr=21.55 | E=75746J | d=0.0m | cum=1287.68kJ
================================================================================
开始NewSSA优化（论文算法）...
  • 改进1: OBL策略 + 折射原理（公式18）
  • 改进2: 正弦-余弦搜索（公式20）
  • 改进3: 自适应参数r1和w（公式21-22）
  • 麻雀数量: 30
  • 最大迭代: 15
  • 生产者: 20%, 警戒者: 15%
================================================================================

[1/5] OBL策略 + 折射原理初始化...
[2/5] 计算初始适应度...
  ✓ 初始最优适应度: -48.5615 Mbps

[3/5] 开始迭代优化（15次）...
--------------------------------------------------------------------------------
Iter  10/15: Sum= 792.63Mbps, Min= 1.5405Mbps, Time=6.863s

[4/5] 整理最终结果...

[5/5] 优化完成!
================================================================================
🎉 NewSSA优化完成!
📊 最终总速率: 792.63 Mbps
🎯 最终最小速率: 1.5405 Mbps
📈 平均速率: 13.3517 Mbps
⏱️  优化时间: 103.21 秒
================================================================================
  SSA_MO: mr=1.54 | E=75746J | d=0.0m | cum=2935.95kJ

--- Step 18/19 (t=90s) ---
  BVF:    mr=38.48 | E=101851J | d=153.5m | cum=1879.04kJ
离散网格生成完成: 9x9 = 81个候选点
开始离散遗传算法优化（网格: 9x9）...
Gen 0: Fitness=-25.7061, Sum=1911.23Mbps, Min=11.7156Mbps, Time=1.545s
Gen 10: Fitness=-18.7041, Sum=2204.29Mbps, Min=15.1235Mbps, Time=1.423s

🎉 离散遗传算法优化完成!
✨ 最佳性能出现在第 6 代
📊 最终总速率: 2187.35 Mbps
🎯 最终最小速率: 12.7428 Mbps
📈 速率标准差: 11.3533 Mbps
⏱️  优化时间: 21.15 秒
⚡ 平均每代: 1.410 秒
🎲 使用网格点: [21, 25, 29, 37, 42, 48, 49, 50, 58]
  GA_MO:  mr=12.74 | E=432659J | d=2098.1m | cum=6875.84kJ
✅ 分布式PSO优化器初始化完成
   - 粒子数量: 30
   - 最大迭代次数: 15
   - PSO参数: w=0.729, c1=1.49445, c2=1.49445

================================================================================
                            分布式PSO优化算法 (Algorithm 2)                            
================================================================================

[Step 1] 初始化粒子群...
   ✓ 粒子群初始化完成
   ✓ 初始全局最佳适应度: 3.1958

[开始迭代] 最大迭代次数: 15
--------------------------------------------------------------------------------
Iter   0 | Fitness:   3.1958 | Min Rate: 24.6546 Mbps | Sum Rate:  2425.50 Mbps | Mean Rate: 40.4251 Mbps
Iter  10 | Fitness:   3.1958 | Min Rate: 24.9089 Mbps | Sum Rate:  2450.29 Mbps | Mean Rate: 40.8382 Mbps
Iter  14 | Fitness:   3.1958 | Min Rate: 25.5399 Mbps | Sum Rate:  2460.85 Mbps | Mean Rate: 41.0141 Mbps

================================================================================
                                      优化完成                                      
================================================================================

📊 最终性能指标:
   - 总速率 (Sum Rate):      2478.65 Mbps
   - 最小速率 (Min Rate):    25.2751 Mbps
   - 平均速率 (Mean Rate):   41.3108 Mbps
   - 速率标准差 (Std):        7.2017 Mbps
   - 最佳适应度 (Fitness):    3.1958

📈 性能提升:
   - 总速率提升:   +2.19%
   - 最小速率提升: +2.52%

⏱️  计算时间:
   - 总优化时间: 79.94 秒
   - 平均每代:   5.329 秒
  PSO_MO: mr=25.28 | E=75746J | d=0.0m | cum=1363.42kJ
================================================================================
开始NewSSA优化（论文算法）...
  • 改进1: OBL策略 + 折射原理（公式18）
  • 改进2: 正弦-余弦搜索（公式20）
  • 改进3: 自适应参数r1和w（公式21-22）
  • 麻雀数量: 30
  • 最大迭代: 15
  • 生产者: 20%, 警戒者: 15%
================================================================================

[1/5] OBL策略 + 折射原理初始化...
[2/5] 计算初始适应度...
  ✓ 初始最优适应度: -48.5804 Mbps

[3/5] 开始迭代优化（15次）...
--------------------------------------------------------------------------------
Iter  10/15: Sum= 809.12Mbps, Min= 1.5325Mbps, Time=7.311s

[4/5] 整理最终结果...

[5/5] 优化完成!
================================================================================
🎉 NewSSA优化完成!
📊 最终总速率: 809.12 Mbps
🎯 最终最小速率: 1.5325 Mbps
📈 平均速率: 13.3536 Mbps
⏱️  优化时间: 108.96 秒
================================================================================
  SSA_MO: mr=1.53 | E=75746J | d=0.0m | cum=3011.70kJ

--- Step 19/19 (t=95s) ---
  BVF:    mr=38.53 | E=94584J | d=110.7m | cum=1973.62kJ
离散网格生成完成: 9x9 = 81个候选点
开始离散遗传算法优化（网格: 9x9）...
Gen 0: Fitness=-25.1245, Sum=2271.78Mbps, Min=12.4405Mbps, Time=1.347s
Gen 10: Fitness=-19.2648, Sum=2084.67Mbps, Min=10.7175Mbps, Time=1.311s

🎉 离散遗传算法优化完成!
✨ 最佳性能出现在第 13 代
📊 最终总速率: 2133.40 Mbps
🎯 最终最小速率: 14.4871 Mbps
📈 速率标准差: 9.7680 Mbps
⏱️  优化时间: 19.91 秒
⚡ 平均每代: 1.327 秒
🎲 使用网格点: [14, 18, 26, 29, 40, 49, 50, 58, 75]
  GA_MO:  mr=14.49 | E=346323J | d=1590.6m | cum=7222.16kJ
✅ 分布式PSO优化器初始化完成
   - 粒子数量: 30
   - 最大迭代次数: 15
   - PSO参数: w=0.729, c1=1.49445, c2=1.49445

================================================================================
                            分布式PSO优化算法 (Algorithm 2)                            
================================================================================

[Step 1] 初始化粒子群...
   ✓ 粒子群初始化完成
   ✓ 初始全局最佳适应度: 3.1510

[开始迭代] 最大迭代次数: 15
--------------------------------------------------------------------------------
Iter   0 | Fitness:   3.1510 | Min Rate: 23.0094 Mbps | Sum Rate:  2434.25 Mbps | Mean Rate: 40.5708 Mbps
Iter  10 | Fitness:   3.1510 | Min Rate: 23.9717 Mbps | Sum Rate:  2423.14 Mbps | Mean Rate: 40.3856 Mbps
Iter  14 | Fitness:   3.1510 | Min Rate: 25.1552 Mbps | Sum Rate:  2424.06 Mbps | Mean Rate: 40.4010 Mbps

================================================================================
                                      优化完成                                      
================================================================================

📊 最终性能指标:
   - 总速率 (Sum Rate):      2444.14 Mbps
   - 最小速率 (Min Rate):    24.4688 Mbps
   - 平均速率 (Mean Rate):   40.7357 Mbps
   - 速率标准差 (Std):        6.8347 Mbps
   - 最佳适应度 (Fitness):    3.1510

📈 性能提升:
   - 总速率提升:   +0.41%
   - 最小速率提升: +6.34%

⏱️  计算时间:
   - 总优化时间: 77.65 秒
   - 平均每代:   5.176 秒
  PSO_MO: mr=24.47 | E=75746J | d=0.0m | cum=1439.17kJ
================================================================================
开始NewSSA优化（论文算法）...
  • 改进1: OBL策略 + 折射原理（公式18）
  • 改进2: 正弦-余弦搜索（公式20）
  • 改进3: 自适应参数r1和w（公式21-22）
  • 麻雀数量: 30
  • 最大迭代: 15
  • 生产者: 20%, 警戒者: 15%
================================================================================

[1/5] OBL策略 + 折射原理初始化...
[2/5] 计算初始适应度...
  ✓ 初始最优适应度: -48.5973 Mbps

[3/5] 开始迭代优化（15次）...
--------------------------------------------------------------------------------
Iter  10/15: Sum= 796.49Mbps, Min= 1.5146Mbps, Time=7.624s

[4/5] 整理最终结果...

[5/5] 优化完成!
================================================================================
🎉 NewSSA优化完成!
📊 最终总速率: 796.49 Mbps
🎯 最终最小速率: 1.5146 Mbps
📈 平均速率: 13.1459 Mbps
⏱️  优化时间: 112.20 秒
================================================================================
  SSA_MO: mr=1.51 | E=75746J | d=0.0m | cum=3087.44kJ

=====================================================================================
  多目标动态场景对比总结
=====================================================================================
算法         平均MinRate     平均SumRate     累计能耗kJ        累计距离m         能效Mbps/kJ    
-------------------------------------------------------------------------------------
BVF        41.13         3292.6        1973.62       3141.8        0.0208       
GA(MO)     19.80         2377.6        7222.16       33995.8       0.0027       
PSO(MO)    24.91         2506.5        1439.17       0.0           0.0173       
SSA(MO)    -1.87         1184.3        3087.44       9689.5        -0.0006      
-------------------------------------------------------------------------------------

JSON 已保存: result/dynamic_multiobjective/dynamic_MO_9uav_seed62.json
图表已保存: result/dynamic_multiobjective/dynamic_MO_9uav_seed62.png
能效图已保存: result/dynamic_multiobjective/dynamic_MO_efficiency_9uav_seed62.png

======================================================================
  多目标动态对比实验完成!
======================================================================
