======================================================================
  动态多目标对比 (GA/PSO/SSA fitness 含能耗惩罚)
======================================================================
  Seed=62 | UAV=9 | K=60 | L=3
  步数=20 × 5.0s | 每步迭代=15
  能耗惩罚权重 λ=0.3
  P0 (叶片功率)   = 1597.13 W
  P1 (诱导功率)   = 86.11 W
  P_hover         = 1683.24 W
  U  (桨尖速度)   = 120.0 m/s
  v_r (诱导速度)  = 3.99 m/s
  10m/s飞行功率   = 1701.09 W
  20m/s飞行功率   = 2041.39 W
======================================================================

--- Step 0 (t=0s): 初始状态 (无优化) ---
  所有算法初始: min_rate=27.06 Mbps | sum_rate=2542.7 Mbps
  能耗=0 | 距离=0

--- Step 1/19 (t=5s) ---
  BVF:    mr=40.01 | E=90604J | d=87.3m | cum=90.60kJ
离散网格生成完成: 9x9 = 81个候选点
开始离散遗传算法优化（网格: 9x9）...
Gen 0: Fitness=-5.9257, Sum=2312.95Mbps, Min=19.6115Mbps, Time=1.043s
Gen 10: Fitness=-2.1933, Sum=2439.70Mbps, Min=21.4413Mbps, Time=1.147s

🎉 离散遗传算法优化完成!
✨ 最佳性能出现在第 13 代
📊 最终总速率: 2314.75 Mbps
🎯 最终最小速率: 17.9295 Mbps
📈 速率标准差: 11.3361 Mbps
⏱️  优化时间: 15.87 秒
⚡ 平均每代: 1.058 秒
🎲 使用网格点: [2, 25, 31, 48, 49, 51, 56, 69, 80]
  GA_MO:  mr=17.93 | E=363949J | d=1694.2m | cum=363.95kJ
✅ 分布式PSO优化器初始化完成
   - 粒子数量: 30
   - 最大迭代次数: 15
   - PSO参数: w=0.729, c1=1.49445, c2=1.49445

================================================================================
                            分布式PSO优化算法 (Algorithm 2)                            
================================================================================

[Step 1] 初始化粒子群...
   ✓ 粒子群初始化完成
   ✓ 初始全局最佳适应度: 3.3441

[开始迭代] 最大迭代次数: 15
--------------------------------------------------------------------------------
Iter   0 | Fitness:   3.3441 | Min Rate: 28.7220 Mbps | Sum Rate:  2521.49 Mbps | Mean Rate: 42.0249 Mbps
Iter  10 | Fitness:   3.3441 | Min Rate: 28.0463 Mbps | Sum Rate:  2492.67 Mbps | Mean Rate: 41.5446 Mbps
Iter  14 | Fitness:   3.3441 | Min Rate: 28.2505 Mbps | Sum Rate:  2517.01 Mbps | Mean Rate: 41.9502 Mbps

================================================================================
                                      优化完成                                      
================================================================================

📊 最终性能指标:
   - 总速率 (Sum Rate):      2518.23 Mbps
   - 最小速率 (Min Rate):    27.6748 Mbps
   - 平均速率 (Mean Rate):   41.9704 Mbps
   - 速率标准差 (Std):        7.6824 Mbps
   - 最佳适应度 (Fitness):    3.3441

📈 性能提升:
   - 总速率提升:   -0.13%
   - 最小速率提升: -3.65%

⏱️  计算时间:
   - 总优化时间: 62.37 秒
   - 平均每代:   4.158 秒
  PSO_MO: mr=27.67 | E=75746J | d=0.0m | cum=75.75kJ
================================================================================
开始NewSSA优化（论文算法）...
  • 改进1: OBL策略 + 折射原理（公式18）
  • 改进2: 正弦-余弦搜索（公式20）
  • 改进3: 自适应参数r1和w（公式21-22）
  • 麻雀数量: 30
  • 最大迭代: 15
  • 生产者: 20%, 警戒者: 15%
================================================================================

[1/5] OBL策略 + 折射原理初始化...
[2/5] 计算初始适应度...
  ✓ 初始最优适应度: -4.3501 Mbps

[3/5] 开始迭代优化（15次）...
--------------------------------------------------------------------------------
Iter  10/15: Sum=2376.30Mbps, Min=19.8941Mbps, Time=5.512s

[4/5] 整理最终结果...

[5/5] 优化完成!
================================================================================
🎉 NewSSA优化完成!
📊 最终总速率: 2384.62 Mbps
🎯 最终最小速率: 20.3410 Mbps
📈 平均速率: 40.1336 Mbps
⏱️  优化时间: 82.59 秒
================================================================================
  SSA_MO: mr=20.34 | E=520739J | d=2615.9m | cum=520.74kJ

--- Step 2/19 (t=10s) ---
  BVF:    mr=39.78 | E=88436J | d=74.6m | cum=179.04kJ
离散网格生成完成: 9x9 = 81个候选点
开始离散遗传算法优化（网格: 9x9）...
Gen 0: Fitness=-7.0640, Sum=2176.31Mbps, Min=14.5590Mbps, Time=0.984s
Gen 10: Fitness=-2.3708, Sum=2501.83Mbps, Min=23.3193Mbps, Time=0.986s

🎉 离散遗传算法优化完成!
✨ 最佳性能出现在第 12 代
📊 最终总速率: 2432.63 Mbps
🎯 最终最小速率: 22.8694 Mbps
📈 速率标准差: 11.3530 Mbps
⏱️  优化时间: 14.84 秒
⚡ 平均每代: 0.989 秒
🎲 使用网格点: [14, 19, 53, 54, 58, 59, 66, 76, 78]
  GA_MO:  mr=22.87 | E=419983J | d=2023.6m | cum=783.93kJ
✅ 分布式PSO优化器初始化完成
   - 粒子数量: 30
   - 最大迭代次数: 15
   - PSO参数: w=0.729, c1=1.49445, c2=1.49445

================================================================================
                            分布式PSO优化算法 (Algorithm 2)                            
================================================================================

[Step 1] 初始化粒子群...
   ✓ 粒子群初始化完成
   ✓ 初始全局最佳适应度: 3.3192

[开始迭代] 最大迭代次数: 15
--------------------------------------------------------------------------------
Iter   0 | Fitness:   3.3192 | Min Rate: 25.6912 Mbps | Sum Rate:  2524.31 Mbps | Mean Rate: 42.0719 Mbps
Iter  10 | Fitness:   3.3192 | Min Rate: 27.6617 Mbps | Sum Rate:  2525.61 Mbps | Mean Rate: 42.0935 Mbps
Iter  14 | Fitness:   3.3192 | Min Rate: 27.9604 Mbps | Sum Rate:  2530.24 Mbps | Mean Rate: 42.1707 Mbps

================================================================================
                                      优化完成                                      
================================================================================

📊 最终性能指标:
   - 总速率 (Sum Rate):      2490.62 Mbps
   - 最小速率 (Min Rate):    26.1959 Mbps
   - 平均速率 (Mean Rate):   41.5103 Mbps
   - 速率标准差 (Std):        7.4707 Mbps
   - 最佳适应度 (Fitness):    3.3192

📈 性能提升:
   - 总速率提升:   -1.33%
   - 最小速率提升: +1.96%

⏱️  计算时间:
   - 总优化时间: 59.42 秒
   - 平均每代:   3.961 秒
  PSO_MO: mr=26.20 | E=75746J | d=0.0m | cum=151.49kJ
================================================================================
开始NewSSA优化（论文算法）...
  • 改进1: OBL策略 + 折射原理（公式18）
  • 改进2: 正弦-余弦搜索（公式20）
  • 改进3: 自适应参数r1和w（公式21-22）
  • 麻雀数量: 30
  • 最大迭代: 15
  • 生产者: 20%, 警戒者: 15%
================================================================================

[1/5] OBL策略 + 折射原理初始化...
[2/5] 计算初始适应度...
  ✓ 初始最优适应度: -1.3321 Mbps

[3/5] 开始迭代优化（15次）...
--------------------------------------------------------------------------------
Iter  10/15: Sum=2399.63Mbps, Min=21.0076Mbps, Time=5.415s

[4/5] 整理最终结果...

[5/5] 优化完成!
================================================================================
🎉 NewSSA优化完成!
📊 最终总速率: 2396.65 Mbps
🎯 最终最小速率: 21.1958 Mbps
📈 平均速率: 40.3711 Mbps
⏱️  优化时间: 81.68 秒
================================================================================
  SSA_MO: mr=21.20 | E=175413J | d=585.9m | cum=696.15kJ

--- Step 3/19 (t=15s) ---
  BVF:    mr=42.39 | E=84184J | d=49.6m | cum=263.22kJ
离散网格生成完成: 9x9 = 81个候选点
开始离散遗传算法优化（网格: 9x9）...
Gen 0: Fitness=-6.7754, Sum=2031.22Mbps, Min=10.5857Mbps, Time=0.988s
Gen 10: Fitness=-2.3776, Sum=2430.95Mbps, Min=26.8836Mbps, Time=0.985s

🎉 离散遗传算法优化完成!
✨ 最佳性能出现在第 14 代
📊 最终总速率: 2390.71 Mbps
🎯 最终最小速率: 18.7607 Mbps
📈 速率标准差: 12.2109 Mbps
⏱️  优化时间: 14.81 秒
⚡ 平均每代: 0.988 秒
🎲 使用网格点: [12, 14, 22, 38, 59, 61, 62, 74, 78]
  GA_MO:  mr=18.76 | E=425932J | d=2058.6m | cum=1209.86kJ
✅ 分布式PSO优化器初始化完成
   - 粒子数量: 30
   - 最大迭代次数: 15
   - PSO参数: w=0.729, c1=1.49445, c2=1.49445

================================================================================
                            分布式PSO优化算法 (Algorithm 2)                            
================================================================================

[Step 1] 初始化粒子群...
   ✓ 粒子群初始化完成
   ✓ 初始全局最佳适应度: 3.2658

[开始迭代] 最大迭代次数: 15
--------------------------------------------------------------------------------
Iter   0 | Fitness:   3.2658 | Min Rate: 25.4151 Mbps | Sum Rate:  2537.79 Mbps | Mean Rate: 42.2965 Mbps
Iter  10 | Fitness:   3.2658 | Min Rate: 26.7468 Mbps | Sum Rate:  2510.03 Mbps | Mean Rate: 41.8338 Mbps
Iter  14 | Fitness:   3.2658 | Min Rate: 25.3179 Mbps | Sum Rate:  2515.72 Mbps | Mean Rate: 41.9286 Mbps

================================================================================
                                      优化完成                                      
================================================================================

📊 最终性能指标:
   - 总速率 (Sum Rate):      2541.84 Mbps
   - 最小速率 (Min Rate):    27.7936 Mbps
   - 平均速率 (Mean Rate):   42.3640 Mbps
   - 速率标准差 (Std):        7.7177 Mbps
   - 最佳适应度 (Fitness):    3.2658

📈 性能提升:
   - 总速率提升:   +0.16%
   - 最小速率提升: +9.36%

⏱️  计算时间:
   - 总优化时间: 59.21 秒
   - 平均每代:   3.947 秒
  PSO_MO: mr=27.79 | E=75746J | d=0.0m | cum=227.24kJ
================================================================================
开始NewSSA优化（论文算法）...
  • 改进1: OBL策略 + 折射原理（公式18）
  • 改进2: 正弦-余弦搜索（公式20）
  • 改进3: 自适应参数r1和w（公式21-22）
  • 麻雀数量: 30
  • 最大迭代: 15
  • 生产者: 20%, 警戒者: 15%
================================================================================

[1/5] OBL策略 + 折射原理初始化...
[2/5] 计算初始适应度...
  ✓ 初始最优适应度: -1.7159 Mbps

[3/5] 开始迭代优化（15次）...
--------------------------------------------------------------------------------
Iter  10/15: Sum=2342.10Mbps, Min=18.7600Mbps, Time=5.382s

[4/5] 整理最终结果...

[5/5] 优化完成!
================================================================================
🎉 NewSSA优化完成!
📊 最终总速率: 2342.10 Mbps
🎯 最终最小速率: 18.7600 Mbps
📈 平均速率: 39.4519 Mbps
⏱️  优化时间: 81.04 秒
================================================================================
  SSA_MO: mr=18.76 | E=166159J | d=531.5m | cum=862.31kJ

--- Step 4/19 (t=20s) ---
  BVF:    mr=41.58 | E=86085J | d=60.8m | cum=349.31kJ
离散网格生成完成: 9x9 = 81个候选点
开始离散遗传算法优化（网格: 9x9）...
Gen 0: Fitness=-6.0677, Sum=2337.27Mbps, Min=21.5998Mbps, Time=0.987s
Gen 10: Fitness=-1.3322, Sum=2548.38Mbps, Min=24.0278Mbps, Time=0.978s

🎉 离散遗传算法优化完成!
✨ 最佳性能出现在第 11 代
📊 最终总速率: 2520.50 Mbps
🎯 最终最小速率: 24.8674 Mbps
📈 速率标准差: 9.4018 Mbps
⏱️  优化时间: 14.85 秒
⚡ 平均每代: 0.990 秒
🎲 使用网格点: [14, 29, 34, 39, 55, 56, 59, 61, 77]
  GA_MO:  mr=24.87 | E=378076J | d=1777.3m | cum=1587.94kJ
✅ 分布式PSO优化器初始化完成
   - 粒子数量: 30
   - 最大迭代次数: 15
   - PSO参数: w=0.729, c1=1.49445, c2=1.49445

================================================================================
                            分布式PSO优化算法 (Algorithm 2)                            
================================================================================

[Step 1] 初始化粒子群...
   ✓ 粒子群初始化完成
   ✓ 初始全局最佳适应度: 3.3143

[开始迭代] 最大迭代次数: 15
--------------------------------------------------------------------------------
Iter   0 | Fitness:   3.3143 | Min Rate: 26.8818 Mbps | Sum Rate:  2488.78 Mbps | Mean Rate: 41.4797 Mbps
Iter  10 | Fitness:   3.3143 | Min Rate: 26.4640 Mbps | Sum Rate:  2540.93 Mbps | Mean Rate: 42.3488 Mbps
Iter  14 | Fitness:   3.3143 | Min Rate: 25.6214 Mbps | Sum Rate:  2538.88 Mbps | Mean Rate: 42.3147 Mbps

================================================================================
                                      优化完成                                      
================================================================================

📊 最终性能指标:
   - 总速率 (Sum Rate):      2498.35 Mbps
   - 最小速率 (Min Rate):    25.6743 Mbps
   - 平均速率 (Mean Rate):   41.6391 Mbps
   - 速率标准差 (Std):        7.7160 Mbps
   - 最佳适应度 (Fitness):    3.3143

📈 性能提升:
   - 总速率提升:   +0.38%
   - 最小速率提升: -4.49%

⏱️  计算时间:
   - 总优化时间: 58.84 秒
   - 平均每代:   3.923 秒
  PSO_MO: mr=25.67 | E=75746J | d=0.0m | cum=302.98kJ
================================================================================
开始NewSSA优化（论文算法）...
  • 改进1: OBL策略 + 折射原理（公式18）
  • 改进2: 正弦-余弦搜索（公式20）
  • 改进3: 自适应参数r1和w（公式21-22）
  • 麻雀数量: 30
  • 最大迭代: 15
  • 生产者: 20%, 警戒者: 15%
================================================================================

[1/5] OBL策略 + 折射原理初始化...
[2/5] 计算初始适应度...
  ✓ 初始最优适应度: -2.4672 Mbps

[3/5] 开始迭代优化（15次）...
--------------------------------------------------------------------------------
Iter  10/15: Sum=2349.01Mbps, Min=19.0187Mbps, Time=5.376s

[4/5] 整理最终结果...

[5/5] 优化完成!
================================================================================
🎉 NewSSA优化完成!
📊 最终总速率: 2349.01 Mbps
🎯 最终最小速率: 19.0187 Mbps
📈 平均速率: 39.4544 Mbps
⏱️  优化时间: 81.33 秒
================================================================================
  SSA_MO: mr=19.02 | E=153228J | d=455.5m | cum=1015.54kJ

--- Step 5/19 (t=25s) ---
  BVF:    mr=42.50 | E=82120J | d=37.5m | cum=431.43kJ
离散网格生成完成: 9x9 = 81个候选点
开始离散遗传算法优化（网格: 9x9）...
Gen 0: Fitness=-4.0220, Sum=2082.35Mbps, Min=9.4859Mbps, Time=0.996s
Gen 10: Fitness=-2.0942, Sum=2385.67Mbps, Min=18.4663Mbps, Time=0.991s

🎉 离散遗传算法优化完成!
✨ 最佳性能出现在第 13 代
📊 最终总速率: 2328.49 Mbps
🎯 最终最小速率: 16.6562 Mbps
📈 速率标准差: 9.8288 Mbps
⏱️  优化时间: 14.86 秒
⚡ 平均每代: 0.991 秒
🎲 使用网格点: [8, 22, 38, 41, 42, 44, 48, 56, 58]
  GA_MO:  mr=16.66 | E=369774J | d=1728.5m | cum=1957.71kJ
✅ 分布式PSO优化器初始化完成
   - 粒子数量: 30
   - 最大迭代次数: 15
   - PSO参数: w=0.729, c1=1.49445, c2=1.49445

================================================================================
                            分布式PSO优化算法 (Algorithm 2)                            
================================================================================

[Step 1] 初始化粒子群...
   ✓ 粒子群初始化完成
   ✓ 初始全局最佳适应度: 3.2967

[开始迭代] 最大迭代次数: 15
--------------------------------------------------------------------------------
Iter   0 | Fitness:   3.2967 | Min Rate: 27.2971 Mbps | Sum Rate:  2479.18 Mbps | Mean Rate: 41.3196 Mbps
Iter  10 | Fitness:   3.2967 | Min Rate: 26.2737 Mbps | Sum Rate:  2524.87 Mbps | Mean Rate: 42.0811 Mbps
Iter  14 | Fitness:   3.2967 | Min Rate: 24.2951 Mbps | Sum Rate:  2529.28 Mbps | Mean Rate: 42.1547 Mbps

================================================================================
                                      优化完成                                      
================================================================================

📊 最终性能指标:
   - 总速率 (Sum Rate):      2520.48 Mbps
   - 最小速率 (Min Rate):    25.9730 Mbps
   - 平均速率 (Mean Rate):   42.0080 Mbps
   - 速率标准差 (Std):        7.8224 Mbps
   - 最佳适应度 (Fitness):    3.2967

📈 性能提升:
   - 总速率提升:   +1.67%
   - 最小速率提升: -4.85%

⏱️  计算时间:
   - 总优化时间: 61.57 秒
   - 平均每代:   4.105 秒
  PSO_MO: mr=25.97 | E=75746J | d=0.0m | cum=378.73kJ
================================================================================
开始NewSSA优化（论文算法）...
  • 改进1: OBL策略 + 折射原理（公式18）
  • 改进2: 正弦-余弦搜索（公式20）
  • 改进3: 自适应参数r1和w（公式21-22）
  • 麻雀数量: 30
  • 最大迭代: 15
  • 生产者: 20%, 警戒者: 15%
================================================================================

[1/5] OBL策略 + 折射原理初始化...
[2/5] 计算初始适应度...
  ✓ 初始最优适应度: -1.6061 Mbps

[3/5] 开始迭代优化（15次）...
--------------------------------------------------------------------------------
Iter  10/15: Sum=2410.03Mbps, Min=23.1408Mbps, Time=5.377s

[4/5] 整理最终结果...

[5/5] 优化完成!
================================================================================
🎉 NewSSA优化完成!
📊 最终总速率: 2414.95 Mbps
🎯 最终最小速率: 19.2716 Mbps
📈 平均速率: 39.9721 Mbps
⏱️  优化时间: 82.42 秒
================================================================================
  SSA_MO: mr=19.27 | E=144128J | d=402.0m | cum=1159.67kJ

--- Step 6/19 (t=30s) ---
  BVF:    mr=39.56 | E=82982J | d=42.5m | cum=514.41kJ
离散网格生成完成: 9x9 = 81个候选点
开始离散遗传算法优化（网格: 9x9）...
Gen 0: Fitness=-4.8776, Sum=1952.31Mbps, Min=9.1544Mbps, Time=1.007s
Gen 10: Fitness=-2.3485, Sum=2432.71Mbps, Min=19.9671Mbps, Time=0.978s

🎉 离散遗传算法优化完成!
✨ 最佳性能出现在第 13 代
📊 最终总速率: 2423.78 Mbps
🎯 最终最小速率: 26.1085 Mbps
📈 速率标准差: 8.1512 Mbps
⏱️  优化时间: 14.85 秒
⚡ 平均每代: 0.990 秒
🎲 使用网格点: [0, 6, 32, 35, 37, 45, 51, 63, 68]
  GA_MO:  mr=26.11 | E=438243J | d=2131.0m | cum=2395.96kJ
✅ 分布式PSO优化器初始化完成
   - 粒子数量: 30
   - 最大迭代次数: 15
   - PSO参数: w=0.729, c1=1.49445, c2=1.49445

================================================================================
                            分布式PSO优化算法 (Algorithm 2)                            
================================================================================

[Step 1] 初始化粒子群...
   ✓ 粒子群初始化完成
   ✓ 初始全局最佳适应度: 3.2114

[开始迭代] 最大迭代次数: 15
--------------------------------------------------------------------------------
Iter   0 | Fitness:   3.2114 | Min Rate: 26.7781 Mbps | Sum Rate:  2529.00 Mbps | Mean Rate: 42.1499 Mbps
Iter  10 | Fitness:   3.2114 | Min Rate: 26.1975 Mbps | Sum Rate:  2503.48 Mbps | Mean Rate: 41.7247 Mbps
Iter  14 | Fitness:   3.2119 | Min Rate: 25.1488 Mbps | Sum Rate:  2514.17 Mbps | Mean Rate: 41.9028 Mbps

================================================================================
                                      优化完成                                      
================================================================================

📊 最终性能指标:
   - 总速率 (Sum Rate):      2535.15 Mbps
   - 最小速率 (Min Rate):    25.6440 Mbps
   - 平均速率 (Mean Rate):   42.2524 Mbps
   - 速率标准差 (Std):        8.3081 Mbps
   - 最佳适应度 (Fitness):    3.2119

📈 性能提升:
   - 总速率提升:   +0.24%
   - 最小速率提升: -4.23%

⏱️  计算时间:
   - 总优化时间: 62.45 秒
   - 平均每代:   4.163 秒
  PSO_MO: mr=25.64 | E=82464J | d=39.5m | cum=461.19kJ
================================================================================
开始NewSSA优化（论文算法）...
  • 改进1: OBL策略 + 折射原理（公式18）
  • 改进2: 正弦-余弦搜索（公式20）
  • 改进3: 自适应参数r1和w（公式21-22）
  • 麻雀数量: 30
  • 最大迭代: 15
  • 生产者: 20%, 警戒者: 15%
================================================================================

[1/5] OBL策略 + 折射原理初始化...
[2/5] 计算初始适应度...
  ✓ 初始最优适应度: -2.0412 Mbps

[3/5] 开始迭代优化（15次）...
--------------------------------------------------------------------------------
Iter  10/15: Sum=2424.92Mbps, Min=22.0594Mbps, Time=5.360s

[4/5] 整理最终结果...

[5/5] 优化完成!
================================================================================
🎉 NewSSA优化完成!
📊 最终总速率: 2399.79 Mbps
🎯 最终最小速率: 20.2878 Mbps
📈 平均速率: 40.0553 Mbps
⏱️  优化时间: 81.52 秒
================================================================================
  SSA_MO: mr=20.29 | E=151071J | d=442.8m | cum=1310.74kJ

--- Step 7/19 (t=35s) ---
  BVF:    mr=37.80 | E=75746J | d=0.0m | cum=590.16kJ
离散网格生成完成: 9x9 = 81个候选点
开始离散遗传算法优化（网格: 9x9）...
Gen 0: Fitness=-6.7582, Sum=2401.01Mbps, Min=19.1824Mbps, Time=0.991s
Gen 10: Fitness=-3.0518, Sum=2417.73Mbps, Min=16.8015Mbps, Time=0.988s

🎉 离散遗传算法优化完成!
✨ 最佳性能出现在第 14 代
📊 最终总速率: 2378.59 Mbps
🎯 最终最小速率: 21.5317 Mbps
📈 速率标准差: 9.6135 Mbps
⏱️  优化时间: 14.82 秒
⚡ 平均每代: 0.988 秒
🎲 使用网格点: [1, 14, 16, 33, 36, 43, 46, 55, 66]
  GA_MO:  mr=21.53 | E=476126J | d=2353.7m | cum=2872.08kJ
✅ 分布式PSO优化器初始化完成
   - 粒子数量: 30
   - 最大迭代次数: 15
   - PSO参数: w=0.729, c1=1.49445, c2=1.49445

================================================================================
                            分布式PSO优化算法 (Algorithm 2)                            
================================================================================

[Step 1] 初始化粒子群...
   ✓ 粒子群初始化完成
   ✓ 初始全局最佳适应度: 3.2238

[开始迭代] 最大迭代次数: 15
--------------------------------------------------------------------------------
Iter   0 | Fitness:   3.2238 | Min Rate: 25.0631 Mbps | Sum Rate:  2518.70 Mbps | Mean Rate: 41.9783 Mbps
Iter  10 | Fitness:   3.2238 | Min Rate: 25.3890 Mbps | Sum Rate:  2502.05 Mbps | Mean Rate: 41.7008 Mbps
Iter  14 | Fitness:   3.2238 | Min Rate: 25.4340 Mbps | Sum Rate:  2528.05 Mbps | Mean Rate: 42.1342 Mbps

================================================================================
                                      优化完成                                      
================================================================================

📊 最终性能指标:
   - 总速率 (Sum Rate):      2516.77 Mbps
   - 最小速率 (Min Rate):    24.8735 Mbps
   - 平均速率 (Mean Rate):   41.9462 Mbps
   - 速率标准差 (Std):        8.2605 Mbps
   - 最佳适应度 (Fitness):    3.2238

📈 性能提升:
   - 总速率提升:   -0.08%
   - 最小速率提升: -0.76%

⏱️  计算时间:
   - 总优化时间: 59.08 秒
   - 平均每代:   3.939 秒
  PSO_MO: mr=24.87 | E=75746J | d=0.0m | cum=536.94kJ
================================================================================
开始NewSSA优化（论文算法）...
  • 改进1: OBL策略 + 折射原理（公式18）
  • 改进2: 正弦-余弦搜索（公式20）
  • 改进3: 自适应参数r1和w（公式21-22）
  • 麻雀数量: 30
  • 最大迭代: 15
  • 生产者: 20%, 警戒者: 15%
================================================================================

[1/5] OBL策略 + 折射原理初始化...
[2/5] 计算初始适应度...
  ✓ 初始最优适应度: -1.8884 Mbps

[3/5] 开始迭代优化（15次）...
--------------------------------------------------------------------------------
Iter  10/15: Sum=2424.94Mbps, Min=23.1588Mbps, Time=5.406s

[4/5] 整理最终结果...

[5/5] 优化完成!
================================================================================
🎉 NewSSA优化完成!
📊 最终总速率: 2391.66 Mbps
🎯 最终最小速率: 20.7712 Mbps
📈 平均速率: 40.0111 Mbps
⏱️  优化时间: 80.77 秒
================================================================================
  SSA_MO: mr=20.77 | E=141275J | d=385.2m | cum=1452.01kJ

--- Step 8/19 (t=40s) ---
  BVF:    mr=33.95 | E=87985J | d=71.9m | cum=678.14kJ
离散网格生成完成: 9x9 = 81个候选点
开始离散遗传算法优化（网格: 9x9）...
Gen 0: Fitness=-4.4193, Sum=2306.83Mbps, Min=17.6995Mbps, Time=0.993s
Gen 10: Fitness=-2.4070, Sum=2488.78Mbps, Min=21.7533Mbps, Time=1.012s

🎉 离散遗传算法优化完成!
✨ 最佳性能出现在第 12 代
📊 最终总速率: 2517.84 Mbps
🎯 最终最小速率: 22.4898 Mbps
📈 速率标准差: 9.2590 Mbps
⏱️  优化时间: 14.88 秒
⚡ 平均每代: 0.992 秒
🎲 使用网格点: [13, 18, 25, 26, 33, 38, 64, 70, 76]
  GA_MO:  mr=22.49 | E=341813J | d=1564.1m | cum=3213.89kJ
✅ 分布式PSO优化器初始化完成
   - 粒子数量: 30
   - 最大迭代次数: 15
   - PSO参数: w=0.729, c1=1.49445, c2=1.49445

================================================================================
                            分布式PSO优化算法 (Algorithm 2)                            
================================================================================

[Step 1] 初始化粒子群...
   ✓ 粒子群初始化完成
   ✓ 初始全局最佳适应度: 3.1679

[开始迭代] 最大迭代次数: 15
--------------------------------------------------------------------------------
Iter   0 | Fitness:   3.1679 | Min Rate: 24.0262 Mbps | Sum Rate:  2529.59 Mbps | Mean Rate: 42.1598 Mbps
Iter  10 | Fitness:   3.1679 | Min Rate: 25.2719 Mbps | Sum Rate:  2526.08 Mbps | Mean Rate: 42.1014 Mbps
Iter  14 | Fitness:   3.1679 | Min Rate: 24.2711 Mbps | Sum Rate:  2516.35 Mbps | Mean Rate: 41.9392 Mbps

================================================================================
                                      优化完成                                      
================================================================================

📊 最终性能指标:
   - 总速率 (Sum Rate):      2515.09 Mbps
   - 最小速率 (Min Rate):    24.5288 Mbps
   - 平均速率 (Mean Rate):   41.9182 Mbps
   - 速率标准差 (Std):        8.0677 Mbps
   - 最佳适应度 (Fitness):    3.1679

📈 性能提升:
   - 总速率提升:   -0.57%
   - 最小速率提升: +2.09%

⏱️  计算时间:
   - 总优化时间: 59.10 秒
   - 平均每代:   3.940 秒
  PSO_MO: mr=24.53 | E=75746J | d=0.0m | cum=612.68kJ
================================================================================
开始NewSSA优化（论文算法）...
  • 改进1: OBL策略 + 折射原理（公式18）
  • 改进2: 正弦-余弦搜索（公式20）
  • 改进3: 自适应参数r1和w（公式21-22）
  • 麻雀数量: 30
  • 最大迭代: 15
  • 生产者: 20%, 警戒者: 15%
================================================================================

[1/5] OBL策略 + 折射原理初始化...
[2/5] 计算初始适应度...
  ✓ 初始最优适应度: -1.2103 Mbps

[3/5] 开始迭代优化（15次）...
--------------------------------------------------------------------------------
Iter  10/15: Sum=2398.35Mbps, Min=22.3313Mbps, Time=5.497s

[4/5] 整理最终结果...

[5/5] 优化完成!
================================================================================
🎉 NewSSA优化完成!
📊 最终总速率: 2389.36 Mbps
🎯 最终最小速率: 21.6363 Mbps
📈 平均速率: 40.4495 Mbps
⏱️  优化时间: 81.79 秒
================================================================================
  SSA_MO: mr=21.64 | E=178208J | d=602.3m | cum=1630.22kJ

--- Step 9/19 (t=45s) ---
  BVF:    mr=39.49 | E=87924J | d=71.6m | cum=766.07kJ
离散网格生成完成: 9x9 = 81个候选点
开始离散遗传算法优化（网格: 9x9）...
Gen 0: Fitness=-3.8083, Sum=2295.35Mbps, Min=15.8660Mbps, Time=0.988s
Gen 10: Fitness=-2.2240, Sum=2323.17Mbps, Min=22.3657Mbps, Time=0.993s

🎉 离散遗传算法优化完成!
✨ 最佳性能出现在第 12 代
📊 最终总速率: 2383.73 Mbps
🎯 最终最小速率: 17.9601 Mbps
📈 速率标准差: 12.7058 Mbps
⏱️  优化时间: 14.85 秒
⚡ 平均每代: 0.990 秒
🎲 使用网格点: [0, 8, 16, 19, 22, 29, 42, 64, 65]
  GA_MO:  mr=17.96 | E=418610J | d=2015.6m | cum=3632.50kJ
✅ 分布式PSO优化器初始化完成
   - 粒子数量: 30
   - 最大迭代次数: 15
   - PSO参数: w=0.729, c1=1.49445, c2=1.49445

================================================================================
                            分布式PSO优化算法 (Algorithm 2)                            
================================================================================

[Step 1] 初始化粒子群...
   ✓ 粒子群初始化完成
   ✓ 初始全局最佳适应度: 3.2405

[开始迭代] 最大迭代次数: 15
--------------------------------------------------------------------------------
Iter   0 | Fitness:   3.2405 | Min Rate: 23.7554 Mbps | Sum Rate:  2530.05 Mbps | Mean Rate: 42.1675 Mbps
Iter  10 | Fitness:   3.2405 | Min Rate: 25.4727 Mbps | Sum Rate:  2525.07 Mbps | Mean Rate: 42.0844 Mbps
Iter  14 | Fitness:   3.2405 | Min Rate: 23.4152 Mbps | Sum Rate:  2535.43 Mbps | Mean Rate: 42.2572 Mbps

================================================================================
                                      优化完成                                      
================================================================================

📊 最终性能指标:
   - 总速率 (Sum Rate):      2534.20 Mbps
   - 最小速率 (Min Rate):    25.1031 Mbps
   - 平均速率 (Mean Rate):   42.2367 Mbps
   - 速率标准差 (Std):        7.9270 Mbps
   - 最佳适应度 (Fitness):    3.2405

📈 性能提升:
   - 总速率提升:   +0.16%
   - 最小速率提升: +5.67%

⏱️  计算时间:
   - 总优化时间: 59.38 秒
   - 平均每代:   3.959 秒
  PSO_MO: mr=25.10 | E=75746J | d=0.0m | cum=688.43kJ
================================================================================
开始NewSSA优化（论文算法）...
  • 改进1: OBL策略 + 折射原理（公式18）
  • 改进2: 正弦-余弦搜索（公式20）
  • 改进3: 自适应参数r1和w（公式21-22）
  • 麻雀数量: 30
  • 最大迭代: 15
  • 生产者: 20%, 警戒者: 15%
================================================================================

[1/5] OBL策略 + 折射原理初始化...
[2/5] 计算初始适应度...
  ✓ 初始最优适应度: -1.5033 Mbps

[3/5] 开始迭代优化（15次）...
--------------------------------------------------------------------------------
Iter  10/15: Sum=2357.41Mbps, Min=17.5001Mbps, Time=5.752s

[4/5] 整理最终结果...

[5/5] 优化完成!
================================================================================
🎉 NewSSA优化完成!
📊 最终总速率: 2372.49 Mbps
🎯 最终最小速率: 18.0945 Mbps
📈 平均速率: 39.9134 Mbps
⏱️  优化时间: 86.68 秒
================================================================================
  SSA_MO: mr=18.09 | E=131777J | d=329.4m | cum=1762.00kJ

--- Step 10/19 (t=50s) ---
  BVF:    mr=35.59 | E=80899J | d=30.3m | cum=846.96kJ
离散网格生成完成: 9x9 = 81个候选点
开始离散遗传算法优化（网格: 9x9）...
Gen 0: Fitness=-6.0532, Sum=2469.41Mbps, Min=19.6718Mbps, Time=1.040s
Gen 10: Fitness=-2.9192, Sum=2338.20Mbps, Min=19.7509Mbps, Time=1.028s

🎉 离散遗传算法优化完成!
✨ 最佳性能出现在第 14 代
📊 最终总速率: 2364.29 Mbps
🎯 最终最小速率: 20.3647 Mbps
📈 速率标准差: 11.4206 Mbps
⏱️  优化时间: 15.68 秒
⚡ 平均每代: 1.046 秒
🎲 使用网格点: [0, 9, 11, 16, 22, 35, 45, 65, 70]
  GA_MO:  mr=20.36 | E=405879J | d=1940.7m | cum=4038.38kJ
✅ 分布式PSO优化器初始化完成
   - 粒子数量: 30
   - 最大迭代次数: 15
   - PSO参数: w=0.729, c1=1.49445, c2=1.49445

================================================================================
                            分布式PSO优化算法 (Algorithm 2)                            
================================================================================

[Step 1] 初始化粒子群...
   ✓ 粒子群初始化完成
   ✓ 初始全局最佳适应度: 3.2240

[开始迭代] 最大迭代次数: 15
--------------------------------------------------------------------------------
Iter   0 | Fitness:   3.2240 | Min Rate: 25.0783 Mbps | Sum Rate:  2530.27 Mbps | Mean Rate: 42.1711 Mbps
Iter  10 | Fitness:   3.2240 | Min Rate: 24.8629 Mbps | Sum Rate:  2509.01 Mbps | Mean Rate: 41.8169 Mbps
Iter  14 | Fitness:   3.2240 | Min Rate: 25.4359 Mbps | Sum Rate:  2519.50 Mbps | Mean Rate: 41.9916 Mbps

================================================================================
                                      优化完成                                      
================================================================================

📊 最终性能指标:
   - 总速率 (Sum Rate):      2495.43 Mbps
   - 最小速率 (Min Rate):    24.0643 Mbps
   - 平均速率 (Mean Rate):   41.5905 Mbps
   - 速率标准差 (Std):        7.3840 Mbps
   - 最佳适应度 (Fitness):    3.2240

📈 性能提升:
   - 总速率提升:   -1.38%
   - 最小速率提升: -4.04%

⏱️  计算时间:
   - 总优化时间: 59.61 秒
   - 平均每代:   3.974 秒
  PSO_MO: mr=24.06 | E=75746J | d=0.0m | cum=764.18kJ
================================================================================
开始NewSSA优化（论文算法）...
  • 改进1: OBL策略 + 折射原理（公式18）
  • 改进2: 正弦-余弦搜索（公式20）
  • 改进3: 自适应参数r1和w（公式21-22）
  • 麻雀数量: 30
  • 最大迭代: 15
  • 生产者: 20%, 警戒者: 15%
================================================================================

[1/5] OBL策略 + 折射原理初始化...
[2/5] 计算初始适应度...
  ✓ 初始最优适应度: -1.7538 Mbps

[3/5] 开始迭代优化（15次）...
--------------------------------------------------------------------------------
Iter  10/15: Sum=2412.10Mbps, Min=21.0038Mbps, Time=5.732s

[4/5] 整理最终结果...

[5/5] 优化完成!
================================================================================
🎉 NewSSA优化完成!
📊 最终总速率: 2412.10 Mbps
🎯 最终最小速率: 21.0038 Mbps
📈 平均速率: 40.8244 Mbps
⏱️  优化时间: 85.04 秒
================================================================================
  SSA_MO: mr=21.00 | E=216420J | d=827.0m | cum=1978.42kJ

--- Step 11/19 (t=55s) ---
  BVF:    mr=40.13 | E=83577J | d=46.0m | cum=930.54kJ
离散网格生成完成: 9x9 = 81个候选点
开始离散遗传算法优化（网格: 9x9）...
Gen 0: Fitness=-5.7295, Sum=2270.85Mbps, Min=15.8065Mbps, Time=1.014s
Gen 10: Fitness=-3.7455, Sum=2338.69Mbps, Min=17.9342Mbps, Time=1.037s

🎉 离散遗传算法优化完成!
✨ 最佳性能出现在第 14 代
📊 最终总速率: 2266.06 Mbps
🎯 最终最小速率: 14.6769 Mbps
📈 速率标准差: 12.7543 Mbps
⏱️  优化时间: 15.38 秒
⚡ 平均每代: 1.026 秒
🎲 使用网格点: [0, 5, 6, 9, 23, 30, 43, 68, 74]
  GA_MO:  mr=14.68 | E=455659J | d=2233.3m | cum=4494.04kJ
✅ 分布式PSO优化器初始化完成
   - 粒子数量: 30
   - 最大迭代次数: 15
   - PSO参数: w=0.729, c1=1.49445, c2=1.49445

================================================================================
                            分布式PSO优化算法 (Algorithm 2)                            
================================================================================

[Step 1] 初始化粒子群...
   ✓ 粒子群初始化完成
   ✓ 初始全局最佳适应度: 3.2329

[开始迭代] 最大迭代次数: 15
--------------------------------------------------------------------------------
Iter   0 | Fitness:   3.2329 | Min Rate: 25.7310 Mbps | Sum Rate:  2510.37 Mbps | Mean Rate: 41.8395 Mbps
Iter  10 | Fitness:   3.2329 | Min Rate: 24.2399 Mbps | Sum Rate:  2527.53 Mbps | Mean Rate: 42.1255 Mbps
Iter  14 | Fitness:   3.2329 | Min Rate: 26.8680 Mbps | Sum Rate:  2518.91 Mbps | Mean Rate: 41.9819 Mbps

================================================================================
                                      优化完成                                      
================================================================================

📊 最终性能指标:
   - 总速率 (Sum Rate):      2492.01 Mbps
   - 最小速率 (Min Rate):    25.9901 Mbps
   - 平均速率 (Mean Rate):   41.5335 Mbps
   - 速率标准差 (Std):        7.5722 Mbps
   - 最佳适应度 (Fitness):    3.2329

📈 性能提升:
   - 总速率提升:   -0.73%
   - 最小速率提升: +1.01%

⏱️  计算时间:
   - 总优化时间: 59.28 秒
   - 平均每代:   3.952 秒
  PSO_MO: mr=25.99 | E=75746J | d=0.0m | cum=839.92kJ
================================================================================
开始NewSSA优化（论文算法）...
  • 改进1: OBL策略 + 折射原理（公式18）
  • 改进2: 正弦-余弦搜索（公式20）
  • 改进3: 自适应参数r1和w（公式21-22）
  • 麻雀数量: 30
  • 最大迭代: 15
  • 生产者: 20%, 警戒者: 15%
================================================================================

[1/5] OBL策略 + 折射原理初始化...
[2/5] 计算初始适应度...
  ✓ 初始最优适应度: -1.8029 Mbps

[3/5] 开始迭代优化（15次）...
--------------------------------------------------------------------------------
Iter  10/15: Sum=2390.28Mbps, Min=18.9262Mbps, Time=5.491s

[4/5] 整理最终结果...

[5/5] 优化完成!
================================================================================
🎉 NewSSA优化完成!
📊 最终总速率: 2454.39 Mbps
🎯 最终最小速率: 20.3303 Mbps
📈 平均速率: 41.2046 Mbps
⏱️  优化时间: 81.50 秒
================================================================================
  SSA_MO: mr=20.33 | E=125497J | d=292.5m | cum=2103.91kJ

--- Step 12/19 (t=60s) ---
  BVF:    mr=37.39 | E=82044J | d=37.0m | cum=1012.58kJ
离散网格生成完成: 9x9 = 81个候选点
开始离散遗传算法优化（网格: 9x9）...
Gen 0: Fitness=-6.0147, Sum=2350.75Mbps, Min=19.6480Mbps, Time=0.989s
Gen 10: Fitness=-1.3419, Sum=2255.23Mbps, Min=13.7274Mbps, Time=1.007s

🎉 离散遗传算法优化完成!
✨ 最佳性能出现在第 11 代
📊 最终总速率: 2265.52 Mbps
🎯 最终最小速率: 13.7465 Mbps
📈 速率标准差: 12.5778 Mbps
⏱️  优化时间: 14.87 秒
⚡ 平均每代: 0.991 秒
🎲 使用网格点: [1, 6, 21, 23, 27, 39, 48, 52, 66]
  GA_MO:  mr=13.75 | E=341547J | d=1562.5m | cum=4835.59kJ
✅ 分布式PSO优化器初始化完成
   - 粒子数量: 30
   - 最大迭代次数: 15
   - PSO参数: w=0.729, c1=1.49445, c2=1.49445

================================================================================
                            分布式PSO优化算法 (Algorithm 2)                            
================================================================================

[Step 1] 初始化粒子群...
   ✓ 粒子群初始化完成
   ✓ 初始全局最佳适应度: 3.2238

[开始迭代] 最大迭代次数: 15
--------------------------------------------------------------------------------
Iter   0 | Fitness:   3.2238 | Min Rate: 24.1316 Mbps | Sum Rate:  2544.31 Mbps | Mean Rate: 42.4051 Mbps
Iter  10 | Fitness:   3.2238 | Min Rate: 24.4617 Mbps | Sum Rate:  2534.60 Mbps | Mean Rate: 42.2434 Mbps
Iter  14 | Fitness:   3.2238 | Min Rate: 23.4055 Mbps | Sum Rate:  2523.48 Mbps | Mean Rate: 42.0580 Mbps

================================================================================
                                      优化完成                                      
================================================================================

📊 最终性能指标:
   - 总速率 (Sum Rate):      2558.62 Mbps
   - 最小速率 (Min Rate):    23.0258 Mbps
   - 平均速率 (Mean Rate):   42.6436 Mbps
   - 速率标准差 (Std):        7.6489 Mbps
   - 最佳适应度 (Fitness):    3.2238

📈 性能提升:
   - 总速率提升:   +0.56%
   - 最小速率提升: -4.58%

⏱️  计算时间:
   - 总优化时间: 59.44 秒
   - 平均每代:   3.963 秒
  PSO_MO: mr=23.03 | E=75746J | d=0.0m | cum=915.67kJ
================================================================================
开始NewSSA优化（论文算法）...
  • 改进1: OBL策略 + 折射原理（公式18）
  • 改进2: 正弦-余弦搜索（公式20）
  • 改进3: 自适应参数r1和w（公式21-22）
  • 麻雀数量: 30
  • 最大迭代: 15
  • 生产者: 20%, 警戒者: 15%
================================================================================

[1/5] OBL策略 + 折射原理初始化...
[2/5] 计算初始适应度...
  ✓ 初始最优适应度: -1.6041 Mbps

[3/5] 开始迭代优化（15次）...
--------------------------------------------------------------------------------
Iter  10/15: Sum=2390.66Mbps, Min=19.8857Mbps, Time=5.404s

[4/5] 整理最终结果...

[5/5] 优化完成!
================================================================================
🎉 NewSSA优化完成!
📊 最终总速率: 2456.17 Mbps
🎯 最终最小速率: 21.4877 Mbps
📈 平均速率: 41.1290 Mbps
⏱️  优化时间: 80.88 秒
================================================================================
  SSA_MO: mr=21.49 | E=76471J | d=4.3m | cum=2180.39kJ

--- Step 13/19 (t=65s) ---
  BVF:    mr=41.79 | E=82542J | d=40.0m | cum=1095.13kJ
离散网格生成完成: 9x9 = 81个候选点
开始离散遗传算法优化（网格: 9x9）...
Gen 0: Fitness=-5.5047, Sum=2260.65Mbps, Min=17.5587Mbps, Time=0.984s
Gen 10: Fitness=-2.8343, Sum=2437.53Mbps, Min=19.7377Mbps, Time=0.996s

🎉 离散遗传算法优化完成!
✨ 最佳性能出现在第 14 代
📊 最终总速率: 2262.91 Mbps
🎯 最终最小速率: 16.0089 Mbps
📈 速率标准差: 12.8297 Mbps
⏱️  优化时间: 14.76 秒
⚡ 平均每代: 0.984 秒
🎲 使用网格点: [15, 16, 21, 29, 36, 37, 39, 47, 75]
  GA_MO:  mr=16.01 | E=339780J | d=1552.1m | cum=5175.37kJ
✅ 分布式PSO优化器初始化完成
   - 粒子数量: 30
   - 最大迭代次数: 15
   - PSO参数: w=0.729, c1=1.49445, c2=1.49445

================================================================================
                            分布式PSO优化算法 (Algorithm 2)                            
================================================================================

[Step 1] 初始化粒子群...
   ✓ 粒子群初始化完成
   ✓ 初始全局最佳适应度: 3.1977

[开始迭代] 最大迭代次数: 15
--------------------------------------------------------------------------------
Iter   0 | Fitness:   3.1977 | Min Rate: 25.0016 Mbps | Sum Rate:  2514.27 Mbps | Mean Rate: 41.9045 Mbps
Iter  10 | Fitness:   3.1977 | Min Rate: 25.0978 Mbps | Sum Rate:  2524.89 Mbps | Mean Rate: 42.0816 Mbps
Iter  14 | Fitness:   3.1977 | Min Rate: 24.6899 Mbps | Sum Rate:  2519.44 Mbps | Mean Rate: 41.9906 Mbps

================================================================================
                                      优化完成                                      
================================================================================

📊 最终性能指标:
   - 总速率 (Sum Rate):      2531.32 Mbps
   - 最小速率 (Min Rate):    22.1778 Mbps
   - 平均速率 (Mean Rate):   42.1886 Mbps
   - 速率标准差 (Std):        7.4895 Mbps
   - 最佳适应度 (Fitness):    3.1977

📈 性能提升:
   - 总速率提升:   +0.68%
   - 最小速率提升: -11.29%

⏱️  计算时间:
   - 总优化时间: 58.88 秒
   - 平均每代:   3.925 秒
  PSO_MO: mr=22.18 | E=75746J | d=0.0m | cum=991.41kJ
================================================================================
开始NewSSA优化（论文算法）...
  • 改进1: OBL策略 + 折射原理（公式18）
  • 改进2: 正弦-余弦搜索（公式20）
  • 改进3: 自适应参数r1和w（公式21-22）
  • 麻雀数量: 30
  • 最大迭代: 15
  • 生产者: 20%, 警戒者: 15%
================================================================================

[1/5] OBL策略 + 折射原理初始化...
[2/5] 计算初始适应度...
  ✓ 初始最优适应度: -1.6458 Mbps

[3/5] 开始迭代优化（15次）...
--------------------------------------------------------------------------------
Iter  10/15: Sum=2383.07Mbps, Min=19.3860Mbps, Time=5.446s

[4/5] 整理最终结果...

[5/5] 优化完成!
================================================================================
🎉 NewSSA优化完成!
📊 最终总速率: 2464.11 Mbps
🎯 最终最小速率: 20.6121 Mbps
📈 平均速率: 41.1367 Mbps
⏱️  优化时间: 81.39 秒
================================================================================
  SSA_MO: mr=20.61 | E=76471J | d=4.3m | cum=2256.86kJ

--- Step 14/19 (t=70s) ---
  BVF:    mr=40.96 | E=82475J | d=39.6m | cum=1177.60kJ
离散网格生成完成: 9x9 = 81个候选点
开始离散遗传算法优化（网格: 9x9）...
Gen 0: Fitness=-4.1591, Sum=1876.39Mbps, Min=7.3175Mbps, Time=0.990s
Gen 10: Fitness=-2.4148, Sum=2289.82Mbps, Min=19.9201Mbps, Time=0.991s

🎉 离散遗传算法优化完成!
✨ 最佳性能出现在第 14 代
📊 最终总速率: 2275.30 Mbps
🎯 最终最小速率: 20.3271 Mbps
📈 速率标准差: 9.0404 Mbps
⏱️  优化时间: 14.90 秒
⚡ 平均每代: 0.993 秒
🎲 使用网格点: [17, 18, 24, 28, 36, 40, 59, 74, 75]
  GA_MO:  mr=20.33 | E=408921J | d=1958.6m | cum=5584.29kJ
✅ 分布式PSO优化器初始化完成
   - 粒子数量: 30
   - 最大迭代次数: 15
   - PSO参数: w=0.729, c1=1.49445, c2=1.49445

================================================================================
                            分布式PSO优化算法 (Algorithm 2)                            
================================================================================

[Step 1] 初始化粒子群...
   ✓ 粒子群初始化完成
   ✓ 初始全局最佳适应度: 3.2280

[开始迭代] 最大迭代次数: 15
--------------------------------------------------------------------------------
Iter   0 | Fitness:   3.2280 | Min Rate: 26.1972 Mbps | Sum Rate:  2512.80 Mbps | Mean Rate: 41.8800 Mbps
Iter  10 | Fitness:   3.2280 | Min Rate: 24.0959 Mbps | Sum Rate:  2502.17 Mbps | Mean Rate: 41.7028 Mbps
Iter  14 | Fitness:   3.2280 | Min Rate: 25.5881 Mbps | Sum Rate:  2519.55 Mbps | Mean Rate: 41.9925 Mbps

================================================================================
                                      优化完成                                      
================================================================================

📊 最终性能指标:
   - 总速率 (Sum Rate):      2512.95 Mbps
   - 最小速率 (Min Rate):    24.3115 Mbps
   - 平均速率 (Mean Rate):   41.8825 Mbps
   - 速率标准差 (Std):        7.6431 Mbps
   - 最佳适应度 (Fitness):    3.2280

📈 性能提升:
   - 总速率提升:   +0.01%
   - 最小速率提升: -7.20%

⏱️  计算时间:
   - 总优化时间: 60.35 秒
   - 平均每代:   4.024 秒
  PSO_MO: mr=24.31 | E=75746J | d=0.0m | cum=1067.16kJ
================================================================================
开始NewSSA优化（论文算法）...
  • 改进1: OBL策略 + 折射原理（公式18）
  • 改进2: 正弦-余弦搜索（公式20）
  • 改进3: 自适应参数r1和w（公式21-22）
  • 麻雀数量: 30
  • 最大迭代: 15
  • 生产者: 20%, 警戒者: 15%
================================================================================

[1/5] OBL策略 + 折射原理初始化...
[2/5] 计算初始适应度...
  ✓ 初始最优适应度: -1.6562 Mbps

[3/5] 开始迭代优化（15次）...
--------------------------------------------------------------------------------
Iter  10/15: Sum=2380.09Mbps, Min=19.6602Mbps, Time=5.637s

[4/5] 整理最终结果...

[5/5] 优化完成!
================================================================================
🎉 NewSSA优化完成!
📊 最终总速率: 2453.51 Mbps
🎯 最终最小速率: 21.3251 Mbps
📈 平均速率: 41.0107 Mbps
⏱️  优化时间: 84.83 秒
================================================================================
  SSA_MO: mr=21.33 | E=75746J | d=0.0m | cum=2332.60kJ

--- Step 15/19 (t=75s) ---
  BVF:    mr=40.54 | E=81886J | d=36.1m | cum=1259.49kJ
离散网格生成完成: 9x9 = 81个候选点
开始离散遗传算法优化（网格: 9x9）...
Gen 0: Fitness=-6.8427, Sum=2012.57Mbps, Min=7.6800Mbps, Time=1.108s
Gen 10: Fitness=-3.1281, Sum=2304.36Mbps, Min=19.9330Mbps, Time=1.025s

🎉 离散遗传算法优化完成!
✨ 最佳性能出现在第 14 代
📊 最终总速率: 2425.69 Mbps
🎯 最终最小速率: 21.3548 Mbps
📈 速率标准差: 9.3589 Mbps
⏱️  优化时间: 15.32 秒
⚡ 平均每代: 1.022 秒
🎲 使用网格点: [6, 13, 25, 27, 28, 33, 56, 65, 78]
  GA_MO:  mr=21.35 | E=468007J | d=2305.9m | cum=6052.30kJ
✅ 分布式PSO优化器初始化完成
   - 粒子数量: 30
   - 最大迭代次数: 15
   - PSO参数: w=0.729, c1=1.49445, c2=1.49445

================================================================================
                            分布式PSO优化算法 (Algorithm 2)                            
================================================================================

[Step 1] 初始化粒子群...
   ✓ 粒子群初始化完成
   ✓ 初始全局最佳适应度: 3.1634

[开始迭代] 最大迭代次数: 15
--------------------------------------------------------------------------------
Iter   0 | Fitness:   3.1634 | Min Rate: 24.0105 Mbps | Sum Rate:  2503.65 Mbps | Mean Rate: 41.7274 Mbps
Iter  10 | Fitness:   3.1634 | Min Rate: 24.7370 Mbps | Sum Rate:  2499.26 Mbps | Mean Rate: 41.6543 Mbps
Iter  14 | Fitness:   3.1634 | Min Rate: 22.2414 Mbps | Sum Rate:  2514.53 Mbps | Mean Rate: 41.9088 Mbps

================================================================================
                                      优化完成                                      
================================================================================

📊 最终性能指标:
   - 总速率 (Sum Rate):      2496.04 Mbps
   - 最小速率 (Min Rate):    23.7684 Mbps
   - 平均速率 (Mean Rate):   41.6006 Mbps
   - 速率标准差 (Std):        7.1873 Mbps
   - 最佳适应度 (Fitness):    3.1634

📈 性能提升:
   - 总速率提升:   -0.30%
   - 最小速率提升: -1.01%

⏱️  计算时间:
   - 总优化时间: 59.37 秒
   - 平均每代:   3.958 秒
  PSO_MO: mr=23.77 | E=75746J | d=0.0m | cum=1142.90kJ
================================================================================
开始NewSSA优化（论文算法）...
  • 改进1: OBL策略 + 折射原理（公式18）
  • 改进2: 正弦-余弦搜索（公式20）
  • 改进3: 自适应参数r1和w（公式21-22）
  • 麻雀数量: 30
  • 最大迭代: 15
  • 生产者: 20%, 警戒者: 15%
================================================================================

[1/5] OBL策略 + 折射原理初始化...
[2/5] 计算初始适应度...
  ✓ 初始最优适应度: -1.6511 Mbps

[3/5] 开始迭代优化（15次）...
--------------------------------------------------------------------------------
Iter  10/15: Sum=2374.49Mbps, Min=19.2256Mbps, Time=5.450s

[4/5] 整理最终结果...

[5/5] 优化完成!
================================================================================
🎉 NewSSA优化完成!
📊 最终总速率: 2441.58 Mbps
🎯 最终最小速率: 20.1744 Mbps
📈 平均速率: 40.9019 Mbps
⏱️  优化时间: 81.60 秒
================================================================================
  SSA_MO: mr=20.17 | E=75746J | d=0.0m | cum=2408.35kJ

--- Step 16/19 (t=80s) ---
  BVF:    mr=42.69 | E=83241J | d=44.1m | cum=1342.73kJ
离散网格生成完成: 9x9 = 81个候选点
开始离散遗传算法优化（网格: 9x9）...
Gen 0: Fitness=-6.0412, Sum=2310.37Mbps, Min=16.6162Mbps, Time=1.000s
Gen 10: Fitness=-1.8705, Sum=2245.83Mbps, Min=15.5629Mbps, Time=1.027s

🎉 离散遗传算法优化完成!
✨ 最佳性能出现在第 13 代
📊 最终总速率: 2291.77 Mbps
🎯 最终最小速率: 16.3470 Mbps
📈 速率标准差: 10.3116 Mbps
⏱️  优化时间: 15.21 秒
⚡ 平均每代: 1.014 秒
🎲 使用网格点: [6, 9, 11, 16, 25, 43, 57, 66, 67]
  GA_MO:  mr=16.35 | E=320109J | d=1436.5m | cum=6372.41kJ
✅ 分布式PSO优化器初始化完成
   - 粒子数量: 30
   - 最大迭代次数: 15
   - PSO参数: w=0.729, c1=1.49445, c2=1.49445

================================================================================
                            分布式PSO优化算法 (Algorithm 2)                            
================================================================================

[Step 1] 初始化粒子群...
   ✓ 粒子群初始化完成
   ✓ 初始全局最佳适应度: 3.2044

[开始迭代] 最大迭代次数: 15
--------------------------------------------------------------------------------
Iter   0 | Fitness:   3.2044 | Min Rate: 25.6715 Mbps | Sum Rate:  2509.45 Mbps | Mean Rate: 41.8242 Mbps
Iter  10 | Fitness:   3.2044 | Min Rate: 23.6856 Mbps | Sum Rate:  2509.04 Mbps | Mean Rate: 41.8173 Mbps
Iter  14 | Fitness:   3.2044 | Min Rate: 25.3790 Mbps | Sum Rate:  2473.94 Mbps | Mean Rate: 41.2323 Mbps

================================================================================
                                      优化完成                                      
================================================================================

📊 最终性能指标:
   - 总速率 (Sum Rate):      2496.48 Mbps
   - 最小速率 (Min Rate):    23.5875 Mbps
   - 平均速率 (Mean Rate):   41.6081 Mbps
   - 速率标准差 (Std):        7.3172 Mbps
   - 最佳适应度 (Fitness):    3.2044

📈 性能提升:
   - 总速率提升:   -0.52%
   - 最小速率提升: -8.12%

⏱️  计算时间:
   - 总优化时间: 61.27 秒
   - 平均每代:   4.085 秒
  PSO_MO: mr=23.59 | E=75746J | d=0.0m | cum=1218.65kJ
================================================================================
开始NewSSA优化（论文算法）...
  • 改进1: OBL策略 + 折射原理（公式18）
  • 改进2: 正弦-余弦搜索（公式20）
  • 改进3: 自适应参数r1和w（公式21-22）
  • 麻雀数量: 30
  • 最大迭代: 15
  • 生产者: 20%, 警戒者: 15%
================================================================================

[1/5] OBL策略 + 折射原理初始化...
[2/5] 计算初始适应度...
  ✓ 初始最优适应度: -1.6301 Mbps

[3/5] 开始迭代优化（15次）...
--------------------------------------------------------------------------------
Iter  10/15: Sum=2369.12Mbps, Min=19.8507Mbps, Time=5.639s

[4/5] 整理最终结果...

[5/5] 优化完成!
================================================================================
🎉 NewSSA优化完成!
📊 最终总速率: 2434.80 Mbps
🎯 最终最小速率: 20.8584 Mbps
📈 平均速率: 40.9014 Mbps
⏱️  优化时间: 85.71 秒
================================================================================
  SSA_MO: mr=20.86 | E=75746J | d=0.0m | cum=2484.10kJ

--- Step 17/19 (t=85s) ---
  BVF:    mr=41.30 | E=83340J | d=44.6m | cum=1426.07kJ
离散网格生成完成: 9x9 = 81个候选点
开始离散遗传算法优化（网格: 9x9）...
Gen 0: Fitness=-5.7531, Sum=1730.72Mbps, Min=6.9274Mbps, Time=1.042s
Gen 10: Fitness=-2.1638, Sum=2396.93Mbps, Min=20.9467Mbps, Time=1.084s

🎉 离散遗传算法优化完成!
✨ 最佳性能出现在第 6 代
📊 最终总速率: 2392.56 Mbps
🎯 最终最小速率: 21.3844 Mbps
📈 速率标准差: 9.0265 Mbps
⏱️  优化时间: 15.65 秒
⚡ 平均每代: 1.043 秒
🎲 使用网格点: [9, 12, 15, 16, 46, 51, 57, 65, 79]
  GA_MO:  mr=21.38 | E=426868J | d=2064.1m | cum=6799.27kJ
✅ 分布式PSO优化器初始化完成
   - 粒子数量: 30
   - 最大迭代次数: 15
   - PSO参数: w=0.729, c1=1.49445, c2=1.49445

================================================================================
                            分布式PSO优化算法 (Algorithm 2)                            
================================================================================

[Step 1] 初始化粒子群...
   ✓ 粒子群初始化完成
   ✓ 初始全局最佳适应度: 3.1673

[开始迭代] 最大迭代次数: 15
--------------------------------------------------------------------------------
Iter   0 | Fitness:   3.1673 | Min Rate: 23.4556 Mbps | Sum Rate:  2457.01 Mbps | Mean Rate: 40.9502 Mbps
Iter  10 | Fitness:   3.1673 | Min Rate: 25.9743 Mbps | Sum Rate:  2462.50 Mbps | Mean Rate: 41.0417 Mbps
Iter  14 | Fitness:   3.1673 | Min Rate: 23.8451 Mbps | Sum Rate:  2473.73 Mbps | Mean Rate: 41.2288 Mbps

================================================================================
                                      优化完成                                      
================================================================================

📊 最终性能指标:
   - 总速率 (Sum Rate):      2437.41 Mbps
   - 最小速率 (Min Rate):    21.7272 Mbps
   - 平均速率 (Mean Rate):   40.6236 Mbps
   - 速率标准差 (Std):        7.5058 Mbps
   - 最佳适应度 (Fitness):    3.1673

📈 性能提升:
   - 总速率提升:   -0.80%
   - 最小速率提升: -7.37%

⏱️  计算时间:
   - 总优化时间: 59.22 秒
   - 平均每代:   3.948 秒
  PSO_MO: mr=21.73 | E=75746J | d=0.0m | cum=1294.40kJ
================================================================================
开始NewSSA优化（论文算法）...
  • 改进1: OBL策略 + 折射原理（公式18）
  • 改进2: 正弦-余弦搜索（公式20）
  • 改进3: 自适应参数r1和w（公式21-22）
  • 麻雀数量: 30
  • 最大迭代: 15
  • 生产者: 20%, 警戒者: 15%
================================================================================

[1/5] OBL策略 + 折射原理初始化...
[2/5] 计算初始适应度...
  ✓ 初始最优适应度: -1.6729 Mbps

[3/5] 开始迭代优化（15次）...
--------------------------------------------------------------------------------
Iter  10/15: Sum=2362.08Mbps, Min=19.4242Mbps, Time=5.612s

[4/5] 整理最终结果...

[5/5] 优化完成!
================================================================================
🎉 NewSSA优化完成!
📊 最终总速率: 2431.08 Mbps
🎯 最终最小速率: 20.6994 Mbps
📈 平均速率: 40.8746 Mbps
⏱️  优化时间: 84.03 秒
================================================================================
  SSA_MO: mr=20.70 | E=75746J | d=0.0m | cum=2559.84kJ

--- Step 18/19 (t=90s) ---
  BVF:    mr=41.28 | E=83251J | d=44.1m | cum=1509.32kJ
离散网格生成完成: 9x9 = 81个候选点
开始离散遗传算法优化（网格: 9x9）...
Gen 0: Fitness=-3.7776, Sum=2320.10Mbps, Min=17.2171Mbps, Time=1.057s
Gen 10: Fitness=-2.2722, Sum=2227.54Mbps, Min=12.1169Mbps, Time=1.066s

🎉 离散遗传算法优化完成!
✨ 最佳性能出现在第 14 代
📊 最终总速率: 2393.58 Mbps
🎯 最终最小速率: 20.2446 Mbps
📈 速率标准差: 10.3144 Mbps
⏱️  优化时间: 15.66 秒
⚡ 平均每代: 1.044 秒
🎲 使用网格点: [3, 5, 21, 34, 43, 46, 49, 74, 80]
  GA_MO:  mr=20.24 | E=317756J | d=1422.7m | cum=7117.03kJ
✅ 分布式PSO优化器初始化完成
   - 粒子数量: 30
   - 最大迭代次数: 15
   - PSO参数: w=0.729, c1=1.49445, c2=1.49445

================================================================================
                            分布式PSO优化算法 (Algorithm 2)                            
================================================================================

[Step 1] 初始化粒子群...
   ✓ 粒子群初始化完成
   ✓ 初始全局最佳适应度: 3.1983

[开始迭代] 最大迭代次数: 15
--------------------------------------------------------------------------------
Iter   0 | Fitness:   3.1983 | Min Rate: 25.2649 Mbps | Sum Rate:  2427.58 Mbps | Mean Rate: 40.4597 Mbps
Iter  10 | Fitness:   3.1983 | Min Rate: 25.1961 Mbps | Sum Rate:  2447.81 Mbps | Mean Rate: 40.7968 Mbps
Iter  14 | Fitness:   3.1983 | Min Rate: 25.1764 Mbps | Sum Rate:  2457.34 Mbps | Mean Rate: 40.9556 Mbps

================================================================================
                                      优化完成                                      
================================================================================

📊 最终性能指标:
   - 总速率 (Sum Rate):      2475.52 Mbps
   - 最小速率 (Min Rate):    25.4850 Mbps
   - 平均速率 (Mean Rate):   41.2586 Mbps
   - 速率标准差 (Std):        6.9243 Mbps
   - 最佳适应度 (Fitness):    3.1983

📈 性能提升:
   - 总速率提升:   +1.97%
   - 最小速率提升: +0.87%

⏱️  计算时间:
   - 总优化时间: 60.31 秒
   - 平均每代:   4.021 秒
  PSO_MO: mr=25.49 | E=75746J | d=0.0m | cum=1370.14kJ
================================================================================
开始NewSSA优化（论文算法）...
  • 改进1: OBL策略 + 折射原理（公式18）
  • 改进2: 正弦-余弦搜索（公式20）
  • 改进3: 自适应参数r1和w（公式21-22）
  • 麻雀数量: 30
  • 最大迭代: 15
  • 生产者: 20%, 警戒者: 15%
================================================================================

[1/5] OBL策略 + 折射原理初始化...
[2/5] 计算初始适应度...
  ✓ 初始最优适应度: -1.6516 Mbps

[3/5] 开始迭代优化（15次）...
--------------------------------------------------------------------------------
Iter  10/15: Sum=2359.05Mbps, Min=20.5627Mbps, Time=5.582s

[4/5] 整理最终结果...

[5/5] 优化完成!
================================================================================
🎉 NewSSA优化完成!
📊 最终总速率: 2442.48 Mbps
🎯 最终最小速率: 22.0986 Mbps
📈 平均速率: 40.6814 Mbps
⏱️  优化时间: 84.14 秒
================================================================================
  SSA_MO: mr=22.10 | E=75746J | d=0.0m | cum=2635.59kJ

--- Step 19/19 (t=95s) ---
  BVF:    mr=43.44 | E=85308J | d=56.2m | cum=1594.63kJ
离散网格生成完成: 9x9 = 81个候选点
开始离散遗传算法优化（网格: 9x9）...
Gen 0: Fitness=-4.4975, Sum=2271.78Mbps, Min=12.4405Mbps, Time=1.239s
Gen 10: Fitness=-3.1563, Sum=2305.34Mbps, Min=13.2295Mbps, Time=0.976s

🎉 离散遗传算法优化完成!
✨ 最佳性能出现在第 11 代
📊 最终总速率: 2371.72 Mbps
🎯 最终最小速率: 14.1921 Mbps
📈 速率标准差: 11.7963 Mbps
⏱️  优化时间: 15.31 秒
⚡ 平均每代: 1.021 秒
🎲 使用网格点: [12, 21, 22, 39, 41, 55, 62, 63, 69]
  GA_MO:  mr=14.19 | E=379061J | d=1783.1m | cum=7496.09kJ
✅ 分布式PSO优化器初始化完成
   - 粒子数量: 30
   - 最大迭代次数: 15
   - PSO参数: w=0.729, c1=1.49445, c2=1.49445

================================================================================
                            分布式PSO优化算法 (Algorithm 2)                            
================================================================================

[Step 1] 初始化粒子群...
   ✓ 粒子群初始化完成
   ✓ 初始全局最佳适应度: 3.1548

[开始迭代] 最大迭代次数: 15
--------------------------------------------------------------------------------
Iter   0 | Fitness:   3.1548 | Min Rate: 23.1087 Mbps | Sum Rate:  2436.99 Mbps | Mean Rate: 40.6166 Mbps
Iter  10 | Fitness:   3.1548 | Min Rate: 24.0891 Mbps | Sum Rate:  2420.50 Mbps | Mean Rate: 40.3416 Mbps
Iter  14 | Fitness:   3.1548 | Min Rate: 25.2415 Mbps | Sum Rate:  2428.45 Mbps | Mean Rate: 40.4742 Mbps

================================================================================
                                      优化完成                                      
================================================================================

📊 最终性能指标:
   - 总速率 (Sum Rate):      2441.29 Mbps
   - 最小速率 (Min Rate):    24.5277 Mbps
   - 平均速率 (Mean Rate):   40.6882 Mbps
   - 速率标准差 (Std):        6.6464 Mbps
   - 最佳适应度 (Fitness):    3.1548

📈 性能提升:
   - 总速率提升:   +0.18%
   - 最小速率提升: +6.14%

⏱️  计算时间:
   - 总优化时间: 60.52 秒
   - 平均每代:   4.034 秒
  PSO_MO: mr=24.53 | E=75746J | d=0.0m | cum=1445.89kJ
================================================================================
开始NewSSA优化（论文算法）...
  • 改进1: OBL策略 + 折射原理（公式18）
  • 改进2: 正弦-余弦搜索（公式20）
  • 改进3: 自适应参数r1和w（公式21-22）
  • 麻雀数量: 30
  • 最大迭代: 15
  • 生产者: 20%, 警戒者: 15%
================================================================================

[1/5] OBL策略 + 折射原理初始化...
[2/5] 计算初始适应度...
  ✓ 初始最优适应度: -1.6983 Mbps

[3/5] 开始迭代优化（15次）...
--------------------------------------------------------------------------------
Iter  10/15: Sum=2364.51Mbps, Min=19.0478Mbps, Time=5.733s

[4/5] 整理最终结果...

[5/5] 优化完成!
================================================================================
🎉 NewSSA优化完成!
📊 最终总速率: 2441.54 Mbps
🎯 最终最小速率: 21.4787 Mbps
📈 平均速率: 40.6243 Mbps
⏱️  优化时间: 85.19 秒
================================================================================
  SSA_MO: mr=21.48 | E=75746J | d=0.0m | cum=2711.33kJ

=====================================================================================
  多目标动态场景对比总结
=====================================================================================
算法         平均MinRate     平均SumRate     累计能耗kJ        累计距离m         能效Mbps/kJ    
-------------------------------------------------------------------------------------
BVF        39.46         3227.1        1594.63       913.9         0.0247       
GA(MO)     19.74         2377.2        7496.09       35606.1       0.0026       
PSO(MO)    24.96         2507.5        1445.89       39.5          0.0173       
SSA(MO)    20.83         2420.8        2711.33       7478.6        0.0077       
-------------------------------------------------------------------------------------

JSON 已保存: result/dynamic_multiobjective/dynamic_MO_9uav_seed62.json
图表已保存: result/dynamic_multiobjective/dynamic_MO_9uav_seed62.png
能效图已保存: result/dynamic_multiobjective/dynamic_MO_efficiency_9uav_seed62.png

======================================================================
  多目标动态对比实验完成!
======================================================================
