
============================================================
  [1/10] Seed = 42
============================================================
  Initial: min=39.3  JFI_eff=0.4071
Start Optimizing...
Iter  0 | Min: 44.9544 | Sum: 2752.7 | BestMin: 44.9544
Iter 10 | Min: 45.1673 | Sum: 2727.3 | BestMin: 45.5086
Iter 20 | Min: 54.1494 | Sum: 2998.7 | BestMin: 54.1494
Iter 30 | Min: 52.1321 | Sum: 3101.0 | BestMin: 60.7040
Iter 40 | Min: 51.1881 | Sum: 3085.6 | BestMin: 60.7040
Iter 50 | Min: 45.1826 | Sum: 3025.3 | BestMin: 60.7040
 Renewing...
Iter 60 | Min: 53.4658 | Sum: 3024.7 | BestMin: 60.7040
Iter 70 | Min: 52.2835 | Sum: 3044.3 | BestMin: 63.1927
  V6:      min=56.7  JFI_eff=0.9002
================================================================================
                  Load-Balanced BVF V6 (Ground-Aware MC Search)                 
================================================================================
  P1: Pure V6 | P2: 8x50 ground-aware MC search
  JointScore = 0.5*(min_rate/60.0) + 0.5*JFI_eff  [equal weights, normalized]
  JFI on dependency-weighted effective UAV load
================================================================================
Start Optimizing...
Iter  0 | Min: 44.9544 | Sum: 2752.7 | BestMin: 44.9544
Iter 10 | Min: 45.1673 | Sum: 2727.3 | BestMin: 45.5086
Iter 20 | Min: 54.1494 | Sum: 2998.7 | BestMin: 54.1494
Iter 30 | Min: 52.1321 | Sum: 3101.0 | BestMin: 60.7040
Iter 40 | Min: 51.1881 | Sum: 3085.6 | BestMin: 60.7040
Iter 50 | Min: 45.1826 | Sum: 3025.3 | BestMin: 60.7040
 Renewing...
Iter 60 | Min: 53.4658 | Sum: 3024.7 | BestMin: 60.7040
Iter 70 | Min: 52.2835 | Sum: 3044.3 | BestMin: 63.1927

  P1: Min=56.70 | JFI_eff=0.9002 | JointScore=0.9226 | OL=1/6
      UAV users: [15, 5, 18, 11, 9, 14]
      Eff load:  [7.20, 1.79, 5.04, 6.93, 5.84, 5.21]

  -- Phase 2: Ground-Aware Monte Carlo Search --
  MC start: JointScore=0.9226 | Min=56.70 | JFI_eff=0.9002 | EffLoad=[7.20,1.79,5.04,6.93,5.84,5.21]
  MC round 0: JointScore=0.9445 | Min=55.29 | JFI_eff=0.9675 | r=60 | improved
  MC round 1: JointScore=0.9618 | Min=56.59 | JFI_eff=0.9805 | r=60 | improved
  MC round 2: JointScore=0.9618 | Min=56.59 | JFI_eff=0.9805 | r=42 | no change
  MC round 3: JointScore=0.9627 | Min=56.98 | JFI_eff=0.9757 | r=42 | improved
  MC round 4: JointScore=0.9628 | Min=58.75 | JFI_eff=0.9464 | r=42 | improved
  MC round 5: JointScore=0.9628 | Min=58.75 | JFI_eff=0.9464 | r=29 | no change
  MC round 6: JointScore=0.9632 | Min=57.73 | JFI_eff=0.9641 | r=29 | improved
  MC round 7: JointScore=0.9632 | Min=57.73 | JFI_eff=0.9641 | r=21 | no change
  MC done: JointScore=0.9632 | Min=57.73 | JFI_eff=0.9641 | EffLoad=[5.28,7.18,4.16,6.41,5.64,4.37]

  -> P2 wins | dMin=+1.03 | dJFI_eff=+0.0638 | dJointScore=+0.0405
      UAV users: [12, 9, 17, 9, 11, 13]
      Eff load:  [5.28, 7.18, 4.16, 6.41, 5.64, 4.37]
  LB-BVF:  min=57.7  JFI_eff=0.9641

============================================================
  [2/10] Seed = 51
============================================================
  Initial: min=39.5  JFI_eff=0.5035
Start Optimizing...
Iter  0 | Min: 41.7874 | Sum: 2869.3 | BestMin: 41.7874
Iter 10 | Min: 44.1937 | Sum: 3038.5 | BestMin: 50.8329
Iter 20 | Min: 58.9956 | Sum: 3279.8 | BestMin: 59.1859
Iter 30 | Min: 61.4386 | Sum: 3186.7 | BestMin: 61.4386
Iter 40 | Min: 57.3443 | Sum: 3138.0 | BestMin: 61.4386
Iter 50 | Min: 55.4673 | Sum: 3112.4 | BestMin: 61.4386
 Renewing...
Iter 60 | Min: 56.1573 | Sum: 3241.4 | BestMin: 61.4386
Iter 70 | Min: 60.7356 | Sum: 3170.7 | BestMin: 63.9074
  V6:      min=61.6  JFI_eff=0.8523
================================================================================
                  Load-Balanced BVF V6 (Ground-Aware MC Search)                 
================================================================================
  P1: Pure V6 | P2: 8x50 ground-aware MC search
  JointScore = 0.5*(min_rate/60.0) + 0.5*JFI_eff  [equal weights, normalized]
  JFI on dependency-weighted effective UAV load
================================================================================
Start Optimizing...
Iter  0 | Min: 41.7874 | Sum: 2869.3 | BestMin: 41.7874
Iter 10 | Min: 44.1937 | Sum: 3038.5 | BestMin: 50.8329
Iter 20 | Min: 58.9956 | Sum: 3279.8 | BestMin: 59.1859
Iter 30 | Min: 61.4386 | Sum: 3186.7 | BestMin: 61.4386
Iter 40 | Min: 57.3443 | Sum: 3138.0 | BestMin: 61.4386
Iter 50 | Min: 55.4673 | Sum: 3112.4 | BestMin: 61.4386
 Renewing...
Iter 60 | Min: 56.1573 | Sum: 3241.4 | BestMin: 61.4386
Iter 70 | Min: 60.7356 | Sum: 3170.7 | BestMin: 63.9074

  P1: Min=61.64 | JFI_eff=0.8523 | JointScore=0.9398 | OL=2/6
      UAV users: [14, 3, 4, 10, 9, 17]
      Eff load:  [6.07, 2.04, 2.17, 4.19, 3.42, 6.22]

  -- Phase 2: Ground-Aware Monte Carlo Search --
  MC start: JointScore=0.9398 | Min=61.64 | JFI_eff=0.8523 | EffLoad=[6.07,2.04,2.17,4.19,3.42,6.22]
  MC round 0: JointScore=0.9398 | Min=61.64 | JFI_eff=0.8523 | r=42 | no change
  MC round 1: JointScore=0.9398 | Min=61.64 | JFI_eff=0.8523 | r=29 | no change
  MC round 2: JointScore=0.9398 | Min=61.64 | JFI_eff=0.8523 | r=21 | no change
  MC round 3: JointScore=0.9417 | Min=61.82 | JFI_eff=0.8532 | r=21 | improved
  MC round 4: JointScore=0.9417 | Min=61.82 | JFI_eff=0.8532 | r=14 | no change
  MC round 5: JointScore=0.9417 | Min=61.82 | JFI_eff=0.8532 | r=10 | no change
  MC round 6: JointScore=0.9446 | Min=61.82 | JFI_eff=0.8589 | r=10 | improved
  MC round 7: JointScore=0.9446 | Min=61.82 | JFI_eff=0.8589 | r=7 | no change
  MC done: JointScore=0.9446 | Min=61.82 | JFI_eff=0.8589 | EffLoad=[6.35,2.01,2.00,4.14,3.40,4.00]

  -> P2 wins | dMin=+0.18 | dJFI_eff=+0.0066 | dJointScore=+0.0048
      UAV users: [14, 3, 4, 9, 9, 17]
      Eff load:  [6.35, 2.01, 2.00, 4.14, 3.40, 4.00]
  LB-BVF:  min=61.8  JFI_eff=0.8589

============================================================
  [3/10] Seed = 62
============================================================
  Initial: min=35.7  JFI_eff=0.4642
Start Optimizing...
Iter  0 | Min: 37.8749 | Sum: 2592.6 | BestMin: 37.8749
Iter 10 | Min: 51.0269 | Sum: 2994.6 | BestMin: 51.0269
Iter 20 | Min: 47.2190 | Sum: 2901.6 | BestMin: 51.3323
Iter 30 | Min: 45.5408 | Sum: 2855.9 | BestMin: 51.3323
Iter 40 | Min: 52.1018 | Sum: 3090.9 | BestMin: 52.6937
Iter 50 | Min: 48.9074 | Sum: 3053.4 | BestMin: 53.1403
Iter 60 | Min: 54.1810 | Sum: 3107.3 | BestMin: 54.6698
Iter 70 | Min: 53.8321 | Sum: 3139.4 | BestMin: 54.6698
  V6:      min=50.1  JFI_eff=0.8524
================================================================================
                  Load-Balanced BVF V6 (Ground-Aware MC Search)                 
================================================================================
  P1: Pure V6 | P2: 8x50 ground-aware MC search
  JointScore = 0.5*(min_rate/60.0) + 0.5*JFI_eff  [equal weights, normalized]
  JFI on dependency-weighted effective UAV load
================================================================================
Start Optimizing...
Iter  0 | Min: 37.8749 | Sum: 2592.6 | BestMin: 37.8749
Iter 10 | Min: 51.0269 | Sum: 2994.6 | BestMin: 51.0269
Iter 20 | Min: 47.2190 | Sum: 2901.6 | BestMin: 51.3323
Iter 30 | Min: 45.5408 | Sum: 2855.9 | BestMin: 51.3323
Iter 40 | Min: 52.1018 | Sum: 3090.9 | BestMin: 52.6937
Iter 50 | Min: 48.9074 | Sum: 3053.4 | BestMin: 53.1403
Iter 60 | Min: 54.1810 | Sum: 3107.3 | BestMin: 54.6698
Iter 70 | Min: 53.8321 | Sum: 3139.4 | BestMin: 54.6698

  P1: Min=50.06 | JFI_eff=0.8524 | JointScore=0.8434 | OL=1/6
      UAV users: [9, 11, 14, 10, 7, 15]
      Eff load:  [2.63, 7.20, 6.76, 3.67, 2.38, 4.42]

  -- Phase 2: Ground-Aware Monte Carlo Search --
  MC start: JointScore=0.8434 | Min=50.06 | JFI_eff=0.8524 | EffLoad=[2.63,7.20,6.76,3.67,2.38,4.42]
  MC round 0: JointScore=0.8754 | Min=50.04 | JFI_eff=0.9168 | r=60 | improved
  MC round 1: JointScore=0.8754 | Min=50.06 | JFI_eff=0.9164 | r=60 | improved
  MC round 2: JointScore=0.8818 | Min=51.24 | JFI_eff=0.9096 | r=60 | improved
  MC round 3: JointScore=0.8818 | Min=51.24 | JFI_eff=0.9096 | r=42 | no change
  MC round 4: JointScore=0.8818 | Min=51.24 | JFI_eff=0.9096 | r=29 | no change
  MC round 5: JointScore=0.8908 | Min=52.33 | JFI_eff=0.9095 | r=29 | improved
  MC round 6: JointScore=0.8908 | Min=52.33 | JFI_eff=0.9095 | r=21 | no change
  MC round 7: JointScore=0.8908 | Min=52.33 | JFI_eff=0.9095 | r=14 | no change
  MC done: JointScore=0.8908 | Min=52.33 | JFI_eff=0.9095 | EffLoad=[6.76,2.03,6.52,5.94,4.45,4.81]

  -> P2 wins | dMin=+2.26 | dJFI_eff=+0.0570 | dJointScore=+0.0474
      UAV users: [15, 3, 15, 15, 17, 8]
      Eff load:  [6.76, 2.03, 6.52, 5.94, 4.45, 4.81]
  LB-BVF:  min=52.3  JFI_eff=0.9095

============================================================
  [4/10] Seed = 71
============================================================
  Initial: min=36.9  JFI_eff=0.2478
Start Optimizing...
Iter  0 | Min: 41.8677 | Sum: 2644.5 | BestMin: 41.8677
Iter 10 | Min: 47.0303 | Sum: 2706.0 | BestMin: 50.1904
Iter 20 | Min: 53.8512 | Sum: 2891.1 | BestMin: 53.8512
Iter 30 | Min: 38.8787 | Sum: 3010.4 | BestMin: 57.2472
Iter 40 | Min: 56.7905 | Sum: 3068.9 | BestMin: 58.5759
Iter 50 | Min: 46.5647 | Sum: 2985.9 | BestMin: 58.5759
Iter 60 | Min: 48.5782 | Sum: 3096.0 | BestMin: 58.5759
 Renewing...
Iter 70 | Min: 51.9204 | Sum: 3002.5 | BestMin: 58.5759
  V6:      min=53.2  JFI_eff=0.8281
================================================================================
                  Load-Balanced BVF V6 (Ground-Aware MC Search)                 
================================================================================
  P1: Pure V6 | P2: 8x50 ground-aware MC search
  JointScore = 0.5*(min_rate/60.0) + 0.5*JFI_eff  [equal weights, normalized]
  JFI on dependency-weighted effective UAV load
================================================================================
Start Optimizing...
Iter  0 | Min: 41.8677 | Sum: 2644.5 | BestMin: 41.8677
Iter 10 | Min: 47.0303 | Sum: 2706.0 | BestMin: 50.1904
Iter 20 | Min: 53.8512 | Sum: 2891.1 | BestMin: 53.8512
Iter 30 | Min: 38.8787 | Sum: 3010.4 | BestMin: 57.2472
Iter 40 | Min: 56.7905 | Sum: 3068.9 | BestMin: 58.5759
Iter 50 | Min: 46.5647 | Sum: 2985.9 | BestMin: 58.5759
Iter 60 | Min: 48.5782 | Sum: 3096.0 | BestMin: 58.5759
 Renewing...
Iter 70 | Min: 51.9204 | Sum: 3002.5 | BestMin: 58.5759

  P1: Min=53.17 | JFI_eff=0.8281 | JointScore=0.8572 | OL=2/6
      UAV users: [8, 7, 15, 15, 7, 18]
      Eff load:  [5.90, 1.15, 4.09, 4.89, 1.98, 5.66]

  -- Phase 2: Ground-Aware Monte Carlo Search --
  MC start: JointScore=0.8572 | Min=53.17 | JFI_eff=0.8281 | EffLoad=[5.90,1.15,4.09,4.89,1.98,5.66]
  MC round 0: JointScore=0.8784 | Min=51.29 | JFI_eff=0.9019 | r=60 | improved
  MC round 1: JointScore=0.8990 | Min=54.82 | JFI_eff=0.8843 | r=60 | improved
  MC round 2: JointScore=0.8990 | Min=54.82 | JFI_eff=0.8843 | r=42 | no change
  MC round 3: JointScore=0.8990 | Min=54.82 | JFI_eff=0.8843 | r=29 | no change
  MC round 4: JointScore=0.8990 | Min=54.82 | JFI_eff=0.8843 | r=21 | no change
  MC round 5: JointScore=0.8990 | Min=54.82 | JFI_eff=0.8843 | r=14 | no change
  MC round 6: JointScore=0.8990 | Min=54.82 | JFI_eff=0.8843 | r=10 | no change
  MC round 7: JointScore=0.8990 | Min=54.82 | JFI_eff=0.8843 | r=7 | no change
  MC done: JointScore=0.8990 | Min=54.82 | JFI_eff=0.8843 | EffLoad=[5.77,6.03,6.06,5.15,1.18,4.21]

  -> P2 wins | dMin=+1.65 | dJFI_eff=+0.0562 | dJointScore=+0.0419
      UAV users: [9, 14, 16, 11, 5, 18]
      Eff load:  [5.77, 6.03, 6.06, 5.15, 1.18, 4.21]
  LB-BVF:  min=54.8  JFI_eff=0.8843

============================================================
  [5/10] Seed = 75
============================================================
  Initial: min=36.6  JFI_eff=0.4273
Start Optimizing...
Iter  0 | Min: 37.9799 | Sum: 2982.4 | BestMin: 37.9799
Iter 10 | Min: 53.1129 | Sum: 3114.2 | BestMin: 53.1129
Iter 20 | Min: 55.3619 | Sum: 3111.9 | BestMin: 56.4063
Iter 30 | Min: 48.0781 | Sum: 3114.8 | BestMin: 56.4063
Iter 40 | Min: 52.7159 | Sum: 3263.9 | BestMin: 56.5729
Iter 50 | Min: 52.5477 | Sum: 3289.9 | BestMin: 58.5170
Iter 60 | Min: 56.6004 | Sum: 3342.4 | BestMin: 58.5170
Iter 70 | Min: 54.9536 | Sum: 3191.9 | BestMin: 59.2693
  V6:      min=55.9  JFI_eff=0.7939
================================================================================
                  Load-Balanced BVF V6 (Ground-Aware MC Search)                 
================================================================================
  P1: Pure V6 | P2: 8x50 ground-aware MC search
  JointScore = 0.5*(min_rate/60.0) + 0.5*JFI_eff  [equal weights, normalized]
  JFI on dependency-weighted effective UAV load
================================================================================
Start Optimizing...
Iter  0 | Min: 37.9799 | Sum: 2982.4 | BestMin: 37.9799
Iter 10 | Min: 53.1129 | Sum: 3114.2 | BestMin: 53.1129
Iter 20 | Min: 55.3619 | Sum: 3111.9 | BestMin: 56.4063
Iter 30 | Min: 48.0781 | Sum: 3114.8 | BestMin: 56.4063
Iter 40 | Min: 52.7159 | Sum: 3263.9 | BestMin: 56.5729
Iter 50 | Min: 52.5477 | Sum: 3289.9 | BestMin: 58.5170
Iter 60 | Min: 56.6004 | Sum: 3342.4 | BestMin: 58.5170
Iter 70 | Min: 54.9536 | Sum: 3191.9 | BestMin: 59.2693

  P1: Min=55.93 | JFI_eff=0.7939 | JointScore=0.8630 | OL=1/6
      UAV users: [7, 12, 12, 7, 10, 15]
      Eff load:  [1.68, 5.53, 2.29, 1.99, 6.80, 4.64]

  -- Phase 2: Ground-Aware Monte Carlo Search --
  MC start: JointScore=0.8630 | Min=55.93 | JFI_eff=0.7939 | EffLoad=[1.68,5.53,2.29,1.99,6.80,4.64]
  MC round 0: JointScore=0.8630 | Min=55.93 | JFI_eff=0.7939 | r=42 | no change
  MC round 1: JointScore=0.8630 | Min=55.93 | JFI_eff=0.7939 | r=29 | no change
  MC round 2: JointScore=0.8751 | Min=51.52 | JFI_eff=0.8914 | r=29 | improved
  MC round 3: JointScore=0.9016 | Min=53.61 | JFI_eff=0.9098 | r=29 | improved
  MC round 4: JointScore=0.9029 | Min=53.41 | JFI_eff=0.9155 | r=29 | improved
  MC round 5: JointScore=0.9029 | Min=53.41 | JFI_eff=0.9155 | r=21 | no change
  MC round 6: JointScore=0.9040 | Min=54.86 | JFI_eff=0.8937 | r=21 | improved
  MC round 7: JointScore=0.9040 | Min=54.86 | JFI_eff=0.8937 | r=14 | no change
  MC done: JointScore=0.9040 | Min=54.86 | JFI_eff=0.8937 | EffLoad=[7.91,6.23,4.91,2.41,6.67,3.82]

  -> P2 wins | dMin=-1.07 | dJFI_eff=+0.0997 | dJointScore=+0.0410
      UAV users: [16, 11, 15, 3, 11, 13]
      Eff load:  [7.91, 6.23, 4.91, 2.41, 6.67, 3.82]
  LB-BVF:  min=54.9  JFI_eff=0.8937

============================================================
  [6/10] Seed = 33
============================================================
  Initial: min=47.9  JFI_eff=0.4871
Start Optimizing...
Iter  0 | Min: 50.2804 | Sum: 2963.8 | BestMin: 50.2804
Iter 10 | Min: 51.9013 | Sum: 3102.9 | BestMin: 54.7871
Iter 20 | Min: 54.4746 | Sum: 3235.1 | BestMin: 58.0210
Iter 30 | Min: 51.0416 | Sum: 3324.4 | BestMin: 59.5545
Iter 40 | Min: 53.5342 | Sum: 3294.6 | BestMin: 62.3861
Iter 50 | Min: 56.8043 | Sum: 3272.9 | BestMin: 64.2299
Iter 60 | Min: 50.1501 | Sum: 3299.0 | BestMin: 64.2299
Iter 70 | Min: 52.3613 | Sum: 3280.2 | BestMin: 64.2299
  V6:      min=49.1  JFI_eff=0.9275
================================================================================
                  Load-Balanced BVF V6 (Ground-Aware MC Search)                 
================================================================================
  P1: Pure V6 | P2: 8x50 ground-aware MC search
  JointScore = 0.5*(min_rate/60.0) + 0.5*JFI_eff  [equal weights, normalized]
  JFI on dependency-weighted effective UAV load
================================================================================
Start Optimizing...
Iter  0 | Min: 50.2804 | Sum: 2963.8 | BestMin: 50.2804
Iter 10 | Min: 51.9013 | Sum: 3102.9 | BestMin: 54.7871
Iter 20 | Min: 54.4746 | Sum: 3235.1 | BestMin: 58.0210
Iter 30 | Min: 51.0416 | Sum: 3324.4 | BestMin: 59.5545
Iter 40 | Min: 53.5342 | Sum: 3294.6 | BestMin: 62.3861
Iter 50 | Min: 56.8043 | Sum: 3272.9 | BestMin: 64.2299
Iter 60 | Min: 50.1501 | Sum: 3299.0 | BestMin: 64.2299
Iter 70 | Min: 52.3613 | Sum: 3280.2 | BestMin: 64.2299

  P1: Min=49.14 | JFI_eff=0.9275 | JointScore=0.8732 | OL=0/6
      UAV users: [13, 8, 16, 14, 16, 8]
      Eff load:  [7.49, 4.66, 10.81, 6.97, 10.73, 6.76]

  -- Phase 2: Ground-Aware Monte Carlo Search --
  MC start: JointScore=0.8732 | Min=49.14 | JFI_eff=0.9275 | EffLoad=[7.49,4.66,10.81,6.97,10.73,6.76]
  MC round 0: JointScore=0.8866 | Min=53.95 | JFI_eff=0.8740 | r=60 | improved
  MC round 1: JointScore=0.8866 | Min=53.95 | JFI_eff=0.8740 | r=42 | no change
  MC round 2: JointScore=0.8866 | Min=53.95 | JFI_eff=0.8740 | r=29 | no change
  MC round 3: JointScore=0.8866 | Min=53.95 | JFI_eff=0.8740 | r=21 | no change
  MC round 4: JointScore=0.8866 | Min=53.95 | JFI_eff=0.8740 | r=14 | no change
  MC round 5: JointScore=0.8866 | Min=53.95 | JFI_eff=0.8740 | r=10 | no change
  MC round 6: JointScore=0.8913 | Min=54.39 | JFI_eff=0.8761 | r=10 | improved
  MC round 7: JointScore=0.8913 | Min=54.39 | JFI_eff=0.8761 | r=7 | no change
  MC done: JointScore=0.8913 | Min=54.39 | JFI_eff=0.8761 | EffLoad=[7.00,2.41,10.91,7.47,11.65,9.22]

  -> P2 wins | dMin=+5.25 | dJFI_eff=-0.0514 | dJointScore=+0.0180
      UAV users: [14, 6, 17, 14, 17, 11]
      Eff load:  [7.00, 2.41, 10.91, 7.47, 11.65, 9.22]
  LB-BVF:  min=54.4  JFI_eff=0.8761

============================================================
  [7/10] Seed = 88
============================================================
  Initial: min=43.9  JFI_eff=0.5007
Start Optimizing...
Iter  0 | Min: 46.8645 | Sum: 2666.9 | BestMin: 46.8645
Iter 10 | Min: 50.6326 | Sum: 2960.6 | BestMin: 55.4053
Iter 20 | Min: 56.4792 | Sum: 3135.9 | BestMin: 57.9033
Iter 30 | Min: 53.6485 | Sum: 3133.5 | BestMin: 57.9033
Iter 40 | Min: 51.4007 | Sum: 3113.1 | BestMin: 57.9033
 Renewing...
Iter 50 | Min: 52.0108 | Sum: 3040.6 | BestMin: 57.9033
Iter 60 | Min: 48.9515 | Sum: 3179.7 | BestMin: 57.9033
Iter 70 | Min: 48.7799 | Sum: 3078.3 | BestMin: 60.8496
  V6:      min=53.3  JFI_eff=0.7308
================================================================================
                  Load-Balanced BVF V6 (Ground-Aware MC Search)                 
================================================================================
  P1: Pure V6 | P2: 8x50 ground-aware MC search
  JointScore = 0.5*(min_rate/60.0) + 0.5*JFI_eff  [equal weights, normalized]
  JFI on dependency-weighted effective UAV load
================================================================================
Start Optimizing...
Iter  0 | Min: 46.8645 | Sum: 2666.9 | BestMin: 46.8645
Iter 10 | Min: 50.6326 | Sum: 2960.6 | BestMin: 55.4053
Iter 20 | Min: 56.4792 | Sum: 3135.9 | BestMin: 57.9033
Iter 30 | Min: 53.6485 | Sum: 3133.5 | BestMin: 57.9033
Iter 40 | Min: 51.4007 | Sum: 3113.1 | BestMin: 57.9033
 Renewing...
Iter 50 | Min: 52.0108 | Sum: 3040.6 | BestMin: 57.9033
Iter 60 | Min: 48.9515 | Sum: 3179.7 | BestMin: 57.9033
Iter 70 | Min: 48.7799 | Sum: 3078.3 | BestMin: 60.8496

  P1: Min=53.27 | JFI_eff=0.7308 | JointScore=0.8093 | OL=2/6
      UAV users: [8, 11, 1, 13, 7, 17]
      Eff load:  [2.09, 4.91, 0.02, 8.01, 4.57, 6.02]

  -- Phase 2: Ground-Aware Monte Carlo Search --
  MC start: JointScore=0.8093 | Min=53.27 | JFI_eff=0.7308 | EffLoad=[2.09,4.91,0.02,8.01,4.57,6.02]
  MC round 0: JointScore=0.9175 | Min=53.60 | JFI_eff=0.9416 | r=60 | improved
  MC round 1: JointScore=0.9175 | Min=53.60 | JFI_eff=0.9416 | r=42 | no change
  MC round 2: JointScore=0.9232 | Min=56.24 | JFI_eff=0.9090 | r=42 | improved
  MC round 3: JointScore=0.9283 | Min=54.48 | JFI_eff=0.9487 | r=42 | improved
  MC round 4: JointScore=0.9361 | Min=54.79 | JFI_eff=0.9590 | r=42 | improved
  MC round 5: JointScore=0.9361 | Min=54.79 | JFI_eff=0.9590 | r=29 | no change
  MC round 6: JointScore=0.9491 | Min=55.64 | JFI_eff=0.9709 | r=29 | improved
  MC round 7: JointScore=0.9491 | Min=55.64 | JFI_eff=0.9709 | r=21 | no change
  MC done: JointScore=0.9491 | Min=55.64 | JFI_eff=0.9709 | EffLoad=[5.76,4.58,5.36,4.29,7.20,5.98]

  -> P2 wins | dMin=+2.37 | dJFI_eff=+0.2401 | dJointScore=+0.1398
      UAV users: [11, 11, 6, 6, 8, 17]
      Eff load:  [5.76, 4.58, 5.36, 4.29, 7.20, 5.98]
  LB-BVF:  min=55.6  JFI_eff=0.9709

============================================================
  [8/10] Seed = 99
============================================================
  Initial: min=37.5  JFI_eff=0.5199
Start Optimizing...
Iter  0 | Min: 37.9158 | Sum: 2548.4 | BestMin: 37.9158
Iter 10 | Min: 43.8281 | Sum: 2821.7 | BestMin: 48.4414
Iter 20 | Min: 54.1474 | Sum: 3081.7 | BestMin: 55.2765
Iter 30 | Min: 53.7773 | Sum: 3179.6 | BestMin: 55.9289
Iter 40 | Min: 54.1135 | Sum: 3114.7 | BestMin: 58.1159
Iter 50 | Min: 53.5928 | Sum: 3067.6 | BestMin: 58.1159
Iter 60 | Min: 48.3600 | Sum: 3133.7 | BestMin: 58.1159
 Renewing...
Iter 70 | Min: 53.2515 | Sum: 2977.3 | BestMin: 58.1159
  V6:      min=43.2  JFI_eff=0.8286
================================================================================
                  Load-Balanced BVF V6 (Ground-Aware MC Search)                 
================================================================================
  P1: Pure V6 | P2: 8x50 ground-aware MC search
  JointScore = 0.5*(min_rate/60.0) + 0.5*JFI_eff  [equal weights, normalized]
  JFI on dependency-weighted effective UAV load
================================================================================
Start Optimizing...
Iter  0 | Min: 37.9158 | Sum: 2548.4 | BestMin: 37.9158
Iter 10 | Min: 43.8281 | Sum: 2821.7 | BestMin: 48.4414
Iter 20 | Min: 54.1474 | Sum: 3081.7 | BestMin: 55.2765
Iter 30 | Min: 53.7773 | Sum: 3179.6 | BestMin: 55.9289
Iter 40 | Min: 54.1135 | Sum: 3114.7 | BestMin: 58.1159
Iter 50 | Min: 53.5928 | Sum: 3067.6 | BestMin: 58.1159
Iter 60 | Min: 48.3600 | Sum: 3133.7 | BestMin: 58.1159
 Renewing...
Iter 70 | Min: 53.2515 | Sum: 2977.3 | BestMin: 58.1159

  P1: Min=43.15 | JFI_eff=0.8286 | JointScore=0.7739 | OL=1/6
      UAV users: [4, 11, 12, 10, 6, 17]
      Eff load:  [3.83, 8.41, 8.84, 5.44, 1.82, 4.45]

  -- Phase 2: Ground-Aware Monte Carlo Search --
  MC start: JointScore=0.7739 | Min=43.15 | JFI_eff=0.8286 | EffLoad=[3.83,8.41,8.84,5.44,1.82,4.45]
  MC round 0: JointScore=0.8069 | Min=41.16 | JFI_eff=0.9278 | r=60 | improved
  MC round 1: JointScore=0.8214 | Min=43.13 | JFI_eff=0.9239 | r=60 | improved
  MC round 2: JointScore=0.8214 | Min=43.13 | JFI_eff=0.9239 | r=42 | no change
  MC round 3: JointScore=0.8214 | Min=43.13 | JFI_eff=0.9239 | r=29 | no change
  MC round 4: JointScore=0.8214 | Min=43.13 | JFI_eff=0.9239 | r=21 | no change
  MC round 5: JointScore=0.8214 | Min=43.13 | JFI_eff=0.9239 | r=14 | no change
  MC round 6: JointScore=0.8321 | Min=42.34 | JFI_eff=0.9584 | r=14 | improved
  MC round 7: JointScore=0.8349 | Min=43.30 | JFI_eff=0.9481 | r=14 | improved
  MC done: JointScore=0.8349 | Min=43.30 | JFI_eff=0.9481 | EffLoad=[8.00,6.34,8.59,4.60,6.61,4.64]

  -> P2 wins | dMin=+0.15 | dJFI_eff=+0.1196 | dJointScore=+0.0610
      UAV users: [8, 12, 9, 10, 7, 17]
      Eff load:  [8.00, 6.34, 8.59, 4.60, 6.61, 4.64]
  LB-BVF:  min=43.3  JFI_eff=0.9481

============================================================
  [9/10] Seed = 107
============================================================
  Initial: min=28.2  JFI_eff=0.4398
Start Optimizing...
Iter  0 | Min: 28.1640 | Sum: 2655.5 | BestMin: 28.1640
Iter 10 | Min: 30.6967 | Sum: 2772.2 | BestMin: 38.1231
Iter 20 | Min: 44.1568 | Sum: 2777.9 | BestMin: 45.0380
Iter 30 | Min: 37.3940 | Sum: 2882.7 | BestMin: 47.2308
Iter 40 | Min: 48.0962 | Sum: 3020.5 | BestMin: 48.0962
Iter 50 | Min: 49.7250 | Sum: 3019.1 | BestMin: 55.1841
Iter 60 | Min: 47.1511 | Sum: 3002.0 | BestMin: 55.1841
Iter 70 | Min: 51.9048 | Sum: 3024.4 | BestMin: 56.1285
  V6:      min=51.8  JFI_eff=0.8991
================================================================================
                  Load-Balanced BVF V6 (Ground-Aware MC Search)                 
================================================================================
  P1: Pure V6 | P2: 8x50 ground-aware MC search
  JointScore = 0.5*(min_rate/60.0) + 0.5*JFI_eff  [equal weights, normalized]
  JFI on dependency-weighted effective UAV load
================================================================================
Start Optimizing...
Iter  0 | Min: 28.1640 | Sum: 2655.5 | BestMin: 28.1640
Iter 10 | Min: 30.6967 | Sum: 2772.2 | BestMin: 38.1231
Iter 20 | Min: 44.1568 | Sum: 2777.9 | BestMin: 45.0380
Iter 30 | Min: 37.3940 | Sum: 2882.7 | BestMin: 47.2308
Iter 40 | Min: 48.0962 | Sum: 3020.5 | BestMin: 48.0962
Iter 50 | Min: 49.7250 | Sum: 3019.1 | BestMin: 55.1841
Iter 60 | Min: 47.1511 | Sum: 3002.0 | BestMin: 55.1841
Iter 70 | Min: 51.9048 | Sum: 3024.4 | BestMin: 56.1285

  P1: Min=51.77 | JFI_eff=0.8991 | JointScore=0.8810 | OL=1/6
      UAV users: [11, 12, 12, 17, 9, 12]
      Eff load:  [4.96, 6.92, 4.72, 7.16, 2.72, 3.28]

  -- Phase 2: Ground-Aware Monte Carlo Search --
  MC start: JointScore=0.8810 | Min=51.77 | JFI_eff=0.8991 | EffLoad=[4.96,6.92,4.72,7.16,2.72,3.28]
  MC round 0: JointScore=0.8997 | Min=56.38 | JFI_eff=0.8598 | r=60 | improved
  MC round 1: JointScore=0.8997 | Min=56.38 | JFI_eff=0.8598 | r=42 | no change
  MC round 2: JointScore=0.9113 | Min=56.29 | JFI_eff=0.8844 | r=42 | improved
  MC round 3: JointScore=0.9174 | Min=53.66 | JFI_eff=0.9405 | r=42 | improved
  MC round 4: JointScore=0.9174 | Min=53.66 | JFI_eff=0.9405 | r=29 | no change
  MC round 5: JointScore=0.9174 | Min=53.66 | JFI_eff=0.9405 | r=21 | no change
  MC round 6: JointScore=0.9174 | Min=53.66 | JFI_eff=0.9405 | r=14 | no change
  MC round 7: JointScore=0.9174 | Min=53.66 | JFI_eff=0.9405 | r=10 | no change
  MC done: JointScore=0.9174 | Min=53.66 | JFI_eff=0.9405 | EffLoad=[4.04,5.00,2.51,5.94,3.69,4.94]

  -> P2 wins | dMin=+1.89 | dJFI_eff=+0.0414 | dJointScore=+0.0364
      UAV users: [6, 16, 8, 16, 14, 11]
      Eff load:  [4.04, 5.00, 2.51, 5.94, 3.69, 4.94]
  LB-BVF:  min=53.7  JFI_eff=0.9405

============================================================
  [10/10] Seed = 123
============================================================
  Initial: min=50.9  JFI_eff=0.6360
Start Optimizing...
Iter  0 | Min: 47.4971 | Sum: 3037.9 | BestMin: 47.4971
Iter 10 | Min: 48.9232 | Sum: 3025.8 | BestMin: 54.7495
Iter 20 | Min: 43.2969 | Sum: 3219.7 | BestMin: 59.2724
Iter 30 | Min: 51.2884 | Sum: 3180.5 | BestMin: 59.2724
Iter 40 | Min: 53.5739 | Sum: 3276.5 | BestMin: 63.9498
Iter 50 | Min: 57.2971 | Sum: 3305.6 | BestMin: 63.9498
 Renewing...
Iter 60 | Min: 62.2862 | Sum: 3301.9 | BestMin: 63.9498
Iter 70 | Min: 50.8060 | Sum: 3194.6 | BestMin: 63.9498
  V6:      min=62.3  JFI_eff=0.9818
================================================================================
                  Load-Balanced BVF V6 (Ground-Aware MC Search)                 
================================================================================
  P1: Pure V6 | P2: 8x50 ground-aware MC search
  JointScore = 0.5*(min_rate/60.0) + 0.5*JFI_eff  [equal weights, normalized]
  JFI on dependency-weighted effective UAV load
================================================================================
Start Optimizing...
Iter  0 | Min: 47.4971 | Sum: 3037.9 | BestMin: 47.4971
Iter 10 | Min: 48.9232 | Sum: 3025.8 | BestMin: 54.7495
Iter 20 | Min: 43.2969 | Sum: 3219.7 | BestMin: 59.2724
Iter 30 | Min: 51.2884 | Sum: 3180.5 | BestMin: 59.2724
Iter 40 | Min: 53.5739 | Sum: 3276.5 | BestMin: 63.9498
Iter 50 | Min: 57.2971 | Sum: 3305.6 | BestMin: 63.9498
 Renewing...
Iter 60 | Min: 62.2862 | Sum: 3301.9 | BestMin: 63.9498
Iter 70 | Min: 50.8060 | Sum: 3194.6 | BestMin: 63.9498

  P1: Min=62.35 | JFI_eff=0.9818 | JointScore=1.0104 | OL=1/6
      UAV users: [14, 11, 8, 10, 16, 11]
      Eff load:  [6.96, 5.62, 6.22, 5.22, 7.17, 5.02]

  -- Phase 2: Ground-Aware Monte Carlo Search --
  MC start: JointScore=1.0104 | Min=62.35 | JFI_eff=0.9818 | EffLoad=[6.96,5.62,6.22,5.22,7.17,5.02]
  MC round 0: JointScore=1.0219 | Min=64.47 | JFI_eff=0.9693 | r=60 | improved
  MC round 1: JointScore=1.0219 | Min=64.47 | JFI_eff=0.9693 | r=42 | no change
  MC round 2: JointScore=1.0219 | Min=64.47 | JFI_eff=0.9693 | r=29 | no change
  MC round 3: JointScore=1.0252 | Min=65.28 | JFI_eff=0.9626 | r=29 | improved
  MC round 4: JointScore=1.0252 | Min=65.28 | JFI_eff=0.9626 | r=21 | no change
  MC round 5: JointScore=1.0308 | Min=66.19 | JFI_eff=0.9585 | r=21 | improved
  MC round 6: JointScore=1.0308 | Min=66.19 | JFI_eff=0.9585 | r=14 | no change
  MC round 7: JointScore=1.0308 | Min=66.19 | JFI_eff=0.9585 | r=10 | no change
  MC done: JointScore=1.0308 | Min=66.19 | JFI_eff=0.9585 | EffLoad=[5.55,6.14,3.31,4.69,6.50,4.62]

  -> P2 wins | dMin=+3.84 | dJFI_eff=-0.0233 | dJointScore=+0.0204
      UAV users: [12, 14, 5, 9, 16, 11]
      Eff load:  [5.55, 6.14, 3.31, 4.69, 6.50, 4.62]
  LB-BVF:  min=66.2  JFI_eff=0.9585


============================================================
  JFI Stats:
    Initial mean = 0.4633 ± 0.0938
    V6      mean = 0.8595 ± 0.0676
    LB-BVF  mean = 0.9204 ± 0.0387
  Rate 10th pct: Init=49.6  V6=62.4  LB=62.0
  Rate 90th pct: Init=92.0  V6=96.4  LB=97.5
============================================================

Saved: result/lb_experiment/jfi_comparison.png
Saved: result/lb_experiment/user_rate_cdf.png

Done.
