
==========================================================================================
  Scenario: UNIFORM | Seed=42 | K=100, L=16, G=9
==========================================================================================
[Initial] Min=28.72 | Sum=4391.5 | JFI=0.9550 | OL=2/16

──────────────────────────────────────────────────────────────────────────────────────────
[1/6] LB-BVF V6 (7 forces)
──────────────────────────────────────────────────────────────────────────────────────────
================================================================================
                     Load-Balanced BVF V6 (7 Virtual Forces)                    
================================================================================
  Force #7: Load Balance (w=0.12, threshold=1.25x, K=3e+04)
  Objective: max min_rate | JFI tiebreak (tol=0.5)
================================================================================
Iter   0 | Min= 25.26 | Sum= 4490.3 | JFI=0.9581 | OL=2/16 | Best=25.26
Iter  10 | Min= 31.91 | Sum= 4387.5 | JFI=0.9686 | OL=1/16 | Best=34.58
Iter  20 | Min= 29.25 | Sum= 4358.7 | JFI=0.9449 | OL=3/16 | Best=34.58
  Restart #1 @ iter 29
Iter  30 | Min= 26.82 | Sum= 4182.2 | JFI=0.9289 | OL=3/16 | Best=34.58
Iter  40 | Min= 31.27 | Sum= 4267.6 | JFI=0.9284 | OL=4/16 | Best=34.58
Iter  50 | Min= 24.32 | Sum= 4269.5 | JFI=0.9436 | OL=3/16 | Best=34.58
  Restart #2 @ iter 54
Iter  60 | Min= 29.57 | Sum= 4448.9 | JFI=0.9358 | OL=5/16 | Best=34.58
Iter  70 | Min= 25.64 | Sum= 4307.3 | JFI=0.9285 | OL=3/16 | Best=34.58
Iter  79 | Min= 30.78 | Sum= 4359.4 | JFI=0.9404 | OL=2/16 | Best=34.58

Done (best@iter=4, restarts=2)
  Min=31.52 | Sum=4490.8 | JFI=0.9466 | OL=2/16
  => Min=27.40 | Sum=4457.0 | JFI=0.9469 | OL=2/16 | 31.0s

──────────────────────────────────────────────────────────────────────────────────────────
[2/6] BVF V6 (6 forces, no LB)
──────────────────────────────────────────────────────────────────────────────────────────
Start Optimizing...
Iter  0 | Min: 30.1534 | Sum: 4450.8 | BestMin: 30.1534
Iter 10 | Min: 31.4825 | Sum: 4421.8 | BestMin: 33.0714
Iter 20 | Min: 28.4932 | Sum: 4309.9 | BestMin: 33.0714
 Renewing...
Iter 40 | Min: 25.8927 | Sum: 4371.9 | BestMin: 33.0714
Iter 50 | Min: 28.9641 | Sum: 4425.7 | BestMin: 33.0714
Iter 60 | Min: 30.5979 | Sum: 4416.3 | BestMin: 33.1923
Iter 70 | Min: 30.1260 | Sum: 4454.1 | BestMin: 33.1923
  => Min=27.02 | Sum=4424.3 | JFI=0.9392 | OL=1/16 | 30.9s

──────────────────────────────────────────────────────────────────────────────────────────
[3/6] K-means Deployment
──────────────────────────────────────────────────────────────────────────────────────────
  => Min=28.96 | Sum=4519.8 | JFI=0.9098 | OL=3/16 | 0.0s

──────────────────────────────────────────────────────────────────────────────────────────
[4/6] Discrete GA
──────────────────────────────────────────────────────────────────────────────────────────
离散网格生成完成: 9x9 = 81个候选点
开始离散遗传算法优化（网格: 9x9）...
Gen 0: Fitness=3.1314, Sum=3229.80Mbps, Min=21.8488Mbps, Time=3.201s
Gen 10: Fitness=3.3027, Sum=3342.82Mbps, Min=25.5256Mbps, Time=3.197s
Gen 20: Fitness=3.3036, Sum=3371.90Mbps, Min=24.5122Mbps, Time=3.218s
Gen 30: Fitness=3.3337, Sum=3341.46Mbps, Min=25.3958Mbps, Time=3.122s
Gen 40: Fitness=3.3337, Sum=3384.27Mbps, Min=26.1080Mbps, Time=3.167s

🎉 离散遗传算法优化完成!
✨ 最佳性能出现在第 23 代
📊 最终总速率: 3342.26 Mbps
🎯 最终最小速率: 26.9420 Mbps
📈 速率标准差: 3.3737 Mbps
⏱️  优化时间: 156.98 秒
⚡ 平均每代: 3.140 秒
🎲 使用网格点: [8, 9, 11, 13, 15, 17, 18, 36, 41, 52, 69, 73, 74, 75, 77, 78]
  => Min=24.57 | Sum=4333.3 | JFI=0.9519 | OL=2/16 | 157.3s

──────────────────────────────────────────────────────────────────────────────────────────
[5/6] Distributed PSO
──────────────────────────────────────────────────────────────────────────────────────────
✅ 分布式PSO优化器初始化完成
   - 粒子数量: 30
   - 最大迭代次数: 50
   - PSO参数: w=0.729, c1=1.49445, c2=1.49445

================================================================================
                            分布式PSO优化算法 (Algorithm 2)                            
================================================================================

[Step 1] 初始化粒子群...
   ✓ 粒子群初始化完成
   ✓ 初始全局最佳适应度: 57.3505

[开始迭代] 最大迭代次数: 50
--------------------------------------------------------------------------------
Iter   0 | Fitness:  57.3505 | Min Rate: 23.7834 Mbps | Sum Rate:  3314.79 Mbps | Mean Rate: 33.1479 Mbps
Iter  10 | Fitness:  58.6361 | Min Rate: 23.0899 Mbps | Sum Rate:  3323.05 Mbps | Mean Rate: 33.2305 Mbps
Iter  20 | Fitness:  60.9722 | Min Rate: 26.7003 Mbps | Sum Rate:  3322.91 Mbps | Mean Rate: 33.2291 Mbps
Iter  30 | Fitness:  60.9722 | Min Rate: 24.7106 Mbps | Sum Rate:  3337.84 Mbps | Mean Rate: 33.3784 Mbps
Iter  40 | Fitness:  61.0075 | Min Rate: 25.3633 Mbps | Sum Rate:  3327.85 Mbps | Mean Rate: 33.2785 Mbps
Iter  49 | Fitness:  61.5429 | Min Rate: 25.6441 Mbps | Sum Rate:  3354.90 Mbps | Mean Rate: 33.5490 Mbps

================================================================================
                                      优化完成                                      
================================================================================

📊 最终性能指标:
   - 总速率 (Sum Rate):      3341.33 Mbps
   - 最小速率 (Min Rate):    26.6127 Mbps
   - 平均速率 (Mean Rate):   33.4133 Mbps
   - 速率标准差 (Std):        3.4247 Mbps
   - 最佳适应度 (Fitness):   61.5429

📈 性能提升:
   - 总速率提升:   +0.80%
   - 最小速率提升: +11.90%

⏱️  计算时间:
   - 总优化时间: 648.64 秒
   - 平均每代:   12.973 秒
  => Min=28.93 | Sum=4459.3 | JFI=0.9693 | OL=1/16 | 649.1s

──────────────────────────────────────────────────────────────────────────────────────────
[6/6] NewSSA
──────────────────────────────────────────────────────────────────────────────────────────
================================================================================
开始NewSSA优化（论文算法）...
  • 改进1: OBL策略 + 折射原理（公式18）
  • 改进2: 正弦-余弦搜索（公式20）
  • 改进3: 自适应参数r1和w（公式21-22）
  • 麻雀数量: 30
  • 最大迭代: 50
  • 生产者: 20%, 警戒者: 15%
================================================================================

[1/5] OBL策略 + 折射原理初始化...
[2/5] 计算初始适应度...
  ✓ 初始最优适应度: 26.8261 Mbps

[3/5] 开始迭代优化（50次）...
--------------------------------------------------------------------------------
Iter  10/50: Sum=3489.53Mbps, Min=27.6248Mbps, Time=28.422s
Iter  20/50: Sum=3489.53Mbps, Min=27.6248Mbps, Time=22.241s
Iter  30/50: Sum=3489.53Mbps, Min=27.6248Mbps, Time=22.386s
Iter  40/50: Sum=3489.53Mbps, Min=27.6248Mbps, Time=23.314s
Iter  50/50: Sum=3489.53Mbps, Min=27.6248Mbps, Time=25.526s

[4/5] 整理最终结果...

[5/5] 优化完成!
================================================================================
🎉 NewSSA优化完成!
📊 最终总速率: 3489.53 Mbps
🎯 最终最小速率: 27.6248 Mbps
📈 平均速率: 34.9748 Mbps
⏱️  优化时间: 1297.63 秒
================================================================================
  => Min=25.38 | Sum=4121.6 | JFI=0.8394 | OL=6/16 | 1313.7s

Saved: result/lb_experiment/uniform_seed42.json
Plot saved: result/lb_experiment/uniform_seed42.png

==========================================================================================
  Scenario: HOTSPOT | Seed=42 | K=100, L=16, G=9
==========================================================================================
[Initial] Min=19.81 | Sum=4029.7 | JFI=0.7462 | OL=6/16

──────────────────────────────────────────────────────────────────────────────────────────
[1/6] LB-BVF V6 (7 forces)
──────────────────────────────────────────────────────────────────────────────────────────
================================================================================
                     Load-Balanced BVF V6 (7 Virtual Forces)                    
================================================================================
  Force #7: Load Balance (w=0.12, threshold=1.25x, K=3e+04)
  Objective: max min_rate | JFI tiebreak (tol=0.5)
================================================================================
Iter   0 | Min= 20.23 | Sum= 4079.3 | JFI=0.7522 | OL=6/16 | Best=20.23
Iter  10 | Min= 18.65 | Sum= 4089.4 | JFI=0.8725 | OL=3/16 | Best=22.63
Iter  20 | Min= 22.31 | Sum= 4199.6 | JFI=0.9281 | OL=2/16 | Best=26.13
Iter  30 | Min= 24.94 | Sum= 4367.7 | JFI=0.8812 | OL=3/16 | Best=28.23
Iter  40 | Min= 31.55 | Sum= 4357.3 | JFI=0.9407 | OL=4/16 | Best=31.55
Iter  50 | Min= 30.27 | Sum= 4295.3 | JFI=0.9063 | OL=3/16 | Best=32.27
Iter  60 | Min= 30.42 | Sum= 4368.7 | JFI=0.9521 | OL=3/16 | Best=32.27
Iter  70 | Min= 28.26 | Sum= 4368.0 | JFI=0.9186 | OL=2/16 | Best=32.27
Iter  79 | Min= 29.64 | Sum= 4269.9 | JFI=0.9477 | OL=3/16 | Best=32.27

Done (best@iter=45, restarts=0)
  Min=29.92 | Sum=4364.5 | JFI=0.9490 | OL=1/16
  => Min=29.98 | Sum=4379.6 | JFI=0.9470 | OL=1/16 | 35.8s

──────────────────────────────────────────────────────────────────────────────────────────
[2/6] BVF V6 (6 forces, no LB)
──────────────────────────────────────────────────────────────────────────────────────────
Start Optimizing...
Iter  0 | Min: 15.0302 | Sum: 4046.5 | BestMin: 15.0302
Iter 10 | Min: 19.2134 | Sum: 3983.6 | BestMin: 22.1778
Iter 20 | Min: 28.4545 | Sum: 4253.7 | BestMin: 28.4545
Iter 30 | Min: 26.4865 | Sum: 4336.6 | BestMin: 30.4162
Iter 40 | Min: 28.3934 | Sum: 4340.1 | BestMin: 31.8988
Iter 50 | Min: 27.2951 | Sum: 4362.7 | BestMin: 31.8988
 Renewing...
Iter 60 | Min: 30.7383 | Sum: 4462.1 | BestMin: 31.8988
Iter 70 | Min: 30.6243 | Sum: 4450.8 | BestMin: 31.8988
  => Min=31.33 | Sum=4442.9 | JFI=0.9554 | OL=2/16 | 39.5s

──────────────────────────────────────────────────────────────────────────────────────────
[3/6] K-means Deployment
──────────────────────────────────────────────────────────────────────────────────────────
  => Min=18.65 | Sum=4343.1 | JFI=0.7752 | OL=6/16 | 0.0s

──────────────────────────────────────────────────────────────────────────────────────────
[4/6] Discrete GA
──────────────────────────────────────────────────────────────────────────────────────────
离散网格生成完成: 9x9 = 81个候选点
开始离散遗传算法优化（网格: 9x9）...
Gen 0: Fitness=2.8779, Sum=3004.90Mbps, Min=16.9113Mbps, Time=3.918s
Gen 10: Fitness=3.1551, Sum=3150.71Mbps, Min=22.1138Mbps, Time=3.551s
Gen 20: Fitness=3.1625, Sum=3235.62Mbps, Min=22.4933Mbps, Time=5.421s
Gen 30: Fitness=3.1756, Sum=3172.66Mbps, Min=22.5783Mbps, Time=5.082s
Gen 40: Fitness=3.1894, Sum=3231.27Mbps, Min=22.5938Mbps, Time=3.188s

🎉 离散遗传算法优化完成!
✨ 最佳性能出现在第 36 代
📊 最终总速率: 3237.49 Mbps
🎯 最终最小速率: 23.1393 Mbps
📈 速率标准差: 7.2375 Mbps
⏱️  优化时间: 216.62 秒
⚡ 平均每代: 4.332 秒
🎲 使用网格点: [0, 10, 15, 16, 19, 20, 37, 42, 43, 45, 60, 66, 70, 74, 79, 80]
  => Min=20.72 | Sum=4191.6 | JFI=0.7254 | OL=6/16 | 216.9s

──────────────────────────────────────────────────────────────────────────────────────────
[5/6] Distributed PSO
──────────────────────────────────────────────────────────────────────────────────────────
✅ 分布式PSO优化器初始化完成
   - 粒子数量: 30
   - 最大迭代次数: 50
   - PSO参数: w=0.729, c1=1.49445, c2=1.49445

================================================================================
                            分布式PSO优化算法 (Algorithm 2)                            
================================================================================

[Step 1] 初始化粒子群...
   ✓ 粒子群初始化完成
   ✓ 初始全局最佳适应度: 53.8070

[开始迭代] 最大迭代次数: 50
--------------------------------------------------------------------------------
Iter   0 | Fitness:  54.5607 | Min Rate: 21.5120 Mbps | Sum Rate:  3212.05 Mbps | Mean Rate: 32.1205 Mbps
Iter  10 | Fitness:  56.6471 | Min Rate: 22.5193 Mbps | Sum Rate:  3239.78 Mbps | Mean Rate: 32.3978 Mbps
Iter  20 | Fitness:  57.6452 | Min Rate: 21.9835 Mbps | Sum Rate:  3264.05 Mbps | Mean Rate: 32.6405 Mbps
Iter  30 | Fitness:  57.9567 | Min Rate: 22.3839 Mbps | Sum Rate:  3223.56 Mbps | Mean Rate: 32.2356 Mbps
Iter  40 | Fitness:  57.9567 | Min Rate: 22.7359 Mbps | Sum Rate:  3268.06 Mbps | Mean Rate: 32.6806 Mbps
Iter  49 | Fitness:  57.9567 | Min Rate: 23.0990 Mbps | Sum Rate:  3248.71 Mbps | Mean Rate: 32.4871 Mbps

================================================================================
                                      优化完成                                      
================================================================================

📊 最终性能指标:
   - 总速率 (Sum Rate):      3243.58 Mbps
   - 最小速率 (Min Rate):    23.0745 Mbps
   - 平均速率 (Mean Rate):   32.4358 Mbps
   - 速率标准差 (Std):        6.4640 Mbps
   - 最佳适应度 (Fitness):   57.9567

📈 性能提升:
   - 总速率提升:   +0.98%
   - 最小速率提升: +7.26%

⏱️  计算时间:
   - 总优化时间: 582.78 秒
   - 平均每代:   11.656 秒
  => Min=19.56 | Sum=4257.2 | JFI=0.7533 | OL=6/16 | 583.1s

──────────────────────────────────────────────────────────────────────────────────────────
[6/6] NewSSA
──────────────────────────────────────────────────────────────────────────────────────────
================================================================================
开始NewSSA优化（论文算法）...
  • 改进1: OBL策略 + 折射原理（公式18）
  • 改进2: 正弦-余弦搜索（公式20）
  • 改进3: 自适应参数r1和w（公式21-22）
  • 麻雀数量: 30
  • 最大迭代: 50
  • 生产者: 20%, 警戒者: 15%
================================================================================

[1/5] OBL策略 + 折射原理初始化...
[2/5] 计算初始适应度...
  ✓ 初始最优适应度: 26.9864 Mbps

[3/5] 开始迭代优化（50次）...
--------------------------------------------------------------------------------
Iter  10/50: Sum=3512.99Mbps, Min=27.3833Mbps, Time=21.746s
Iter  20/50: Sum=3512.99Mbps, Min=27.3833Mbps, Time=21.753s
Iter  30/50: Sum=3498.23Mbps, Min=27.3960Mbps, Time=39.386s
Iter  40/50: Sum=3498.23Mbps, Min=27.3960Mbps, Time=26.873s
Iter  50/50: Sum=3498.23Mbps, Min=27.3960Mbps, Time=30.537s

[4/5] 整理最终结果...

[5/5] 优化完成!
================================================================================
🎉 NewSSA优化完成!
📊 最终总速率: 3498.23 Mbps
🎯 最终最小速率: 27.3960 Mbps
📈 平均速率: 34.9181 Mbps
⏱️  优化时间: 8887.37 秒
================================================================================
  => Min=18.74 | Sum=4180.8 | JFI=0.7687 | OL=5/16 | 8899.0s

Saved: result/lb_experiment/hotspot_seed42.json
Plot saved: result/lb_experiment/hotspot_seed42.png

==========================================================================================
All experiments completed.
==========================================================================================
