
==========================================================================================
  UNIFORM | Seed=42 | K=40, L=6, G=9
==========================================================================================
[Initial] Min=40.96 | Sum=3031.8 | JFI=0.9121 | OL=1/6
          User count per UAV: [9, 10, 9, 9, 3, 8]

──────────────────────────────────────────────────────────────────────────────────────────
[1/6] LB-BVF V6 (7 forces + load balance)
──────────────────────────────────────────────────────────────────────────────────────────
================================================================================
                     Load-Balanced BVF V6 (7 Virtual Forces)                    
================================================================================
  Force #7: Load Balance (w=0.12, threshold=1.25x, K=3e+04)
  Objective: max min_rate | JFI tiebreak (tol=0.5)
================================================================================
Iter   0 | Min= 37.51 | Sum= 2927.2 | JFI=0.9209 | OL=1/6 | Best=37.51
Iter  10 | Min= 55.31 | Sum= 3076.0 | JFI=0.9492 | OL=2/6 | Best=59.21
Iter  20 | Min= 54.81 | Sum= 3296.6 | JFI=0.9621 | OL=1/6 | Best=59.51
Iter  30 | Min= 53.99 | Sum= 3142.5 | JFI=0.9718 | OL=0/6 | Best=61.34
Iter  40 | Min= 56.82 | Sum= 3189.0 | JFI=0.8917 | OL=1/6 | Best=61.34
Iter  50 | Min= 46.31 | Sum= 3173.3 | JFI=0.9669 | OL=0/6 | Best=62.57
Iter  60 | Min= 57.20 | Sum= 3130.7 | JFI=0.9439 | OL=2/6 | Best=62.57
Iter  70 | Min= 51.72 | Sum= 3128.0 | JFI=0.9173 | OL=2/6 | Best=62.57
Iter  79 | Min= 53.16 | Sum= 3154.3 | JFI=0.8665 | OL=2/6 | Best=62.57

Done (best@iter=48, restarts=0)
  Min=60.54 | Sum=3193.6 | JFI=0.9356 | OL=1/6
  => Min=47.56 | Sum=3208.3 | JFI=0.9152 | OL=1/6 | 5.7s

──────────────────────────────────────────────────────────────────────────────────────────
[2/6] BVF V6 (6 forces, no LB)
──────────────────────────────────────────────────────────────────────────────────────────
Start Optimizing...
Iter  0 | Min: 40.0642 | Sum: 2999.2 | BestMin: 40.0642
Iter 10 | Min: 53.3592 | Sum: 3144.5 | BestMin: 54.6128
Iter 20 | Min: 55.5723 | Sum: 3176.5 | BestMin: 55.6104
Iter 30 | Min: 54.7936 | Sum: 3180.2 | BestMin: 56.6259
Iter 40 | Min: 50.5302 | Sum: 3102.4 | BestMin: 57.4668
Iter 50 | Min: 55.4626 | Sum: 3104.9 | BestMin: 57.4668
Iter 60 | Min: 56.8008 | Sum: 3128.9 | BestMin: 58.0852
Iter 70 | Min: 56.5915 | Sum: 3201.5 | BestMin: 58.0852
  => Min=54.90 | Sum=3183.0 | JFI=0.9180 | OL=2/6 | 5.6s

──────────────────────────────────────────────────────────────────────────────────────────
[3/6] K-means Deployment
──────────────────────────────────────────────────────────────────────────────────────────
  => Min=48.71 | Sum=3253.5 | JFI=0.9732 | OL=0/6 | 0.0s

──────────────────────────────────────────────────────────────────────────────────────────
[4/6] Discrete GA
──────────────────────────────────────────────────────────────────────────────────────────
离散网格生成完成: 9x9 = 81个候选点
开始离散遗传算法优化（网格: 9x9）...
Gen 0: Fitness=3.6136, Sum=2114.75Mbps, Min=34.9499Mbps, Time=0.563s
Gen 10: Fitness=3.8891, Sum=2382.28Mbps, Min=44.3252Mbps, Time=0.576s
Gen 20: Fitness=3.8891, Sum=2339.22Mbps, Min=43.4442Mbps, Time=0.571s
Gen 30: Fitness=3.8891, Sum=2389.18Mbps, Min=44.5840Mbps, Time=0.570s
Gen 40: Fitness=3.8891, Sum=2318.94Mbps, Min=43.7013Mbps, Time=0.610s

🎉 离散遗传算法优化完成!
✨ 最佳性能出现在第 3 代
📊 最终总速率: 2360.92 Mbps
🎯 最终最小速率: 47.3593 Mbps
📈 速率标准差: 7.2593 Mbps
⏱️  优化时间: 28.85 秒
⚡ 平均每代: 0.577 秒
🎲 使用网格点: [0, 16, 24, 26, 55, 60]
  => Min=59.99 | Sum=3212.0 | JFI=0.9574 | OL=1/6 | 28.9s

──────────────────────────────────────────────────────────────────────────────────────────
[5/6] Distributed PSO
──────────────────────────────────────────────────────────────────────────────────────────
✅ 分布式PSO优化器初始化完成
   - 粒子数量: 30
   - 最大迭代次数: 50
   - PSO参数: w=0.729, c1=1.49445, c2=1.49445

================================================================================
                            分布式PSO优化算法 (Algorithm 2)                            
================================================================================

[Step 1] 初始化粒子群...
   ✓ 粒子群初始化完成
   ✓ 初始全局最佳适应度: 63.2508

[开始迭代] 最大迭代次数: 50
--------------------------------------------------------------------------------
Iter   0 | Fitness:  63.2729 | Min Rate: 38.9874 Mbps | Sum Rate:  2260.96 Mbps | Mean Rate: 56.5239 Mbps
Iter  10 | Fitness:  68.1652 | Min Rate: 43.9717 Mbps | Sum Rate:  2292.09 Mbps | Mean Rate: 57.3022 Mbps
Iter  20 | Fitness:  69.9517 | Min Rate: 42.2655 Mbps | Sum Rate:  2296.65 Mbps | Mean Rate: 57.4161 Mbps
Iter  30 | Fitness:  70.3979 | Min Rate: 42.0944 Mbps | Sum Rate:  2240.93 Mbps | Mean Rate: 56.0233 Mbps
Iter  40 | Fitness:  70.3979 | Min Rate: 41.1972 Mbps | Sum Rate:  2261.10 Mbps | Mean Rate: 56.5276 Mbps
Iter  49 | Fitness:  70.3979 | Min Rate: 42.8864 Mbps | Sum Rate:  2314.68 Mbps | Mean Rate: 57.8670 Mbps

================================================================================
                                      优化完成                                      
================================================================================

📊 最终性能指标:
   - 总速率 (Sum Rate):      2315.41 Mbps
   - 最小速率 (Min Rate):    45.7969 Mbps
   - 平均速率 (Mean Rate):   57.8854 Mbps
   - 速率标准差 (Std):        8.2256 Mbps
   - 最佳适应度 (Fitness):   70.3979

📈 性能提升:
   - 总速率提升:   +2.41%
   - 最小速率提升: +17.47%

⏱️  计算时间:
   - 总优化时间: 116.57 秒
   - 平均每代:   2.331 秒
  => Min=54.37 | Sum=3155.0 | JFI=0.9814 | OL=0/6 | 116.7s

──────────────────────────────────────────────────────────────────────────────────────────
[6/6] NewSSA
──────────────────────────────────────────────────────────────────────────────────────────
================================================================================
开始NewSSA优化（论文算法）...
  • 改进1: OBL策略 + 折射原理（公式18）
  • 改进2: 正弦-余弦搜索（公式20）
  • 改进3: 自适应参数r1和w（公式21-22）
  • 麻雀数量: 30
  • 最大迭代: 50
  • 生产者: 20%, 警戒者: 15%
================================================================================

[1/5] OBL策略 + 折射原理初始化...
[2/5] 计算初始适应度...
  ✓ 初始最优适应度: 49.4909 Mbps

[3/5] 开始迭代优化（50次）...
--------------------------------------------------------------------------------
Iter  10/50: Sum=2569.56Mbps, Min=53.0548Mbps, Time=4.628s
Iter  20/50: Sum=2625.95Mbps, Min=53.3442Mbps, Time=4.304s
Iter  30/50: Sum=2576.68Mbps, Min=53.6492Mbps, Time=4.728s
Iter  40/50: Sum=2538.14Mbps, Min=54.5982Mbps, Time=4.612s
Iter  50/50: Sum=2538.14Mbps, Min=54.5982Mbps, Time=4.730s

[4/5] 整理最终结果...

[5/5] 优化完成!
================================================================================
🎉 NewSSA优化完成!
📊 最终总速率: 2538.14 Mbps
🎯 最终最小速率: 54.5982 Mbps
📈 平均速率: 63.8869 Mbps
⏱️  优化时间: 228.00 秒
================================================================================
  => Min=61.23 | Sum=3205.3 | JFI=0.9296 | OL=1/6 | 230.0s

Saved: result/lb_experiment/uniform_seed42.json
Plot saved: result/lb_experiment/uniform_seed42.png

==========================================================================================
  HOTSPOT | Seed=42 | K=40, L=6, G=9
==========================================================================================
[Initial] Min=41.16 | Sum=2726.6 | JFI=0.6179 | OL=2/6
          User count per UAV: [16, 2, 1, 3, 1, 9]

──────────────────────────────────────────────────────────────────────────────────────────
[1/6] LB-BVF V6 (7 forces + load balance)
──────────────────────────────────────────────────────────────────────────────────────────
================================================================================
                     Load-Balanced BVF V6 (7 Virtual Forces)                    
================================================================================
  Force #7: Load Balance (w=0.12, threshold=1.25x, K=3e+04)
  Objective: max min_rate | JFI tiebreak (tol=0.5)
================================================================================
Iter   0 | Min= 44.88 | Sum= 2807.5 | JFI=0.6072 | OL=2/6 | Best=44.88
Iter  10 | Min= 46.70 | Sum= 2775.3 | JFI=0.8209 | OL=1/6 | Best=48.81
Iter  20 | Min= 51.47 | Sum= 2995.3 | JFI=0.9426 | OL=1/6 | Best=51.47
Iter  30 | Min= 55.79 | Sum= 3296.9 | JFI=0.9770 | OL=1/6 | Best=55.79
Iter  40 | Min= 58.69 | Sum= 3223.6 | JFI=0.9399 | OL=1/6 | Best=62.76
Iter  50 | Min= 60.54 | Sum= 3211.0 | JFI=0.9403 | OL=1/6 | Best=62.76
Iter  60 | Min= 57.42 | Sum= 3220.5 | JFI=0.9528 | OL=1/6 | Best=62.76
  Restart #1 @ iter 62
Iter  70 | Min= 57.46 | Sum= 3333.4 | JFI=0.8921 | OL=1/6 | Best=62.76
Iter  79 | Min= 65.59 | Sum= 3359.5 | JFI=0.9299 | OL=1/6 | Best=65.59

Done (best@iter=79, restarts=1)
  Min=57.76 | Sum=3265.2 | JFI=0.9283 | OL=1/6
  => Min=62.28 | Sum=3273.5 | JFI=0.9311 | OL=1/6 | 6.6s

──────────────────────────────────────────────────────────────────────────────────────────
[2/6] BVF V6 (6 forces, no LB)
──────────────────────────────────────────────────────────────────────────────────────────
Start Optimizing...
Iter  0 | Min: 39.8474 | Sum: 2718.2 | BestMin: 39.8474
Iter 10 | Min: 43.0889 | Sum: 2909.9 | BestMin: 48.4946
Iter 20 | Min: 48.2293 | Sum: 3190.9 | BestMin: 53.3077
Iter 30 | Min: 57.5860 | Sum: 3233.9 | BestMin: 59.7583
Iter 40 | Min: 60.1388 | Sum: 3178.3 | BestMin: 60.1388
Iter 50 | Min: 60.3074 | Sum: 3327.0 | BestMin: 62.0799
Iter 60 | Min: 50.2961 | Sum: 3296.3 | BestMin: 62.0799
Iter 70 | Min: 57.7456 | Sum: 3407.4 | BestMin: 62.4254
  => Min=55.54 | Sum=3171.1 | JFI=0.9342 | OL=2/6 | 6.1s

──────────────────────────────────────────────────────────────────────────────────────────
[3/6] K-means Deployment
──────────────────────────────────────────────────────────────────────────────────────────
  => Min=52.01 | Sum=3075.1 | JFI=0.7735 | OL=3/6 | 0.0s

──────────────────────────────────────────────────────────────────────────────────────────
[4/6] Discrete GA
──────────────────────────────────────────────────────────────────────────────────────────
离散网格生成完成: 9x9 = 81个候选点
开始离散遗传算法优化（网格: 9x9）...
Gen 0: Fitness=3.6857, Sum=2061.54Mbps, Min=34.5105Mbps, Time=0.623s
Gen 10: Fitness=3.7559, Sum=2197.08Mbps, Min=37.7685Mbps, Time=0.731s
Gen 20: Fitness=3.7594, Sum=2114.63Mbps, Min=41.4398Mbps, Time=0.685s
Gen 30: Fitness=3.7594, Sum=2151.49Mbps, Min=40.9468Mbps, Time=0.639s
Gen 40: Fitness=3.7599, Sum=2231.89Mbps, Min=41.1176Mbps, Time=0.763s

🎉 离散遗传算法优化完成!
✨ 最佳性能出现在第 44 代
📊 最终总速率: 2175.30 Mbps
🎯 最终最小速率: 39.9949 Mbps
📈 速率标准差: 12.2687 Mbps
⏱️  优化时间: 33.27 秒
⚡ 平均每代: 0.665 秒
🎲 使用网格点: [2, 19, 59, 60, 62, 68]
  => Min=45.44 | Sum=2961.8 | JFI=0.8770 | OL=2/6 | 33.3s

──────────────────────────────────────────────────────────────────────────────────────────
[5/6] Distributed PSO
──────────────────────────────────────────────────────────────────────────────────────────
✅ 分布式PSO优化器初始化完成
   - 粒子数量: 30
   - 最大迭代次数: 50
   - PSO参数: w=0.729, c1=1.49445, c2=1.49445

================================================================================
                            分布式PSO优化算法 (Algorithm 2)                            
================================================================================

[Step 1] 初始化粒子群...
   ✓ 粒子群初始化完成
   ✓ 初始全局最佳适应度: 62.8880

[开始迭代] 最大迭代次数: 50
--------------------------------------------------------------------------------
Iter   0 | Fitness:  62.8880 | Min Rate: 38.7540 Mbps | Sum Rate:  2173.90 Mbps | Mean Rate: 54.3475 Mbps
Iter  10 | Fitness:  67.9741 | Min Rate: 41.8390 Mbps | Sum Rate:  2200.65 Mbps | Mean Rate: 55.0163 Mbps
Iter  20 | Fitness:  69.2191 | Min Rate: 42.1124 Mbps | Sum Rate:  2261.35 Mbps | Mean Rate: 56.5338 Mbps
Iter  30 | Fitness:  70.2168 | Min Rate: 40.2997 Mbps | Sum Rate:  2221.14 Mbps | Mean Rate: 55.5285 Mbps
Iter  40 | Fitness:  70.2168 | Min Rate: 43.4021 Mbps | Sum Rate:  2281.87 Mbps | Mean Rate: 57.0467 Mbps
Iter  49 | Fitness:  70.2168 | Min Rate: 46.1731 Mbps | Sum Rate:  2295.20 Mbps | Mean Rate: 57.3799 Mbps

================================================================================
                                      优化完成                                      
================================================================================

📊 最终性能指标:
   - 总速率 (Sum Rate):      2255.73 Mbps
   - 最小速率 (Min Rate):    42.3470 Mbps
   - 平均速率 (Mean Rate):   56.3932 Mbps
   - 速率标准差 (Std):       13.8582 Mbps
   - 最佳适应度 (Fitness):   70.2168

📈 性能提升:
   - 总速率提升:   +3.76%
   - 最小速率提升: +9.27%

⏱️  计算时间:
   - 总优化时间: 147.42 秒
   - 平均每代:   2.948 秒
  => Min=46.50 | Sum=2950.7 | JFI=0.8573 | OL=2/6 | 147.5s

──────────────────────────────────────────────────────────────────────────────────────────
[6/6] NewSSA
──────────────────────────────────────────────────────────────────────────────────────────
================================================================================
开始NewSSA优化（论文算法）...
  • 改进1: OBL策略 + 折射原理（公式18）
  • 改进2: 正弦-余弦搜索（公式20）
  • 改进3: 自适应参数r1和w（公式21-22）
  • 麻雀数量: 30
  • 最大迭代: 50
  • 生产者: 20%, 警戒者: 15%
================================================================================

[1/5] OBL策略 + 折射原理初始化...
[2/5] 计算初始适应度...
  ✓ 初始最优适应度: 43.9294 Mbps

[3/5] 开始迭代优化（50次）...
--------------------------------------------------------------------------------
Iter  10/50: Sum=2497.96Mbps, Min=50.5624Mbps, Time=4.358s
Iter  20/50: Sum=2497.96Mbps, Min=50.5624Mbps, Time=5.979s
Iter  30/50: Sum=2452.75Mbps, Min=50.9018Mbps, Time=5.233s
Iter  40/50: Sum=2452.75Mbps, Min=50.9018Mbps, Time=4.788s
Iter  50/50: Sum=2452.75Mbps, Min=50.9018Mbps, Time=4.756s

[4/5] 整理最终结果...

[5/5] 优化完成!
================================================================================
🎉 NewSSA优化完成!
📊 最终总速率: 2452.75 Mbps
🎯 最终最小速率: 50.9018 Mbps
📈 平均速率: 62.4158 Mbps
⏱️  优化时间: 255.25 秒
================================================================================
  => Min=44.29 | Sum=3002.4 | JFI=0.8555 | OL=3/6 | 257.7s

Saved: result/lb_experiment/hotspot_seed42.json
Plot saved: result/lb_experiment/hotspot_seed42.png

==========================================================================================
All experiments completed.
==========================================================================================
