====================================================================================================
  Seeds: [42]
  Algorithms: LB-BVF, BVF V5Pro, GA, PSO, NewSSA
====================================================================================================

====================================================================================================
                          Load Balance Comparison (Seed=42, K=60, L=9, G=4)                         
====================================================================================================
  Init: 60 UEs, 4 ground APs, 9 UAVs

[Initial] Min=24.28 | Sum=2394.8 | JFI=0.9197 | OL=2/9

--------------------------------------------------------------------------------
[1/5] Load-Balanced BVF (V5Pro + Load Balance Force)
--------------------------------------------------------------------------------
================================================================================
                 Load-Balanced BVF (V5Pro + Load Balancing Force)               
================================================================================
  Load balance: w=0.08, threshold=1.3x, K=2e+04
  JFI tiebreak tolerance: 0.3 Mbps
Iter   0 | Min= 31.29 | Sum= 3017.6 | JFI=0.9320 | OL=2/9 | Best=31.29
Iter  10 | Min= 28.31 | Sum= 2906.6 | JFI=0.9327 | OL=2/9 | Best=32.20
Iter  20 | Min= 29.38 | Sum= 2762.3 | JFI=0.9265 | OL=2/9 | Best=32.20
Iter  30 | Min= 24.96 | Sum= 2738.2 | JFI=0.9249 | OL=0/9 | Best=32.20
  Restart #1 (iter 31) | BestMin=32.20, JFI=0.9614
Iter  40 | Min= 20.14 | Sum= 2870.1 | JFI=0.9375 | OL=1/9 | Best=32.20
Iter  49 | Min= 22.64 | Sum= 2837.0 | JFI=0.9540 | OL=0/9 | Best=32.20

Optimization complete (best iter=6, restarts=1)
  Min Rate: 30.27 Mbps | Sum Rate: 2947.3 Mbps
  JFI: 0.9555 | Overload: 1/9
  => Min=30.27 | Sum=2947.3 | JFI=0.9539 | OL=1/9 | 3.8s

--------------------------------------------------------------------------------
[2/5] BVF V5Pro (Original, no load balance)
--------------------------------------------------------------------------------
🚀 开始平衡虚拟力优化 V5-Pro (Comm-Aware + Memory Robustness)...
Iter  0 | MinRate: 29.4410 | SumRate:  2939.9 | BestMin: 29.4410
Iter 10 | MinRate: 30.9342 | SumRate:  2876.9 | BestMin: 35.5512
Iter 20 | MinRate: 29.8003 | SumRate:  2969.9 | BestMin: 35.5512
  🔄 触发智能重启 #1 (代 29) | 尝试跳出局部最优...
Iter 30 | MinRate: 28.0504 | SumRate:  2802.2 | BestMin: 35.5512
Iter 40 | MinRate: 24.0834 | SumRate:  2902.5 | BestMin: 35.5512
  => Min=35.55 | Sum=3042.3 | JFI=0.9401 | OL=2/9 | 3.8s

--------------------------------------------------------------------------------
[3/5] Discrete GA
--------------------------------------------------------------------------------
离散网格生成完成: 9x9 = 81个候选点
开始离散遗传算法优化（网格: 9x9）...
Gen 0: Fitness=3.3488, Sum=2262.96Mbps, Min=24.2656Mbps, Time=0.784s
Gen 10: Fitness=3.3488, Sum=2319.11Mbps, Min=25.3572Mbps, Time=0.786s
Gen 20: Fitness=3.3488, Sum=2234.26Mbps, Min=24.9062Mbps, Time=0.781s
Gen 30: Fitness=3.4050, Sum=2369.66Mbps, Min=27.1288Mbps, Time=0.784s
Gen 40: Fitness=3.4050, Sum=2315.17Mbps, Min=28.3270Mbps, Time=0.788s

🎉 离散遗传算法优化完成!
✨ 最佳性能出现在第 28 代
📊 最终总速率: 2324.93 Mbps
🎯 最终最小速率: 27.8771 Mbps
📈 速率标准差: 6.7917 Mbps
⏱️  优化时间: 39.44 秒
⚡ 平均每代: 0.789 秒
🎲 使用网格点: [4, 8, 9, 12, 17, 54, 69, 70, 77]
  => Min=27.88 | Sum=2324.9 | JFI=0.9064 | OL=2/9 | 39.5s

--------------------------------------------------------------------------------
[4/5] Distributed PSO
--------------------------------------------------------------------------------
✅ 分布式PSO优化器初始化完成
   - 粒子数量: 30
   - 最大迭代次数: 50
   - PSO参数: w=0.729, c1=1.49445, c2=1.49445

================================================================================
                            分布式PSO优化算法 (Algorithm 2)                            
================================================================================

[Step 1] 初始化粒子群...
   ✓ 粒子群初始化完成
   ✓ 初始全局最佳适应度: 51.1679

[开始迭代] 最大迭代次数: 50
--------------------------------------------------------------------------------
Iter   0 | Fitness:  51.1679 | Min Rate: 25.4781 Mbps | Sum Rate:  2368.63 Mbps | Mean Rate: 39.4771 Mbps
Iter  10 | Fitness:  51.1679 | Min Rate: 22.9044 Mbps | Sum Rate:  2365.81 Mbps | Mean Rate: 39.4301 Mbps
Iter  20 | Fitness:  54.6583 | Min Rate: 27.4059 Mbps | Sum Rate:  2434.19 Mbps | Mean Rate: 40.5699 Mbps
Iter  30 | Fitness:  56.0401 | Min Rate: 27.9452 Mbps | Sum Rate:  2370.49 Mbps | Mean Rate: 39.5081 Mbps
Iter  40 | Fitness:  56.4389 | Min Rate: 28.3910 Mbps | Sum Rate:  2429.53 Mbps | Mean Rate: 40.4921 Mbps
Iter  49 | Fitness:  56.4389 | Min Rate: 29.0054 Mbps | Sum Rate:  2409.51 Mbps | Mean Rate: 40.1585 Mbps

================================================================================
                                      优化完成                                      
================================================================================

📊 最终性能指标:
   - 总速率 (Sum Rate):      2433.53 Mbps
   - 最小速率 (Min Rate):    29.6940 Mbps
   - 平均速率 (Mean Rate):   40.5589 Mbps
   - 速率标准差 (Std):        6.0381 Mbps
   - 最佳适应度 (Fitness):   56.4389

📈 性能提升:
   - 总速率提升:   +2.74%
   - 最小速率提升: +16.55%

⏱️  计算时间:
   - 总优化时间: 151.42 秒
   - 平均每代:   3.028 秒
  => Min=29.69 | Sum=2433.5 | JFI=0.9243 | OL=2/9 | 151.5s

--------------------------------------------------------------------------------
[5/5] NewSSA
--------------------------------------------------------------------------------
================================================================================
开始NewSSA优化（论文算法）...
  • 改进1: OBL策略 + 折射原理（公式18）
  • 改进2: 正弦-余弦搜索（公式20）
  • 改进3: 自适应参数r1和w（公式21-22）
  • 麻雀数量: 30
  • 最大迭代: 50
  • 生产者: 20%, 警戒者: 15%
================================================================================

[1/5] OBL策略 + 折射原理初始化...
[2/5] 计算初始适应度...
  ✓ 初始最优适应度: 23.3229 Mbps

[3/5] 开始迭代优化（50次）...
--------------------------------------------------------------------------------
Iter  10/50: Sum=2271.86Mbps, Min=25.9100Mbps, Time=4.369s
Iter  20/50: Sum=2271.86Mbps, Min=25.9100Mbps, Time=4.326s
Iter  30/50: Sum=2271.86Mbps, Min=25.9100Mbps, Time=4.233s
Iter  40/50: Sum=2299.36Mbps, Min=27.2861Mbps, Time=4.200s
Iter  50/50: Sum=2299.36Mbps, Min=27.2861Mbps, Time=4.185s

[4/5] 整理最终结果...

[5/5] 优化完成!
================================================================================
🎉 NewSSA优化完成!
📊 最终总速率: 2299.36 Mbps
🎯 最终最小速率: 27.2861 Mbps
📈 平均速率: 38.1564 Mbps
⏱️  优化时间: 214.09 秒
================================================================================
  => Min=27.29 | Sum=2299.4 | JFI=0.8846 | OL=2/9 | 216.3s

Results saved to: result/load_balance_comparison/load_balance_seed42.json
Plot saved to: result/load_balance_comparison/load_balance_seed42.png

All experiments completed.
