======================================================================
  无人机能耗模型参数
======================================================================
  P0 (叶片功率)   = 1597.13 W
  P1 (诱导功率)   = 86.11 W
  P_hover         = 1683.24 W
  U  (桨尖速度)   = 120.0 m/s
  v_r (诱导速度)  = 3.99 m/s
  10m/s飞行功率   = 1701.09 W
  20m/s飞行功率   = 2041.39 W

======================================================================
  动态场景对比实验
======================================================================
  Seed: 62 | UAV: 9 | 用户: 60 | L_serving: 3
  时间步: 20 × 5.0s = 100.0s
  每步优化迭代: 15
  用户运动 σ: 8.0 m/step
======================================================================


--- 时间步 0 (t=0s): 初始状态 (无优化) ---
  所有算法初始: min_rate=27.06 Mbps | sum_rate=2542.7 Mbps
  能耗=0 | 距离=0

--- 时间步 1/19 (t = 5s) ---
  BVF:    min_rate=40.56 Mbps | E_step=112722J | dist=217.4m | E_total=112.72kJ
离散网格生成完成: 9x9 = 81个候选点
开始离散遗传算法优化（网格: 9x9）...
Gen 0: Fitness=3.1951, Sum=2438.19Mbps, Min=26.3244Mbps, Time=1.063s
Gen 10: Fitness=3.4100, Sum=2509.59Mbps, Min=28.4712Mbps, Time=1.058s

🎉 离散遗传算法优化完成!
✨ 最佳性能出现在第 13 代
📊 最终总速率: 2485.32 Mbps
🎯 最终最小速率: 29.1109 Mbps
📈 速率标准差: 6.9638 Mbps
⏱️  优化时间: 16.08 秒
⚡ 平均每代: 1.072 秒
🎲 使用网格点: [13, 25, 29, 32, 41, 48, 54, 74, 77]
  GA:     min_rate=29.11 Mbps | E_step=792569J | dist=4213.9m | E_total=792.57kJ
✅ 分布式PSO优化器初始化完成
   - 粒子数量: 30
   - 最大迭代次数: 15
   - PSO参数: w=0.729, c1=1.49445, c2=1.49445

================================================================================
                            分布式PSO优化算法 (Algorithm 2)                            
================================================================================

[Step 1] 初始化粒子群...
   ✓ 粒子群初始化完成
   ✓ 初始全局最佳适应度: 53.3780

[开始迭代] 最大迭代次数: 15
--------------------------------------------------------------------------------
Iter   0 | Fitness:  53.8498 | Min Rate: 28.9838 Mbps | Sum Rate:  2513.71 Mbps | Mean Rate: 41.8952 Mbps
Iter  10 | Fitness:  55.8340 | Min Rate: 29.5146 Mbps | Sum Rate:  2517.01 Mbps | Mean Rate: 41.9501 Mbps
Iter  14 | Fitness:  56.1696 | Min Rate: 29.3678 Mbps | Sum Rate:  2511.12 Mbps | Mean Rate: 41.8520 Mbps

================================================================================
                                      优化完成                                      
================================================================================

📊 最终性能指标:
   - 总速率 (Sum Rate):      2499.93 Mbps
   - 最小速率 (Min Rate):    29.3249 Mbps
   - 平均速率 (Mean Rate):   41.6654 Mbps
   - 速率标准差 (Std):        8.0164 Mbps
   - 最佳适应度 (Fitness):   56.1696

📈 性能提升:
   - 总速率提升:   -0.55%
   - 最小速率提升: +1.18%

⏱️  计算时间:
   - 总优化时间: 61.49 秒
   - 平均每代:   4.099 秒
  PSO:    min_rate=29.32 Mbps | E_step=725728J | dist=3821.0m | E_total=725.73kJ
================================================================================
开始NewSSA优化（论文算法）...
  • 改进1: OBL策略 + 折射原理（公式18）
  • 改进2: 正弦-余弦搜索（公式20）
  • 改进3: 自适应参数r1和w（公式21-22）
  • 麻雀数量: 30
  • 最大迭代: 15
  • 生产者: 20%, 警戒者: 15%
================================================================================

[1/5] OBL策略 + 折射原理初始化...
[2/5] 计算初始适应度...
  ✓ 初始最优适应度: 26.9849 Mbps

[3/5] 开始迭代优化（15次）...
--------------------------------------------------------------------------------
Iter  10/15: Sum=2566.89Mbps, Min=30.0650Mbps, Time=6.171s

[4/5] 整理最终结果...

[5/5] 优化完成!
================================================================================
🎉 NewSSA优化完成!
📊 最终总速率: 2566.89 Mbps
🎯 最终最小速率: 30.0650 Mbps
📈 平均速率: 43.4115 Mbps
⏱️  优化时间: 92.68 秒
================================================================================
  NewSSA: min_rate=30.06 Mbps | E_step=596879J | dist=3063.5m | E_total=596.88kJ

--- 时间步 2/19 (t = 10s) ---
  BVF:    min_rate=38.10 Mbps | E_step=94428J | dist=109.8m | E_total=207.15kJ
离散网格生成完成: 9x9 = 81个候选点
开始离散遗传算法优化（网格: 9x9）...
Gen 0: Fitness=2.9508, Sum=2430.26Mbps, Min=19.0024Mbps, Time=1.214s
Gen 10: Fitness=3.3981, Sum=2584.10Mbps, Min=31.8019Mbps, Time=1.262s

🎉 离散遗传算法优化完成!
✨ 最佳性能出现在第 10 代
📊 最终总速率: 2603.65 Mbps
🎯 最终最小速率: 29.7598 Mbps
📈 速率标准差: 6.8806 Mbps
⏱️  优化时间: 19.67 秒
⚡ 平均每代: 1.312 秒
🎲 使用网格点: [13, 14, 19, 34, 49, 54, 63, 66, 69]
  GA:     min_rate=29.76 Mbps | E_step=587004J | dist=3005.5m | E_total=1379.57kJ
✅ 分布式PSO优化器初始化完成
   - 粒子数量: 30
   - 最大迭代次数: 15
   - PSO参数: w=0.729, c1=1.49445, c2=1.49445

================================================================================
                            分布式PSO优化算法 (Algorithm 2)                            
================================================================================

[Step 1] 初始化粒子群...
   ✓ 粒子群初始化完成
   ✓ 初始全局最佳适应度: 53.5033

[开始迭代] 最大迭代次数: 15
--------------------------------------------------------------------------------
Iter   0 | Fitness:  53.5033 | Min Rate: 29.0088 Mbps | Sum Rate:  2533.30 Mbps | Mean Rate: 42.2216 Mbps
Iter  10 | Fitness:  55.1730 | Min Rate: 26.6799 Mbps | Sum Rate:  2585.30 Mbps | Mean Rate: 43.0883 Mbps
Iter  14 | Fitness:  55.3461 | Min Rate: 27.0639 Mbps | Sum Rate:  2530.95 Mbps | Mean Rate: 42.1824 Mbps

================================================================================
                                      优化完成                                      
================================================================================

📊 最终性能指标:
   - 总速率 (Sum Rate):      2537.91 Mbps
   - 最小速率 (Min Rate):    28.3916 Mbps
   - 平均速率 (Mean Rate):   42.2985 Mbps
   - 速率标准差 (Std):        7.7277 Mbps
   - 最佳适应度 (Fitness):   55.3461

📈 性能提升:
   - 总速率提升:   +0.18%
   - 最小速率提升: -2.13%

⏱️  计算时间:
   - 总优化时间: 73.49 秒
   - 平均每代:   4.899 秒
  PSO:    min_rate=28.39 Mbps | E_step=663693J | dist=3456.3m | E_total=1389.42kJ
================================================================================
开始NewSSA优化（论文算法）...
  • 改进1: OBL策略 + 折射原理（公式18）
  • 改进2: 正弦-余弦搜索（公式20）
  • 改进3: 自适应参数r1和w（公式21-22）
  • 麻雀数量: 30
  • 最大迭代: 15
  • 生产者: 20%, 警戒者: 15%
================================================================================

[1/5] OBL策略 + 折射原理初始化...
[2/5] 计算初始适应度...
  ✓ 初始最优适应度: 26.9392 Mbps

[3/5] 开始迭代优化（15次）...
--------------------------------------------------------------------------------
Iter  10/15: Sum=2564.48Mbps, Min=30.3753Mbps, Time=7.190s

[4/5] 整理最终结果...

[5/5] 优化完成!
================================================================================
🎉 NewSSA优化完成!
📊 最终总速率: 2564.48 Mbps
🎯 最终最小速率: 30.3753 Mbps
📈 平均速率: 43.2429 Mbps
⏱️  优化时间: 107.46 秒
================================================================================
  NewSSA: min_rate=30.38 Mbps | E_step=107380J | dist=186.0m | E_total=704.26kJ

--- 时间步 3/19 (t = 15s) ---
  BVF:    min_rate=39.74 Mbps | E_step=75746J | dist=0.0m | E_total=282.89kJ
离散网格生成完成: 9x9 = 81个候选点
开始离散遗传算法优化（网格: 9x9）...
Gen 0: Fitness=3.1683, Sum=2496.01Mbps, Min=23.8370Mbps, Time=1.320s
Gen 10: Fitness=3.3056, Sum=2508.55Mbps, Min=27.2770Mbps, Time=1.315s

🎉 离散遗传算法优化完成!
✨ 最佳性能出现在第 14 代
📊 最终总速率: 2596.89 Mbps
🎯 最终最小速率: 27.5850 Mbps
📈 速率标准差: 7.2123 Mbps
⏱️  优化时间: 19.78 秒
⚡ 平均每代: 1.319 秒
🎲 使用网格点: [5, 19, 22, 25, 48, 60, 63, 67, 73]
  GA:     min_rate=27.58 Mbps | E_step=684080J | dist=3576.1m | E_total=2063.65kJ
✅ 分布式PSO优化器初始化完成
   - 粒子数量: 30
   - 最大迭代次数: 15
   - PSO参数: w=0.729, c1=1.49445, c2=1.49445

================================================================================
                            分布式PSO优化算法 (Algorithm 2)                            
================================================================================

[Step 1] 初始化粒子群...
   ✓ 粒子群初始化完成
   ✓ 初始全局最佳适应度: 54.3888

[开始迭代] 最大迭代次数: 15
--------------------------------------------------------------------------------
Iter   0 | Fitness:  54.3888 | Min Rate: 28.9681 Mbps | Sum Rate:  2524.93 Mbps | Mean Rate: 42.0821 Mbps
Iter  10 | Fitness:  56.0693 | Min Rate: 28.8702 Mbps | Sum Rate:  2620.11 Mbps | Mean Rate: 43.6686 Mbps
Iter  14 | Fitness:  60.1152 | Min Rate: 31.2479 Mbps | Sum Rate:  2668.21 Mbps | Mean Rate: 44.4701 Mbps

================================================================================
                                      优化完成                                      
================================================================================

📊 最终性能指标:
   - 总速率 (Sum Rate):      2689.86 Mbps
   - 最小速率 (Min Rate):    30.4401 Mbps
   - 平均速率 (Mean Rate):   44.8310 Mbps
   - 速率标准差 (Std):        5.6962 Mbps
   - 最佳适应度 (Fitness):   60.1152

📈 性能提升:
   - 总速率提升:   +6.53%
   - 最小速率提升: +5.08%

⏱️  计算时间:
   - 总优化时间: 75.00 秒
   - 平均每代:   5.000 秒
  PSO:    min_rate=30.44 Mbps | E_step=268371J | dist=1132.4m | E_total=1657.79kJ
================================================================================
开始NewSSA优化（论文算法）...
  • 改进1: OBL策略 + 折射原理（公式18）
  • 改进2: 正弦-余弦搜索（公式20）
  • 改进3: 自适应参数r1和w（公式21-22）
  • 麻雀数量: 30
  • 最大迭代: 15
  • 生产者: 20%, 警戒者: 15%
================================================================================

[1/5] OBL策略 + 折射原理初始化...
[2/5] 计算初始适应度...
  ✓ 初始最优适应度: 26.7932 Mbps

[3/5] 开始迭代优化（15次）...
--------------------------------------------------------------------------------
Iter  10/15: Sum=2568.94Mbps, Min=30.6632Mbps, Time=6.800s

[4/5] 整理最终结果...

[5/5] 优化完成!
================================================================================
🎉 NewSSA优化完成!
📊 最终总速率: 2568.94 Mbps
🎯 最终最小速率: 30.6632 Mbps
📈 平均速率: 42.6234 Mbps
⏱️  优化时间: 108.38 秒
================================================================================
  NewSSA: min_rate=30.66 Mbps | E_step=147905J | dist=424.2m | E_total=852.16kJ

--- 时间步 4/19 (t = 20s) ---
  BVF:    min_rate=40.14 Mbps | E_step=100636J | dist=146.3m | E_total=383.53kJ
离散网格生成完成: 9x9 = 81个候选点
开始离散遗传算法优化（网格: 9x9）...
Gen 0: Fitness=3.0625, Sum=2337.27Mbps, Min=21.5998Mbps, Time=1.254s
Gen 10: Fitness=3.3617, Sum=2553.91Mbps, Min=27.2279Mbps, Time=1.406s

🎉 离散遗传算法优化完成!
✨ 最佳性能出现在第 14 代
📊 最终总速率: 2528.68 Mbps
🎯 最终最小速率: 28.3667 Mbps
📈 速率标准差: 7.5287 Mbps
⏱️  优化时间: 19.35 秒
⚡ 平均每代: 1.290 秒
🎲 使用网格点: [4, 8, 16, 27, 40, 46, 51, 63, 67]
  GA:     min_rate=28.37 Mbps | E_step=906081J | dist=4881.2m | E_total=2969.73kJ
✅ 分布式PSO优化器初始化完成
   - 粒子数量: 30
   - 最大迭代次数: 15
   - PSO参数: w=0.729, c1=1.49445, c2=1.49445

================================================================================
                            分布式PSO优化算法 (Algorithm 2)                            
================================================================================

[Step 1] 初始化粒子群...
   ✓ 粒子群初始化完成
   ✓ 初始全局最佳适应度: 58.3755

[开始迭代] 最大迭代次数: 15
--------------------------------------------------------------------------------
Iter   0 | Fitness:  58.3755 | Min Rate: 29.1602 Mbps | Sum Rate:  2625.10 Mbps | Mean Rate: 43.7516 Mbps
Iter  10 | Fitness:  60.3918 | Min Rate: 33.4956 Mbps | Sum Rate:  2636.22 Mbps | Mean Rate: 43.9369 Mbps
Iter  14 | Fitness:  60.4753 | Min Rate: 32.0310 Mbps | Sum Rate:  2670.09 Mbps | Mean Rate: 44.5015 Mbps

================================================================================
                                      优化完成                                      
================================================================================

📊 最终性能指标:
   - 总速率 (Sum Rate):      2651.97 Mbps
   - 最小速率 (Min Rate):    31.7494 Mbps
   - 平均速率 (Mean Rate):   44.1994 Mbps
   - 速率标准差 (Std):        5.5526 Mbps
   - 最佳适应度 (Fitness):   60.4753

📈 性能提升:
   - 总速率提升:   +1.02%
   - 最小速率提升: +8.88%

⏱️  计算时间:
   - 总优化时间: 71.06 秒
   - 平均每代:   4.737 秒
  PSO:    min_rate=31.75 Mbps | E_step=146916J | dist=418.4m | E_total=1804.71kJ
================================================================================
开始NewSSA优化（论文算法）...
  • 改进1: OBL策略 + 折射原理（公式18）
  • 改进2: 正弦-余弦搜索（公式20）
  • 改进3: 自适应参数r1和w（公式21-22）
  • 麻雀数量: 30
  • 最大迭代: 15
  • 生产者: 20%, 警戒者: 15%
================================================================================

[1/5] OBL策略 + 折射原理初始化...
[2/5] 计算初始适应度...
  ✓ 初始最优适应度: 26.8890 Mbps

[3/5] 开始迭代优化（15次）...
--------------------------------------------------------------------------------
Iter  10/15: Sum=2528.17Mbps, Min=30.7023Mbps, Time=7.870s

[4/5] 整理最终结果...

[5/5] 优化完成!
================================================================================
🎉 NewSSA优化完成!
📊 最终总速率: 2612.82 Mbps
🎯 最终最小速率: 31.3343 Mbps
📈 平均速率: 43.1985 Mbps
⏱️  优化时间: 110.32 秒
================================================================================
  NewSSA: min_rate=31.33 Mbps | E_step=91800J | dist=94.4m | E_total=943.96kJ

--- 时间步 5/19 (t = 25s) ---
  BVF:    min_rate=40.75 Mbps | E_step=86231J | dist=61.6m | E_total=469.76kJ
离散网格生成完成: 9x9 = 81个候选点
开始离散遗传算法优化（网格: 9x9）...
Gen 0: Fitness=2.9189, Sum=2412.30Mbps, Min=17.0560Mbps, Time=1.396s
Gen 10: Fitness=3.3924, Sum=2518.15Mbps, Min=27.4219Mbps, Time=1.369s

🎉 离散遗传算法优化完成!
✨ 最佳性能出现在第 11 代
📊 最终总速率: 2516.23 Mbps
🎯 最终最小速率: 26.2787 Mbps
📈 速率标准差: 7.6612 Mbps
⏱️  优化时间: 20.68 秒
⚡ 平均每代: 1.379 秒
🎲 使用网格点: [12, 16, 23, 24, 47, 54, 55, 66, 68]
  GA:     min_rate=26.28 Mbps | E_step=923195J | dist=4981.8m | E_total=3892.93kJ
✅ 分布式PSO优化器初始化完成
   - 粒子数量: 30
   - 最大迭代次数: 15
   - PSO参数: w=0.729, c1=1.49445, c2=1.49445

================================================================================
                            分布式PSO优化算法 (Algorithm 2)                            
================================================================================

[Step 1] 初始化粒子群...
   ✓ 粒子群初始化完成
   ✓ 初始全局最佳适应度: 57.3699

[开始迭代] 最大迭代次数: 15
--------------------------------------------------------------------------------
Iter   0 | Fitness:  57.7975 | Min Rate: 29.0402 Mbps | Sum Rate:  2644.04 Mbps | Mean Rate: 44.0674 Mbps
Iter  10 | Fitness:  59.2369 | Min Rate: 27.9567 Mbps | Sum Rate:  2649.49 Mbps | Mean Rate: 44.1582 Mbps
Iter  14 | Fitness:  60.2160 | Min Rate: 32.8590 Mbps | Sum Rate:  2669.88 Mbps | Mean Rate: 44.4979 Mbps

================================================================================
                                      优化完成                                      
================================================================================

📊 最终性能指标:
   - 总速率 (Sum Rate):      2635.82 Mbps
   - 最小速率 (Min Rate):    31.8117 Mbps
   - 平均速率 (Mean Rate):   43.9304 Mbps
   - 速率标准差 (Std):        5.6750 Mbps
   - 最佳适应度 (Fitness):   60.2160

📈 性能提升:
   - 总速率提升:   -0.31%
   - 最小速率提升: +9.54%

⏱️  计算时间:
   - 总优化时间: 77.51 秒
   - 平均每代:   5.167 秒
  PSO:    min_rate=31.81 Mbps | E_step=95461J | dist=115.9m | E_total=1900.17kJ
================================================================================
开始NewSSA优化（论文算法）...
  • 改进1: OBL策略 + 折射原理（公式18）
  • 改进2: 正弦-余弦搜索（公式20）
  • 改进3: 自适应参数r1和w（公式21-22）
  • 麻雀数量: 30
  • 最大迭代: 15
  • 生产者: 20%, 警戒者: 15%
================================================================================

[1/5] OBL策略 + 折射原理初始化...
[2/5] 计算初始适应度...
  ✓ 初始最优适应度: 27.6154 Mbps

[3/5] 开始迭代优化（15次）...
--------------------------------------------------------------------------------
Iter  10/15: Sum=2527.19Mbps, Min=29.8088Mbps, Time=7.585s

[4/5] 整理最终结果...

[5/5] 优化完成!
================================================================================
🎉 NewSSA优化完成!
📊 最终总速率: 2589.67 Mbps
🎯 最终最小速率: 29.8881 Mbps
📈 平均速率: 42.8542 Mbps
⏱️  优化时间: 113.26 秒
================================================================================
  NewSSA: min_rate=29.89 Mbps | E_step=93051J | dist=101.7m | E_total=1037.01kJ

--- 时间步 6/19 (t = 30s) ---
  BVF:    min_rate=39.54 Mbps | E_step=99825J | dist=141.6m | E_total=569.59kJ
离散网格生成完成: 9x9 = 81个候选点
开始离散遗传算法优化（网格: 9x9）...
Gen 0: Fitness=3.0888, Sum=2449.76Mbps, Min=21.0392Mbps, Time=1.366s
Gen 10: Fitness=3.3256, Sum=2454.36Mbps, Min=25.2790Mbps, Time=1.391s

🎉 离散遗传算法优化完成!
✨ 最佳性能出现在第 14 代
📊 最终总速率: 2555.97 Mbps
🎯 最终最小速率: 29.1497 Mbps
📈 速率标准差: 6.6181 Mbps
⏱️  优化时间: 20.64 秒
⚡ 平均每代: 1.376 秒
🎲 使用网格点: [5, 17, 30, 36, 37, 50, 66, 73, 76]
  GA:     min_rate=29.15 Mbps | E_step=660847J | dist=3439.6m | E_total=4553.78kJ
✅ 分布式PSO优化器初始化完成
   - 粒子数量: 30
   - 最大迭代次数: 15
   - PSO参数: w=0.729, c1=1.49445, c2=1.49445

================================================================================
                            分布式PSO优化算法 (Algorithm 2)                            
================================================================================

[Step 1] 初始化粒子群...
   ✓ 粒子群初始化完成
   ✓ 初始全局最佳适应度: 59.0395

[开始迭代] 最大迭代次数: 15
--------------------------------------------------------------------------------
Iter   0 | Fitness:  59.0395 | Min Rate: 32.5008 Mbps | Sum Rate:  2643.22 Mbps | Mean Rate: 44.0536 Mbps
Iter  10 | Fitness:  60.4402 | Min Rate: 28.6986 Mbps | Sum Rate:  2690.75 Mbps | Mean Rate: 44.8458 Mbps
Iter  14 | Fitness:  60.6762 | Min Rate: 33.2258 Mbps | Sum Rate:  2672.58 Mbps | Mean Rate: 44.5431 Mbps

================================================================================
                                      优化完成                                      
================================================================================

📊 最终性能指标:
   - 总速率 (Sum Rate):      2640.03 Mbps
   - 最小速率 (Min Rate):    32.9713 Mbps
   - 平均速率 (Mean Rate):   44.0005 Mbps
   - 速率标准差 (Std):        5.7820 Mbps
   - 最佳适应度 (Fitness):   60.6762

📈 性能提升:
   - 总速率提升:   -0.12%
   - 最小速率提升: +1.45%

⏱️  计算时间:
   - 总优化时间: 72.31 秒
   - 平均每代:   4.821 秒
  PSO:    min_rate=32.97 Mbps | E_step=130913J | dist=324.3m | E_total=2031.08kJ
================================================================================
开始NewSSA优化（论文算法）...
  • 改进1: OBL策略 + 折射原理（公式18）
  • 改进2: 正弦-余弦搜索（公式20）
  • 改进3: 自适应参数r1和w（公式21-22）
  • 麻雀数量: 30
  • 最大迭代: 15
  • 生产者: 20%, 警戒者: 15%
================================================================================

[1/5] OBL策略 + 折射原理初始化...
[2/5] 计算初始适应度...
  ✓ 初始最优适应度: 26.8496 Mbps

[3/5] 开始迭代优化（15次）...
--------------------------------------------------------------------------------
Iter  10/15: Sum=2568.41Mbps, Min=29.7564Mbps, Time=6.875s

[4/5] 整理最终结果...

[5/5] 优化完成!
================================================================================
🎉 NewSSA优化完成!
📊 最终总速率: 2568.41 Mbps
🎯 最终最小速率: 29.7564 Mbps
📈 平均速率: 43.4523 Mbps
⏱️  优化时间: 103.10 秒
================================================================================
  NewSSA: min_rate=29.76 Mbps | E_step=143282J | dist=397.0m | E_total=1180.30kJ

--- 时间步 7/19 (t = 35s) ---
  BVF:    min_rate=40.50 Mbps | E_step=97080J | dist=125.4m | E_total=666.67kJ
离散网格生成完成: 9x9 = 81个候选点
开始离散遗传算法优化（网格: 9x9）...
Gen 0: Fitness=2.9281, Sum=2282.76Mbps, Min=17.0207Mbps, Time=1.257s
Gen 10: Fitness=3.3476, Sum=2625.83Mbps, Min=28.6268Mbps, Time=1.254s

🎉 离散遗传算法优化完成!
✨ 最佳性能出现在第 13 代
📊 最终总速率: 2607.66 Mbps
🎯 最终最小速率: 28.4244 Mbps
📈 速率标准差: 8.2913 Mbps
⏱️  优化时间: 18.88 秒
⚡ 平均每代: 1.259 秒
🎲 使用网格点: [5, 21, 26, 34, 36, 50, 72, 73, 77]
  GA:     min_rate=28.42 Mbps | E_step=1027379J | dist=5594.3m | E_total=5581.16kJ
✅ 分布式PSO优化器初始化完成
   - 粒子数量: 30
   - 最大迭代次数: 15
   - PSO参数: w=0.729, c1=1.49445, c2=1.49445

================================================================================
                            分布式PSO优化算法 (Algorithm 2)                            
================================================================================

[Step 1] 初始化粒子群...
   ✓ 粒子群初始化完成
   ✓ 初始全局最佳适应度: 59.8376

[开始迭代] 最大迭代次数: 15
--------------------------------------------------------------------------------
Iter   0 | Fitness:  59.8376 | Min Rate: 31.3814 Mbps | Sum Rate:  2655.35 Mbps | Mean Rate: 44.2558 Mbps
Iter  10 | Fitness:  60.8827 | Min Rate: 31.1692 Mbps | Sum Rate:  2654.95 Mbps | Mean Rate: 44.2492 Mbps
Iter  14 | Fitness:  60.8827 | Min Rate: 33.7031 Mbps | Sum Rate:  2682.72 Mbps | Mean Rate: 44.7120 Mbps

================================================================================
                                      优化完成                                      
================================================================================

📊 最终性能指标:
   - 总速率 (Sum Rate):      2669.63 Mbps
   - 最小速率 (Min Rate):    33.3314 Mbps
   - 平均速率 (Mean Rate):   44.4939 Mbps
   - 速率标准差 (Std):        6.0991 Mbps
   - 最佳适应度 (Fitness):   60.8827

📈 性能提升:
   - 总速率提升:   +0.54%
   - 最小速率提升: +6.21%

⏱️  计算时间:
   - 总优化时间: 70.81 秒
   - 平均每代:   4.720 秒
  PSO:    min_rate=33.33 Mbps | E_step=90844J | dist=88.8m | E_total=2121.93kJ
================================================================================
开始NewSSA优化（论文算法）...
  • 改进1: OBL策略 + 折射原理（公式18）
  • 改进2: 正弦-余弦搜索（公式20）
  • 改进3: 自适应参数r1和w（公式21-22）
  • 麻雀数量: 30
  • 最大迭代: 15
  • 生产者: 20%, 警戒者: 15%
================================================================================

[1/5] OBL策略 + 折射原理初始化...
[2/5] 计算初始适应度...
  ✓ 初始最优适应度: 25.6208 Mbps

[3/5] 开始迭代优化（15次）...
--------------------------------------------------------------------------------
Iter  10/15: Sum=2519.54Mbps, Min=29.0617Mbps, Time=7.066s

[4/5] 整理最终结果...

[5/5] 优化完成!
================================================================================
🎉 NewSSA优化完成!
📊 最终总速率: 2519.54 Mbps
🎯 最终最小速率: 29.0617 Mbps
📈 平均速率: 41.7146 Mbps
⏱️  优化时间: 105.10 秒
================================================================================
  NewSSA: min_rate=29.06 Mbps | E_step=165444J | dist=527.3m | E_total=1345.74kJ

--- 时间步 8/19 (t = 40s) ---
  BVF:    min_rate=42.55 Mbps | E_step=100613J | dist=146.2m | E_total=767.28kJ
离散网格生成完成: 9x9 = 81个候选点
开始离散遗传算法优化（网格: 9x9）...
Gen 0: Fitness=3.0583, Sum=2371.23Mbps, Min=19.5864Mbps, Time=1.305s
Gen 10: Fitness=3.2676, Sum=2519.99Mbps, Min=26.3153Mbps, Time=1.305s

🎉 离散遗传算法优化完成!
✨ 最佳性能出现在第 11 代
📊 最终总速率: 2519.14 Mbps
🎯 最终最小速率: 24.8261 Mbps
📈 速率标准差: 8.1191 Mbps
⏱️  优化时间: 19.58 秒
⚡ 平均每代: 1.305 秒
🎲 使用网格点: [8, 13, 36, 38, 55, 62, 63, 75, 79]
  GA:     min_rate=24.83 Mbps | E_step=989602J | dist=5372.2m | E_total=6570.76kJ
✅ 分布式PSO优化器初始化完成
   - 粒子数量: 30
   - 最大迭代次数: 15
   - PSO参数: w=0.729, c1=1.49445, c2=1.49445

================================================================================
                            分布式PSO优化算法 (Algorithm 2)                            
================================================================================

[Step 1] 初始化粒子群...
   ✓ 粒子群初始化完成
   ✓ 初始全局最佳适应度: 57.2135

[开始迭代] 最大迭代次数: 15
--------------------------------------------------------------------------------
Iter   0 | Fitness:  58.2013 | Min Rate: 30.8103 Mbps | Sum Rate:  2630.30 Mbps | Mean Rate: 43.8383 Mbps
Iter  10 | Fitness:  59.8360 | Min Rate: 31.2786 Mbps | Sum Rate:  2649.40 Mbps | Mean Rate: 44.1567 Mbps
Iter  14 | Fitness:  60.2886 | Min Rate: 33.4072 Mbps | Sum Rate:  2632.59 Mbps | Mean Rate: 43.8765 Mbps

================================================================================
                                      优化完成                                      
================================================================================

📊 最终性能指标:
   - 总速率 (Sum Rate):      2643.02 Mbps
   - 最小速率 (Min Rate):    32.6222 Mbps
   - 平均速率 (Mean Rate):   44.0504 Mbps
   - 速率标准差 (Std):        6.3508 Mbps
   - 最佳适应度 (Fitness):   60.2886

📈 性能提升:
   - 总速率提升:   +0.48%
   - 最小速率提升: +5.88%

⏱️  计算时间:
   - 总优化时间: 72.87 秒
   - 平均每代:   4.858 秒
  PSO:    min_rate=32.62 Mbps | E_step=103843J | dist=165.2m | E_total=2225.77kJ
================================================================================
开始NewSSA优化（论文算法）...
  • 改进1: OBL策略 + 折射原理（公式18）
  • 改进2: 正弦-余弦搜索（公式20）
  • 改进3: 自适应参数r1和w（公式21-22）
  • 麻雀数量: 30
  • 最大迭代: 15
  • 生产者: 20%, 警戒者: 15%
================================================================================

[1/5] OBL策略 + 折射原理初始化...
[2/5] 计算初始适应度...
  ✓ 初始最优适应度: 25.5579 Mbps

[3/5] 开始迭代优化（15次）...
--------------------------------------------------------------------------------
Iter  10/15: Sum=2554.71Mbps, Min=29.1876Mbps, Time=7.277s

[4/5] 整理最终结果...

[5/5] 优化完成!
================================================================================
🎉 NewSSA优化完成!
📊 最终总速率: 2554.71 Mbps
🎯 最终最小速率: 29.1876 Mbps
📈 平均速率: 42.7783 Mbps
⏱️  优化时间: 108.68 秒
================================================================================
  NewSSA: min_rate=29.19 Mbps | E_step=146987J | dist=418.8m | E_total=1492.73kJ

--- 时间步 9/19 (t = 45s) ---
  BVF:    min_rate=43.81 Mbps | E_step=97389J | dist=127.2m | E_total=864.67kJ
离散网格生成完成: 9x9 = 81个候选点
开始离散遗传算法优化（网格: 9x9）...
Gen 0: Fitness=2.8669, Sum=2269.08Mbps, Min=16.1190Mbps, Time=1.294s
Gen 10: Fitness=3.2792, Sum=2486.55Mbps, Min=24.7324Mbps, Time=1.362s

🎉 离散遗传算法优化完成!
✨ 最佳性能出现在第 11 代
📊 最终总速率: 2454.28 Mbps
🎯 最终最小速率: 26.1415 Mbps
📈 速率标准差: 7.9424 Mbps
⏱️  优化时间: 20.17 秒
⚡ 平均每代: 1.345 秒
🎲 使用网格点: [8, 11, 14, 15, 50, 54, 62, 74, 75]
  GA:     min_rate=26.14 Mbps | E_step=878979J | dist=4721.9m | E_total=7449.74kJ
✅ 分布式PSO优化器初始化完成
   - 粒子数量: 30
   - 最大迭代次数: 15
   - PSO参数: w=0.729, c1=1.49445, c2=1.49445

================================================================================
                            分布式PSO优化算法 (Algorithm 2)                            
================================================================================

[Step 1] 初始化粒子群...
   ✓ 粒子群初始化完成
   ✓ 初始全局最佳适应度: 58.0202

[开始迭代] 最大迭代次数: 15
--------------------------------------------------------------------------------
Iter   0 | Fitness:  58.0202 | Min Rate: 28.2881 Mbps | Sum Rate:  2630.28 Mbps | Mean Rate: 43.8380 Mbps
Iter  10 | Fitness:  58.2111 | Min Rate: 30.4323 Mbps | Sum Rate:  2625.19 Mbps | Mean Rate: 43.7532 Mbps
Iter  14 | Fitness:  59.4062 | Min Rate: 32.7886 Mbps | Sum Rate:  2592.17 Mbps | Mean Rate: 43.2028 Mbps

================================================================================
                                      优化完成                                      
================================================================================

📊 最终性能指标:
   - 总速率 (Sum Rate):      2577.55 Mbps
   - 最小速率 (Min Rate):    30.1623 Mbps
   - 平均速率 (Mean Rate):   42.9591 Mbps
   - 速率标准差 (Std):        5.5535 Mbps
   - 最佳适应度 (Fitness):   59.4062

📈 性能提升:
   - 总速率提升:   -2.00%
   - 最小速率提升: +6.63%

⏱️  计算时间:
   - 总优化时间: 75.51 秒
   - 平均每代:   5.034 秒
  PSO:    min_rate=30.16 Mbps | E_step=140215J | dist=379.0m | E_total=2365.98kJ
================================================================================
开始NewSSA优化（论文算法）...
  • 改进1: OBL策略 + 折射原理（公式18）
  • 改进2: 正弦-余弦搜索（公式20）
  • 改进3: 自适应参数r1和w（公式21-22）
  • 麻雀数量: 30
  • 最大迭代: 15
  • 生产者: 20%, 警戒者: 15%
================================================================================

[1/5] OBL策略 + 折射原理初始化...
[2/5] 计算初始适应度...
  ✓ 初始最优适应度: 25.6232 Mbps

[3/5] 开始迭代优化（15次）...
--------------------------------------------------------------------------------
Iter  10/15: Sum=2543.53Mbps, Min=28.7122Mbps, Time=7.061s

[4/5] 整理最终结果...

[5/5] 优化完成!
================================================================================
🎉 NewSSA优化完成!
📊 最终总速率: 2543.53 Mbps
🎯 最终最小速率: 28.7122 Mbps
📈 平均速率: 42.4261 Mbps
⏱️  优化时间: 105.40 秒
================================================================================
  NewSSA: min_rate=28.71 Mbps | E_step=110914J | dist=206.7m | E_total=1603.64kJ

--- 时间步 10/19 (t = 50s) ---
  BVF:    min_rate=41.57 Mbps | E_step=93478J | dist=104.2m | E_total=958.15kJ
离散网格生成完成: 9x9 = 81个候选点
开始离散遗传算法优化（网格: 9x9）...
Gen 0: Fitness=3.0316, Sum=2469.41Mbps, Min=19.6718Mbps, Time=1.288s
Gen 10: Fitness=3.3269, Sum=2452.51Mbps, Min=27.0957Mbps, Time=1.273s

🎉 离散遗传算法优化完成!
✨ 最佳性能出现在第 9 代
📊 最终总速率: 2459.28 Mbps
🎯 最终最小速率: 26.2293 Mbps
📈 速率标准差: 7.2304 Mbps
⏱️  优化时间: 19.27 秒
⚡ 平均每代: 1.284 秒
🎲 使用网格点: [6, 7, 19, 42, 44, 47, 56, 63, 77]
  GA:     min_rate=26.23 Mbps | E_step=886986J | dist=4768.9m | E_total=8336.72kJ
✅ 分布式PSO优化器初始化完成
   - 粒子数量: 30
   - 最大迭代次数: 15
   - PSO参数: w=0.729, c1=1.49445, c2=1.49445

================================================================================
                            分布式PSO优化算法 (Algorithm 2)                            
================================================================================

[Step 1] 初始化粒子群...
   ✓ 粒子群初始化完成
   ✓ 初始全局最佳适应度: 57.7794

[开始迭代] 最大迭代次数: 15
--------------------------------------------------------------------------------
Iter   0 | Fitness:  58.2700 | Min Rate: 31.6157 Mbps | Sum Rate:  2592.57 Mbps | Mean Rate: 43.2094 Mbps
Iter  10 | Fitness:  59.6038 | Min Rate: 31.9462 Mbps | Sum Rate:  2536.52 Mbps | Mean Rate: 42.2753 Mbps
Iter  14 | Fitness:  60.3133 | Min Rate: 32.1275 Mbps | Sum Rate:  2564.04 Mbps | Mean Rate: 42.7340 Mbps

================================================================================
                                      优化完成                                      
================================================================================

📊 最终性能指标:
   - 总速率 (Sum Rate):      2581.95 Mbps
   - 最小速率 (Min Rate):    30.7549 Mbps
   - 平均速率 (Mean Rate):   43.0325 Mbps
   - 速率标准差 (Std):        5.5521 Mbps
   - 最佳适应度 (Fitness):   60.3133

📈 性能提升:
   - 总速率提升:   -0.41%
   - 最小速率提升: -2.72%

⏱️  计算时间:
   - 总优化时间: 73.24 秒
   - 平均每代:   4.883 秒
  PSO:    min_rate=30.75 Mbps | E_step=114657J | dist=228.7m | E_total=2480.64kJ
================================================================================
开始NewSSA优化（论文算法）...
  • 改进1: OBL策略 + 折射原理（公式18）
  • 改进2: 正弦-余弦搜索（公式20）
  • 改进3: 自适应参数r1和w（公式21-22）
  • 麻雀数量: 30
  • 最大迭代: 15
  • 生产者: 20%, 警戒者: 15%
================================================================================

[1/5] OBL策略 + 折射原理初始化...
[2/5] 计算初始适应度...
  ✓ 初始最优适应度: 25.0618 Mbps

[3/5] 开始迭代优化（15次）...
--------------------------------------------------------------------------------
Iter  10/15: Sum=2523.77Mbps, Min=27.8996Mbps, Time=7.125s

[4/5] 整理最终结果...

[5/5] 优化完成!
================================================================================
🎉 NewSSA优化完成!
📊 最终总速率: 2523.77 Mbps
🎯 最终最小速率: 27.8996 Mbps
📈 平均速率: 42.1687 Mbps
⏱️  优化时间: 106.81 秒
================================================================================
  NewSSA: min_rate=27.90 Mbps | E_step=75746J | dist=0.0m | E_total=1679.39kJ

--- 时间步 11/19 (t = 55s) ---
  BVF:    min_rate=43.21 Mbps | E_step=82479J | dist=39.6m | E_total=1040.63kJ
离散网格生成完成: 9x9 = 81个候选点
开始离散遗传算法优化（网格: 9x9）...
Gen 0: Fitness=2.9097, Sum=2344.00Mbps, Min=17.9294Mbps, Time=1.311s
Gen 10: Fitness=3.3424, Sum=2403.32Mbps, Min=28.9078Mbps, Time=1.349s

🎉 离散遗传算法优化完成!
✨ 最佳性能出现在第 13 代
📊 最终总速率: 2532.24 Mbps
🎯 最终最小速率: 28.7150 Mbps
📈 速率标准差: 6.8618 Mbps
⏱️  优化时间: 20.18 秒
⚡ 平均每代: 1.345 秒
🎲 使用网格点: [6, 8, 21, 23, 37, 42, 69, 72, 76]
  GA:     min_rate=28.72 Mbps | E_step=743871J | dist=3927.6m | E_total=9080.59kJ
✅ 分布式PSO优化器初始化完成
   - 粒子数量: 30
   - 最大迭代次数: 15
   - PSO参数: w=0.729, c1=1.49445, c2=1.49445

================================================================================
                            分布式PSO优化算法 (Algorithm 2)                            
================================================================================

[Step 1] 初始化粒子群...
   ✓ 粒子群初始化完成
   ✓ 初始全局最佳适应度: 56.9956

[开始迭代] 最大迭代次数: 15
--------------------------------------------------------------------------------
Iter   0 | Fitness:  57.6122 | Min Rate: 31.6432 Mbps | Sum Rate:  2584.26 Mbps | Mean Rate: 43.0709 Mbps
Iter  10 | Fitness:  59.3329 | Min Rate: 31.2375 Mbps | Sum Rate:  2620.36 Mbps | Mean Rate: 43.6726 Mbps
Iter  14 | Fitness:  60.1733 | Min Rate: 35.0049 Mbps | Sum Rate:  2602.17 Mbps | Mean Rate: 43.3695 Mbps

================================================================================
                                      优化完成                                      
================================================================================

📊 最终性能指标:
   - 总速率 (Sum Rate):      2600.50 Mbps
   - 最小速率 (Min Rate):    35.6028 Mbps
   - 平均速率 (Mean Rate):   43.3416 Mbps
   - 速率标准差 (Std):        4.8424 Mbps
   - 最佳适应度 (Fitness):   60.1733

📈 性能提升:
   - 总速率提升:   +0.63%
   - 最小速率提升: +12.51%

⏱️  计算时间:
   - 总优化时间: 77.28 秒
   - 平均每代:   5.152 秒
  PSO:    min_rate=35.60 Mbps | E_step=120640J | dist=263.9m | E_total=2601.28kJ
================================================================================
开始NewSSA优化（论文算法）...
  • 改进1: OBL策略 + 折射原理（公式18）
  • 改进2: 正弦-余弦搜索（公式20）
  • 改进3: 自适应参数r1和w（公式21-22）
  • 麻雀数量: 30
  • 最大迭代: 15
  • 生产者: 20%, 警戒者: 15%
================================================================================

[1/5] OBL策略 + 折射原理初始化...
[2/5] 计算初始适应度...
  ✓ 初始最优适应度: 24.7850 Mbps

[3/5] 开始迭代优化（15次）...
--------------------------------------------------------------------------------
Iter  10/15: Sum=2504.60Mbps, Min=27.9600Mbps, Time=7.925s

[4/5] 整理最终结果...

[5/5] 优化完成!
================================================================================
🎉 NewSSA优化完成!
📊 最终总速率: 2504.60 Mbps
🎯 最终最小速率: 27.9600 Mbps
📈 平均速率: 41.8170 Mbps
⏱️  优化时间: 111.55 秒
================================================================================
  NewSSA: min_rate=27.96 Mbps | E_step=75746J | dist=0.0m | E_total=1755.13kJ

--- 时间步 12/19 (t = 60s) ---
  BVF:    min_rate=38.91 Mbps | E_step=105167J | dist=173.0m | E_total=1145.79kJ
离散网格生成完成: 9x9 = 81个候选点
开始离散遗传算法优化（网格: 9x9）...
Gen 0: Fitness=3.0300, Sum=2432.16Mbps, Min=21.8870Mbps, Time=1.303s
Gen 10: Fitness=3.3375, Sum=2474.84Mbps, Min=26.6367Mbps, Time=1.387s

🎉 离散遗传算法优化完成!
✨ 最佳性能出现在第 9 代
📊 最终总速率: 2473.83 Mbps
🎯 最终最小速率: 27.7838 Mbps
📈 速率标准差: 7.1938 Mbps
⏱️  优化时间: 20.16 秒
⚡ 平均每代: 1.344 秒
🎲 使用网格点: [4, 7, 34, 46, 47, 58, 63, 68, 77]
  GA:     min_rate=27.78 Mbps | E_step=767499J | dist=4066.5m | E_total=9848.09kJ
✅ 分布式PSO优化器初始化完成
   - 粒子数量: 30
   - 最大迭代次数: 15
   - PSO参数: w=0.729, c1=1.49445, c2=1.49445

================================================================================
                            分布式PSO优化算法 (Algorithm 2)                            
================================================================================

[Step 1] 初始化粒子群...
   ✓ 粒子群初始化完成
   ✓ 初始全局最佳适应度: 58.1897

[开始迭代] 最大迭代次数: 15
--------------------------------------------------------------------------------
Iter   0 | Fitness:  58.1897 | Min Rate: 32.5995 Mbps | Sum Rate:  2576.87 Mbps | Mean Rate: 42.9478 Mbps
Iter  10 | Fitness:  59.8920 | Min Rate: 34.2915 Mbps | Sum Rate:  2564.26 Mbps | Mean Rate: 42.7377 Mbps
Iter  14 | Fitness:  60.1887 | Min Rate: 32.4086 Mbps | Sum Rate:  2568.79 Mbps | Mean Rate: 42.8132 Mbps

================================================================================
                                      优化完成                                      
================================================================================

📊 最终性能指标:
   - 总速率 (Sum Rate):      2546.95 Mbps
   - 最小速率 (Min Rate):    32.3366 Mbps
   - 平均速率 (Mean Rate):   42.4492 Mbps
   - 速率标准差 (Std):        4.8701 Mbps
   - 最佳适应度 (Fitness):   60.1887

📈 性能提升:
   - 总速率提升:   -1.16%
   - 最小速率提升: -0.81%

⏱️  计算时间:
   - 总优化时间: 73.24 秒
   - 平均每代:   4.883 秒
  PSO:    min_rate=32.34 Mbps | E_step=91176J | dist=90.7m | E_total=2692.46kJ
================================================================================
开始NewSSA优化（论文算法）...
  • 改进1: OBL策略 + 折射原理（公式18）
  • 改进2: 正弦-余弦搜索（公式20）
  • 改进3: 自适应参数r1和w（公式21-22）
  • 麻雀数量: 30
  • 最大迭代: 15
  • 生产者: 20%, 警戒者: 15%
================================================================================

[1/5] OBL策略 + 折射原理初始化...
[2/5] 计算初始适应度...
  ✓ 初始最优适应度: 24.3392 Mbps

[3/5] 开始迭代优化（15次）...
--------------------------------------------------------------------------------
Iter  10/15: Sum=2470.47Mbps, Min=28.1321Mbps, Time=6.957s

[4/5] 整理最终结果...

[5/5] 优化完成!
================================================================================
🎉 NewSSA优化完成!
📊 最终总速率: 2470.47 Mbps
🎯 最终最小速率: 28.1321 Mbps
📈 平均速率: 41.3490 Mbps
⏱️  优化时间: 104.46 秒
================================================================================
  NewSSA: min_rate=28.13 Mbps | E_step=75746J | dist=0.0m | E_total=1830.88kJ

--- 时间步 13/19 (t = 65s) ---
  BVF:    min_rate=40.90 Mbps | E_step=85893J | dist=59.6m | E_total=1231.69kJ
离散网格生成完成: 9x9 = 81个候选点
开始离散遗传算法优化（网格: 9x9）...
Gen 0: Fitness=3.0454, Sum=2430.46Mbps, Min=20.3206Mbps, Time=1.277s
Gen 10: Fitness=3.2357, Sum=2419.64Mbps, Min=23.1581Mbps, Time=1.275s

🎉 离散遗传算法优化完成!
✨ 最佳性能出现在第 14 代
📊 最终总速率: 2490.38 Mbps
🎯 最终最小速率: 26.6906 Mbps
📈 速率标准差: 7.0742 Mbps
⏱️  优化时间: 19.17 秒
⚡ 平均每代: 1.278 秒
🎲 使用网格点: [7, 13, 31, 35, 54, 55, 57, 67, 74]
  GA:     min_rate=26.69 Mbps | E_step=836539J | dist=4472.4m | E_total=10684.63kJ
✅ 分布式PSO优化器初始化完成
   - 粒子数量: 30
   - 最大迭代次数: 15
   - PSO参数: w=0.729, c1=1.49445, c2=1.49445

================================================================================
                            分布式PSO优化算法 (Algorithm 2)                            
================================================================================

[Step 1] 初始化粒子群...
   ✓ 粒子群初始化完成
   ✓ 初始全局最佳适应度: 57.8208

[开始迭代] 最大迭代次数: 15
--------------------------------------------------------------------------------
Iter   0 | Fitness:  58.6879 | Min Rate: 33.3509 Mbps | Sum Rate:  2510.43 Mbps | Mean Rate: 41.8404 Mbps
Iter  10 | Fitness:  60.7326 | Min Rate: 32.9498 Mbps | Sum Rate:  2527.51 Mbps | Mean Rate: 42.1251 Mbps
Iter  14 | Fitness:  60.7326 | Min Rate: 32.7895 Mbps | Sum Rate:  2519.46 Mbps | Mean Rate: 41.9909 Mbps

================================================================================
                                      优化完成                                      
================================================================================

📊 最终性能指标:
   - 总速率 (Sum Rate):      2510.81 Mbps
   - 最小速率 (Min Rate):    32.4837 Mbps
   - 平均速率 (Mean Rate):   41.8468 Mbps
   - 速率标准差 (Std):        5.0127 Mbps
   - 最佳适应度 (Fitness):   60.7326

📈 性能提升:
   - 总速率提升:   +0.02%
   - 最小速率提升: -2.60%

⏱️  计算时间:
   - 总优化时间: 72.41 秒
   - 平均每代:   4.827 秒
  PSO:    min_rate=32.48 Mbps | E_step=97126J | dist=125.7m | E_total=2789.58kJ
================================================================================
开始NewSSA优化（论文算法）...
  • 改进1: OBL策略 + 折射原理（公式18）
  • 改进2: 正弦-余弦搜索（公式20）
  • 改进3: 自适应参数r1和w（公式21-22）
  • 麻雀数量: 30
  • 最大迭代: 15
  • 生产者: 20%, 警戒者: 15%
================================================================================

[1/5] OBL策略 + 折射原理初始化...
[2/5] 计算初始适应度...
  ✓ 初始最优适应度: 25.2274 Mbps

[3/5] 开始迭代优化（15次）...
--------------------------------------------------------------------------------
Iter  10/15: Sum=2448.68Mbps, Min=27.8297Mbps, Time=7.178s

[4/5] 整理最终结果...

[5/5] 优化完成!
================================================================================
🎉 NewSSA优化完成!
📊 最终总速率: 2448.68 Mbps
🎯 最终最小速率: 27.8297 Mbps
📈 平均速率: 41.0755 Mbps
⏱️  优化时间: 109.98 秒
================================================================================
  NewSSA: min_rate=27.83 Mbps | E_step=75746J | dist=0.0m | E_total=1906.62kJ

--- 时间步 14/19 (t = 70s) ---
  BVF:    min_rate=42.52 Mbps | E_step=95676J | dist=117.2m | E_total=1327.36kJ
离散网格生成完成: 9x9 = 81个候选点
开始离散遗传算法优化（网格: 9x9）...
Gen 0: Fitness=3.0512, Sum=2276.26Mbps, Min=19.1639Mbps, Time=1.291s
Gen 10: Fitness=3.2948, Sum=2464.53Mbps, Min=26.3332Mbps, Time=1.290s

🎉 离散遗传算法优化完成!
✨ 最佳性能出现在第 13 代
📊 最终总速率: 2459.75 Mbps
🎯 最终最小速率: 24.8983 Mbps
📈 速率标准差: 8.7611 Mbps
⏱️  优化时间: 19.36 秒
⚡ 平均每代: 1.291 秒
🎲 使用网格点: [6, 17, 19, 21, 22, 55, 62, 74, 78]
  GA:     min_rate=24.90 Mbps | E_step=871063J | dist=4675.3m | E_total=11555.69kJ
✅ 分布式PSO优化器初始化完成
   - 粒子数量: 30
   - 最大迭代次数: 15
   - PSO参数: w=0.729, c1=1.49445, c2=1.49445

================================================================================
                            分布式PSO优化算法 (Algorithm 2)                            
================================================================================

[Step 1] 初始化粒子群...
   ✓ 粒子群初始化完成
   ✓ 初始全局最佳适应度: 58.1613

[开始迭代] 最大迭代次数: 15
--------------------------------------------------------------------------------
Iter   0 | Fitness:  58.1613 | Min Rate: 31.1455 Mbps | Sum Rate:  2543.01 Mbps | Mean Rate: 42.3834 Mbps
Iter  10 | Fitness:  58.7378 | Min Rate: 32.1688 Mbps | Sum Rate:  2505.93 Mbps | Mean Rate: 41.7655 Mbps
Iter  14 | Fitness:  58.8899 | Min Rate: 31.7247 Mbps | Sum Rate:  2555.63 Mbps | Mean Rate: 42.5939 Mbps

================================================================================
                                      优化完成                                      
================================================================================

📊 最终性能指标:
   - 总速率 (Sum Rate):      2562.80 Mbps
   - 最小速率 (Min Rate):    33.6316 Mbps
   - 平均速率 (Mean Rate):   42.7134 Mbps
   - 速率标准差 (Std):        5.5882 Mbps
   - 最佳适应度 (Fitness):   58.8899

📈 性能提升:
   - 总速率提升:   +0.78%
   - 最小速率提升: +7.98%

⏱️  计算时间:
   - 总优化时间: 74.05 秒
   - 平均每代:   4.937 秒
  PSO:    min_rate=33.63 Mbps | E_step=116711J | dist=240.8m | E_total=2906.29kJ
================================================================================
开始NewSSA优化（论文算法）...
  • 改进1: OBL策略 + 折射原理（公式18）
  • 改进2: 正弦-余弦搜索（公式20）
  • 改进3: 自适应参数r1和w（公式21-22）
  • 麻雀数量: 30
  • 最大迭代: 15
  • 生产者: 20%, 警戒者: 15%
================================================================================

[1/5] OBL策略 + 折射原理初始化...
[2/5] 计算初始适应度...
  ✓ 初始最优适应度: 23.9065 Mbps

[3/5] 开始迭代优化（15次）...
--------------------------------------------------------------------------------
Iter  10/15: Sum=2437.32Mbps, Min=27.8499Mbps, Time=7.317s

[4/5] 整理最终结果...

[5/5] 优化完成!
================================================================================
🎉 NewSSA优化完成!
📊 最终总速率: 2437.32 Mbps
🎯 最终最小速率: 27.8499 Mbps
📈 平均速率: 40.9780 Mbps
⏱️  优化时间: 108.07 秒
================================================================================
  NewSSA: min_rate=27.85 Mbps | E_step=75746J | dist=0.0m | E_total=1982.37kJ

--- 时间步 15/19 (t = 75s) ---
  BVF:    min_rate=43.41 Mbps | E_step=92080J | dist=96.0m | E_total=1419.44kJ
离散网格生成完成: 9x9 = 81个候选点
开始离散遗传算法优化（网格: 9x9）...
Gen 0: Fitness=3.0007, Sum=2331.88Mbps, Min=21.7977Mbps, Time=1.257s
Gen 10: Fitness=3.3812, Sum=2468.29Mbps, Min=28.2773Mbps, Time=1.272s

🎉 离散遗传算法优化完成!
✨ 最佳性能出现在第 14 代
📊 最终总速率: 2510.55 Mbps
🎯 最终最小速率: 29.5060 Mbps
📈 速率标准差: 6.7483 Mbps
⏱️  优化时间: 19.01 秒
⚡ 平均每代: 1.267 秒
🎲 使用网格点: [6, 20, 26, 37, 40, 61, 67, 72, 75]
  GA:     min_rate=29.51 Mbps | E_step=881730J | dist=4738.0m | E_total=12437.42kJ
✅ 分布式PSO优化器初始化完成
   - 粒子数量: 30
   - 最大迭代次数: 15
   - PSO参数: w=0.729, c1=1.49445, c2=1.49445

================================================================================
                            分布式PSO优化算法 (Algorithm 2)                            
================================================================================

[Step 1] 初始化粒子群...
   ✓ 粒子群初始化完成
   ✓ 初始全局最佳适应度: 56.7051

[开始迭代] 最大迭代次数: 15
--------------------------------------------------------------------------------
Iter   0 | Fitness:  56.7051 | Min Rate: 32.0819 Mbps | Sum Rate:  2533.91 Mbps | Mean Rate: 42.2319 Mbps
Iter  10 | Fitness:  58.4501 | Min Rate: 30.4947 Mbps | Sum Rate:  2539.72 Mbps | Mean Rate: 42.3287 Mbps
Iter  14 | Fitness:  58.4501 | Min Rate: 31.2508 Mbps | Sum Rate:  2585.94 Mbps | Mean Rate: 43.0991 Mbps

================================================================================
                                      优化完成                                      
================================================================================

📊 最终性能指标:
   - 总速率 (Sum Rate):      2536.62 Mbps
   - 最小速率 (Min Rate):    31.4106 Mbps
   - 平均速率 (Mean Rate):   42.2771 Mbps
   - 速率标准差 (Std):        5.4638 Mbps
   - 最佳适应度 (Fitness):   58.4501

📈 性能提升:
   - 总速率提升:   +0.11%
   - 最小速率提升: -2.09%

⏱️  计算时间:
   - 总优化时间: 74.27 秒
   - 平均每代:   4.951 秒
  PSO:    min_rate=31.41 Mbps | E_step=95187J | dist=114.3m | E_total=3001.48kJ
================================================================================
开始NewSSA优化（论文算法）...
  • 改进1: OBL策略 + 折射原理（公式18）
  • 改进2: 正弦-余弦搜索（公式20）
  • 改进3: 自适应参数r1和w（公式21-22）
  • 麻雀数量: 30
  • 最大迭代: 15
  • 生产者: 20%, 警戒者: 15%
================================================================================

[1/5] OBL策略 + 折射原理初始化...
[2/5] 计算初始适应度...
  ✓ 初始最优适应度: 23.7505 Mbps

[3/5] 开始迭代优化（15次）...
--------------------------------------------------------------------------------
Iter  10/15: Sum=2407.66Mbps, Min=27.1747Mbps, Time=6.936s

[4/5] 整理最终结果...

[5/5] 优化完成!
================================================================================
🎉 NewSSA优化完成!
📊 最终总速率: 2407.66 Mbps
🎯 最终最小速率: 27.1747 Mbps
📈 平均速率: 40.3613 Mbps
⏱️  优化时间: 106.15 秒
================================================================================
  NewSSA: min_rate=27.17 Mbps | E_step=75746J | dist=0.0m | E_total=2058.12kJ

--- 时间步 16/19 (t = 80s) ---
  BVF:    min_rate=44.17 Mbps | E_step=85203J | dist=55.6m | E_total=1504.64kJ
离散网格生成完成: 9x9 = 81个候选点
开始离散遗传算法优化（网格: 9x9）...
Gen 0: Fitness=2.8769, Sum=2181.43Mbps, Min=16.0106Mbps, Time=1.325s
Gen 10: Fitness=3.2679, Sum=2428.76Mbps, Min=23.5751Mbps, Time=1.335s

🎉 离散遗传算法优化完成!
✨ 最佳性能出现在第 8 代
📊 最终总速率: 2432.59 Mbps
🎯 最终最小速率: 24.3120 Mbps
📈 速率标准差: 8.3330 Mbps
⏱️  优化时间: 20.88 秒
⚡ 平均每代: 1.392 秒
🎲 使用网格点: [7, 12, 19, 24, 25, 58, 60, 63, 68]
  GA:     min_rate=24.31 Mbps | E_step=733177J | dist=3864.8m | E_total=13170.60kJ
✅ 分布式PSO优化器初始化完成
   - 粒子数量: 30
   - 最大迭代次数: 15
   - PSO参数: w=0.729, c1=1.49445, c2=1.49445

================================================================================
                            分布式PSO优化算法 (Algorithm 2)                            
================================================================================

[Step 1] 初始化粒子群...
   ✓ 粒子群初始化完成
   ✓ 初始全局最佳适应度: 54.3252

[开始迭代] 最大迭代次数: 15
--------------------------------------------------------------------------------
Iter   0 | Fitness:  54.4854 | Min Rate: 29.8600 Mbps | Sum Rate:  2568.69 Mbps | Mean Rate: 42.8115 Mbps
Iter  10 | Fitness:  56.0629 | Min Rate: 28.9261 Mbps | Sum Rate:  2569.64 Mbps | Mean Rate: 42.8274 Mbps
Iter  14 | Fitness:  56.6926 | Min Rate: 27.7507 Mbps | Sum Rate:  2540.21 Mbps | Mean Rate: 42.3369 Mbps

================================================================================
                                      优化完成                                      
================================================================================

📊 最终性能指标:
   - 总速率 (Sum Rate):      2549.04 Mbps
   - 最小速率 (Min Rate):    28.3975 Mbps
   - 平均速率 (Mean Rate):   42.4841 Mbps
   - 速率标准差 (Std):        6.0945 Mbps
   - 最佳适应度 (Fitness):   56.6926

📈 性能提升:
   - 总速率提升:   -0.76%
   - 最小速率提升: -4.90%

⏱️  计算时间:
   - 总优化时间: 84.05 秒
   - 平均每代:   5.603 秒
  PSO:    min_rate=28.40 Mbps | E_step=124224J | dist=285.0m | E_total=3125.70kJ
================================================================================
开始NewSSA优化（论文算法）...
  • 改进1: OBL策略 + 折射原理（公式18）
  • 改进2: 正弦-余弦搜索（公式20）
  • 改进3: 自适应参数r1和w（公式21-22）
  • 麻雀数量: 30
  • 最大迭代: 15
  • 生产者: 20%, 警戒者: 15%
================================================================================

[1/5] OBL策略 + 折射原理初始化...
[2/5] 计算初始适应度...
  ✓ 初始最优适应度: 24.0154 Mbps

[3/5] 开始迭代优化（15次）...
--------------------------------------------------------------------------------
Iter  10/15: Sum=2384.84Mbps, Min=26.7951Mbps, Time=7.441s

[4/5] 整理最终结果...

[5/5] 优化完成!
================================================================================
🎉 NewSSA优化完成!
📊 最终总速率: 2384.84 Mbps
🎯 最终最小速率: 26.7951 Mbps
📈 平均速率: 40.1359 Mbps
⏱️  优化时间: 113.17 秒
================================================================================
  NewSSA: min_rate=26.80 Mbps | E_step=75746J | dist=0.0m | E_total=2133.86kJ

--- 时间步 17/19 (t = 85s) ---
  BVF:    min_rate=41.87 Mbps | E_step=87204J | dist=67.4m | E_total=1591.85kJ
离散网格生成完成: 9x9 = 81个候选点
开始离散遗传算法优化（网格: 9x9）...
Gen 0: Fitness=3.1501, Sum=2331.24Mbps, Min=22.7184Mbps, Time=1.358s
Gen 10: Fitness=3.2716, Sum=2519.41Mbps, Min=23.9028Mbps, Time=1.337s

🎉 离散遗传算法优化完成!
✨ 最佳性能出现在第 12 代
📊 最终总速率: 2493.75 Mbps
🎯 最终最小速率: 25.3677 Mbps
📈 速率标准差: 7.1677 Mbps
⏱️  优化时间: 20.19 秒
⚡ 平均每代: 1.346 秒
🎲 使用网格点: [5, 8, 19, 43, 54, 55, 58, 61, 75]
  GA:     min_rate=25.37 Mbps | E_step=872103J | dist=4681.4m | E_total=14042.70kJ
✅ 分布式PSO优化器初始化完成
   - 粒子数量: 30
   - 最大迭代次数: 15
   - PSO参数: w=0.729, c1=1.49445, c2=1.49445

================================================================================
                            分布式PSO优化算法 (Algorithm 2)                            
================================================================================

[Step 1] 初始化粒子群...
   ✓ 粒子群初始化完成
   ✓ 初始全局最佳适应度: 55.2170

[开始迭代] 最大迭代次数: 15
--------------------------------------------------------------------------------
Iter   0 | Fitness:  55.2170 | Min Rate: 28.1054 Mbps | Sum Rate:  2559.20 Mbps | Mean Rate: 42.6533 Mbps
Iter  10 | Fitness:  56.4948 | Min Rate: 31.4546 Mbps | Sum Rate:  2565.44 Mbps | Mean Rate: 42.7574 Mbps
Iter  14 | Fitness:  56.6622 | Min Rate: 31.4009 Mbps | Sum Rate:  2512.28 Mbps | Mean Rate: 41.8713 Mbps

================================================================================
                                      优化完成                                      
================================================================================

📊 最终性能指标:
   - 总速率 (Sum Rate):      2537.43 Mbps
   - 最小速率 (Min Rate):    30.6718 Mbps
   - 平均速率 (Mean Rate):   42.2905 Mbps
   - 速率标准差 (Std):        5.5525 Mbps
   - 最佳适应度 (Fitness):   56.6622

📈 性能提升:
   - 总速率提升:   -0.85%
   - 最小速率提升: +9.13%

⏱️  计算时间:
   - 总优化时间: 77.62 秒
   - 平均每代:   5.175 秒
  PSO:    min_rate=30.67 Mbps | E_step=141197J | dist=384.8m | E_total=3266.90kJ
================================================================================
开始NewSSA优化（论文算法）...
  • 改进1: OBL策略 + 折射原理（公式18）
  • 改进2: 正弦-余弦搜索（公式20）
  • 改进3: 自适应参数r1和w（公式21-22）
  • 麻雀数量: 30
  • 最大迭代: 15
  • 生产者: 20%, 警戒者: 15%
================================================================================

[1/5] OBL策略 + 折射原理初始化...
[2/5] 计算初始适应度...
  ✓ 初始最优适应度: 23.4656 Mbps

[3/5] 开始迭代优化（15次）...
--------------------------------------------------------------------------------
Iter  10/15: Sum=2392.78Mbps, Min=26.5620Mbps, Time=7.992s

[4/5] 整理最终结果...

[5/5] 优化完成!
================================================================================
🎉 NewSSA优化完成!
📊 最终总速率: 2392.78 Mbps
🎯 最终最小速率: 26.5620 Mbps
📈 平均速率: 40.0527 Mbps
⏱️  优化时间: 117.18 秒
================================================================================
  NewSSA: min_rate=26.56 Mbps | E_step=75746J | dist=0.0m | E_total=2209.61kJ

--- 时间步 18/19 (t = 90s) ---
  BVF:    min_rate=42.19 Mbps | E_step=85775J | dist=59.0m | E_total=1677.62kJ
离散网格生成完成: 9x9 = 81个候选点
开始离散遗传算法优化（网格: 9x9）...
Gen 0: Fitness=2.8441, Sum=2320.10Mbps, Min=17.2171Mbps, Time=1.342s
Gen 10: Fitness=3.2761, Sum=2440.12Mbps, Min=22.9947Mbps, Time=1.355s

🎉 离散遗传算法优化完成!
✨ 最佳性能出现在第 4 代
📊 最终总速率: 2479.39 Mbps
🎯 最终最小速率: 25.1454 Mbps
📈 速率标准差: 7.3044 Mbps
⏱️  优化时间: 20.36 秒
⚡ 平均每代: 1.357 秒
🎲 使用网格点: [2, 4, 23, 26, 43, 46, 64, 66, 78]
  GA:     min_rate=25.15 Mbps | E_step=730114J | dist=3846.8m | E_total=14772.82kJ
✅ 分布式PSO优化器初始化完成
   - 粒子数量: 30
   - 最大迭代次数: 15
   - PSO参数: w=0.729, c1=1.49445, c2=1.49445

================================================================================
                            分布式PSO优化算法 (Algorithm 2)                            
================================================================================

[Step 1] 初始化粒子群...
   ✓ 粒子群初始化完成
   ✓ 初始全局最佳适应度: 54.1133

[开始迭代] 最大迭代次数: 15
--------------------------------------------------------------------------------
Iter   0 | Fitness:  55.1307 | Min Rate: 29.0120 Mbps | Sum Rate:  2468.68 Mbps | Mean Rate: 41.1447 Mbps
Iter  10 | Fitness:  56.6160 | Min Rate: 28.2821 Mbps | Sum Rate:  2475.30 Mbps | Mean Rate: 41.2550 Mbps
Iter  14 | Fitness:  57.0050 | Min Rate: 29.3053 Mbps | Sum Rate:  2505.63 Mbps | Mean Rate: 41.7605 Mbps

================================================================================
                                      优化完成                                      
================================================================================

📊 最终性能指标:
   - 总速率 (Sum Rate):      2475.39 Mbps
   - 最小速率 (Min Rate):    28.7773 Mbps
   - 平均速率 (Mean Rate):   41.2565 Mbps
   - 速率标准差 (Std):        5.3783 Mbps
   - 最佳适应度 (Fitness):   57.0050

📈 性能提升:
   - 总速率提升:   +0.27%
   - 最小速率提升: -0.81%

⏱️  计算时间:
   - 总优化时间: 77.68 秒
   - 平均每代:   5.178 秒
  PSO:    min_rate=28.78 Mbps | E_step=132924J | dist=336.1m | E_total=3399.83kJ
================================================================================
开始NewSSA优化（论文算法）...
  • 改进1: OBL策略 + 折射原理（公式18）
  • 改进2: 正弦-余弦搜索（公式20）
  • 改进3: 自适应参数r1和w（公式21-22）
  • 麻雀数量: 30
  • 最大迭代: 15
  • 生产者: 20%, 警戒者: 15%
================================================================================

[1/5] OBL策略 + 折射原理初始化...
[2/5] 计算初始适应度...
  ✓ 初始最优适应度: 24.0755 Mbps

[3/5] 开始迭代优化（15次）...
--------------------------------------------------------------------------------
Iter  10/15: Sum=2382.30Mbps, Min=26.8564Mbps, Time=7.993s

[4/5] 整理最终结果...

[5/5] 优化完成!
================================================================================
🎉 NewSSA优化完成!
📊 最终总速率: 2382.30 Mbps
🎯 最终最小速率: 26.8564 Mbps
📈 平均速率: 39.9666 Mbps
⏱️  优化时间: 110.19 秒
================================================================================
  NewSSA: min_rate=26.86 Mbps | E_step=75746J | dist=0.0m | E_total=2285.35kJ

--- 时间步 19/19 (t = 95s) ---
  BVF:    min_rate=41.04 Mbps | E_step=85054J | dist=54.7m | E_total=1762.68kJ
离散网格生成完成: 9x9 = 81个候选点
开始离散遗传算法优化（网格: 9x9）...
Gen 0: Fitness=3.1226, Sum=2315.99Mbps, Min=23.0325Mbps, Time=1.298s
Gen 10: Fitness=3.3519, Sum=2390.70Mbps, Min=27.4516Mbps, Time=1.316s

🎉 离散遗传算法优化完成!
✨ 最佳性能出现在第 5 代
📊 最终总速率: 2409.43 Mbps
🎯 最终最小速率: 27.1310 Mbps
📈 速率标准差: 7.3622 Mbps
⏱️  优化时间: 19.67 秒
⚡ 平均每代: 1.312 秒
🎲 使用网格点: [4, 16, 18, 38, 51, 61, 68, 69, 72]
  GA:     min_rate=27.13 Mbps | E_step=833271J | dist=4453.2m | E_total=15606.09kJ
✅ 分布式PSO优化器初始化完成
   - 粒子数量: 30
   - 最大迭代次数: 15
   - PSO参数: w=0.729, c1=1.49445, c2=1.49445

================================================================================
                            分布式PSO优化算法 (Algorithm 2)                            
================================================================================

[Step 1] 初始化粒子群...
   ✓ 粒子群初始化完成
   ✓ 初始全局最佳适应度: 55.2742

[开始迭代] 最大迭代次数: 15
--------------------------------------------------------------------------------
Iter   0 | Fitness:  56.2382 | Min Rate: 29.3288 Mbps | Sum Rate:  2473.67 Mbps | Mean Rate: 41.2278 Mbps
Iter  10 | Fitness:  56.2382 | Min Rate: 32.3912 Mbps | Sum Rate:  2480.51 Mbps | Mean Rate: 41.3419 Mbps
Iter  14 | Fitness:  56.7339 | Min Rate: 29.9510 Mbps | Sum Rate:  2540.33 Mbps | Mean Rate: 42.3388 Mbps

================================================================================
                                      优化完成                                      
================================================================================

📊 最终性能指标:
   - 总速率 (Sum Rate):      2497.58 Mbps
   - 最小速率 (Min Rate):    29.6996 Mbps
   - 平均速率 (Mean Rate):   41.6264 Mbps
   - 速率标准差 (Std):        5.0934 Mbps
   - 最佳适应度 (Fitness):   56.7339

📈 性能提升:
   - 总速率提升:   +0.97%
   - 最小速率提升: +1.26%

⏱️  计算时间:
   - 总优化时间: 76.23 秒
   - 平均每代:   5.082 秒
  PSO:    min_rate=29.70 Mbps | E_step=116894J | dist=241.9m | E_total=3516.72kJ
================================================================================
开始NewSSA优化（论文算法）...
  • 改进1: OBL策略 + 折射原理（公式18）
  • 改进2: 正弦-余弦搜索（公式20）
  • 改进3: 自适应参数r1和w（公式21-22）
  • 麻雀数量: 30
  • 最大迭代: 15
  • 生产者: 20%, 警戒者: 15%
================================================================================

[1/5] OBL策略 + 折射原理初始化...
[2/5] 计算初始适应度...
  ✓ 初始最优适应度: 23.5115 Mbps

[3/5] 开始迭代优化（15次）...
--------------------------------------------------------------------------------
Iter  10/15: Sum=2364.13Mbps, Min=26.4540Mbps, Time=7.069s

[4/5] 整理最终结果...

[5/5] 优化完成!
================================================================================
🎉 NewSSA优化完成!
📊 最终总速率: 2364.13 Mbps
🎯 最终最小速率: 26.4540 Mbps
📈 平均速率: 39.6671 Mbps
⏱️  优化时间: 106.36 秒
================================================================================
  NewSSA: min_rate=26.45 Mbps | E_step=75746J | dist=0.0m | E_total=2361.10kJ

=====================================================================================
  动态场景对比总结
=====================================================================================
算法       平均Min Rate     平均Sum Rate     累计能耗(kJ)       累计距离(m)        能效(Mbps/kJ)   
-------------------------------------------------------------------------------------
BVF      40.63          3262.6         1762.68        1901.8         0.0230        
GA       27.12          2507.6         15606.09       83281.3        0.0017        
PSO      31.08          2574.4         3516.72        12213.0        0.0088        
NewSSA   28.48          2497.4         2361.10        5419.6         0.0121        
-------------------------------------------------------------------------------------

JSON 已保存: result/dynamic_energy/dynamic_9uav_seed62.json

图表已保存: result/dynamic_energy/dynamic_energy_9uav_seed62.png
能效图已保存: result/dynamic_energy/dynamic_efficiency_9uav_seed62.png

======================================================================
  实验完成!
======================================================================
