/Users/haydd/.matplotlib is not a writable directory
Matplotlib created a temporary cache directory at /var/folders/r6/dcf4cdw91gq6nbp1qy0xyx4w0000gn/T/matplotlib-evcak5lx because there was an issue with the default path (/Users/haydd/.matplotlib); it is highly recommended to set the MPLCONFIGDIR environment variable to a writable directory, in particular to speed up the import of Matplotlib and to better support multiprocessing.
Matplotlib is building the font cache; this may take a moment.

====================================================================================================
                                        自适应固定AP选择 - 四算法对比实验                                         
====================================================================================================

📊 实验配置:
   • 随机种子: [71, 75, 76]
   • UAV配置:
     - 6 UAVs: L=3 (已有结果，不重新运行)
     - 9 UAVs: L=4 (30.8% 利用率)
     - 12 UAVs: L=5 (31.2% 利用率)
   • 算法: VF, GA, PSO, NewSSA
   • 信道实现: 50
   • 总评估次数: 1500

⏱️  预计时间: ~90 分钟 (9和12 UAVs, 每个配置约15分钟)

====================================================================================================
                                         9 UAVs, L=4, 种子71                                          
====================================================================================================
配置: 9 UAVs + 4 Ground APs = 13 总AP
AP选择: L=4 (30.8% 利用率)

[1/4] 生成场景...
[2/4] 创建配置...
[3/4] 计算初始性能...
  初始 Min Rate: 33.8237 Mbps
  初始 Sum Rate: 2647.52 Mbps

[4/4] 运行优化器...

  运行 BVF...
开始平衡虚拟力优化（V3正确优化版）...
Iter 0: Sum=2657.48Mbps, Min=31.8472Mbps, BestMin=31.8472Mbps (Iter0), Time=0.092s
Iter 10: Sum=2652.60Mbps, Min=33.1146Mbps, BestMin=35.1794Mbps (Iter2), Time=0.094s
Iter 20: Sum=2606.98Mbps, Min=34.1011Mbps, BestMin=35.7962Mbps (Iter14), Time=0.098s
Iter 30: Sum=2542.41Mbps, Min=35.1948Mbps, BestMin=35.7962Mbps (Iter14), Time=0.094s
Iter 40: Sum=2584.76Mbps, Min=34.2057Mbps, BestMin=36.8179Mbps (Iter39), Time=0.095s

🎉 平衡虚拟力优化完成（V3版 - 历代最优记忆）!
✨ 最佳性能出现在第 39 次迭代
📊 历代最优总速率: 2602.46 Mbps
🎯 历代最优最小速率: 36.8179 Mbps
📈 速率标准差: 4.1548 Mbps
⏱️  优化时间: 4.81 秒
⚡ 平均每次迭代: 0.096 秒
🔄 重启次数: 0
    Min Rate: 36.8179 Mbps (+8.85%)
    Sum Rate: 2602.46 Mbps
    时间: 4.8s

  运行 GA...
离散网格生成完成: 9x9 = 81个候选点
开始离散遗传算法优化（网格: 9x9）...
Gen 0: Fitness=3.1958, Sum=2606.55Mbps, Min=25.7495Mbps, Time=2.955s
Gen 10: Fitness=3.5315, Sum=2625.67Mbps, Min=33.9911Mbps, Time=2.908s
Gen 20: Fitness=3.5731, Sum=2623.87Mbps, Min=34.2843Mbps, Time=2.866s
Gen 30: Fitness=3.5834, Sum=2619.29Mbps, Min=32.7271Mbps, Time=2.870s
Gen 40: Fitness=3.5957, Sum=2649.85Mbps, Min=34.6573Mbps, Time=2.937s

🎉 离散遗传算法优化完成!
✨ 最佳性能出现在第 37 代
📊 最终总速率: 2681.98 Mbps
🎯 最终最小速率: 34.2716 Mbps
📈 速率标准差: 4.8612 Mbps
⏱️  优化时间: 145.42 秒
⚡ 平均每代: 2.908 秒
🎲 使用网格点: [0, 14, 23, 34, 46, 53, 68, 73, 76]
    Min Rate: 34.2716 Mbps (+1.32%)
    Sum Rate: 2681.98 Mbps
    时间: 145.5s

  运行 PSO...
✅ 分布式PSO优化器初始化完成
   - 粒子数量: 30
   - 最大迭代次数: 50
   - PSO参数: w=0.729, c1=1.49445, c2=1.49445

================================================================================
                            分布式PSO优化算法 (Algorithm 2)                            
================================================================================

[Step 1] 初始化粒子群...
   ✓ 粒子群初始化完成
   ✓ 初始全局最佳适应度: 296.8082

[开始迭代] 最大迭代次数: 50
--------------------------------------------------------------------------------
Iter   0 | Fitness: 299.1480 | Min Rate: 28.1787 Mbps | Sum Rate:  2677.18 Mbps | Mean Rate: 44.6196 Mbps
Iter  10 | Fitness: 303.6673 | Min Rate: 31.0459 Mbps | Sum Rate:  2684.81 Mbps | Mean Rate: 44.7469 Mbps
Iter  20 | Fitness: 310.5235 | Min Rate: 34.4709 Mbps | Sum Rate:  2726.91 Mbps | Mean Rate: 45.4486 Mbps
Iter  30 | Fitness: 312.0352 | Min Rate: 33.6931 Mbps | Sum Rate:  2714.25 Mbps | Mean Rate: 45.2376 Mbps
Iter  40 | Fitness: 312.0352 | Min Rate: 34.1369 Mbps | Sum Rate:  2714.20 Mbps | Mean Rate: 45.2367 Mbps
Iter  49 | Fitness: 312.0352 | Min Rate: 32.6533 Mbps | Sum Rate:  2696.36 Mbps | Mean Rate: 44.9393 Mbps

================================================================================
                                      优化完成                                      
================================================================================

📊 最终性能指标:
   - 总速率 (Sum Rate):      2686.49 Mbps
   - 最小速率 (Min Rate):    33.4431 Mbps
   - 平均速率 (Mean Rate):   44.7748 Mbps
   - 速率标准差 (Std):        6.0537 Mbps
   - 最佳适应度 (Fitness):  312.0352

📈 性能提升:
   - 总速率提升:   +0.35%
   - 最小速率提升: +18.68%

⏱️  计算时间:
   - 总优化时间: 199.41 秒
   - 平均每代:   3.988 秒
    Min Rate: 33.4431 Mbps (-1.13%)
    Sum Rate: 2686.49 Mbps
    时间: 199.5s

  运行 NewSSA...
================================================================================
开始NewSSA优化（论文算法）...
  • 改进1: OBL策略 + 折射原理（公式18）
  • 改进2: 正弦-余弦搜索（公式20）
  • 改进3: 自适应参数r1和w（公式21-22）
  • 麻雀数量: 30
  • 最大迭代: 50
  • 生产者: 20%, 警戒者: 15%
================================================================================

[1/5] OBL策略 + 折射原理初始化...
[2/5] 计算初始适应度...
  ✓ 初始最优适应度: 26.0260 Mbps

[3/5] 开始迭代优化（50次）...
--------------------------------------------------------------------------------
Iter  10/50: Sum=2584.34Mbps, Min=30.0134Mbps, Time=6.470s
Iter  20/50: Sum=2514.43Mbps, Min=30.4284Mbps, Time=6.492s
Iter  30/50: Sum=2444.83Mbps, Min=31.2475Mbps, Time=6.638s
Iter  40/50: Sum=2470.02Mbps, Min=31.4854Mbps, Time=6.555s
Iter  50/50: Sum=2470.02Mbps, Min=31.4854Mbps, Time=6.556s

[4/5] 整理最终结果...

[5/5] 优化完成!
================================================================================
🎉 NewSSA优化完成!
📊 最终总速率: 2470.02 Mbps
🎯 最终最小速率: 31.4854 Mbps
📈 平均速率: 40.8910 Mbps
⏱️  优化时间: 325.13 秒
================================================================================
    Min Rate: 31.4854 Mbps (-6.91%)
    Sum Rate: 2470.02 Mbps
    时间: 328.3s

✓ 结果已保存到: result/adaptive_9uav_seed71.json

====================================================================================================
                                         9 UAVs, L=4, 种子75                                          
====================================================================================================
配置: 9 UAVs + 4 Ground APs = 13 总AP
AP选择: L=4 (30.8% 利用率)

[1/4] 生成场景...
[2/4] 创建配置...
[3/4] 计算初始性能...
  初始 Min Rate: 31.1176 Mbps
  初始 Sum Rate: 2524.86 Mbps

[4/4] 运行优化器...

  运行 BVF...
开始平衡虚拟力优化（V3正确优化版）...
Iter 0: Sum=2519.92Mbps, Min=33.5429Mbps, BestMin=33.5429Mbps (Iter0), Time=0.109s
Iter 10: Sum=2594.15Mbps, Min=37.5642Mbps, BestMin=37.5642Mbps (Iter10), Time=0.109s
Iter 20: Sum=2482.37Mbps, Min=30.5081Mbps, BestMin=37.5642Mbps (Iter10), Time=0.111s
Iter 30: Sum=2501.87Mbps, Min=34.8657Mbps, BestMin=37.5642Mbps (Iter10), Time=0.110s

🔄 智能重启 #1 (Iter 35)
Iter 40: Sum=2470.20Mbps, Min=31.3209Mbps, BestMin=37.5642Mbps (Iter10), Time=0.110s

🎉 平衡虚拟力优化完成（V3版 - 历代最优记忆）!
✨ 最佳性能出现在第 10 次迭代
📊 历代最优总速率: 2594.15 Mbps
🎯 历代最优最小速率: 37.5642 Mbps
📈 速率标准差: 4.4360 Mbps
⏱️  优化时间: 5.60 秒
⚡ 平均每次迭代: 0.112 秒
🔄 重启次数: 1
    Min Rate: 37.5642 Mbps (+20.72%)
    Sum Rate: 2594.15 Mbps
    时间: 5.6s

  运行 GA...
离散网格生成完成: 9x9 = 81个候选点
开始离散遗传算法优化（网格: 9x9）...
Gen 0: Fitness=3.1903, Sum=2411.95Mbps, Min=23.6392Mbps, Time=3.403s
Gen 10: Fitness=3.4859, Sum=2443.37Mbps, Min=29.5746Mbps, Time=3.352s
Gen 20: Fitness=3.5000, Sum=2468.86Mbps, Min=31.1570Mbps, Time=3.356s
Gen 30: Fitness=3.5000, Sum=2484.30Mbps, Min=32.6499Mbps, Time=3.361s
Gen 40: Fitness=3.5200, Sum=2519.78Mbps, Min=30.9623Mbps, Time=3.449s

🎉 离散遗传算法优化完成!
✨ 最佳性能出现在第 48 代
📊 最终总速率: 2591.47 Mbps
🎯 最终最小速率: 32.0630 Mbps
📈 速率标准差: 5.2747 Mbps
⏱️  优化时间: 169.09 秒
⚡ 平均每代: 3.382 秒
🎲 使用网格点: [18, 20, 24, 41, 49, 56, 64, 67, 70]
    Min Rate: 32.0630 Mbps (+3.04%)
    Sum Rate: 2591.47 Mbps
    时间: 169.2s

  运行 PSO...
✅ 分布式PSO优化器初始化完成
   - 粒子数量: 30
   - 最大迭代次数: 50
   - PSO参数: w=0.729, c1=1.49445, c2=1.49445

================================================================================
                            分布式PSO优化算法 (Algorithm 2)                            
================================================================================

[Step 1] 初始化粒子群...
   ✓ 粒子群初始化完成
   ✓ 初始全局最佳适应度: 281.7979

[开始迭代] 最大迭代次数: 50
--------------------------------------------------------------------------------
Iter   0 | Fitness: 281.7979 | Min Rate: 32.3955 Mbps | Sum Rate:  2543.07 Mbps | Mean Rate: 42.3846 Mbps
Iter  10 | Fitness: 290.6631 | Min Rate: 34.0984 Mbps | Sum Rate:  2592.34 Mbps | Mean Rate: 43.2056 Mbps
Iter  20 | Fitness: 299.7017 | Min Rate: 34.3807 Mbps | Sum Rate:  2617.43 Mbps | Mean Rate: 43.6238 Mbps
Iter  30 | Fitness: 303.6574 | Min Rate: 35.6018 Mbps | Sum Rate:  2636.80 Mbps | Mean Rate: 43.9466 Mbps
Iter  40 | Fitness: 303.6574 | Min Rate: 34.4743 Mbps | Sum Rate:  2636.31 Mbps | Mean Rate: 43.9384 Mbps
Iter  49 | Fitness: 303.6574 | Min Rate: 35.8390 Mbps | Sum Rate:  2639.57 Mbps | Mean Rate: 43.9928 Mbps

================================================================================
                                      优化完成                                      
================================================================================

📊 最终性能指标:
   - 总速率 (Sum Rate):      2589.34 Mbps
   - 最小速率 (Min Rate):    34.9813 Mbps
   - 平均速率 (Mean Rate):   43.1557 Mbps
   - 速率标准差 (Std):        4.9851 Mbps
   - 最佳适应度 (Fitness):  303.6574

📈 性能提升:
   - 总速率提升:   +1.82%
   - 最小速率提升: +7.98%

⏱️  计算时间:
   - 总优化时间: 219.99 秒
   - 平均每代:   4.400 秒
    Min Rate: 34.9813 Mbps (+12.42%)
    Sum Rate: 2589.34 Mbps
    时间: 220.1s

  运行 NewSSA...
================================================================================
开始NewSSA优化（论文算法）...
  • 改进1: OBL策略 + 折射原理（公式18）
  • 改进2: 正弦-余弦搜索（公式20）
  • 改进3: 自适应参数r1和w（公式21-22）
  • 麻雀数量: 30
  • 最大迭代: 50
  • 生产者: 20%, 警戒者: 15%
================================================================================

[1/5] OBL策略 + 折射原理初始化...
[2/5] 计算初始适应度...
  ✓ 初始最优适应度: 28.3778 Mbps

[3/5] 开始迭代优化（50次）...
--------------------------------------------------------------------------------
Iter  10/50: Sum=2539.88Mbps, Min=30.7046Mbps, Time=6.957s
Iter  20/50: Sum=2539.88Mbps, Min=30.7046Mbps, Time=6.794s
Iter  30/50: Sum=2527.59Mbps, Min=31.3701Mbps, Time=6.678s
Iter  40/50: Sum=2527.59Mbps, Min=31.3701Mbps, Time=6.655s
Iter  50/50: Sum=2527.59Mbps, Min=31.3701Mbps, Time=6.747s

[4/5] 整理最终结果...

[5/5] 优化完成!
================================================================================
🎉 NewSSA优化完成!
📊 最终总速率: 2527.59 Mbps
🎯 最终最小速率: 31.3701 Mbps
📈 平均速率: 42.3596 Mbps
⏱️  优化时间: 338.32 秒
================================================================================
    Min Rate: 31.3701 Mbps (+0.81%)
    Sum Rate: 2527.59 Mbps
    时间: 341.9s

✓ 结果已保存到: result/adaptive_9uav_seed75.json

====================================================================================================
                                         9 UAVs, L=4, 种子76                                          
====================================================================================================
配置: 9 UAVs + 4 Ground APs = 13 总AP
AP选择: L=4 (30.8% 利用率)

[1/4] 生成场景...
[2/4] 创建配置...
[3/4] 计算初始性能...
  初始 Min Rate: 29.2116 Mbps
  初始 Sum Rate: 2610.79 Mbps

[4/4] 运行优化器...

  运行 BVF...
开始平衡虚拟力优化（V3正确优化版）...
Iter 0: Sum=2624.27Mbps, Min=28.0118Mbps, BestMin=28.0118Mbps (Iter0), Time=0.113s
Iter 10: Sum=2597.64Mbps, Min=33.7024Mbps, BestMin=35.0446Mbps (Iter9), Time=0.113s
Iter 20: Sum=2629.01Mbps, Min=31.5764Mbps, BestMin=35.0446Mbps (Iter9), Time=0.113s
Iter 30: Sum=2633.05Mbps, Min=35.0385Mbps, BestMin=35.5909Mbps (Iter28), Time=0.114s
Iter 40: Sum=2567.39Mbps, Min=29.9708Mbps, BestMin=35.5909Mbps (Iter28), Time=0.113s

🎉 平衡虚拟力优化完成（V3版 - 历代最优记忆）!
✨ 最佳性能出现在第 28 次迭代
📊 历代最优总速率: 2631.16 Mbps
🎯 历代最优最小速率: 35.5909 Mbps
📈 速率标准差: 5.0613 Mbps
⏱️  优化时间: 5.78 秒
⚡ 平均每次迭代: 0.116 秒
🔄 重启次数: 0
    Min Rate: 35.5909 Mbps (+21.84%)
    Sum Rate: 2631.16 Mbps
    时间: 5.8s

  运行 GA...
离散网格生成完成: 9x9 = 81个候选点
开始离散遗传算法优化（网格: 9x9）...
Gen 0: Fitness=3.0212, Sum=2501.29Mbps, Min=21.0534Mbps, Time=3.484s
Gen 10: Fitness=3.4799, Sum=2667.54Mbps, Min=30.1508Mbps, Time=3.467s
Gen 20: Fitness=3.4975, Sum=2562.57Mbps, Min=33.2199Mbps, Time=3.448s
Gen 30: Fitness=3.5466, Sum=2738.69Mbps, Min=33.4924Mbps, Time=3.489s
Gen 40: Fitness=3.5466, Sum=2738.20Mbps, Min=31.7374Mbps, Time=3.467s

🎉 离散遗传算法优化完成!
✨ 最佳性能出现在第 47 代
📊 最终总速率: 2631.97 Mbps
🎯 最终最小速率: 33.0562 Mbps
📈 速率标准差: 4.7206 Mbps
⏱️  优化时间: 175.10 秒
⚡ 平均每代: 3.502 秒
🎲 使用网格点: [0, 3, 13, 26, 45, 51, 59, 66, 79]
    Min Rate: 33.0562 Mbps (+13.16%)
    Sum Rate: 2631.97 Mbps
    时间: 175.2s

  运行 PSO...
✅ 分布式PSO优化器初始化完成
   - 粒子数量: 30
   - 最大迭代次数: 50
   - PSO参数: w=0.729, c1=1.49445, c2=1.49445

================================================================================
                            分布式PSO优化算法 (Algorithm 2)                            
================================================================================

[Step 1] 初始化粒子群...
   ✓ 粒子群初始化完成
   ✓ 初始全局最佳适应度: 291.9236

[开始迭代] 最大迭代次数: 50
--------------------------------------------------------------------------------
Iter   0 | Fitness: 291.9236 | Min Rate: 26.7122 Mbps | Sum Rate:  2648.60 Mbps | Mean Rate: 44.1434 Mbps
Iter  10 | Fitness: 303.0871 | Min Rate: 30.8711 Mbps | Sum Rate:  2684.28 Mbps | Mean Rate: 44.7381 Mbps
Iter  20 | Fitness: 306.2298 | Min Rate: 31.0662 Mbps | Sum Rate:  2753.28 Mbps | Mean Rate: 45.8880 Mbps
Iter  30 | Fitness: 307.7479 | Min Rate: 30.4730 Mbps | Sum Rate:  2685.24 Mbps | Mean Rate: 44.7541 Mbps
Iter  40 | Fitness: 311.3128 | Min Rate: 30.0477 Mbps | Sum Rate:  2745.20 Mbps | Mean Rate: 45.7534 Mbps
Iter  49 | Fitness: 312.4579 | Min Rate: 32.5709 Mbps | Sum Rate:  2784.31 Mbps | Mean Rate: 46.4052 Mbps

================================================================================
                                      优化完成                                      
================================================================================

📊 最终性能指标:
   - 总速率 (Sum Rate):      2777.26 Mbps
   - 最小速率 (Min Rate):    32.7708 Mbps
   - 平均速率 (Mean Rate):   46.2876 Mbps
   - 速率标准差 (Std):        7.0030 Mbps
   - 最佳适应度 (Fitness):  312.4579

📈 性能提升:
   - 总速率提升:   +4.86%
   - 最小速率提升: +22.68%

⏱️  计算时间:
   - 总优化时间: 220.36 秒
   - 平均每代:   4.407 秒
    Min Rate: 32.7708 Mbps (+12.18%)
    Sum Rate: 2777.26 Mbps
    时间: 220.5s

  运行 NewSSA...
================================================================================
开始NewSSA优化（论文算法）...
  • 改进1: OBL策略 + 折射原理（公式18）
  • 改进2: 正弦-余弦搜索（公式20）
  • 改进3: 自适应参数r1和w（公式21-22）
  • 麻雀数量: 30
  • 最大迭代: 50
  • 生产者: 20%, 警戒者: 15%
================================================================================

[1/5] OBL策略 + 折射原理初始化...
[2/5] 计算初始适应度...
  ✓ 初始最优适应度: 28.4898 Mbps

[3/5] 开始迭代优化（50次）...
--------------------------------------------------------------------------------
Iter  10/50: Sum=2424.11Mbps, Min=29.8178Mbps, Time=6.580s
Iter  20/50: Sum=2558.09Mbps, Min=30.7765Mbps, Time=6.624s
Iter  30/50: Sum=2546.38Mbps, Min=31.8846Mbps, Time=7.077s
Iter  40/50: Sum=2546.38Mbps, Min=31.8846Mbps, Time=7.292s
Iter  50/50: Sum=2546.38Mbps, Min=31.8846Mbps, Time=7.368s

[4/5] 整理最终结果...

[5/5] 优化完成!
================================================================================
🎉 NewSSA优化完成!
📊 最终总速率: 2546.38 Mbps
🎯 最终最小速率: 31.8846 Mbps
📈 平均速率: 42.5610 Mbps
⏱️  优化时间: 342.36 秒
================================================================================
    Min Rate: 31.8846 Mbps (+9.15%)
    Sum Rate: 2546.38 Mbps
    时间: 345.8s

✓ 结果已保存到: result/adaptive_9uav_seed76.json

====================================================================================================
                                         12 UAVs, L=5, 种子71                                         
====================================================================================================
配置: 12 UAVs + 4 Ground APs = 16 总AP
AP选择: L=5 (31.2% 利用率)

[1/4] 生成场景...
[2/4] 创建配置...
[3/4] 计算初始性能...
  初始 Min Rate: 37.5155 Mbps
  初始 Sum Rate: 3026.32 Mbps

[4/4] 运行优化器...

  运行 BVF...
开始平衡虚拟力优化（V3正确优化版）...
Iter 0: Sum=2997.27Mbps, Min=37.0071Mbps, BestMin=37.0071Mbps (Iter0), Time=0.159s
Iter 10: Sum=2924.43Mbps, Min=39.1190Mbps, BestMin=40.1494Mbps (Iter2), Time=0.147s
Iter 20: Sum=2807.56Mbps, Min=36.2600Mbps, BestMin=40.1494Mbps (Iter2), Time=0.147s
Iter 30: Sum=2833.06Mbps, Min=39.9200Mbps, BestMin=40.1494Mbps (Iter2), Time=0.144s

🔄 智能重启 #1 (Iter 31)
Iter 40: Sum=2919.02Mbps, Min=37.5081Mbps, BestMin=41.1236Mbps (Iter37), Time=0.144s

🎉 平衡虚拟力优化完成（V3版 - 历代最优记忆）!
✨ 最佳性能出现在第 37 次迭代
📊 历代最优总速率: 2935.17 Mbps
🎯 历代最优最小速率: 41.1236 Mbps
📈 速率标准差: 5.2509 Mbps
⏱️  优化时间: 7.59 秒
⚡ 平均每次迭代: 0.152 秒
🔄 重启次数: 1
    Min Rate: 41.1236 Mbps (+9.62%)
    Sum Rate: 2935.17 Mbps
    时间: 7.6s

  运行 GA...
离散网格生成完成: 9x9 = 81个候选点
开始离散遗传算法优化（网格: 9x9）...
Gen 0: Fitness=3.5469, Sum=2991.24Mbps, Min=33.0578Mbps, Time=4.732s
Gen 10: Fitness=3.6917, Sum=2997.53Mbps, Min=37.0461Mbps, Time=4.822s
Gen 20: Fitness=3.7079, Sum=2989.44Mbps, Min=39.6935Mbps, Time=6.211s
Gen 30: Fitness=3.7161, Sum=2999.17Mbps, Min=38.6990Mbps, Time=5.292s
Gen 40: Fitness=3.7215, Sum=2987.45Mbps, Min=38.7723Mbps, Time=5.106s

🎉 离散遗传算法优化完成!
✨ 最佳性能出现在第 47 代
📊 最终总速率: 2972.58 Mbps
🎯 最终最小速率: 37.5102 Mbps
📈 速率标准差: 4.3677 Mbps
⏱️  优化时间: 260.62 秒
⚡ 平均每代: 5.212 秒
🎲 使用网格点: [0, 13, 21, 24, 33, 35, 46, 57, 58, 62, 68, 72]
    Min Rate: 37.5102 Mbps (-0.01%)
    Sum Rate: 2972.58 Mbps
    时间: 260.8s

  运行 PSO...
✅ 分布式PSO优化器初始化完成
   - 粒子数量: 30
   - 最大迭代次数: 50
   - PSO参数: w=0.729, c1=1.49445, c2=1.49445

================================================================================
                            分布式PSO优化算法 (Algorithm 2)                            
================================================================================

[Step 1] 初始化粒子群...
   ✓ 粒子群初始化完成
   ✓ 初始全局最佳适应度: 337.4480

[开始迭代] 最大迭代次数: 50
--------------------------------------------------------------------------------
Iter   0 | Fitness: 337.4480 | Min Rate: 30.4082 Mbps | Sum Rate:  3062.17 Mbps | Mean Rate: 51.0361 Mbps
Iter  10 | Fitness: 337.4480 | Min Rate: 30.8866 Mbps | Sum Rate:  2987.66 Mbps | Mean Rate: 49.7943 Mbps
Iter  20 | Fitness: 343.3713 | Min Rate: 35.4206 Mbps | Sum Rate:  3057.69 Mbps | Mean Rate: 50.9615 Mbps
Iter  30 | Fitness: 349.2204 | Min Rate: 35.7622 Mbps | Sum Rate:  3080.16 Mbps | Mean Rate: 51.3360 Mbps
Iter  40 | Fitness: 351.4128 | Min Rate: 35.5959 Mbps | Sum Rate:  3108.50 Mbps | Mean Rate: 51.8083 Mbps
Iter  49 | Fitness: 357.1530 | Min Rate: 36.7201 Mbps | Sum Rate:  3127.43 Mbps | Mean Rate: 52.1239 Mbps

================================================================================
                                      优化完成                                      
================================================================================

📊 最终性能指标:
   - 总速率 (Sum Rate):      3104.98 Mbps
   - 最小速率 (Min Rate):    37.0078 Mbps
   - 平均速率 (Mean Rate):   51.7497 Mbps
   - 速率标准差 (Std):        6.4562 Mbps
   - 最佳适应度 (Fitness):  357.1530

📈 性能提升:
   - 总速率提升:   +1.40%
   - 最小速率提升: +21.70%

⏱️  计算时间:
   - 总优化时间: 327.85 秒
   - 平均每代:   6.557 秒
    Min Rate: 37.0078 Mbps (-1.35%)
    Sum Rate: 3104.98 Mbps
    时间: 328.1s

  运行 NewSSA...
================================================================================
开始NewSSA优化（论文算法）...
  • 改进1: OBL策略 + 折射原理（公式18）
  • 改进2: 正弦-余弦搜索（公式20）
  • 改进3: 自适应参数r1和w（公式21-22）
  • 麻雀数量: 30
  • 最大迭代: 50
  • 生产者: 20%, 警戒者: 15%
================================================================================

[1/5] OBL策略 + 折射原理初始化...
[2/5] 计算初始适应度...
  ✓ 初始最优适应度: 36.9660 Mbps

[3/5] 开始迭代优化（50次）...
--------------------------------------------------------------------------------
Iter  10/50: Sum=2942.46Mbps, Min=40.7126Mbps, Time=10.118s
Iter  20/50: Sum=2942.46Mbps, Min=40.7126Mbps, Time=10.388s
Iter  30/50: Sum=2968.77Mbps, Min=41.5007Mbps, Time=10.320s
Iter  40/50: Sum=2968.77Mbps, Min=41.5007Mbps, Time=10.430s
Iter  50/50: Sum=2968.77Mbps, Min=41.5007Mbps, Time=10.615s

[4/5] 整理最终结果...

[5/5] 优化完成!
================================================================================
🎉 NewSSA优化完成!
📊 最终总速率: 2968.77 Mbps
🎯 最终最小速率: 41.5007 Mbps
📈 平均速率: 49.7778 Mbps
⏱️  优化时间: 516.76 秒
================================================================================
    Min Rate: 41.5007 Mbps (+10.62%)
    Sum Rate: 2968.77 Mbps
    时间: 521.9s

✓ 结果已保存到: result/adaptive_12uav_seed71.json

====================================================================================================
                                         12 UAVs, L=5, 种子75                                         
====================================================================================================
配置: 12 UAVs + 4 Ground APs = 16 总AP
AP选择: L=5 (31.2% 利用率)

[1/4] 生成场景...
[2/4] 创建配置...
[3/4] 计算初始性能...
  初始 Min Rate: 33.0484 Mbps
  初始 Sum Rate: 2899.95 Mbps

[4/4] 运行优化器...

  运行 BVF...
开始平衡虚拟力优化（V3正确优化版）...
Iter 0: Sum=2896.48Mbps, Min=34.6600Mbps, BestMin=34.6600Mbps (Iter0), Time=0.175s
Iter 10: Sum=2880.37Mbps, Min=35.4045Mbps, BestMin=41.6714Mbps (Iter3), Time=0.180s
Iter 20: Sum=2863.49Mbps, Min=37.9904Mbps, BestMin=41.6714Mbps (Iter3), Time=0.176s
Iter 30: Sum=2805.62Mbps, Min=35.0997Mbps, BestMin=41.6714Mbps (Iter3), Time=0.174s

🔄 智能重启 #1 (Iter 31)
Iter 40: Sum=2890.66Mbps, Min=38.3594Mbps, BestMin=41.6714Mbps (Iter3), Time=0.189s

🎉 平衡虚拟力优化完成（V3版 - 历代最优记忆）!
✨ 最佳性能出现在第 45 次迭代
📊 历代最优总速率: 2931.26 Mbps
🎯 历代最优最小速率: 41.9934 Mbps
📈 速率标准差: 4.0821 Mbps
⏱️  优化时间: 9.11 秒
⚡ 平均每次迭代: 0.182 秒
🔄 重启次数: 1
    Min Rate: 41.9934 Mbps (+27.07%)
    Sum Rate: 2931.26 Mbps
    时间: 9.1s

  运行 GA...
离散网格生成完成: 9x9 = 81个候选点
开始离散遗传算法优化（网格: 9x9）...
Gen 0: Fitness=3.4951, Sum=2794.17Mbps, Min=32.4534Mbps, Time=5.514s
Gen 10: Fitness=3.6637, Sum=2861.48Mbps, Min=36.6976Mbps, Time=5.484s
Gen 20: Fitness=3.7258, Sum=2954.61Mbps, Min=39.9676Mbps, Time=5.387s
Gen 30: Fitness=3.7281, Sum=2902.77Mbps, Min=38.5592Mbps, Time=5.440s
Gen 40: Fitness=3.7281, Sum=2932.86Mbps, Min=42.0155Mbps, Time=5.833s

🎉 离散遗传算法优化完成!
✨ 最佳性能出现在第 45 代
📊 最终总速率: 2854.85 Mbps
🎯 最终最小速率: 41.5861 Mbps
📈 速率标准差: 4.2516 Mbps
⏱️  优化时间: 277.71 秒
⚡ 平均每代: 5.554 秒
🎲 使用网格点: [1, 10, 13, 25, 32, 37, 44, 49, 66, 67, 70, 72]
    Min Rate: 41.5861 Mbps (+25.83%)
    Sum Rate: 2854.85 Mbps
    时间: 277.9s

  运行 PSO...
✅ 分布式PSO优化器初始化完成
   - 粒子数量: 30
   - 最大迭代次数: 50
   - PSO参数: w=0.729, c1=1.49445, c2=1.49445

================================================================================
                            分布式PSO优化算法 (Algorithm 2)                            
================================================================================

[Step 1] 初始化粒子群...
   ✓ 粒子群初始化完成
   ✓ 初始全局最佳适应度: 325.8115

[开始迭代] 最大迭代次数: 50
--------------------------------------------------------------------------------
Iter   0 | Fitness: 327.5745 | Min Rate: 29.9261 Mbps | Sum Rate:  2936.94 Mbps | Mean Rate: 48.9490 Mbps
Iter  10 | Fitness: 330.8656 | Min Rate: 31.7906 Mbps | Sum Rate:  2954.02 Mbps | Mean Rate: 49.2337 Mbps
Iter  20 | Fitness: 337.5445 | Min Rate: 34.7281 Mbps | Sum Rate:  2960.33 Mbps | Mean Rate: 49.3388 Mbps
Iter  30 | Fitness: 337.5445 | Min Rate: 34.2490 Mbps | Sum Rate:  2957.47 Mbps | Mean Rate: 49.2911 Mbps
Iter  40 | Fitness: 338.0713 | Min Rate: 38.1323 Mbps | Sum Rate:  3017.72 Mbps | Mean Rate: 50.2953 Mbps
Iter  49 | Fitness: 341.8666 | Min Rate: 35.2861 Mbps | Sum Rate:  2973.75 Mbps | Mean Rate: 49.5625 Mbps

================================================================================
                                      优化完成                                      
================================================================================

📊 最终性能指标:
   - 总速率 (Sum Rate):      3022.36 Mbps
   - 最小速率 (Min Rate):    37.6680 Mbps
   - 平均速率 (Mean Rate):   50.3727 Mbps
   - 速率标准差 (Std):        6.3059 Mbps
   - 最佳适应度 (Fitness):  341.8666

📈 性能提升:
   - 总速率提升:   +2.91%
   - 最小速率提升: +25.87%

⏱️  计算时间:
   - 总优化时间: 336.56 秒
   - 平均每代:   6.731 秒
    Min Rate: 37.6680 Mbps (+13.98%)
    Sum Rate: 3022.36 Mbps
    时间: 336.8s

  运行 NewSSA...
================================================================================
开始NewSSA优化（论文算法）...
  • 改进1: OBL策略 + 折射原理（公式18）
  • 改进2: 正弦-余弦搜索（公式20）
  • 改进3: 自适应参数r1和w（公式21-22）
  • 麻雀数量: 30
  • 最大迭代: 50
  • 生产者: 20%, 警戒者: 15%
================================================================================

[1/5] OBL策略 + 折射原理初始化...
[2/5] 计算初始适应度...
  ✓ 初始最优适应度: 35.0221 Mbps

[3/5] 开始迭代优化（50次）...
--------------------------------------------------------------------------------
Iter  10/50: Sum=2867.68Mbps, Min=35.2710Mbps, Time=12.479s
Iter  20/50: Sum=2810.23Mbps, Min=36.8181Mbps, Time=15.019s
Iter  30/50: Sum=2876.30Mbps, Min=36.9975Mbps, Time=12.780s
Iter  40/50: Sum=2876.30Mbps, Min=36.9975Mbps, Time=12.970s
Iter  50/50: Sum=2876.30Mbps, Min=36.9975Mbps, Time=13.014s

[4/5] 整理最终结果...

[5/5] 优化完成!
================================================================================
🎉 NewSSA优化完成!
📊 最终总速率: 2876.30 Mbps
🎯 最终最小速率: 36.9975 Mbps
📈 平均速率: 47.5629 Mbps
⏱️  优化时间: 649.94 秒
================================================================================
    Min Rate: 36.9975 Mbps (+11.95%)
    Sum Rate: 2876.30 Mbps
    时间: 655.2s

✓ 结果已保存到: result/adaptive_12uav_seed75.json

====================================================================================================
                                         12 UAVs, L=5, 种子76                                         
====================================================================================================
配置: 12 UAVs + 4 Ground APs = 16 总AP
AP选择: L=5 (31.2% 利用率)

[1/4] 生成场景...
[2/4] 创建配置...
[3/4] 计算初始性能...
  初始 Min Rate: 30.8834 Mbps
  初始 Sum Rate: 2997.19 Mbps

[4/4] 运行优化器...

  运行 BVF...
开始平衡虚拟力优化（V3正确优化版）...
Iter 0: Sum=2969.01Mbps, Min=31.1320Mbps, BestMin=31.1320Mbps (Iter0), Time=0.214s
Iter 10: Sum=2938.74Mbps, Min=36.8561Mbps, BestMin=39.3999Mbps (Iter6), Time=0.219s
Iter 20: Sum=2881.75Mbps, Min=38.4202Mbps, BestMin=40.3511Mbps (Iter17), Time=0.216s
Iter 30: Sum=2876.10Mbps, Min=38.8054Mbps, BestMin=41.7083Mbps (Iter22), Time=0.217s
Iter 40: Sum=2838.00Mbps, Min=35.9953Mbps, BestMin=41.7083Mbps (Iter22), Time=0.218s

🔄 智能重启 #1 (Iter 47)

🎉 平衡虚拟力优化完成（V3版 - 历代最优记忆）!
✨ 最佳性能出现在第 22 次迭代
📊 历代最优总速率: 2898.10 Mbps
🎯 历代最优最小速率: 41.7083 Mbps
📈 速率标准差: 4.3345 Mbps
⏱️  优化时间: 11.24 秒
⚡ 平均每次迭代: 0.225 秒
🔄 重启次数: 1
    Min Rate: 41.7083 Mbps (+35.05%)
    Sum Rate: 2898.10 Mbps
    时间: 11.2s

  运行 GA...
离散网格生成完成: 9x9 = 81个候选点
开始离散遗传算法优化（网格: 9x9）...
Gen 0: Fitness=3.3752, Sum=2875.33Mbps, Min=29.6410Mbps, Time=6.811s
Gen 10: Fitness=3.6931, Sum=2900.92Mbps, Min=40.0488Mbps, Time=5.808s
Gen 20: Fitness=3.7391, Sum=2957.81Mbps, Min=40.7805Mbps, Time=5.664s
Gen 30: Fitness=3.7484, Sum=2960.01Mbps, Min=41.7861Mbps, Time=5.768s
Gen 40: Fitness=3.7487, Sum=2967.34Mbps, Min=39.1309Mbps, Time=5.789s

🎉 离散遗传算法优化完成!
✨ 最佳性能出现在第 31 代
📊 最终总速率: 2926.54 Mbps
🎯 最终最小速率: 40.7583 Mbps
📈 速率标准差: 4.0113 Mbps
⏱️  优化时间: 293.03 秒
⚡ 平均每代: 5.861 秒
🎲 使用网格点: [0, 3, 14, 26, 28, 36, 41, 44, 67, 68, 73, 80]
    Min Rate: 40.7583 Mbps (+31.97%)
    Sum Rate: 2926.54 Mbps
    时间: 293.2s

  运行 PSO...
✅ 分布式PSO优化器初始化完成
   - 粒子数量: 30
   - 最大迭代次数: 50
   - PSO参数: w=0.729, c1=1.49445, c2=1.49445

================================================================================
                            分布式PSO优化算法 (Algorithm 2)                            
================================================================================

[Step 1] 初始化粒子群...
   ✓ 粒子群初始化完成
   ✓ 初始全局最佳适应度: 338.1720

[开始迭代] 最大迭代次数: 50
--------------------------------------------------------------------------------
Iter   0 | Fitness: 338.1720 | Min Rate: 34.4678 Mbps | Sum Rate:  3041.81 Mbps | Mean Rate: 50.6968 Mbps
Iter  10 | Fitness: 345.4480 | Min Rate: 37.4539 Mbps | Sum Rate:  3004.95 Mbps | Mean Rate: 50.0825 Mbps
Iter  20 | Fitness: 346.4192 | Min Rate: 37.7322 Mbps | Sum Rate:  3070.00 Mbps | Mean Rate: 51.1667 Mbps
Iter  30 | Fitness: 351.7497 | Min Rate: 37.9086 Mbps | Sum Rate:  3081.36 Mbps | Mean Rate: 51.3560 Mbps
Iter  40 | Fitness: 353.5557 | Min Rate: 39.8353 Mbps | Sum Rate:  3105.86 Mbps | Mean Rate: 51.7643 Mbps
Iter  49 | Fitness: 357.0885 | Min Rate: 40.9051 Mbps | Sum Rate:  3125.91 Mbps | Mean Rate: 52.0984 Mbps

================================================================================
                                      优化完成                                      
================================================================================

📊 最终性能指标:
   - 总速率 (Sum Rate):      3130.57 Mbps
   - 最小速率 (Min Rate):    41.3019 Mbps
   - 平均速率 (Mean Rate):   52.1762 Mbps
   - 速率标准差 (Std):        6.3035 Mbps
   - 最佳适应度 (Fitness):  357.0885

📈 性能提升:
   - 总速率提升:   +2.92%
   - 最小速率提升: +19.83%

⏱️  计算时间:
   - 总优化时间: 331.63 秒
   - 平均每代:   6.633 秒
    Min Rate: 41.3019 Mbps (+33.73%)
    Sum Rate: 3130.57 Mbps
    时间: 331.8s

  运行 NewSSA...
================================================================================
开始NewSSA优化（论文算法）...
  • 改进1: OBL策略 + 折射原理（公式18）
  • 改进2: 正弦-余弦搜索（公式20）
  • 改进3: 自适应参数r1和w（公式21-22）
  • 麻雀数量: 30
  • 最大迭代: 50
  • 生产者: 20%, 警戒者: 15%
================================================================================

[1/5] OBL策略 + 折射原理初始化...
[2/5] 计算初始适应度...
  ✓ 初始最优适应度: 36.9178 Mbps

[3/5] 开始迭代优化（50次）...
--------------------------------------------------------------------------------
Iter  10/50: Sum=2897.94Mbps, Min=37.8890Mbps, Time=10.071s
Iter  20/50: Sum=2896.80Mbps, Min=40.1653Mbps, Time=10.656s
Iter  30/50: Sum=2896.80Mbps, Min=40.1653Mbps, Time=11.010s
Iter  40/50: Sum=2896.80Mbps, Min=40.1653Mbps, Time=10.114s
Iter  50/50: Sum=2896.80Mbps, Min=40.1653Mbps, Time=10.322s

[4/5] 整理最终结果...

[5/5] 优化完成!
================================================================================
🎉 NewSSA优化完成!
📊 最终总速率: 2896.80 Mbps
🎯 最终最小速率: 40.1653 Mbps
📈 平均速率: 48.5450 Mbps
⏱️  优化时间: 518.60 秒
================================================================================
    Min Rate: 40.1653 Mbps (+30.05%)
    Sum Rate: 2896.80 Mbps
    时间: 523.7s

✓ 结果已保存到: result/adaptive_12uav_seed76.json


====================================================================================================
                                          自适应固定AP选择 - 性能总结                                          
====================================================================================================

====================================================================================================
                                  12 UAVs (L=5, 16 总AP, 31.2% 利用率)                                  
====================================================================================================

种子       初始Min        VF           GA           PSO          NewSSA      
----------------------------------------------------------------------------------------------------
71       37.52        41.12        37.51        37.01        41.50       
75       33.05        41.99        41.59        37.67        37.00       
76       30.88        41.71        40.76        41.30        40.17       
----------------------------------------------------------------------------------------------------
平均       33.82        41.61        39.95        38.66        39.55       

平均提升:
  VF        : +23.04%
  GA        : +18.14%
  PSO       : +14.32%
  NewSSA    : +16.97%

====================================================================================================
                                  9 UAVs (L=4, 13 总AP, 30.8% 利用率)                                   
====================================================================================================

种子       初始Min        VF           GA           PSO          NewSSA      
----------------------------------------------------------------------------------------------------
71       33.82        36.82        34.27        33.44        31.49       
75       31.12        37.56        32.06        34.98        31.37       
76       29.21        35.59        33.06        32.77        31.88       
----------------------------------------------------------------------------------------------------
平均       31.38        36.66        33.13        33.73        31.58       

平均提升:
  VF        : +16.80%
  GA        : +5.56%
  PSO       : +7.48%
  NewSSA    : +0.62%

====================================================================================================

✓ 综合结果已保存到: result/adaptive_fixed_all_results.json

✅ 所有实验完成！总时间: 95.3 分钟
====================================================================================================
