
==========================================================================================
                                    多随机种子四算法对比实验 - 批次2                                    
==========================================================================================

📊 实验配置:
   • 随机种子: [43, 45, 46, 47, 48, 49, 50, 51, 52, 53, 54]
   • 运行次数: 11 轮
   • 算法: VF, GA, PSO, NewSSA
   • 信道实现: 50
   • 总评估次数: 1500
   • 输出目录: result/

⏱️  预计总时间: ~165 分钟 (每轮约15分钟)


==========================================================================================
                                    运行 1/11: 随机种子 = 43                                    
==========================================================================================
================================================================================
                      FAIR OPTIMIZER COMPARISON EXPERIMENT                      
================================================================================

公平性保证：
  ✓ 总评估次数: 1500 (种群30 × 迭代50)
  ✓ 信道实现次数: 50
  ✓ 随机种子: 43
  ✓ 相同的初始位置和场景
  ✓ 固定的导频分配


[1/5] Generating neutral scenario...
[Neutral Initialization]
  ✓ UE positions: 60 users randomly distributed
  ✓ Ground APs: 4 APs uniformly distributed (2x2 grid)
  ✓ UAVs: 9 UAVs in 3x3 grid
  ✓ Random seed: 43

[2/5] Creating fair configurations...
  ✓ All configurations created with unified parameters

[3/5] Computing initial performance...
  Initial Min Rate: 27.5609 Mbps
  Initial Sum Rate: 2659.60 Mbps
  Initial Mean Rate: 44.3267 Mbps
  Initial Std Rate: 6.2697 Mbps

[4/5] Running optimizers...

================================================================================
[4/4] Running Balanced Virtual Force Optimizer V3...
================================================================================
开始平衡虚拟力优化（V3正确优化版）...
Iter 0: Sum=2627.93Mbps, Min=29.1619Mbps, BestMin=29.1619Mbps (Iter0), Time=0.090s
Iter 10: Sum=2634.49Mbps, Min=35.6547Mbps, BestMin=35.6547Mbps (Iter10), Time=0.089s
Iter 20: Sum=2644.03Mbps, Min=28.7964Mbps, BestMin=35.6547Mbps (Iter10), Time=0.091s
Iter 30: Sum=2632.24Mbps, Min=35.7263Mbps, BestMin=37.6162Mbps (Iter22), Time=0.092s
Iter 40: Sum=2608.42Mbps, Min=34.9976Mbps, BestMin=37.6162Mbps (Iter22), Time=0.091s

🔄 智能重启 #1 (Iter 47)

🎉 平衡虚拟力优化完成（V3版 - 历代最优记忆）!
✨ 最佳性能出现在第 22 次迭代
📊 历代最优总速率: 2654.82 Mbps
🎯 历代最优最小速率: 37.6162 Mbps
📈 速率标准差: 5.1406 Mbps
⏱️  优化时间: 4.65 秒
⚡ 平均每次迭代: 0.093 秒
🔄 重启次数: 1

✓ Balanced Virtual Force Optimizer V3 Complete
   Final Min Rate: 37.6162 Mbps
   Final Sum Rate: 2654.82 Mbps
   Time: 4.65 s

================================================================================
[4/4] Running Discrete Genetic Algorithm...
================================================================================
离散网格生成完成: 9x9 = 81个候选点
开始离散遗传算法优化（网格: 9x9）...
Gen 0: Fitness=3.3059, Sum=2543.34Mbps, Min=28.6086Mbps, Time=2.829s
Gen 10: Fitness=3.4264, Sum=2563.26Mbps, Min=28.9019Mbps, Time=2.869s
Gen 20: Fitness=3.4264, Sum=2566.72Mbps, Min=28.7192Mbps, Time=2.833s
Gen 30: Fitness=3.4368, Sum=2508.69Mbps, Min=28.5589Mbps, Time=2.815s
Gen 40: Fitness=3.4427, Sum=2527.29Mbps, Min=27.6685Mbps, Time=2.808s

🎉 离散遗传算法优化完成!
✨ 最佳性能出现在第 33 代
📊 最终总速率: 2517.59 Mbps
🎯 最终最小速率: 28.6664 Mbps
📈 速率标准差: 6.4939 Mbps
⏱️  优化时间: 142.70 秒
⚡ 平均每代: 2.854 秒
🎲 使用网格点: [13, 28, 32, 33, 34, 58, 61, 63, 76]

✓ Discrete Genetic Algorithm Complete
   Final Min Rate: 28.6664 Mbps
   Final Sum Rate: 2517.59 Mbps
   Time: 142.79 s

================================================================================
[4/4] Running Distributed PSO...
================================================================================
✅ 分布式PSO优化器初始化完成
   - 粒子数量: 30
   - 最大迭代次数: 50
   - PSO参数: w=0.729, c1=1.49445, c2=1.49445

================================================================================
                            分布式PSO优化算法 (Algorithm 2)                            
================================================================================

[Step 1] 初始化粒子群...
   ✓ 粒子群初始化完成
   ✓ 初始全局最佳适应度: 55.3537

[开始迭代] 最大迭代次数: 50
--------------------------------------------------------------------------------
Iter   0 | Fitness:  55.3537 | Min Rate: 30.9067 Mbps | Sum Rate:  2662.76 Mbps | Mean Rate: 44.3794 Mbps
Iter  10 | Fitness:  60.0419 | Min Rate: 33.0373 Mbps | Sum Rate:  2633.64 Mbps | Mean Rate: 43.8939 Mbps
Iter  20 | Fitness:  61.6632 | Min Rate: 33.8223 Mbps | Sum Rate:  2603.34 Mbps | Mean Rate: 43.3890 Mbps
Iter  30 | Fitness:  61.9300 | Min Rate: 35.4498 Mbps | Sum Rate:  2589.45 Mbps | Mean Rate: 43.1575 Mbps
Iter  40 | Fitness:  61.9300 | Min Rate: 33.1502 Mbps | Sum Rate:  2606.28 Mbps | Mean Rate: 43.4380 Mbps
Iter  49 | Fitness:  61.9300 | Min Rate: 33.6819 Mbps | Sum Rate:  2577.49 Mbps | Mean Rate: 42.9582 Mbps

================================================================================
                                      优化完成                                      
================================================================================

📊 最终性能指标:
   - 总速率 (Sum Rate):      2592.74 Mbps
   - 最小速率 (Min Rate):    33.7955 Mbps
   - 平均速率 (Mean Rate):   43.2123 Mbps
   - 速率标准差 (Std):        5.4490 Mbps
   - 最佳适应度 (Fitness):   61.9300

📈 性能提升:
   - 总速率提升:   -2.63%
   - 最小速率提升: +9.35%

⏱️  计算时间:
   - 总优化时间: 181.45 秒
   - 平均每代:   3.629 秒

✓ Distributed PSO Complete
   Final Min Rate: 33.7955 Mbps
   Final Sum Rate: 2592.74 Mbps
   Time: 181.56 s

================================================================================
[4/4] Running NewSSA (OBL + Sine-Cosine)...
================================================================================
================================================================================
开始NewSSA优化（论文算法）...
  • 改进1: OBL策略 + 折射原理（公式18）
  • 改进2: 正弦-余弦搜索（公式20）
  • 改进3: 自适应参数r1和w（公式21-22）
  • 麻雀数量: 30
  • 最大迭代: 50
  • 生产者: 20%, 警戒者: 15%
================================================================================

[1/5] OBL策略 + 折射原理初始化...
[2/5] 计算初始适应度...
  ✓ 初始最优适应度: 27.3780 Mbps

[3/5] 开始迭代优化（50次）...
--------------------------------------------------------------------------------
Iter  10/50: Sum=2531.85Mbps, Min=31.9787Mbps, Time=5.534s
Iter  20/50: Sum=2531.85Mbps, Min=31.9787Mbps, Time=5.450s
Iter  30/50: Sum=2528.15Mbps, Min=33.4406Mbps, Time=5.449s
Iter  40/50: Sum=2528.15Mbps, Min=33.4406Mbps, Time=5.451s
Iter  50/50: Sum=2528.15Mbps, Min=33.4406Mbps, Time=5.456s

[4/5] 整理最终结果...

[5/5] 优化完成!
================================================================================
🎉 NewSSA优化完成!
📊 最终总速率: 2528.15 Mbps
🎯 最终最小速率: 33.4406 Mbps
📈 平均速率: 41.5200 Mbps
⏱️  优化时间: 273.28 秒
================================================================================

✓ NewSSA (OBL + Sine-Cosine) Complete
   Final Min Rate: 33.4406 Mbps
   Final Sum Rate: 2528.15 Mbps
   Time: 276.10 s

✓ 随机种子 43 完成（用时 10.1 分钟）
  VF:     37.62 Mbps
  GA:     28.67 Mbps
  PSO:    33.80 Mbps
  NewSSA: 33.44 Mbps
✓ 结果已保存到: result/batch2_partial_1.json

==========================================================================================
                                    运行 2/11: 随机种子 = 45                                    
==========================================================================================
================================================================================
                      FAIR OPTIMIZER COMPARISON EXPERIMENT                      
================================================================================

公平性保证：
  ✓ 总评估次数: 1500 (种群30 × 迭代50)
  ✓ 信道实现次数: 50
  ✓ 随机种子: 45
  ✓ 相同的初始位置和场景
  ✓ 固定的导频分配


[1/5] Generating neutral scenario...
[Neutral Initialization]
  ✓ UE positions: 60 users randomly distributed
  ✓ Ground APs: 4 APs uniformly distributed (2x2 grid)
  ✓ UAVs: 9 UAVs in 3x3 grid
  ✓ Random seed: 45

[2/5] Creating fair configurations...
  ✓ All configurations created with unified parameters

[3/5] Computing initial performance...
  Initial Min Rate: 28.9579 Mbps
  Initial Sum Rate: 2508.92 Mbps
  Initial Mean Rate: 41.8153 Mbps
  Initial Std Rate: 7.1070 Mbps

[4/5] Running optimizers...

================================================================================
[4/4] Running Balanced Virtual Force Optimizer V3...
================================================================================
开始平衡虚拟力优化（V3正确优化版）...
Iter 0: Sum=2542.94Mbps, Min=28.1569Mbps, BestMin=28.1569Mbps (Iter0), Time=0.091s
Iter 10: Sum=2566.87Mbps, Min=36.8196Mbps, BestMin=36.8196Mbps (Iter10), Time=0.091s
Iter 20: Sum=2556.11Mbps, Min=34.1504Mbps, BestMin=36.8196Mbps (Iter10), Time=0.090s
Iter 30: Sum=2575.68Mbps, Min=34.0154Mbps, BestMin=36.8196Mbps (Iter10), Time=0.091s

🔄 智能重启 #1 (Iter 35)
Iter 40: Sum=2520.96Mbps, Min=32.4255Mbps, BestMin=36.8196Mbps (Iter10), Time=0.091s

🎉 平衡虚拟力优化完成（V3版 - 历代最优记忆）!
✨ 最佳性能出现在第 10 次迭代
📊 历代最优总速率: 2566.87 Mbps
🎯 历代最优最小速率: 36.8196 Mbps
📈 速率标准差: 5.3406 Mbps
⏱️  优化时间: 4.63 秒
⚡ 平均每次迭代: 0.093 秒
🔄 重启次数: 1

✓ Balanced Virtual Force Optimizer V3 Complete
   Final Min Rate: 36.8196 Mbps
   Final Sum Rate: 2566.87 Mbps
   Time: 4.63 s

================================================================================
[4/4] Running Discrete Genetic Algorithm...
================================================================================
离散网格生成完成: 9x9 = 81个候选点
开始离散遗传算法优化（网格: 9x9）...
Gen 0: Fitness=3.3857, Sum=2497.08Mbps, Min=28.7361Mbps, Time=2.820s
Gen 10: Fitness=3.4431, Sum=2465.96Mbps, Min=29.8975Mbps, Time=2.830s
Gen 20: Fitness=3.4503, Sum=2466.36Mbps, Min=28.1473Mbps, Time=2.818s
Gen 30: Fitness=3.4576, Sum=2570.48Mbps, Min=30.3176Mbps, Time=2.812s
Gen 40: Fitness=3.4962, Sum=2609.31Mbps, Min=31.5594Mbps, Time=2.811s

🎉 离散遗传算法优化完成!
✨ 最佳性能出现在第 40 代
📊 最终总速率: 2574.20 Mbps
🎯 最终最小速率: 29.4783 Mbps
📈 速率标准差: 6.0155 Mbps
⏱️  优化时间: 140.88 秒
⚡ 平均每代: 2.818 秒
🎲 使用网格点: [11, 13, 18, 34, 42, 47, 59, 73, 76]

✓ Discrete Genetic Algorithm Complete
   Final Min Rate: 29.4783 Mbps
   Final Sum Rate: 2574.20 Mbps
   Time: 140.97 s

================================================================================
[4/4] Running Distributed PSO...
================================================================================
✅ 分布式PSO优化器初始化完成
   - 粒子数量: 30
   - 最大迭代次数: 50
   - PSO参数: w=0.729, c1=1.49445, c2=1.49445

================================================================================
                            分布式PSO优化算法 (Algorithm 2)                            
================================================================================

[Step 1] 初始化粒子群...
   ✓ 粒子群初始化完成
   ✓ 初始全局最佳适应度: 53.4604

[开始迭代] 最大迭代次数: 50
--------------------------------------------------------------------------------
Iter   0 | Fitness:  53.4604 | Min Rate: 28.9494 Mbps | Sum Rate:  2498.67 Mbps | Mean Rate: 41.6445 Mbps
Iter  10 | Fitness:  60.4272 | Min Rate: 32.4978 Mbps | Sum Rate:  2604.76 Mbps | Mean Rate: 43.4126 Mbps
Iter  20 | Fitness:  61.5340 | Min Rate: 35.1820 Mbps | Sum Rate:  2663.94 Mbps | Mean Rate: 44.3990 Mbps
Iter  30 | Fitness:  62.5993 | Min Rate: 33.9398 Mbps | Sum Rate:  2667.66 Mbps | Mean Rate: 44.4611 Mbps
Iter  40 | Fitness:  63.1380 | Min Rate: 34.2438 Mbps | Sum Rate:  2632.65 Mbps | Mean Rate: 43.8774 Mbps
Iter  49 | Fitness:  64.6914 | Min Rate: 32.7266 Mbps | Sum Rate:  2627.31 Mbps | Mean Rate: 43.7885 Mbps

================================================================================
                                      优化完成                                      
================================================================================

📊 最终性能指标:
   - 总速率 (Sum Rate):      2667.41 Mbps
   - 最小速率 (Min Rate):    32.6515 Mbps
   - 平均速率 (Mean Rate):   44.4568 Mbps
   - 速率标准差 (Std):        4.5202 Mbps
   - 最佳适应度 (Fitness):   64.6914

📈 性能提升:
   - 总速率提升:   +6.75%
   - 最小速率提升: +12.79%

⏱️  计算时间:
   - 总优化时间: 2010.70 秒
   - 平均每代:   40.214 秒

✓ Distributed PSO Complete
   Final Min Rate: 32.6515 Mbps
   Final Sum Rate: 2667.41 Mbps
   Time: 2010.84 s

================================================================================
[4/4] Running NewSSA (OBL + Sine-Cosine)...
================================================================================
================================================================================
开始NewSSA优化（论文算法）...
  • 改进1: OBL策略 + 折射原理（公式18）
  • 改进2: 正弦-余弦搜索（公式20）
  • 改进3: 自适应参数r1和w（公式21-22）
  • 麻雀数量: 30
  • 最大迭代: 50
  • 生产者: 20%, 警戒者: 15%
================================================================================

[1/5] OBL策略 + 折射原理初始化...
[2/5] 计算初始适应度...
  ✓ 初始最优适应度: 26.3558 Mbps

[3/5] 开始迭代优化（50次）...
--------------------------------------------------------------------------------
Iter  10/50: Sum=2526.23Mbps, Min=30.0183Mbps, Time=6.755s
Iter  20/50: Sum=2515.83Mbps, Min=30.5592Mbps, Time=6.785s
Iter  30/50: Sum=2494.40Mbps, Min=30.9625Mbps, Time=6.747s
Iter  40/50: Sum=2515.49Mbps, Min=32.0633Mbps, Time=6.727s
Iter  50/50: Sum=2515.49Mbps, Min=32.0633Mbps, Time=6.780s

[4/5] 整理最终结果...

[5/5] 优化完成!
================================================================================
🎉 NewSSA优化完成!
📊 最终总速率: 2515.49 Mbps
🎯 最终最小速率: 32.0633 Mbps
📈 平均速率: 41.6441 Mbps
⏱️  优化时间: 340.94 秒
================================================================================

✓ NewSSA (OBL + Sine-Cosine) Complete
   Final Min Rate: 32.0633 Mbps
   Final Sum Rate: 2515.49 Mbps
   Time: 344.42 s

✓ 随机种子 45 完成（用时 41.7 分钟）
  VF:     36.82 Mbps
  GA:     29.48 Mbps
  PSO:    32.65 Mbps
  NewSSA: 32.06 Mbps
✓ 结果已保存到: result/batch2_partial_2.json

==========================================================================================
                                    运行 3/11: 随机种子 = 46                                    
==========================================================================================
================================================================================
                      FAIR OPTIMIZER COMPARISON EXPERIMENT                      
================================================================================

公平性保证：
  ✓ 总评估次数: 1500 (种群30 × 迭代50)
  ✓ 信道实现次数: 50
  ✓ 随机种子: 46
  ✓ 相同的初始位置和场景
  ✓ 固定的导频分配


[1/5] Generating neutral scenario...
[Neutral Initialization]
  ✓ UE positions: 60 users randomly distributed
  ✓ Ground APs: 4 APs uniformly distributed (2x2 grid)
  ✓ UAVs: 9 UAVs in 3x3 grid
  ✓ Random seed: 46

[2/5] Creating fair configurations...
  ✓ All configurations created with unified parameters

[3/5] Computing initial performance...
  Initial Min Rate: 27.5508 Mbps
  Initial Sum Rate: 2529.00 Mbps
  Initial Mean Rate: 42.1500 Mbps
  Initial Std Rate: 6.7457 Mbps

[4/5] Running optimizers...

================================================================================
[4/4] Running Balanced Virtual Force Optimizer V3...
================================================================================
开始平衡虚拟力优化（V3正确优化版）...
Iter 0: Sum=2559.31Mbps, Min=28.5617Mbps, BestMin=28.5617Mbps (Iter0), Time=0.121s
Iter 10: Sum=2534.42Mbps, Min=27.9261Mbps, BestMin=32.2911Mbps (Iter8), Time=0.129s
Iter 20: Sum=2483.38Mbps, Min=29.8860Mbps, BestMin=32.2911Mbps (Iter8), Time=0.130s
Iter 30: Sum=2484.46Mbps, Min=31.9296Mbps, BestMin=32.2911Mbps (Iter8), Time=0.127s

🔄 智能重启 #1 (Iter 33)
Iter 40: Sum=2472.23Mbps, Min=27.6185Mbps, BestMin=32.2911Mbps (Iter8), Time=0.116s

🎉 平衡虚拟力优化完成（V3版 - 历代最优记忆）!
✨ 最佳性能出现在第 8 次迭代
📊 历代最优总速率: 2522.21 Mbps
🎯 历代最优最小速率: 32.2911 Mbps
📈 速率标准差: 4.8164 Mbps
⏱️  优化时间: 6.43 秒
⚡ 平均每次迭代: 0.129 秒
🔄 重启次数: 1

✓ Balanced Virtual Force Optimizer V3 Complete
   Final Min Rate: 32.2911 Mbps
   Final Sum Rate: 2522.21 Mbps
   Time: 6.43 s

================================================================================
[4/4] Running Discrete Genetic Algorithm...
================================================================================
离散网格生成完成: 9x9 = 81个候选点
开始离散遗传算法优化（网格: 9x9）...
Gen 0: Fitness=3.3090, Sum=2518.38Mbps, Min=25.1088Mbps, Time=3.429s
Gen 10: Fitness=3.4215, Sum=2500.92Mbps, Min=26.6928Mbps, Time=3.472s
Gen 20: Fitness=3.4448, Sum=2477.63Mbps, Min=28.0459Mbps, Time=3.480s
Gen 30: Fitness=3.4568, Sum=2537.68Mbps, Min=28.1515Mbps, Time=3.535s
Gen 40: Fitness=3.4735, Sum=2554.50Mbps, Min=31.8963Mbps, Time=3.580s

🎉 离散遗传算法优化完成!
✨ 最佳性能出现在第 43 代
📊 最终总速率: 2579.24 Mbps
🎯 最终最小速率: 31.6804 Mbps
📈 速率标准差: 5.7860 Mbps
⏱️  优化时间: 175.38 秒
⚡ 平均每代: 3.508 秒
🎲 使用网格点: [1, 4, 8, 31, 34, 37, 39, 55, 57]

✓ Discrete Genetic Algorithm Complete
   Final Min Rate: 31.6804 Mbps
   Final Sum Rate: 2579.24 Mbps
   Time: 175.49 s

================================================================================
[4/4] Running Distributed PSO...
================================================================================
✅ 分布式PSO优化器初始化完成
   - 粒子数量: 30
   - 最大迭代次数: 50
   - PSO参数: w=0.729, c1=1.49445, c2=1.49445

================================================================================
                            分布式PSO优化算法 (Algorithm 2)                            
================================================================================

[Step 1] 初始化粒子群...
   ✓ 粒子群初始化完成
   ✓ 初始全局最佳适应度: 54.4581

[开始迭代] 最大迭代次数: 50
--------------------------------------------------------------------------------
Iter   0 | Fitness:  54.4581 | Min Rate: 28.1072 Mbps | Sum Rate:  2534.93 Mbps | Mean Rate: 42.2488 Mbps
Iter  10 | Fitness:  55.7172 | Min Rate: 27.8044 Mbps | Sum Rate:  2545.95 Mbps | Mean Rate: 42.4324 Mbps
Iter  20 | Fitness:  59.9676 | Min Rate: 32.0121 Mbps | Sum Rate:  2605.45 Mbps | Mean Rate: 43.4242 Mbps
Iter  30 | Fitness:  62.0951 | Min Rate: 34.3251 Mbps | Sum Rate:  2605.80 Mbps | Mean Rate: 43.4300 Mbps
Iter  40 | Fitness:  62.0951 | Min Rate: 33.5636 Mbps | Sum Rate:  2608.59 Mbps | Mean Rate: 43.4764 Mbps
Iter  49 | Fitness:  62.5063 | Min Rate: 32.9983 Mbps | Sum Rate:  2661.91 Mbps | Mean Rate: 44.3652 Mbps

================================================================================
                                      优化完成                                      
================================================================================

📊 最终性能指标:
   - 总速率 (Sum Rate):      2644.29 Mbps
   - 最小速率 (Min Rate):    31.4176 Mbps
   - 平均速率 (Mean Rate):   44.0715 Mbps
   - 速率标准差 (Std):        6.3942 Mbps
   - 最佳适应度 (Fitness):   62.5063

📈 性能提升:
   - 总速率提升:   +4.31%
   - 最小速率提升: +11.78%

⏱️  计算时间:
   - 总优化时间: 222.50 秒
   - 平均每代:   4.450 秒

✓ Distributed PSO Complete
   Final Min Rate: 31.4176 Mbps
   Final Sum Rate: 2644.29 Mbps
   Time: 222.64 s

================================================================================
[4/4] Running NewSSA (OBL + Sine-Cosine)...
================================================================================
================================================================================
开始NewSSA优化（论文算法）...
  • 改进1: OBL策略 + 折射原理（公式18）
  • 改进2: 正弦-余弦搜索（公式20）
  • 改进3: 自适应参数r1和w（公式21-22）
  • 麻雀数量: 30
  • 最大迭代: 50
  • 生产者: 20%, 警戒者: 15%
================================================================================

[1/5] OBL策略 + 折射原理初始化...
[2/5] 计算初始适应度...
  ✓ 初始最优适应度: 28.2224 Mbps

[3/5] 开始迭代优化（50次）...
--------------------------------------------------------------------------------
Iter  10/50: Sum=2617.82Mbps, Min=33.8493Mbps, Time=7.364s
Iter  20/50: Sum=2583.66Mbps, Min=33.9232Mbps, Time=7.385s
Iter  30/50: Sum=2583.66Mbps, Min=33.9232Mbps, Time=6.793s
Iter  40/50: Sum=2583.66Mbps, Min=33.9232Mbps, Time=6.745s
Iter  50/50: Sum=2583.66Mbps, Min=33.9232Mbps, Time=6.908s

[4/5] 整理最终结果...

[5/5] 优化完成!
================================================================================
🎉 NewSSA优化完成!
📊 最终总速率: 2583.66 Mbps
🎯 最终最小速率: 33.9232 Mbps
📈 平均速率: 43.4173 Mbps
⏱️  优化时间: 341.17 秒
================================================================================

✓ NewSSA (OBL + Sine-Cosine) Complete
   Final Min Rate: 33.9232 Mbps
   Final Sum Rate: 2583.66 Mbps
   Time: 344.98 s

✓ 随机种子 46 完成（用时 12.5 分钟）
  VF:     32.29 Mbps
  GA:     31.68 Mbps
  PSO:    31.42 Mbps
  NewSSA: 33.92 Mbps
✓ 结果已保存到: result/batch2_partial_3.json

==========================================================================================
                                    运行 4/11: 随机种子 = 47                                    
==========================================================================================
================================================================================
                      FAIR OPTIMIZER COMPARISON EXPERIMENT                      
================================================================================

公平性保证：
  ✓ 总评估次数: 1500 (种群30 × 迭代50)
  ✓ 信道实现次数: 50
  ✓ 随机种子: 47
  ✓ 相同的初始位置和场景
  ✓ 固定的导频分配


[1/5] Generating neutral scenario...
[Neutral Initialization]
  ✓ UE positions: 60 users randomly distributed
  ✓ Ground APs: 4 APs uniformly distributed (2x2 grid)
  ✓ UAVs: 9 UAVs in 3x3 grid
  ✓ Random seed: 47

[2/5] Creating fair configurations...
  ✓ All configurations created with unified parameters

[3/5] Computing initial performance...
  Initial Min Rate: 32.5636 Mbps
  Initial Sum Rate: 2597.80 Mbps
  Initial Mean Rate: 43.2966 Mbps
  Initial Std Rate: 5.2265 Mbps

[4/5] Running optimizers...

================================================================================
[4/4] Running Balanced Virtual Force Optimizer V3...
================================================================================
开始平衡虚拟力优化（V3正确优化版）...
Iter 0: Sum=2587.77Mbps, Min=34.6330Mbps, BestMin=34.6330Mbps (Iter0), Time=0.117s
Iter 10: Sum=2650.05Mbps, Min=34.3072Mbps, BestMin=35.0262Mbps (Iter2), Time=0.111s
Iter 20: Sum=2569.45Mbps, Min=33.2399Mbps, BestMin=35.6924Mbps (Iter14), Time=0.117s
Iter 30: Sum=2562.21Mbps, Min=34.1836Mbps, BestMin=35.6924Mbps (Iter14), Time=0.115s

🔄 智能重启 #1 (Iter 39)
Iter 40: Sum=2547.99Mbps, Min=31.6130Mbps, BestMin=35.6924Mbps (Iter14), Time=0.112s

🎉 平衡虚拟力优化完成（V3版 - 历代最优记忆）!
✨ 最佳性能出现在第 14 次迭代
📊 历代最优总速率: 2638.59 Mbps
🎯 历代最优最小速率: 35.6924 Mbps
📈 速率标准差: 4.6921 Mbps
⏱️  优化时间: 5.74 秒
⚡ 平均每次迭代: 0.115 秒
🔄 重启次数: 1

✓ Balanced Virtual Force Optimizer V3 Complete
   Final Min Rate: 35.6924 Mbps
   Final Sum Rate: 2638.59 Mbps
   Time: 5.74 s

================================================================================
[4/4] Running Discrete Genetic Algorithm...
================================================================================
离散网格生成完成: 9x9 = 81个候选点
开始离散遗传算法优化（网格: 9x9）...
Gen 0: Fitness=3.2905, Sum=2563.84Mbps, Min=25.9613Mbps, Time=3.503s
Gen 10: Fitness=3.3747, Sum=2471.22Mbps, Min=29.5489Mbps, Time=3.502s
Gen 20: Fitness=3.4528, Sum=2596.06Mbps, Min=31.4648Mbps, Time=3.852s
Gen 30: Fitness=3.4600, Sum=2601.56Mbps, Min=30.9773Mbps, Time=3.491s
Gen 40: Fitness=3.4600, Sum=2585.86Mbps, Min=31.2353Mbps, Time=3.790s

🎉 离散遗传算法优化完成!
✨ 最佳性能出现在第 43 代
📊 最终总速率: 2571.04 Mbps
🎯 最终最小速率: 31.0045 Mbps
📈 速率标准差: 7.0823 Mbps
⏱️  优化时间: 187.62 秒
⚡ 平均每代: 3.752 秒
🎲 使用网格点: [5, 16, 29, 30, 32, 47, 52, 67, 73]

✓ Discrete Genetic Algorithm Complete
   Final Min Rate: 31.0045 Mbps
   Final Sum Rate: 2571.04 Mbps
   Time: 187.74 s

================================================================================
[4/4] Running Distributed PSO...
================================================================================
✅ 分布式PSO优化器初始化完成
   - 粒子数量: 30
   - 最大迭代次数: 50
   - PSO参数: w=0.729, c1=1.49445, c2=1.49445

================================================================================
                            分布式PSO优化算法 (Algorithm 2)                            
================================================================================

[Step 1] 初始化粒子群...
   ✓ 粒子群初始化完成
   ✓ 初始全局最佳适应度: 60.2468

[开始迭代] 最大迭代次数: 50
--------------------------------------------------------------------------------
Iter   0 | Fitness:  60.2468 | Min Rate: 34.7483 Mbps | Sum Rate:  2597.55 Mbps | Mean Rate: 43.2925 Mbps
Iter  10 | Fitness:  62.5261 | Min Rate: 33.9379 Mbps | Sum Rate:  2622.86 Mbps | Mean Rate: 43.7143 Mbps
Iter  20 | Fitness:  62.9089 | Min Rate: 31.5783 Mbps | Sum Rate:  2635.12 Mbps | Mean Rate: 43.9186 Mbps
Iter  30 | Fitness:  63.2694 | Min Rate: 34.7700 Mbps | Sum Rate:  2599.65 Mbps | Mean Rate: 43.3275 Mbps
Iter  40 | Fitness:  63.2694 | Min Rate: 36.3916 Mbps | Sum Rate:  2621.18 Mbps | Mean Rate: 43.6864 Mbps
Iter  49 | Fitness:  63.5319 | Min Rate: 33.3055 Mbps | Sum Rate:  2619.70 Mbps | Mean Rate: 43.6617 Mbps

================================================================================
                                      优化完成                                      
================================================================================

📊 最终性能指标:
   - 总速率 (Sum Rate):      2665.02 Mbps
   - 最小速率 (Min Rate):    36.5711 Mbps
   - 平均速率 (Mean Rate):   44.4169 Mbps
   - 速率标准差 (Std):        5.1613 Mbps
   - 最佳适应度 (Fitness):   63.5319

📈 性能提升:
   - 总速率提升:   +2.60%
   - 最小速率提升: +5.25%

⏱️  计算时间:
   - 总优化时间: 1178.44 秒
   - 平均每代:   23.569 秒

✓ Distributed PSO Complete
   Final Min Rate: 36.5711 Mbps
   Final Sum Rate: 2665.02 Mbps
   Time: 1178.57 s

================================================================================
[4/4] Running NewSSA (OBL + Sine-Cosine)...
================================================================================
================================================================================
开始NewSSA优化（论文算法）...
  • 改进1: OBL策略 + 折射原理（公式18）
  • 改进2: 正弦-余弦搜索（公式20）
  • 改进3: 自适应参数r1和w（公式21-22）
  • 麻雀数量: 30
  • 最大迭代: 50
  • 生产者: 20%, 警戒者: 15%
================================================================================

[1/5] OBL策略 + 折射原理初始化...
[2/5] 计算初始适应度...
  ✓ 初始最优适应度: 27.9208 Mbps

[3/5] 开始迭代优化（50次）...
--------------------------------------------------------------------------------
Iter  10/50: Sum=2622.40Mbps, Min=30.4051Mbps, Time=6.400s
Iter  20/50: Sum=2622.40Mbps, Min=30.4051Mbps, Time=6.399s
Iter  30/50: Sum=2622.40Mbps, Min=30.4051Mbps, Time=904.894s
Iter  40/50: Sum=2622.40Mbps, Min=30.4051Mbps, Time=6.520s
Iter  50/50: Sum=2622.40Mbps, Min=30.4051Mbps, Time=5.541s

[4/5] 整理最终结果...

[5/5] 优化完成!
================================================================================
🎉 NewSSA优化完成!
📊 最终总速率: 2622.40 Mbps
🎯 最终最小速率: 30.4051 Mbps
📈 平均速率: 43.2499 Mbps
⏱️  优化时间: 5011.81 秒
================================================================================

✓ NewSSA (OBL + Sine-Cosine) Complete
   Final Min Rate: 30.4051 Mbps
   Final Sum Rate: 2622.40 Mbps
   Time: 5015.11 s

✓ 随机种子 47 完成（用时 106.5 分钟）
  VF:     35.69 Mbps
  GA:     31.00 Mbps
  PSO:    36.57 Mbps
  NewSSA: 30.41 Mbps
✓ 结果已保存到: result/batch2_partial_4.json

==========================================================================================
                                    运行 5/11: 随机种子 = 48                                    
==========================================================================================
================================================================================
                      FAIR OPTIMIZER COMPARISON EXPERIMENT                      
================================================================================

公平性保证：
  ✓ 总评估次数: 1500 (种群30 × 迭代50)
  ✓ 信道实现次数: 50
  ✓ 随机种子: 48
  ✓ 相同的初始位置和场景
  ✓ 固定的导频分配


[1/5] Generating neutral scenario...
[Neutral Initialization]
  ✓ UE positions: 60 users randomly distributed
  ✓ Ground APs: 4 APs uniformly distributed (2x2 grid)
  ✓ UAVs: 9 UAVs in 3x3 grid
  ✓ Random seed: 48

[2/5] Creating fair configurations...
  ✓ All configurations created with unified parameters

[3/5] Computing initial performance...
  Initial Min Rate: 25.8646 Mbps
  Initial Sum Rate: 2495.63 Mbps
  Initial Mean Rate: 41.5939 Mbps
  Initial Std Rate: 6.7325 Mbps

[4/5] Running optimizers...

================================================================================
[4/4] Running Balanced Virtual Force Optimizer V3...
================================================================================
开始平衡虚拟力优化（V3正确优化版）...
Iter 0: Sum=2492.07Mbps, Min=26.7521Mbps, BestMin=26.7521Mbps (Iter0), Time=0.091s
Iter 10: Sum=2603.40Mbps, Min=33.7151Mbps, BestMin=33.7151Mbps (Iter10), Time=0.089s
Iter 20: Sum=2570.70Mbps, Min=30.4272Mbps, BestMin=34.3741Mbps (Iter18), Time=0.091s
Iter 30: Sum=2579.06Mbps, Min=31.3530Mbps, BestMin=35.1685Mbps (Iter24), Time=0.093s
Iter 40: Sum=2533.88Mbps, Min=32.1495Mbps, BestMin=35.1685Mbps (Iter24), Time=0.091s

🔄 智能重启 #1 (Iter 49)

🎉 平衡虚拟力优化完成（V3版 - 历代最优记忆）!
✨ 最佳性能出现在第 24 次迭代
📊 历代最优总速率: 2553.55 Mbps
🎯 历代最优最小速率: 35.1685 Mbps
📈 速率标准差: 5.7895 Mbps
⏱️  优化时间: 4.63 秒
⚡ 平均每次迭代: 0.093 秒
🔄 重启次数: 1

✓ Balanced Virtual Force Optimizer V3 Complete
   Final Min Rate: 35.1685 Mbps
   Final Sum Rate: 2553.55 Mbps
   Time: 4.63 s

================================================================================
[4/4] Running Discrete Genetic Algorithm...
================================================================================
离散网格生成完成: 9x9 = 81个候选点
开始离散遗传算法优化（网格: 9x9）...
Gen 0: Fitness=3.3424, Sum=2673.85Mbps, Min=28.1851Mbps, Time=2.793s
Gen 10: Fitness=3.3608, Sum=2561.04Mbps, Min=25.1401Mbps, Time=2.861s
Gen 20: Fitness=3.3795, Sum=2657.08Mbps, Min=27.3711Mbps, Time=2.887s
Gen 30: Fitness=3.4246, Sum=2538.03Mbps, Min=27.9829Mbps, Time=2.967s
Gen 40: Fitness=3.4427, Sum=2565.47Mbps, Min=31.0486Mbps, Time=2.834s

🎉 离散遗传算法优化完成!
✨ 最佳性能出现在第 42 代
📊 最终总速率: 2589.57 Mbps
🎯 最终最小速率: 29.6664 Mbps
📈 速率标准差: 6.5990 Mbps
⏱️  优化时间: 143.45 秒
⚡ 平均每代: 2.869 秒
🎲 使用网格点: [2, 10, 13, 16, 46, 50, 52, 65, 67]

✓ Discrete Genetic Algorithm Complete
   Final Min Rate: 29.6664 Mbps
   Final Sum Rate: 2589.57 Mbps
   Time: 143.54 s

================================================================================
[4/4] Running Distributed PSO...
================================================================================
✅ 分布式PSO优化器初始化完成
   - 粒子数量: 30
   - 最大迭代次数: 50
   - PSO参数: w=0.729, c1=1.49445, c2=1.49445

================================================================================
                            分布式PSO优化算法 (Algorithm 2)                            
================================================================================

[Step 1] 初始化粒子群...
   ✓ 粒子群初始化完成
   ✓ 初始全局最佳适应度: 51.3384

[开始迭代] 最大迭代次数: 50
--------------------------------------------------------------------------------
Iter   0 | Fitness:  53.1144 | Min Rate: 27.1541 Mbps | Sum Rate:  2551.94 Mbps | Mean Rate: 42.5323 Mbps
Iter  10 | Fitness:  57.0002 | Min Rate: 29.7473 Mbps | Sum Rate:  2489.34 Mbps | Mean Rate: 41.4890 Mbps
Iter  20 | Fitness:  58.4844 | Min Rate: 29.2159 Mbps | Sum Rate:  2541.81 Mbps | Mean Rate: 42.3635 Mbps
Iter  30 | Fitness:  59.0359 | Min Rate: 31.8599 Mbps | Sum Rate:  2569.64 Mbps | Mean Rate: 42.8273 Mbps
Iter  40 | Fitness:  59.9415 | Min Rate: 29.9555 Mbps | Sum Rate:  2590.79 Mbps | Mean Rate: 43.1799 Mbps
Iter  49 | Fitness:  59.9415 | Min Rate: 29.7016 Mbps | Sum Rate:  2615.50 Mbps | Mean Rate: 43.5917 Mbps

================================================================================
                                      优化完成                                      
================================================================================

📊 最终性能指标:
   - 总速率 (Sum Rate):      2607.10 Mbps
   - 最小速率 (Min Rate):    31.0483 Mbps
   - 平均速率 (Mean Rate):   43.4517 Mbps
   - 速率标准差 (Std):        7.9680 Mbps
   - 最佳适应度 (Fitness):   59.9415

📈 性能提升:
   - 总速率提升:   +2.16%
   - 最小速率提升: +14.34%

⏱️  计算时间:
   - 总优化时间: 183.05 秒
   - 平均每代:   3.661 秒

✓ Distributed PSO Complete
   Final Min Rate: 31.0483 Mbps
   Final Sum Rate: 2607.10 Mbps
   Time: 183.17 s

================================================================================
[4/4] Running NewSSA (OBL + Sine-Cosine)...
================================================================================
================================================================================
开始NewSSA优化（论文算法）...
  • 改进1: OBL策略 + 折射原理（公式18）
  • 改进2: 正弦-余弦搜索（公式20）
  • 改进3: 自适应参数r1和w（公式21-22）
  • 麻雀数量: 30
  • 最大迭代: 50
  • 生产者: 20%, 警戒者: 15%
================================================================================

[1/5] OBL策略 + 折射原理初始化...
[2/5] 计算初始适应度...
  ✓ 初始最优适应度: 25.9549 Mbps

[3/5] 开始迭代优化（50次）...
--------------------------------------------------------------------------------
Iter  10/50: Sum=2477.40Mbps, Min=29.0659Mbps, Time=5.437s
Iter  20/50: Sum=2477.40Mbps, Min=29.0659Mbps, Time=5.513s
Iter  30/50: Sum=2486.06Mbps, Min=29.5376Mbps, Time=5.661s
Iter  40/50: Sum=2455.14Mbps, Min=30.2999Mbps, Time=5.660s
Iter  50/50: Sum=2455.14Mbps, Min=30.2999Mbps, Time=5.651s

[4/5] 整理最终结果...

[5/5] 优化完成!
================================================================================
🎉 NewSSA优化完成!
📊 最终总速率: 2455.14 Mbps
🎯 最终最小速率: 30.2999 Mbps
📈 平均速率: 41.0500 Mbps
⏱️  优化时间: 278.68 秒
================================================================================

✓ NewSSA (OBL + Sine-Cosine) Complete
   Final Min Rate: 30.2999 Mbps
   Final Sum Rate: 2455.14 Mbps
   Time: 281.50 s

✓ 随机种子 48 完成（用时 10.2 分钟）
  VF:     35.17 Mbps
  GA:     29.67 Mbps
  PSO:    31.05 Mbps
  NewSSA: 30.30 Mbps
✓ 结果已保存到: result/batch2_partial_5.json

==========================================================================================
                                    运行 6/11: 随机种子 = 49                                    
==========================================================================================
================================================================================
                      FAIR OPTIMIZER COMPARISON EXPERIMENT                      
================================================================================

公平性保证：
  ✓ 总评估次数: 1500 (种群30 × 迭代50)
  ✓ 信道实现次数: 50
  ✓ 随机种子: 49
  ✓ 相同的初始位置和场景
  ✓ 固定的导频分配


[1/5] Generating neutral scenario...
[Neutral Initialization]
  ✓ UE positions: 60 users randomly distributed
  ✓ Ground APs: 4 APs uniformly distributed (2x2 grid)
  ✓ UAVs: 9 UAVs in 3x3 grid
  ✓ Random seed: 49

[2/5] Creating fair configurations...
  ✓ All configurations created with unified parameters

[3/5] Computing initial performance...
  Initial Min Rate: 28.4579 Mbps
  Initial Sum Rate: 2540.78 Mbps
  Initial Mean Rate: 42.3464 Mbps
  Initial Std Rate: 7.4598 Mbps

[4/5] Running optimizers...

================================================================================
[4/4] Running Balanced Virtual Force Optimizer V3...
================================================================================
开始平衡虚拟力优化（V3正确优化版）...
Iter 0: Sum=2532.09Mbps, Min=26.9931Mbps, BestMin=26.9931Mbps (Iter0), Time=0.091s
Iter 10: Sum=2572.68Mbps, Min=32.6731Mbps, BestMin=34.0425Mbps (Iter9), Time=0.091s
Iter 20: Sum=2587.72Mbps, Min=32.0290Mbps, BestMin=34.5291Mbps (Iter14), Time=0.092s
Iter 30: Sum=2552.34Mbps, Min=32.9713Mbps, BestMin=35.4116Mbps (Iter27), Time=0.094s
Iter 40: Sum=2582.68Mbps, Min=34.1088Mbps, BestMin=35.4116Mbps (Iter27), Time=0.094s

🎉 平衡虚拟力优化完成（V3版 - 历代最优记忆）!
✨ 最佳性能出现在第 27 次迭代
📊 历代最优总速率: 2570.54 Mbps
🎯 历代最优最小速率: 35.4116 Mbps
📈 速率标准差: 4.4408 Mbps
⏱️  优化时间: 4.77 秒
⚡ 平均每次迭代: 0.095 秒
🔄 重启次数: 0

✓ Balanced Virtual Force Optimizer V3 Complete
   Final Min Rate: 35.4116 Mbps
   Final Sum Rate: 2570.54 Mbps
   Time: 4.77 s

================================================================================
[4/4] Running Discrete Genetic Algorithm...
================================================================================
离散网格生成完成: 9x9 = 81个候选点
开始离散遗传算法优化（网格: 9x9）...
Gen 0: Fitness=3.2082, Sum=2537.08Mbps, Min=24.6624Mbps, Time=3.032s
Gen 10: Fitness=3.5250, Sum=2516.90Mbps, Min=34.4994Mbps, Time=2.850s
Gen 20: Fitness=3.5250, Sum=2536.75Mbps, Min=33.4464Mbps, Time=2.891s
Gen 30: Fitness=3.5250, Sum=2521.60Mbps, Min=33.7829Mbps, Time=2.887s
Gen 40: Fitness=3.5340, Sum=2552.38Mbps, Min=34.3109Mbps, Time=2.843s

🎉 离散遗传算法优化完成!
✨ 最佳性能出现在第 44 代
📊 最终总速率: 2543.33 Mbps
🎯 最终最小速率: 32.7114 Mbps
📈 速率标准差: 5.7206 Mbps
⏱️  优化时间: 144.60 秒
⚡ 平均每代: 2.892 秒
🎲 使用网格点: [0, 6, 30, 43, 54, 58, 65, 71, 77]

✓ Discrete Genetic Algorithm Complete
   Final Min Rate: 32.7114 Mbps
   Final Sum Rate: 2543.33 Mbps
   Time: 144.70 s

================================================================================
[4/4] Running Distributed PSO...
================================================================================
✅ 分布式PSO优化器初始化完成
   - 粒子数量: 30
   - 最大迭代次数: 50
   - PSO参数: w=0.729, c1=1.49445, c2=1.49445

================================================================================
                            分布式PSO优化算法 (Algorithm 2)                            
================================================================================

[Step 1] 初始化粒子群...
   ✓ 粒子群初始化完成
   ✓ 初始全局最佳适应度: 51.9023

[开始迭代] 最大迭代次数: 50
--------------------------------------------------------------------------------
Iter   0 | Fitness:  52.8593 | Min Rate: 28.1535 Mbps | Sum Rate:  2540.80 Mbps | Mean Rate: 42.3467 Mbps
Iter  10 | Fitness:  55.8716 | Min Rate: 27.1264 Mbps | Sum Rate:  2529.80 Mbps | Mean Rate: 42.1633 Mbps
Iter  20 | Fitness:  59.7502 | Min Rate: 30.2748 Mbps | Sum Rate:  2580.99 Mbps | Mean Rate: 43.0164 Mbps
Iter  30 | Fitness:  60.9841 | Min Rate: 34.1314 Mbps | Sum Rate:  2569.40 Mbps | Mean Rate: 42.8234 Mbps
Iter  40 | Fitness:  61.3772 | Min Rate: 32.6205 Mbps | Sum Rate:  2564.87 Mbps | Mean Rate: 42.7478 Mbps
Iter  49 | Fitness:  61.7914 | Min Rate: 34.7721 Mbps | Sum Rate:  2564.35 Mbps | Mean Rate: 42.7391 Mbps

================================================================================
                                      优化完成                                      
================================================================================

📊 最终性能指标:
   - 总速率 (Sum Rate):      2555.15 Mbps
   - 最小速率 (Min Rate):    30.4115 Mbps
   - 平均速率 (Mean Rate):   42.5858 Mbps
   - 速率标准差 (Std):        6.0482 Mbps
   - 最佳适应度 (Fitness):   61.7914

📈 性能提升:
   - 总速率提升:   +0.56%
   - 最小速率提升: +8.02%

⏱️  计算时间:
   - 总优化时间: 183.54 秒
   - 平均每代:   3.671 秒

✓ Distributed PSO Complete
   Final Min Rate: 30.4115 Mbps
   Final Sum Rate: 2555.15 Mbps
   Time: 183.67 s

================================================================================
[4/4] Running NewSSA (OBL + Sine-Cosine)...
================================================================================
================================================================================
开始NewSSA优化（论文算法）...
  • 改进1: OBL策略 + 折射原理（公式18）
  • 改进2: 正弦-余弦搜索（公式20）
  • 改进3: 自适应参数r1和w（公式21-22）
  • 麻雀数量: 30
  • 最大迭代: 50
  • 生产者: 20%, 警戒者: 15%
================================================================================

[1/5] OBL策略 + 折射原理初始化...
[2/5] 计算初始适应度...
  ✓ 初始最优适应度: 25.3213 Mbps

[3/5] 开始迭代优化（50次）...
--------------------------------------------------------------------------------
Iter  10/50: Sum=2418.51Mbps, Min=26.6596Mbps, Time=6.002s
Iter  20/50: Sum=2438.80Mbps, Min=27.0538Mbps, Time=6.260s
Iter  30/50: Sum=2438.80Mbps, Min=27.0538Mbps, Time=6.615s
Iter  40/50: Sum=2438.80Mbps, Min=27.0538Mbps, Time=6.651s
Iter  50/50: Sum=2438.80Mbps, Min=27.0538Mbps, Time=6.572s

[4/5] 整理最终结果...

[5/5] 优化完成!
================================================================================
🎉 NewSSA优化完成!
📊 最终总速率: 2438.80 Mbps
🎯 最终最小速率: 27.0538 Mbps
📈 平均速率: 40.5883 Mbps
⏱️  优化时间: 318.12 秒
================================================================================

✓ NewSSA (OBL + Sine-Cosine) Complete
   Final Min Rate: 27.0538 Mbps
   Final Sum Rate: 2438.80 Mbps
   Time: 321.07 s

✓ 随机种子 49 完成（用时 10.9 分钟）
  VF:     35.41 Mbps
  GA:     32.71 Mbps
  PSO:    30.41 Mbps
  NewSSA: 27.05 Mbps
✓ 结果已保存到: result/batch2_partial_6.json

==========================================================================================
                                    运行 7/11: 随机种子 = 50                                    
==========================================================================================
================================================================================
                      FAIR OPTIMIZER COMPARISON EXPERIMENT                      
================================================================================

公平性保证：
  ✓ 总评估次数: 1500 (种群30 × 迭代50)
  ✓ 信道实现次数: 50
  ✓ 随机种子: 50
  ✓ 相同的初始位置和场景
  ✓ 固定的导频分配


[1/5] Generating neutral scenario...
[Neutral Initialization]
  ✓ UE positions: 60 users randomly distributed
  ✓ Ground APs: 4 APs uniformly distributed (2x2 grid)
  ✓ UAVs: 9 UAVs in 3x3 grid
  ✓ Random seed: 50

[2/5] Creating fair configurations...
  ✓ All configurations created with unified parameters

[3/5] Computing initial performance...
  Initial Min Rate: 33.3023 Mbps
  Initial Sum Rate: 2568.94 Mbps
  Initial Mean Rate: 42.8157 Mbps
  Initial Std Rate: 6.0003 Mbps

[4/5] Running optimizers...

================================================================================
[4/4] Running Balanced Virtual Force Optimizer V3...
================================================================================
开始平衡虚拟力优化（V3正确优化版）...
Iter 0: Sum=2560.52Mbps, Min=33.1434Mbps, BestMin=33.1434Mbps (Iter0), Time=0.110s
Iter 10: Sum=2598.15Mbps, Min=34.9318Mbps, BestMin=35.7846Mbps (Iter9), Time=0.111s
Iter 20: Sum=2601.32Mbps, Min=34.8985Mbps, BestMin=37.8626Mbps (Iter17), Time=0.109s
Iter 30: Sum=2617.90Mbps, Min=35.3925Mbps, BestMin=37.8626Mbps (Iter17), Time=0.110s
Iter 40: Sum=2598.21Mbps, Min=35.2864Mbps, BestMin=37.8626Mbps (Iter17), Time=0.110s

🔄 智能重启 #1 (Iter 42)

🎉 平衡虚拟力优化完成（V3版 - 历代最优记忆）!
✨ 最佳性能出现在第 17 次迭代
📊 历代最优总速率: 2606.98 Mbps
🎯 历代最优最小速率: 37.8626 Mbps
📈 速率标准差: 4.5642 Mbps
⏱️  优化时间: 5.68 秒
⚡ 平均每次迭代: 0.114 秒
🔄 重启次数: 1

✓ Balanced Virtual Force Optimizer V3 Complete
   Final Min Rate: 37.8626 Mbps
   Final Sum Rate: 2606.98 Mbps
   Time: 5.68 s

================================================================================
[4/4] Running Discrete Genetic Algorithm...
================================================================================
离散网格生成完成: 9x9 = 81个候选点
开始离散遗传算法优化（网格: 9x9）...
Gen 0: Fitness=3.2846, Sum=2359.13Mbps, Min=26.5590Mbps, Time=3.410s
Gen 10: Fitness=3.4691, Sum=2527.73Mbps, Min=28.8113Mbps, Time=3.403s
Gen 20: Fitness=3.4799, Sum=2501.04Mbps, Min=31.2548Mbps, Time=3.412s
Gen 30: Fitness=3.4799, Sum=2493.59Mbps, Min=29.8578Mbps, Time=3.455s
Gen 40: Fitness=3.4815, Sum=2541.62Mbps, Min=31.4386Mbps, Time=3.450s

🎉 离散遗传算法优化完成!
✨ 最佳性能出现在第 41 代
📊 最终总速率: 2490.43 Mbps
🎯 最终最小速率: 27.6811 Mbps
📈 速率标准差: 6.1953 Mbps
⏱️  优化时间: 171.28 秒
⚡ 平均每代: 3.426 秒
🎲 使用网格点: [4, 10, 31, 35, 43, 47, 54, 69, 75]

✓ Discrete Genetic Algorithm Complete
   Final Min Rate: 27.6811 Mbps
   Final Sum Rate: 2490.43 Mbps
   Time: 171.39 s

================================================================================
[4/4] Running Distributed PSO...
================================================================================
✅ 分布式PSO优化器初始化完成
   - 粒子数量: 30
   - 最大迭代次数: 50
   - PSO参数: w=0.729, c1=1.49445, c2=1.49445

================================================================================
                            分布式PSO优化算法 (Algorithm 2)                            
================================================================================

[Step 1] 初始化粒子群...
   ✓ 粒子群初始化完成
   ✓ 初始全局最佳适应度: 57.6326

[开始迭代] 最大迭代次数: 50
--------------------------------------------------------------------------------
Iter   0 | Fitness:  58.8749 | Min Rate: 31.4704 Mbps | Sum Rate:  2598.83 Mbps | Mean Rate: 43.3139 Mbps
Iter  10 | Fitness:  61.2626 | Min Rate: 32.9836 Mbps | Sum Rate:  2581.40 Mbps | Mean Rate: 43.0233 Mbps
Iter  20 | Fitness:  61.9690 | Min Rate: 33.5665 Mbps | Sum Rate:  2583.75 Mbps | Mean Rate: 43.0624 Mbps
Iter  30 | Fitness:  61.9690 | Min Rate: 32.2500 Mbps | Sum Rate:  2627.96 Mbps | Mean Rate: 43.7993 Mbps
Iter  40 | Fitness:  61.9690 | Min Rate: 32.7458 Mbps | Sum Rate:  2600.48 Mbps | Mean Rate: 43.3413 Mbps
Iter  49 | Fitness:  61.9690 | Min Rate: 31.5783 Mbps | Sum Rate:  2600.51 Mbps | Mean Rate: 43.3418 Mbps

================================================================================
                                      优化完成                                      
================================================================================

📊 最终性能指标:
   - 总速率 (Sum Rate):      2612.29 Mbps
   - 最小速率 (Min Rate):    33.1059 Mbps
   - 平均速率 (Mean Rate):   43.5382 Mbps
   - 速率标准差 (Std):        5.1394 Mbps
   - 最佳适应度 (Fitness):   61.9690

📈 性能提升:
   - 总速率提升:   +0.52%
   - 最小速率提升: +5.20%

⏱️  计算时间:
   - 总优化时间: 224.95 秒
   - 平均每代:   4.499 秒

✓ Distributed PSO Complete
   Final Min Rate: 33.1059 Mbps
   Final Sum Rate: 2612.29 Mbps
   Time: 225.09 s

================================================================================
[4/4] Running NewSSA (OBL + Sine-Cosine)...
================================================================================
================================================================================
开始NewSSA优化（论文算法）...
  • 改进1: OBL策略 + 折射原理（公式18）
  • 改进2: 正弦-余弦搜索（公式20）
  • 改进3: 自适应参数r1和w（公式21-22）
  • 麻雀数量: 30
  • 最大迭代: 50
  • 生产者: 20%, 警戒者: 15%
================================================================================

[1/5] OBL策略 + 折射原理初始化...
[2/5] 计算初始适应度...
  ✓ 初始最优适应度: 27.3096 Mbps

[3/5] 开始迭代优化（50次）...
--------------------------------------------------------------------------------
Iter  10/50: Sum=2411.63Mbps, Min=27.3096Mbps, Time=6.694s
Iter  20/50: Sum=2461.28Mbps, Min=28.3179Mbps, Time=6.689s
Iter  30/50: Sum=2461.28Mbps, Min=28.3179Mbps, Time=7.215s
Iter  40/50: Sum=2385.74Mbps, Min=28.4178Mbps, Time=7.075s
Iter  50/50: Sum=2385.74Mbps, Min=28.4178Mbps, Time=6.734s

[4/5] 整理最终结果...

[5/5] 优化完成!
================================================================================
🎉 NewSSA优化完成!
📊 最终总速率: 2385.74 Mbps
🎯 最终最小速率: 28.4178 Mbps
📈 平均速率: 39.7065 Mbps
⏱️  优化时间: 348.44 秒
================================================================================

✓ NewSSA (OBL + Sine-Cosine) Complete
   Final Min Rate: 28.4178 Mbps
   Final Sum Rate: 2385.74 Mbps
   Time: 351.91 s

✓ 随机种子 50 完成（用时 12.6 分钟）
  VF:     37.86 Mbps
  GA:     27.68 Mbps
  PSO:    33.11 Mbps
  NewSSA: 28.42 Mbps
✓ 结果已保存到: result/batch2_partial_7.json

==========================================================================================
                                    运行 8/11: 随机种子 = 51                                    
==========================================================================================
================================================================================
                      FAIR OPTIMIZER COMPARISON EXPERIMENT                      
================================================================================

公平性保证：
  ✓ 总评估次数: 1500 (种群30 × 迭代50)
  ✓ 信道实现次数: 50
  ✓ 随机种子: 51
  ✓ 相同的初始位置和场景
  ✓ 固定的导频分配


[1/5] Generating neutral scenario...
[Neutral Initialization]
  ✓ UE positions: 60 users randomly distributed
  ✓ Ground APs: 4 APs uniformly distributed (2x2 grid)
  ✓ UAVs: 9 UAVs in 3x3 grid
  ✓ Random seed: 51

[2/5] Creating fair configurations...
  ✓ All configurations created with unified parameters

[3/5] Computing initial performance...
  Initial Min Rate: 31.5932 Mbps
  Initial Sum Rate: 2613.64 Mbps
  Initial Mean Rate: 43.5607 Mbps
  Initial Std Rate: 6.6644 Mbps

[4/5] Running optimizers...

================================================================================
[4/4] Running Balanced Virtual Force Optimizer V3...
================================================================================
开始平衡虚拟力优化（V3正确优化版）...
Iter 0: Sum=2598.31Mbps, Min=29.5418Mbps, BestMin=29.5418Mbps (Iter0), Time=0.110s
Iter 10: Sum=2699.98Mbps, Min=36.0230Mbps, BestMin=36.2730Mbps (Iter5), Time=0.113s
Iter 20: Sum=2707.84Mbps, Min=36.1352Mbps, BestMin=36.6076Mbps (Iter15), Time=0.112s
Iter 30: Sum=2736.19Mbps, Min=35.2946Mbps, BestMin=36.6076Mbps (Iter15), Time=0.113s
Iter 40: Sum=2740.08Mbps, Min=36.4604Mbps, BestMin=38.4597Mbps (Iter35), Time=0.111s

🎉 平衡虚拟力优化完成（V3版 - 历代最优记忆）!
✨ 最佳性能出现在第 35 次迭代
📊 历代最优总速率: 2747.38 Mbps
🎯 历代最优最小速率: 38.4597 Mbps
📈 速率标准差: 5.8033 Mbps
⏱️  优化时间: 5.76 秒
⚡ 平均每次迭代: 0.115 秒
🔄 重启次数: 0

✓ Balanced Virtual Force Optimizer V3 Complete
   Final Min Rate: 38.4597 Mbps
   Final Sum Rate: 2747.38 Mbps
   Time: 5.76 s

================================================================================
[4/4] Running Discrete Genetic Algorithm...
================================================================================
离散网格生成完成: 9x9 = 81个候选点
开始离散遗传算法优化（网格: 9x9）...
Gen 0: Fitness=3.3572, Sum=2679.79Mbps, Min=27.9172Mbps, Time=3.516s
Gen 10: Fitness=3.5222, Sum=2623.86Mbps, Min=31.7072Mbps, Time=3.542s
Gen 20: Fitness=3.5491, Sum=2648.32Mbps, Min=32.7662Mbps, Time=3.529s
Gen 30: Fitness=3.5628, Sum=2634.64Mbps, Min=33.1944Mbps, Time=3.537s
Gen 40: Fitness=3.5628, Sum=2624.76Mbps, Min=34.6167Mbps, Time=3.777s

🎉 离散遗传算法优化完成!
✨ 最佳性能出现在第 22 代
📊 最终总速率: 2607.09 Mbps
🎯 最终最小速率: 34.6193 Mbps
📈 速率标准差: 5.3428 Mbps
⏱️  优化时间: 183.57 秒
⚡ 平均每代: 3.671 秒
🎲 使用网格点: [2, 5, 22, 31, 36, 44, 56, 59, 73]

✓ Discrete Genetic Algorithm Complete
   Final Min Rate: 34.6193 Mbps
   Final Sum Rate: 2607.09 Mbps
   Time: 183.69 s

================================================================================
[4/4] Running Distributed PSO...
================================================================================
✅ 分布式PSO优化器初始化完成
   - 粒子数量: 30
   - 最大迭代次数: 50
   - PSO参数: w=0.729, c1=1.49445, c2=1.49445

================================================================================
                            分布式PSO优化算法 (Algorithm 2)                            
================================================================================

[Step 1] 初始化粒子群...
   ✓ 粒子群初始化完成
   ✓ 初始全局最佳适应度: 57.4797

[开始迭代] 最大迭代次数: 50
--------------------------------------------------------------------------------
Iter   0 | Fitness:  58.0049 | Min Rate: 31.9315 Mbps | Sum Rate:  2602.98 Mbps | Mean Rate: 43.3830 Mbps
Iter  10 | Fitness:  58.8638 | Min Rate: 30.0276 Mbps | Sum Rate:  2613.65 Mbps | Mean Rate: 43.5609 Mbps
Iter  20 | Fitness:  62.3891 | Min Rate: 33.9573 Mbps | Sum Rate:  2615.16 Mbps | Mean Rate: 43.5861 Mbps
Iter  30 | Fitness:  63.5279 | Min Rate: 34.1667 Mbps | Sum Rate:  2641.77 Mbps | Mean Rate: 44.0295 Mbps
Iter  40 | Fitness:  63.5902 | Min Rate: 33.9590 Mbps | Sum Rate:  2619.83 Mbps | Mean Rate: 43.6638 Mbps
Iter  49 | Fitness:  63.5902 | Min Rate: 35.2283 Mbps | Sum Rate:  2642.19 Mbps | Mean Rate: 44.0364 Mbps

================================================================================
                                      优化完成                                      
================================================================================

📊 最终性能指标:
   - 总速率 (Sum Rate):      2651.16 Mbps
   - 最小速率 (Min Rate):    34.8844 Mbps
   - 平均速率 (Mean Rate):   44.1861 Mbps
   - 速率标准差 (Std):        5.7937 Mbps
   - 最佳适应度 (Fitness):   63.5902

📈 性能提升:
   - 总速率提升:   +1.85%
   - 最小速率提升: +9.25%

⏱️  计算时间:
   - 总优化时间: 198.07 秒
   - 平均每代:   3.961 秒

✓ Distributed PSO Complete
   Final Min Rate: 34.8844 Mbps
   Final Sum Rate: 2651.16 Mbps
   Time: 198.21 s

================================================================================
[4/4] Running NewSSA (OBL + Sine-Cosine)...
================================================================================
================================================================================
开始NewSSA优化（论文算法）...
  • 改进1: OBL策略 + 折射原理（公式18）
  • 改进2: 正弦-余弦搜索（公式20）
  • 改进3: 自适应参数r1和w（公式21-22）
  • 麻雀数量: 30
  • 最大迭代: 50
  • 生产者: 20%, 警戒者: 15%
================================================================================

[1/5] OBL策略 + 折射原理初始化...
[2/5] 计算初始适应度...
  ✓ 初始最优适应度: 29.7652 Mbps

[3/5] 开始迭代优化（50次）...
--------------------------------------------------------------------------------
Iter  10/50: Sum=2544.11Mbps, Min=30.8314Mbps, Time=6.903s
Iter  20/50: Sum=2516.47Mbps, Min=30.9491Mbps, Time=6.423s
Iter  30/50: Sum=2516.47Mbps, Min=30.9491Mbps, Time=6.246s
Iter  40/50: Sum=2502.49Mbps, Min=31.0132Mbps, Time=6.197s
Iter  50/50: Sum=2502.49Mbps, Min=31.0132Mbps, Time=6.184s

[4/5] 整理最终结果...

[5/5] 优化完成!
================================================================================
🎉 NewSSA优化完成!
📊 最终总速率: 2502.49 Mbps
🎯 最终最小速率: 31.0132 Mbps
📈 平均速率: 41.5514 Mbps
⏱️  优化时间: 323.31 秒
================================================================================

✓ NewSSA (OBL + Sine-Cosine) Complete
   Final Min Rate: 31.0132 Mbps
   Final Sum Rate: 2502.49 Mbps
   Time: 326.83 s

✓ 随机种子 51 完成（用时 11.9 分钟）
  VF:     38.46 Mbps
  GA:     34.62 Mbps
  PSO:    34.88 Mbps
  NewSSA: 31.01 Mbps
✓ 结果已保存到: result/batch2_partial_8.json

==========================================================================================
                                    运行 9/11: 随机种子 = 52                                    
==========================================================================================
================================================================================
                      FAIR OPTIMIZER COMPARISON EXPERIMENT                      
================================================================================

公平性保证：
  ✓ 总评估次数: 1500 (种群30 × 迭代50)
  ✓ 信道实现次数: 50
  ✓ 随机种子: 52
  ✓ 相同的初始位置和场景
  ✓ 固定的导频分配


[1/5] Generating neutral scenario...
[Neutral Initialization]
  ✓ UE positions: 60 users randomly distributed
  ✓ Ground APs: 4 APs uniformly distributed (2x2 grid)
  ✓ UAVs: 9 UAVs in 3x3 grid
  ✓ Random seed: 52

[2/5] Creating fair configurations...
  ✓ All configurations created with unified parameters

[3/5] Computing initial performance...
  Initial Min Rate: 30.1837 Mbps
  Initial Sum Rate: 2575.31 Mbps
  Initial Mean Rate: 42.9218 Mbps
  Initial Std Rate: 6.5242 Mbps

[4/5] Running optimizers...

================================================================================
[4/4] Running Balanced Virtual Force Optimizer V3...
================================================================================
开始平衡虚拟力优化（V3正确优化版）...
Iter 0: Sum=2562.11Mbps, Min=30.5830Mbps, BestMin=30.5830Mbps (Iter0), Time=0.102s
Iter 10: Sum=2582.85Mbps, Min=33.0452Mbps, BestMin=33.1891Mbps (Iter6), Time=0.104s
Iter 20: Sum=2535.86Mbps, Min=33.0647Mbps, BestMin=33.3736Mbps (Iter13), Time=0.102s
Iter 30: Sum=2523.42Mbps, Min=33.7351Mbps, BestMin=33.7351Mbps (Iter30), Time=0.102s
Iter 40: Sum=2514.01Mbps, Min=31.7050Mbps, BestMin=34.7820Mbps (Iter37), Time=0.102s

🎉 平衡虚拟力优化完成（V3版 - 历代最优记忆）!
✨ 最佳性能出现在第 37 次迭代
📊 历代最优总速率: 2512.69 Mbps
🎯 历代最优最小速率: 34.7820 Mbps
📈 速率标准差: 4.7775 Mbps
⏱️  优化时间: 5.26 秒
⚡ 平均每次迭代: 0.105 秒
🔄 重启次数: 0

✓ Balanced Virtual Force Optimizer V3 Complete
   Final Min Rate: 34.7820 Mbps
   Final Sum Rate: 2512.69 Mbps
   Time: 5.26 s

================================================================================
[4/4] Running Discrete Genetic Algorithm...
================================================================================
离散网格生成完成: 9x9 = 81个候选点
开始离散遗传算法优化（网格: 9x9）...
Gen 0: Fitness=3.1444, Sum=2416.49Mbps, Min=24.3921Mbps, Time=3.184s
Gen 10: Fitness=3.2489, Sum=2426.48Mbps, Min=23.6950Mbps, Time=3.200s
Gen 20: Fitness=3.3294, Sum=2514.93Mbps, Min=26.4492Mbps, Time=3.206s
Gen 30: Fitness=3.3867, Sum=2483.88Mbps, Min=27.6380Mbps, Time=3.214s
Gen 40: Fitness=3.3867, Sum=2503.16Mbps, Min=28.8707Mbps, Time=3.170s

🎉 离散遗传算法优化完成!
✨ 最佳性能出现在第 47 代
📊 最终总速率: 2526.07 Mbps
🎯 最终最小速率: 29.7270 Mbps
📈 速率标准差: 8.4660 Mbps
⏱️  优化时间: 159.73 秒
⚡ 平均每代: 3.195 秒
🎲 使用网格点: [15, 22, 26, 28, 30, 51, 63, 75, 80]

✓ Discrete Genetic Algorithm Complete
   Final Min Rate: 29.7270 Mbps
   Final Sum Rate: 2526.07 Mbps
   Time: 159.83 s

================================================================================
[4/4] Running Distributed PSO...
================================================================================
✅ 分布式PSO优化器初始化完成
   - 粒子数量: 30
   - 最大迭代次数: 50
   - PSO参数: w=0.729, c1=1.49445, c2=1.49445

================================================================================
                            分布式PSO优化算法 (Algorithm 2)                            
================================================================================

[Step 1] 初始化粒子群...
   ✓ 粒子群初始化完成
   ✓ 初始全局最佳适应度: 55.2998

[开始迭代] 最大迭代次数: 50
--------------------------------------------------------------------------------
Iter   0 | Fitness:  55.2998 | Min Rate: 28.1903 Mbps | Sum Rate:  2579.98 Mbps | Mean Rate: 42.9996 Mbps
Iter  10 | Fitness:  57.4227 | Min Rate: 28.7813 Mbps | Sum Rate:  2563.08 Mbps | Mean Rate: 42.7180 Mbps
Iter  20 | Fitness:  60.9203 | Min Rate: 32.8671 Mbps | Sum Rate:  2568.25 Mbps | Mean Rate: 42.8042 Mbps
Iter  30 | Fitness:  61.5658 | Min Rate: 34.2133 Mbps | Sum Rate:  2524.63 Mbps | Mean Rate: 42.0772 Mbps
Iter  40 | Fitness:  62.2560 | Min Rate: 36.0010 Mbps | Sum Rate:  2607.83 Mbps | Mean Rate: 43.4638 Mbps
Iter  49 | Fitness:  62.7585 | Min Rate: 35.1339 Mbps | Sum Rate:  2569.53 Mbps | Mean Rate: 42.8255 Mbps

================================================================================
                                      优化完成                                      
================================================================================

📊 最终性能指标:
   - 总速率 (Sum Rate):      2579.90 Mbps
   - 最小速率 (Min Rate):    34.7666 Mbps
   - 平均速率 (Mean Rate):   42.9984 Mbps
   - 速率标准差 (Std):        5.7337 Mbps
   - 最佳适应度 (Fitness):   62.7585

📈 性能提升:
   - 总速率提升:   -0.00%
   - 最小速率提升: +23.33%

⏱️  计算时间:
   - 总优化时间: 204.33 秒
   - 平均每代:   4.087 秒

✓ Distributed PSO Complete
   Final Min Rate: 34.7666 Mbps
   Final Sum Rate: 2579.90 Mbps
   Time: 204.46 s

================================================================================
[4/4] Running NewSSA (OBL + Sine-Cosine)...
================================================================================
================================================================================
开始NewSSA优化（论文算法）...
  • 改进1: OBL策略 + 折射原理（公式18）
  • 改进2: 正弦-余弦搜索（公式20）
  • 改进3: 自适应参数r1和w（公式21-22）
  • 麻雀数量: 30
  • 最大迭代: 50
  • 生产者: 20%, 警戒者: 15%
================================================================================

[1/5] OBL策略 + 折射原理初始化...
[2/5] 计算初始适应度...
  ✓ 初始最优适应度: 23.1165 Mbps

[3/5] 开始迭代优化（50次）...
--------------------------------------------------------------------------------
Iter  10/50: Sum=2270.96Mbps, Min=23.3759Mbps, Time=6.144s
Iter  20/50: Sum=2270.96Mbps, Min=23.3759Mbps, Time=6.114s
Iter  30/50: Sum=2302.17Mbps, Min=24.1207Mbps, Time=6.134s
Iter  40/50: Sum=2302.17Mbps, Min=24.1207Mbps, Time=6.138s
Iter  50/50: Sum=2302.17Mbps, Min=24.1207Mbps, Time=5.692s

[4/5] 整理最终结果...

[5/5] 优化完成!
================================================================================
🎉 NewSSA优化完成!
📊 最终总速率: 2302.17 Mbps
🎯 最终最小速率: 24.1207 Mbps
📈 平均速率: 38.4419 Mbps
⏱️  优化时间: 3980.26 秒
================================================================================

✓ NewSSA (OBL + Sine-Cosine) Complete
   Final Min Rate: 24.1207 Mbps
   Final Sum Rate: 2302.17 Mbps
   Time: 3983.43 s

✓ 随机种子 52 完成（用时 72.6 分钟）
  VF:     34.78 Mbps
  GA:     29.73 Mbps
  PSO:    34.77 Mbps
  NewSSA: 24.12 Mbps
✓ 结果已保存到: result/batch2_partial_9.json

==========================================================================================
                                   运行 10/11: 随机种子 = 53                                    
==========================================================================================
================================================================================
                      FAIR OPTIMIZER COMPARISON EXPERIMENT                      
================================================================================

公平性保证：
  ✓ 总评估次数: 1500 (种群30 × 迭代50)
  ✓ 信道实现次数: 50
  ✓ 随机种子: 53
  ✓ 相同的初始位置和场景
  ✓ 固定的导频分配


[1/5] Generating neutral scenario...
[Neutral Initialization]
  ✓ UE positions: 60 users randomly distributed
  ✓ Ground APs: 4 APs uniformly distributed (2x2 grid)
  ✓ UAVs: 9 UAVs in 3x3 grid
  ✓ Random seed: 53

[2/5] Creating fair configurations...
  ✓ All configurations created with unified parameters

[3/5] Computing initial performance...
  Initial Min Rate: 31.7513 Mbps
  Initial Sum Rate: 2632.40 Mbps
  Initial Mean Rate: 43.8734 Mbps
  Initial Std Rate: 7.0467 Mbps

[4/5] Running optimizers...

================================================================================
[4/4] Running Balanced Virtual Force Optimizer V3...
================================================================================
开始平衡虚拟力优化（V3正确优化版）...
Iter 0: Sum=2650.90Mbps, Min=31.7542Mbps, BestMin=31.7542Mbps (Iter0), Time=0.096s
Iter 10: Sum=2639.55Mbps, Min=31.9377Mbps, BestMin=33.2145Mbps (Iter7), Time=0.097s
Iter 20: Sum=2702.82Mbps, Min=34.8070Mbps, BestMin=34.8070Mbps (Iter20), Time=0.094s
Iter 30: Sum=2721.12Mbps, Min=35.6431Mbps, BestMin=35.6431Mbps (Iter30), Time=0.099s
Iter 40: Sum=2722.06Mbps, Min=34.9127Mbps, BestMin=37.3031Mbps (Iter32), Time=0.099s

🎉 平衡虚拟力优化完成（V3版 - 历代最优记忆）!
✨ 最佳性能出现在第 32 次迭代
📊 历代最优总速率: 2740.79 Mbps
🎯 历代最优最小速率: 37.3031 Mbps
📈 速率标准差: 5.3821 Mbps
⏱️  优化时间: 4.86 秒
⚡ 平均每次迭代: 0.097 秒
🔄 重启次数: 0

✓ Balanced Virtual Force Optimizer V3 Complete
   Final Min Rate: 37.3031 Mbps
   Final Sum Rate: 2740.79 Mbps
   Time: 4.87 s

================================================================================
[4/4] Running Discrete Genetic Algorithm...
================================================================================
离散网格生成完成: 9x9 = 81个候选点
开始离散遗传算法优化（网格: 9x9）...
Gen 0: Fitness=3.1886, Sum=2466.56Mbps, Min=20.7534Mbps, Time=2.886s
Gen 10: Fitness=3.4357, Sum=2670.50Mbps, Min=29.7264Mbps, Time=2.884s
Gen 20: Fitness=3.5022, Sum=2670.94Mbps, Min=29.3668Mbps, Time=2.891s
Gen 30: Fitness=3.5022, Sum=2666.60Mbps, Min=29.7669Mbps, Time=2.886s
Gen 40: Fitness=3.5131, Sum=2636.96Mbps, Min=31.5992Mbps, Time=2.885s

🎉 离散遗传算法优化完成!
✨ 最佳性能出现在第 45 代
📊 最终总速率: 2669.21 Mbps
🎯 最终最小速率: 31.4050 Mbps
📈 速率标准差: 6.8712 Mbps
⏱️  优化时间: 144.31 秒
⚡ 平均每代: 2.886 秒
🎲 使用网格点: [13, 23, 25, 41, 45, 48, 68, 69, 73]

✓ Discrete Genetic Algorithm Complete
   Final Min Rate: 31.4050 Mbps
   Final Sum Rate: 2669.21 Mbps
   Time: 144.40 s

================================================================================
[4/4] Running Distributed PSO...
================================================================================
✅ 分布式PSO优化器初始化完成
   - 粒子数量: 30
   - 最大迭代次数: 50
   - PSO参数: w=0.729, c1=1.49445, c2=1.49445

================================================================================
                            分布式PSO优化算法 (Algorithm 2)                            
================================================================================

[Step 1] 初始化粒子群...
   ✓ 粒子群初始化完成
   ✓ 初始全局最佳适应度: 57.4334

[开始迭代] 最大迭代次数: 50
--------------------------------------------------------------------------------
Iter   0 | Fitness:  57.6137 | Min Rate: 31.6808 Mbps | Sum Rate:  2657.42 Mbps | Mean Rate: 44.2904 Mbps
Iter  10 | Fitness:  61.8551 | Min Rate: 32.4561 Mbps | Sum Rate:  2678.90 Mbps | Mean Rate: 44.6483 Mbps
Iter  20 | Fitness:  63.2076 | Min Rate: 35.4969 Mbps | Sum Rate:  2699.39 Mbps | Mean Rate: 44.9898 Mbps
Iter  30 | Fitness:  64.7694 | Min Rate: 34.4389 Mbps | Sum Rate:  2700.48 Mbps | Mean Rate: 45.0080 Mbps
Iter  40 | Fitness:  64.7694 | Min Rate: 34.7598 Mbps | Sum Rate:  2692.96 Mbps | Mean Rate: 44.8827 Mbps
Iter  49 | Fitness:  64.7694 | Min Rate: 35.0007 Mbps | Sum Rate:  2690.06 Mbps | Mean Rate: 44.8343 Mbps

================================================================================
                                      优化完成                                      
================================================================================

📊 最终性能指标:
   - 总速率 (Sum Rate):      2721.62 Mbps
   - 最小速率 (Min Rate):    34.3134 Mbps
   - 平均速率 (Mean Rate):   45.3603 Mbps
   - 速率标准差 (Std):        5.5460 Mbps
   - 最佳适应度 (Fitness):   64.7694

📈 性能提升:
   - 总速率提升:   +2.42%
   - 最小速率提升: +8.31%

⏱️  计算时间:
   - 总优化时间: 189.85 秒
   - 平均每代:   3.797 秒

✓ Distributed PSO Complete
   Final Min Rate: 34.3134 Mbps
   Final Sum Rate: 2721.62 Mbps
   Time: 189.97 s

================================================================================
[4/4] Running NewSSA (OBL + Sine-Cosine)...
================================================================================
================================================================================
开始NewSSA优化（论文算法）...
  • 改进1: OBL策略 + 折射原理（公式18）
  • 改进2: 正弦-余弦搜索（公式20）
  • 改进3: 自适应参数r1和w（公式21-22）
  • 麻雀数量: 30
  • 最大迭代: 50
  • 生产者: 20%, 警戒者: 15%
================================================================================

[1/5] OBL策略 + 折射原理初始化...
[2/5] 计算初始适应度...
  ✓ 初始最优适应度: 27.0157 Mbps

[3/5] 开始迭代优化（50次）...
--------------------------------------------------------------------------------
Iter  10/50: Sum=2651.25Mbps, Min=32.9227Mbps, Time=5.855s
Iter  20/50: Sum=2651.25Mbps, Min=32.9227Mbps, Time=5.879s
Iter  30/50: Sum=2657.06Mbps, Min=33.6939Mbps, Time=5.915s
Iter  40/50: Sum=2657.06Mbps, Min=33.6939Mbps, Time=5.930s
Iter  50/50: Sum=2657.06Mbps, Min=33.6939Mbps, Time=5.913s

[4/5] 整理最终结果...

[5/5] 优化完成!
================================================================================
🎉 NewSSA优化完成!
📊 最终总速率: 2657.06 Mbps
🎯 最终最小速率: 33.6939 Mbps
📈 平均速率: 43.9697 Mbps
⏱️  优化时间: 294.35 秒
================================================================================

✓ NewSSA (OBL + Sine-Cosine) Complete
   Final Min Rate: 33.6939 Mbps
   Final Sum Rate: 2657.06 Mbps
   Time: 297.38 s

✓ 随机种子 53 完成（用时 10.6 分钟）
  VF:     37.30 Mbps
  GA:     31.40 Mbps
  PSO:    34.31 Mbps
  NewSSA: 33.69 Mbps
✓ 结果已保存到: result/batch2_partial_10.json

==========================================================================================
                                   运行 11/11: 随机种子 = 54                                    
==========================================================================================
================================================================================
                      FAIR OPTIMIZER COMPARISON EXPERIMENT                      
================================================================================

公平性保证：
  ✓ 总评估次数: 1500 (种群30 × 迭代50)
  ✓ 信道实现次数: 50
  ✓ 随机种子: 54
  ✓ 相同的初始位置和场景
  ✓ 固定的导频分配


[1/5] Generating neutral scenario...
[Neutral Initialization]
  ✓ UE positions: 60 users randomly distributed
  ✓ Ground APs: 4 APs uniformly distributed (2x2 grid)
  ✓ UAVs: 9 UAVs in 3x3 grid
  ✓ Random seed: 54

[2/5] Creating fair configurations...
  ✓ All configurations created with unified parameters

[3/5] Computing initial performance...
  Initial Min Rate: 32.1140 Mbps
  Initial Sum Rate: 2632.92 Mbps
  Initial Mean Rate: 43.8821 Mbps
  Initial Std Rate: 6.1077 Mbps

[4/5] Running optimizers...

================================================================================
[4/4] Running Balanced Virtual Force Optimizer V3...
================================================================================
开始平衡虚拟力优化（V3正确优化版）...
Iter 0: Sum=2647.19Mbps, Min=33.2679Mbps, BestMin=33.2679Mbps (Iter0), Time=0.097s
Iter 10: Sum=2745.94Mbps, Min=33.9908Mbps, BestMin=33.9908Mbps (Iter10), Time=0.095s
Iter 20: Sum=2716.10Mbps, Min=33.6888Mbps, BestMin=36.7274Mbps (Iter18), Time=0.103s
Iter 30: Sum=2709.12Mbps, Min=34.1430Mbps, BestMin=36.7274Mbps (Iter18), Time=0.102s
Iter 40: Sum=2680.36Mbps, Min=35.7704Mbps, BestMin=36.7274Mbps (Iter18), Time=0.097s

🔄 智能重启 #1 (Iter 43)

🎉 平衡虚拟力优化完成（V3版 - 历代最优记忆）!
✨ 最佳性能出现在第 18 次迭代
📊 历代最优总速率: 2767.74 Mbps
🎯 历代最优最小速率: 36.7274 Mbps
📈 速率标准差: 4.8342 Mbps
⏱️  优化时间: 5.04 秒
⚡ 平均每次迭代: 0.101 秒
🔄 重启次数: 1

✓ Balanced Virtual Force Optimizer V3 Complete
   Final Min Rate: 36.7274 Mbps
   Final Sum Rate: 2767.74 Mbps
   Time: 5.04 s

================================================================================
[4/4] Running Discrete Genetic Algorithm...
================================================================================
离散网格生成完成: 9x9 = 81个候选点
开始离散遗传算法优化（网格: 9x9）...
Gen 0: Fitness=3.1756, Sum=2396.35Mbps, Min=25.2577Mbps, Time=3.089s
Gen 10: Fitness=3.3885, Sum=2557.16Mbps, Min=27.0529Mbps, Time=3.090s
Gen 20: Fitness=3.4577, Sum=2641.84Mbps, Min=29.2722Mbps, Time=3.098s
Gen 30: Fitness=3.4577, Sum=2633.91Mbps, Min=29.0213Mbps, Time=3.092s
Gen 40: Fitness=3.4963, Sum=2540.59Mbps, Min=30.1828Mbps, Time=3.122s

🎉 离散遗传算法优化完成!
✨ 最佳性能出现在第 48 代
📊 最终总速率: 2514.66 Mbps
🎯 最终最小速率: 34.5732 Mbps
📈 速率标准差: 5.8968 Mbps
⏱️  优化时间: 154.83 秒
⚡ 平均每代: 3.097 秒
🎲 使用网格点: [12, 15, 17, 27, 36, 40, 44, 68, 74]

✓ Discrete Genetic Algorithm Complete
   Final Min Rate: 34.5732 Mbps
   Final Sum Rate: 2514.66 Mbps
   Time: 154.93 s

================================================================================
[4/4] Running Distributed PSO...
================================================================================
✅ 分布式PSO优化器初始化完成
   - 粒子数量: 30
   - 最大迭代次数: 50
   - PSO参数: w=0.729, c1=1.49445, c2=1.49445

================================================================================
                            分布式PSO优化算法 (Algorithm 2)                            
================================================================================

[Step 1] 初始化粒子群...
   ✓ 粒子群初始化完成
   ✓ 初始全局最佳适应度: 57.8386

[开始迭代] 最大迭代次数: 50
--------------------------------------------------------------------------------
Iter   0 | Fitness:  59.8801 | Min Rate: 33.4641 Mbps | Sum Rate:  2627.19 Mbps | Mean Rate: 43.7865 Mbps
Iter  10 | Fitness:  61.4998 | Min Rate: 32.8492 Mbps | Sum Rate:  2671.99 Mbps | Mean Rate: 44.5331 Mbps
Iter  20 | Fitness:  61.5674 | Min Rate: 32.9570 Mbps | Sum Rate:  2592.24 Mbps | Mean Rate: 43.2040 Mbps
Iter  30 | Fitness:  62.4504 | Min Rate: 34.1801 Mbps | Sum Rate:  2634.57 Mbps | Mean Rate: 43.9094 Mbps
Iter  40 | Fitness:  62.6806 | Min Rate: 31.8405 Mbps | Sum Rate:  2680.78 Mbps | Mean Rate: 44.6797 Mbps
Iter  49 | Fitness:  62.9993 | Min Rate: 35.1317 Mbps | Sum Rate:  2693.37 Mbps | Mean Rate: 44.8896 Mbps

================================================================================
                                      优化完成                                      
================================================================================

📊 最终性能指标:
   - 总速率 (Sum Rate):      2685.09 Mbps
   - 最小速率 (Min Rate):    34.2928 Mbps
   - 平均速率 (Mean Rate):   44.7515 Mbps
   - 速率标准差 (Std):        6.2800 Mbps
   - 最佳适应度 (Fitness):   62.9993

📈 性能提升:
   - 总速率提升:   +2.20%
   - 最小速率提升: +2.48%

⏱️  计算时间:
   - 总优化时间: 199.70 秒
   - 平均每代:   3.994 秒

✓ Distributed PSO Complete
   Final Min Rate: 34.2928 Mbps
   Final Sum Rate: 2685.09 Mbps
   Time: 199.83 s

================================================================================
[4/4] Running NewSSA (OBL + Sine-Cosine)...
================================================================================
================================================================================
开始NewSSA优化（论文算法）...
  • 改进1: OBL策略 + 折射原理（公式18）
  • 改进2: 正弦-余弦搜索（公式20）
  • 改进3: 自适应参数r1和w（公式21-22）
  • 麻雀数量: 30
  • 最大迭代: 50
  • 生产者: 20%, 警戒者: 15%
================================================================================

[1/5] OBL策略 + 折射原理初始化...
[2/5] 计算初始适应度...
  ✓ 初始最优适应度: 26.2660 Mbps

[3/5] 开始迭代优化（50次）...
--------------------------------------------------------------------------------
Iter  10/50: Sum=2567.50Mbps, Min=31.7169Mbps, Time=6.068s
Iter  20/50: Sum=2567.50Mbps, Min=31.7169Mbps, Time=6.081s
Iter  30/50: Sum=2567.50Mbps, Min=31.7169Mbps, Time=6.056s
Iter  40/50: Sum=2567.50Mbps, Min=31.7169Mbps, Time=6.252s
Iter  50/50: Sum=2567.50Mbps, Min=31.7169Mbps, Time=6.181s

[4/5] 整理最终结果...

[5/5] 优化完成!
================================================================================
🎉 NewSSA优化完成!
📊 最终总速率: 2567.50 Mbps
🎯 最终最小速率: 31.7169 Mbps
📈 平均速率: 43.1493 Mbps
⏱️  优化时间: 307.09 秒
================================================================================

✓ NewSSA (OBL + Sine-Cosine) Complete
   Final Min Rate: 31.7169 Mbps
   Final Sum Rate: 2567.50 Mbps
   Time: 310.22 s

✓ 随机种子 54 完成（用时 11.2 分钟）
  VF:     36.73 Mbps
  GA:     34.57 Mbps
  PSO:    34.29 Mbps
  NewSSA: 31.72 Mbps
✓ 结果已保存到: result/batch2_partial_11.json

==========================================================================================
                                     多随机种子聚合结果 (批次2)                                      
==========================================================================================

算法              最小速率 (Mbps)               总速率 (Mbps)                时间 (秒)              
                平均 ± 标准差                  平均 ± 标准差                  平均 ± 标准差            
------------------------------------------------------------------------------------------
VF               36.19 ± 1.68           2625.7 ±  87.8             5.2 ±  0.6
GA               31.02 ± 2.17           2562.0 ±  48.4           159.0 ± 16.9
PSO              33.39 ± 1.78           2634.7 ±  47.5           452.5 ± 567.1
NewSSA           30.56 ± 2.89           2505.3 ±  99.9          1077.5 ± 1628.1
------------------------------------------------------------------------------------------

初始状态: 29.99 ± 2.34 Mbps

==========================================================================================
                                      最小速率排名（基于平均值）                                       
==========================================================================================
🥇 1. VF          :  36.19 ± 1.68 Mbps (+20.68%)
🥈 2. PSO         :  33.39 ± 1.78 Mbps (+11.32%)
🥉 3. GA          :  31.02 ± 2.17 Mbps ( +3.43%)
   4. NewSSA      :  30.56 ± 2.89 Mbps ( +1.89%)
==========================================================================================
✓ 结果已保存到: result/batch2_final.json

✅ 所有实验完成！
   总运行时间: 310.7 分钟
   成功运行: 11/11 轮
   结果保存在: result/ 文件夹
