
====================================================================================================
                                       6 UAVs, L=2 - 四算法对比实验                                        
====================================================================================================

📊 实验配置:
   • 随机种子: [71, 75, 76]
   • UAV数量: 6
   • AP选择: L=2 (20.0% 利用率)
   • 算法: VF, GA, PSO, NewSSA
   • 信道实现: 50
   • 总评估次数: 1500

⏱️  预计时间: ~45 分钟

====================================================================================================
                                         6 UAVs, L=2, 种子71                                          
====================================================================================================
配置: 6 UAVs + 4 Ground APs = 10 总AP
AP选择: L=2 (20.0% 利用率)

[1/4] 生成场景...
[2/4] 创建配置...
[3/4] 计算初始性能...
  初始 Min Rate: 13.9297 Mbps
  初始 Sum Rate: 2171.08 Mbps

[4/4] 运行优化器...

  运行 BVF...
开始平衡虚拟力优化（V3正确优化版）...
Iter 0: Sum=2188.87Mbps, Min=13.6664Mbps, BestMin=13.6664Mbps (Iter0), Time=0.238s
Iter 10: Sum=2220.07Mbps, Min=21.2400Mbps, BestMin=21.2400Mbps (Iter10), Time=0.146s
Iter 20: Sum=2179.32Mbps, Min=16.8575Mbps, BestMin=21.2400Mbps (Iter10), Time=0.142s
Iter 30: Sum=2123.14Mbps, Min=16.1337Mbps, BestMin=21.2400Mbps (Iter10), Time=0.145s

🔄 智能重启 #1 (Iter 35)
Iter 40: Sum=2210.68Mbps, Min=14.7340Mbps, BestMin=21.2400Mbps (Iter10), Time=0.148s

🎉 平衡虚拟力优化完成（V3版 - 历代最优记忆）!
✨ 最佳性能出现在第 10 次迭代
📊 历代最优总速率: 2220.07 Mbps
🎯 历代最优最小速率: 21.2400 Mbps
📈 速率标准差: 9.2707 Mbps
⏱️  优化时间: 7.78 秒
⚡ 平均每次迭代: 0.156 秒
🔄 重启次数: 1
    Min Rate: 21.2400 Mbps (+52.48%)
    Sum Rate: 2220.07 Mbps
    时间: 7.8s

  运行 GA...
离散网格生成完成: 9x9 = 81个候选点
开始离散遗传算法优化（网格: 9x9）...
Gen 0: Fitness=2.8707, Sum=2093.22Mbps, Min=16.6774Mbps, Time=4.708s
Gen 10: Fitness=3.1202, Sum=2186.39Mbps, Min=21.4551Mbps, Time=4.501s
Gen 20: Fitness=3.2306, Sum=2170.60Mbps, Min=23.8184Mbps, Time=4.796s
Gen 30: Fitness=3.2306, Sum=2185.18Mbps, Min=21.3878Mbps, Time=5.055s
Gen 40: Fitness=3.2306, Sum=2197.11Mbps, Min=23.3167Mbps, Time=4.469s

🎉 离散遗传算法优化完成!
✨ 最佳性能出现在第 42 代
📊 最终总速率: 2191.20 Mbps
🎯 最终最小速率: 23.4417 Mbps
📈 速率标准差: 6.3270 Mbps
⏱️  优化时间: 235.26 秒
⚡ 平均每代: 4.705 秒
🎲 使用网格点: [21, 27, 33, 44, 75, 76]
    Min Rate: 23.4417 Mbps (+68.29%)
    Sum Rate: 2191.20 Mbps
    时间: 235.4s

  运行 PSO...
✅ 分布式PSO优化器初始化完成
   - 粒子数量: 30
   - 最大迭代次数: 50
   - PSO参数: w=0.729, c1=1.49445, c2=1.49445

================================================================================
                            分布式PSO优化算法 (Algorithm 2)                            
================================================================================

[Step 1] 初始化粒子群...
   ✓ 粒子群初始化完成
   ✓ 初始全局最佳适应度: 244.2574

[开始迭代] 最大迭代次数: 50
--------------------------------------------------------------------------------
Iter   0 | Fitness: 245.4033 | Min Rate: 19.4897 Mbps | Sum Rate:  2250.33 Mbps | Mean Rate: 37.5056 Mbps
Iter  10 | Fitness: 248.1213 | Min Rate: 16.8050 Mbps | Sum Rate:  2311.11 Mbps | Mean Rate: 38.5185 Mbps
Iter  20 | Fitness: 254.6921 | Min Rate: 17.2769 Mbps | Sum Rate:  2289.37 Mbps | Mean Rate: 38.1562 Mbps
Iter  30 | Fitness: 255.6637 | Min Rate: 16.9370 Mbps | Sum Rate:  2310.60 Mbps | Mean Rate: 38.5099 Mbps
Iter  40 | Fitness: 255.6637 | Min Rate: 16.6956 Mbps | Sum Rate:  2300.82 Mbps | Mean Rate: 38.3470 Mbps
Iter  49 | Fitness: 255.6637 | Min Rate: 17.0388 Mbps | Sum Rate:  2309.96 Mbps | Mean Rate: 38.4994 Mbps

================================================================================
                                      优化完成                                      
================================================================================

📊 最终性能指标:
   - 总速率 (Sum Rate):      2302.66 Mbps
   - 最小速率 (Min Rate):    16.3390 Mbps
   - 平均速率 (Mean Rate):   38.3777 Mbps
   - 速率标准差 (Std):        9.1458 Mbps
   - 最佳适应度 (Fitness):  255.6637

📈 性能提升:
   - 总速率提升:   +2.33%
   - 最小速率提升: -16.17%

⏱️  计算时间:
   - 总优化时间: 278.70 秒
   - 平均每代:   5.574 秒
    Min Rate: 16.3390 Mbps (+17.30%)
    Sum Rate: 2302.66 Mbps
    时间: 278.9s

  运行 NewSSA...
================================================================================
开始NewSSA优化（论文算法）...
  • 改进1: OBL策略 + 折射原理（公式18）
  • 改进2: 正弦-余弦搜索（公式20）
  • 改进3: 自适应参数r1和w（公式21-22）
  • 麻雀数量: 30
  • 最大迭代: 50
  • 生产者: 20%, 警戒者: 15%
================================================================================

[1/5] OBL策略 + 折射原理初始化...
[2/5] 计算初始适应度...
  ✓ 初始最优适应度: 21.0938 Mbps

[3/5] 开始迭代优化（50次）...
--------------------------------------------------------------------------------
Iter  10/50: Sum=2197.67Mbps, Min=23.1719Mbps, Time=7.351s
Iter  20/50: Sum=2197.67Mbps, Min=23.1719Mbps, Time=7.109s
Iter  30/50: Sum=2197.67Mbps, Min=23.1719Mbps, Time=7.279s
Iter  40/50: Sum=2197.67Mbps, Min=23.1719Mbps, Time=7.066s
Iter  50/50: Sum=2197.67Mbps, Min=23.1719Mbps, Time=6.239s

[4/5] 整理最终结果...

[5/5] 优化完成!
================================================================================
🎉 NewSSA优化完成!
📊 最终总速率: 2197.67 Mbps
🎯 最终最小速率: 23.1719 Mbps
📈 平均速率: 36.4165 Mbps
⏱️  优化时间: 362.65 秒
================================================================================
    Min Rate: 23.1719 Mbps (+66.35%)
    Sum Rate: 2197.67 Mbps
    时间: 367.0s

✓ 结果已保存到: result/L2_6uav_seed71.json

====================================================================================================
                                         6 UAVs, L=2, 种子75                                          
====================================================================================================
配置: 6 UAVs + 4 Ground APs = 10 总AP
AP选择: L=2 (20.0% 利用率)

[1/4] 生成场景...
[2/4] 创建配置...
[3/4] 计算初始性能...
  初始 Min Rate: 13.1088 Mbps
  初始 Sum Rate: 1967.80 Mbps

[4/4] 运行优化器...

  运行 BVF...
开始平衡虚拟力优化（V3正确优化版）...
Iter 0: Sum=1936.35Mbps, Min=12.8990Mbps, BestMin=12.8990Mbps (Iter0), Time=0.104s
Iter 10: Sum=2025.72Mbps, Min=18.8692Mbps, BestMin=20.7162Mbps (Iter9), Time=0.107s
Iter 20: Sum=2056.93Mbps, Min=17.8402Mbps, BestMin=21.6596Mbps (Iter18), Time=0.108s
Iter 30: Sum=2127.19Mbps, Min=22.8858Mbps, BestMin=23.4597Mbps (Iter24), Time=0.105s
Iter 40: Sum=2094.93Mbps, Min=24.1911Mbps, BestMin=25.5565Mbps (Iter32), Time=0.104s

🎉 平衡虚拟力优化完成（V3版 - 历代最优记忆）!
✨ 最佳性能出现在第 32 次迭代
📊 历代最优总速率: 2132.90 Mbps
🎯 历代最优最小速率: 25.5565 Mbps
📈 速率标准差: 6.8965 Mbps
⏱️  优化时间: 5.34 秒
⚡ 平均每次迭代: 0.107 秒
🔄 重启次数: 0
    Min Rate: 25.5565 Mbps (+94.96%)
    Sum Rate: 2132.90 Mbps
    时间: 5.3s

  运行 GA...
离散网格生成完成: 9x9 = 81个候选点
开始离散遗传算法优化（网格: 9x9）...
Gen 0: Fitness=2.7070, Sum=1926.50Mbps, Min=16.7269Mbps, Time=3.225s
Gen 10: Fitness=3.1127, Sum=2002.40Mbps, Min=19.4688Mbps, Time=3.280s
Gen 20: Fitness=3.1715, Sum=2070.38Mbps, Min=20.1313Mbps, Time=3.321s
Gen 30: Fitness=3.1962, Sum=2054.65Mbps, Min=23.9232Mbps, Time=3.362s
Gen 40: Fitness=3.1962, Sum=2083.93Mbps, Min=21.7618Mbps, Time=3.382s

🎉 离散遗传算法优化完成!
✨ 最佳性能出现在第 22 代
📊 最终总速率: 2066.31 Mbps
🎯 最终最小速率: 22.9385 Mbps
📈 速率标准差: 7.5081 Mbps
⏱️  优化时间: 166.24 秒
⚡ 平均每代: 3.325 秒
🎲 使用网格点: [13, 18, 41, 66, 69, 74]
    Min Rate: 22.9385 Mbps (+74.99%)
    Sum Rate: 2066.31 Mbps
    时间: 166.3s

  运行 PSO...
✅ 分布式PSO优化器初始化完成
   - 粒子数量: 30
   - 最大迭代次数: 50
   - PSO参数: w=0.729, c1=1.49445, c2=1.49445

================================================================================
                            分布式PSO优化算法 (Algorithm 2)                            
================================================================================

[Step 1] 初始化粒子群...
   ✓ 粒子群初始化完成
   ✓ 初始全局最佳适应度: 221.6370

[开始迭代] 最大迭代次数: 50
--------------------------------------------------------------------------------
Iter   0 | Fitness: 225.6208 | Min Rate: 16.3085 Mbps | Sum Rate:  2086.14 Mbps | Mean Rate: 34.7691 Mbps
Iter  10 | Fitness: 231.6468 | Min Rate: 20.4838 Mbps | Sum Rate:  2114.22 Mbps | Mean Rate: 35.2370 Mbps
Iter  20 | Fitness: 233.3398 | Min Rate: 21.7854 Mbps | Sum Rate:  2131.35 Mbps | Mean Rate: 35.5225 Mbps
Iter  30 | Fitness: 237.9286 | Min Rate: 20.1956 Mbps | Sum Rate:  2113.68 Mbps | Mean Rate: 35.2280 Mbps
Iter  40 | Fitness: 237.9286 | Min Rate: 20.6653 Mbps | Sum Rate:  2107.29 Mbps | Mean Rate: 35.1215 Mbps
Iter  49 | Fitness: 237.9286 | Min Rate: 21.1786 Mbps | Sum Rate:  2112.65 Mbps | Mean Rate: 35.2108 Mbps

================================================================================
                                      优化完成                                      
================================================================================

📊 最终性能指标:
   - 总速率 (Sum Rate):      2093.18 Mbps
   - 最小速率 (Min Rate):    20.8192 Mbps
   - 平均速率 (Mean Rate):   34.8863 Mbps
   - 速率标准差 (Std):        8.8991 Mbps
   - 最佳适应度 (Fitness):  237.9286

📈 性能提升:
   - 总速率提升:   +0.34%
   - 最小速率提升: +27.66%

⏱️  计算时间:
   - 总优化时间: 213.81 秒
   - 平均每代:   4.276 秒
    Min Rate: 20.8192 Mbps (+58.82%)
    Sum Rate: 2093.18 Mbps
    时间: 213.9s

  运行 NewSSA...
================================================================================
开始NewSSA优化（论文算法）...
  • 改进1: OBL策略 + 折射原理（公式18）
  • 改进2: 正弦-余弦搜索（公式20）
  • 改进3: 自适应参数r1和w（公式21-22）
  • 麻雀数量: 30
  • 最大迭代: 50
  • 生产者: 20%, 警戒者: 15%
================================================================================

[1/5] OBL策略 + 折射原理初始化...
[2/5] 计算初始适应度...
  ✓ 初始最优适应度: 17.5751 Mbps

[3/5] 开始迭代优化（50次）...
--------------------------------------------------------------------------------
Iter  10/50: Sum=2028.32Mbps, Min=20.8404Mbps, Time=6.868s
Iter  20/50: Sum=2025.89Mbps, Min=21.0146Mbps, Time=7.074s
Iter  30/50: Sum=2015.13Mbps, Min=22.0532Mbps, Time=7.277s
Iter  40/50: Sum=2015.13Mbps, Min=22.0532Mbps, Time=6.663s
Iter  50/50: Sum=2015.13Mbps, Min=22.0532Mbps, Time=6.570s

[4/5] 整理最终结果...

[5/5] 优化完成!
================================================================================
🎉 NewSSA优化完成!
📊 最终总速率: 2015.13 Mbps
🎯 最终最小速率: 22.0532 Mbps
📈 平均速率: 34.0451 Mbps
⏱️  优化时间: 343.35 秒
================================================================================
    Min Rate: 22.0532 Mbps (+68.23%)
    Sum Rate: 2015.13 Mbps
    时间: 346.7s

✓ 结果已保存到: result/L2_6uav_seed75.json

====================================================================================================
                                         6 UAVs, L=2, 种子76                                          
====================================================================================================
配置: 6 UAVs + 4 Ground APs = 10 总AP
AP选择: L=2 (20.0% 利用率)

[1/4] 生成场景...
[2/4] 创建配置...
[3/4] 计算初始性能...
  初始 Min Rate: 12.7785 Mbps
  初始 Sum Rate: 2071.89 Mbps

[4/4] 运行优化器...

  运行 BVF...
开始平衡虚拟力优化（V3正确优化版）...
Iter 0: Sum=2084.59Mbps, Min=11.4618Mbps, BestMin=11.4618Mbps (Iter0), Time=0.110s
Iter 10: Sum=2047.79Mbps, Min=15.5232Mbps, BestMin=18.8713Mbps (Iter5), Time=0.112s
Iter 20: Sum=2103.89Mbps, Min=17.4559Mbps, BestMin=18.8713Mbps (Iter5), Time=0.110s
Iter 30: Sum=2049.34Mbps, Min=17.5970Mbps, BestMin=18.8713Mbps (Iter5), Time=0.110s

🔄 智能重启 #1 (Iter 31)
Iter 40: Sum=1998.07Mbps, Min=15.0106Mbps, BestMin=18.8713Mbps (Iter5), Time=0.110s

🎉 平衡虚拟力优化完成（V3版 - 历代最优记忆）!
✨ 最佳性能出现在第 5 次迭代
📊 历代最优总速率: 2198.95 Mbps
🎯 历代最优最小速率: 18.8713 Mbps
📈 速率标准差: 10.3894 Mbps
⏱️  优化时间: 5.61 秒
⚡ 平均每次迭代: 0.112 秒
🔄 重启次数: 1
    Min Rate: 18.8713 Mbps (+47.68%)
    Sum Rate: 2198.95 Mbps
    时间: 5.6s

  运行 GA...
离散网格生成完成: 9x9 = 81个候选点
开始离散遗传算法优化（网格: 9x9）...
Gen 0: Fitness=2.6668, Sum=1881.66Mbps, Min=12.6575Mbps, Time=3.475s
Gen 10: Fitness=3.1565, Sum=2233.78Mbps, Min=23.2060Mbps, Time=3.427s
Gen 20: Fitness=3.2419, Sum=2251.18Mbps, Min=23.0316Mbps, Time=2.768s
Gen 30: Fitness=3.2419, Sum=2220.55Mbps, Min=23.8763Mbps, Time=2.808s
Gen 40: Fitness=3.2912, Sum=2289.17Mbps, Min=25.0120Mbps, Time=2.822s

🎉 离散遗传算法优化完成!
✨ 最佳性能出现在第 44 代
📊 最终总速率: 2253.10 Mbps
🎯 最终最小速率: 23.9154 Mbps
📈 速率标准差: 6.6977 Mbps
⏱️  优化时间: 151.78 秒
⚡ 平均每代: 3.036 秒
🎲 使用网格点: [2, 13, 35, 45, 59, 79]
    Min Rate: 23.9154 Mbps (+87.15%)
    Sum Rate: 2253.10 Mbps
    时间: 151.9s

  运行 PSO...
✅ 分布式PSO优化器初始化完成
   - 粒子数量: 30
   - 最大迭代次数: 50
   - PSO参数: w=0.729, c1=1.49445, c2=1.49445

================================================================================
                            分布式PSO优化算法 (Algorithm 2)                            
================================================================================

[Step 1] 初始化粒子群...
   ✓ 粒子群初始化完成
   ✓ 初始全局最佳适应度: 235.5780

[开始迭代] 最大迭代次数: 50
--------------------------------------------------------------------------------
Iter   0 | Fitness: 235.5780 | Min Rate: 14.7513 Mbps | Sum Rate:  2179.08 Mbps | Mean Rate: 36.3179 Mbps
Iter  10 | Fitness: 240.2125 | Min Rate: 16.6669 Mbps | Sum Rate:  2216.36 Mbps | Mean Rate: 36.9394 Mbps
Iter  20 | Fitness: 240.5778 | Min Rate: 14.2098 Mbps | Sum Rate:  2256.60 Mbps | Mean Rate: 37.6100 Mbps
Iter  30 | Fitness: 241.4998 | Min Rate: 12.7068 Mbps | Sum Rate:  2197.83 Mbps | Mean Rate: 36.6306 Mbps
Iter  40 | Fitness: 247.2554 | Min Rate: 19.1695 Mbps | Sum Rate:  2273.89 Mbps | Mean Rate: 37.8981 Mbps
Iter  49 | Fitness: 259.1695 | Min Rate: 23.2893 Mbps | Sum Rate:  2327.45 Mbps | Mean Rate: 38.7908 Mbps

================================================================================
                                      优化完成                                      
================================================================================

📊 最终性能指标:
   - 总速率 (Sum Rate):      2306.62 Mbps
   - 最小速率 (Min Rate):    22.9861 Mbps
   - 平均速率 (Mean Rate):   38.4437 Mbps
   - 速率标准差 (Std):        7.5843 Mbps
   - 最佳适应度 (Fitness):  259.1695

📈 性能提升:
   - 总速率提升:   +5.85%
   - 最小速率提升: +55.82%

⏱️  计算时间:
   - 总优化时间: 160.72 秒
   - 平均每代:   3.214 秒
    Min Rate: 22.9861 Mbps (+79.88%)
    Sum Rate: 2306.62 Mbps
    时间: 160.8s

  运行 NewSSA...
================================================================================
开始NewSSA优化（论文算法）...
  • 改进1: OBL策略 + 折射原理（公式18）
  • 改进2: 正弦-余弦搜索（公式20）
  • 改进3: 自适应参数r1和w（公式21-22）
  • 麻雀数量: 30
  • 最大迭代: 50
  • 生产者: 20%, 警戒者: 15%
================================================================================

[1/5] OBL策略 + 折射原理初始化...
[2/5] 计算初始适应度...
  ✓ 初始最优适应度: 16.9464 Mbps

[3/5] 开始迭代优化（50次）...
--------------------------------------------------------------------------------
Iter  10/50: Sum=2168.79Mbps, Min=22.5013Mbps, Time=4.309s
Iter  20/50: Sum=2150.90Mbps, Min=22.8049Mbps, Time=4.217s
Iter  30/50: Sum=2215.42Mbps, Min=22.9489Mbps, Time=4.360s
Iter  40/50: Sum=2215.42Mbps, Min=22.9489Mbps, Time=4.313s
Iter  50/50: Sum=2215.42Mbps, Min=22.9489Mbps, Time=4.984s

[4/5] 整理最终结果...

[5/5] 优化完成!
================================================================================
🎉 NewSSA优化完成!
📊 最终总速率: 2215.42 Mbps
🎯 最终最小速率: 22.9489 Mbps
📈 平均速率: 36.8333 Mbps
⏱️  优化时间: 3148.76 秒
================================================================================
    Min Rate: 22.9489 Mbps (+79.59%)
    Sum Rate: 2215.42 Mbps
    时间: 3151.0s

✓ 结果已保存到: result/L2_6uav_seed76.json


====================================================================================================
                                         6 UAVs, L=2 - 性能总结                                         
====================================================================================================

种子       初始Min        VF           GA           PSO          NewSSA      
----------------------------------------------------------------------------------------------------
71       13.93        21.24        23.44        16.34        23.17       
75       13.11        25.56        22.94        20.82        22.05       
76       12.78        18.87        23.92        22.99        22.95       
----------------------------------------------------------------------------------------------------
平均       13.27        21.89        23.43        20.05        22.72       

平均提升 (vs 初始):
  VF        : +64.92%
  GA        : +76.55%
  PSO       : +51.05%
  NewSSA    : +71.22%

====================================================================================================

✓ 综合结果已保存到: result/L2_6uav_all_results.json

✅ 所有实验完成！总时间: 84.9 分钟
====================================================================================================
