
==========================================================================================
                            四算法对比 - 原始Fitness - 6 UAVs - 种子51                             
==========================================================================================

📊 实验配置:
   • 随机种子: 51
   • UAV数量: 6
   • Fitness: 原始版本（仅min_rate优化）
   • 信道实现: 50
   • 总评估次数: 1500

[1/3] 生成中立场景...
[Neutral Initialization]
  ✓ UE positions: 60 users randomly distributed
  ✓ Ground APs: 4 APs uniformly distributed (2x2 grid)
  ✓ UAVs: 9 UAVs in 3x3 grid
  ✓ Random seed: 51
[2/3] 创建配置...
  初始 Min Rate: 15.7165 Mbps

[3/3] 运行优化器...

  运行 BVF...
开始平衡虚拟力优化（V3正确优化版）...
Iter 0: Sum=2208.36Mbps, Min=17.4284Mbps, BestMin=17.4284Mbps (Iter0), Time=0.095s
Iter 10: Sum=2290.08Mbps, Min=26.2420Mbps, BestMin=26.2420Mbps (Iter10), Time=0.091s
Iter 20: Sum=2286.67Mbps, Min=25.1388Mbps, BestMin=26.3527Mbps (Iter14), Time=0.110s
Iter 30: Sum=2261.12Mbps, Min=23.8563Mbps, BestMin=27.5948Mbps (Iter29), Time=0.098s
Iter 40: Sum=2230.62Mbps, Min=25.7904Mbps, BestMin=27.6069Mbps (Iter35), Time=0.101s

🎉 平衡虚拟力优化完成（V3版 - 历代最优记忆）!
✨ 最佳性能出现在第 41 次迭代
📊 历代最优总速率: 2279.26 Mbps
🎯 历代最优最小速率: 27.6123 Mbps
📈 速率标准差: 6.5676 Mbps
⏱️  优化时间: 5.15 秒
⚡ 平均每次迭代: 0.103 秒
🔄 重启次数: 0
    Min Rate: 27.6123 Mbps (5.1s)

  运行 GA...
离散网格生成完成: 9x9 = 81个候选点
开始离散遗传算法优化（网格: 9x9）...
Gen 0: Fitness=2.9882, Sum=2054.14Mbps, Min=18.0958Mbps, Time=3.307s
Gen 10: Fitness=3.2425, Sum=2196.56Mbps, Min=25.2678Mbps, Time=3.833s
Gen 20: Fitness=3.2425, Sum=2207.00Mbps, Min=23.7046Mbps, Time=4.544s
Gen 30: Fitness=3.2428, Sum=2192.68Mbps, Min=25.8406Mbps, Time=4.743s
Gen 40: Fitness=3.2894, Sum=2218.78Mbps, Min=25.9666Mbps, Time=4.712s

🎉 离散遗传算法优化完成!
✨ 最佳性能出现在第 41 代
📊 最终总速率: 2202.92 Mbps
🎯 最终最小速率: 25.2469 Mbps
📈 速率标准差: 7.0310 Mbps
⏱️  优化时间: 217.04 秒
⚡ 平均每代: 4.341 秒
🎲 使用网格点: [3, 7, 19, 49, 51, 55]
    Min Rate: 25.2469 Mbps (217.2s)

  运行 PSO...
✅ 分布式PSO优化器初始化完成
   - 粒子数量: 30
   - 最大迭代次数: 50
   - PSO参数: w=0.729, c1=1.49445, c2=1.49445

================================================================================
                            分布式PSO优化算法 (Algorithm 2)                            
================================================================================

[Step 1] 初始化粒子群...
   ✓ 粒子群初始化完成
   ✓ 初始全局最佳适应度: 42.9103

[开始迭代] 最大迭代次数: 50
--------------------------------------------------------------------------------
Iter   0 | Fitness:  43.1816 | Min Rate: 22.9255 Mbps | Sum Rate:  2153.52 Mbps | Mean Rate: 35.8920 Mbps
Iter  10 | Fitness:  46.2128 | Min Rate: 21.9766 Mbps | Sum Rate:  2226.07 Mbps | Mean Rate: 37.1011 Mbps
Iter  20 | Fitness:  47.8660 | Min Rate: 23.6372 Mbps | Sum Rate:  2215.57 Mbps | Mean Rate: 36.9261 Mbps
Iter  30 | Fitness:  48.8951 | Min Rate: 25.6469 Mbps | Sum Rate:  2232.30 Mbps | Mean Rate: 37.2051 Mbps
Iter  40 | Fitness:  49.1841 | Min Rate: 22.5193 Mbps | Sum Rate:  2200.29 Mbps | Mean Rate: 36.6716 Mbps
Iter  49 | Fitness:  49.2076 | Min Rate: 23.0169 Mbps | Sum Rate:  2221.85 Mbps | Mean Rate: 37.0309 Mbps

================================================================================
                                      优化完成                                      
================================================================================

📊 最终性能指标:
   - 总速率 (Sum Rate):      2229.70 Mbps
   - 最小速率 (Min Rate):    24.8067 Mbps
   - 平均速率 (Mean Rate):   37.1617 Mbps
   - 速率标准差 (Std):        6.7915 Mbps
   - 最佳适应度 (Fitness):   49.2076

📈 性能提升:
   - 总速率提升:   +3.54%
   - 最小速率提升: +8.21%

⏱️  计算时间:
   - 总优化时间: 290.03 秒
   - 平均每代:   5.801 秒
    Min Rate: 24.8067 Mbps (290.2s)

  运行 NewSSA...
================================================================================
开始NewSSA优化（论文算法）...
  • 改进1: OBL策略 + 折射原理（公式18）
  • 改进2: 正弦-余弦搜索（公式20）
  • 改进3: 自适应参数r1和w（公式21-22）
  • 麻雀数量: 30
  • 最大迭代: 50
  • 生产者: 20%, 警戒者: 15%
================================================================================

[1/5] OBL策略 + 折射原理初始化...
[2/5] 计算初始适应度...
  ✓ 初始最优适应度: 21.8694 Mbps

[3/5] 开始迭代优化（50次）...
--------------------------------------------------------------------------------
Iter  10/50: Sum=2229.96Mbps, Min=23.7966Mbps, Time=8.990s
Iter  20/50: Sum=2078.77Mbps, Min=24.3847Mbps, Time=9.194s
Iter  30/50: Sum=2049.46Mbps, Min=24.4164Mbps, Time=8.014s
Iter  40/50: Sum=2049.46Mbps, Min=24.4164Mbps, Time=7.953s
Iter  50/50: Sum=2049.46Mbps, Min=24.4164Mbps, Time=7.767s

[4/5] 整理最终结果...

[5/5] 优化完成!
================================================================================
🎉 NewSSA优化完成!
📊 最终总速率: 2049.46 Mbps
🎯 最终最小速率: 24.4164 Mbps
📈 平均速率: 34.4024 Mbps
⏱️  优化时间: 423.69 秒
================================================================================
    Min Rate: 24.4164 Mbps (428.3s)

✓ 结果已保存到: result/original_6uav_seed51.json

✅ 实验完成！总时间: 15.7 分钟

==========================================================================================
                                           结果总结                                           
==========================================================================================
  initial   :  15.72 Mbps ( +0.00%)
  VF        :  27.61 Mbps (+75.69%)
  GA        :  25.25 Mbps (+60.64%)
  PSO       :  24.81 Mbps (+57.84%)
  NewSSA    :  24.42 Mbps (+55.36%)
