
==========================================================================================
                            四算法对比 - 原始Fitness - 12 UAVs - 种子51                            
==========================================================================================

📊 实验配置:
   • 随机种子: 51
   • UAV数量: 12
   • Fitness: 原始版本（仅min_rate优化）
   • 信道实现: 50
   • 总评估次数: 1500

[1/3] 生成中立场景...
[Neutral Initialization]
  ✓ UE positions: 60 users randomly distributed
  ✓ Ground APs: 4 APs uniformly distributed (2x2 grid)
  ✓ UAVs: 9 UAVs in 3x3 grid
  ✓ Random seed: 51
[2/3] 创建配置...
  初始 Min Rate: 34.9352 Mbps

[3/3] 运行优化器...

  运行 BVF...
开始平衡虚拟力优化（V3正确优化版）...
Iter 0: Sum=2952.63Mbps, Min=35.8904Mbps, BestMin=35.8904Mbps (Iter0), Time=0.158s
Iter 10: Sum=2989.97Mbps, Min=39.1067Mbps, BestMin=40.6985Mbps (Iter9), Time=0.148s
Iter 20: Sum=3048.65Mbps, Min=40.1472Mbps, BestMin=42.1125Mbps (Iter12), Time=0.150s
Iter 30: Sum=3049.09Mbps, Min=41.4365Mbps, BestMin=42.1125Mbps (Iter12), Time=0.158s
Iter 40: Sum=3067.68Mbps, Min=42.0435Mbps, BestMin=42.2832Mbps (Iter34), Time=0.164s

🎉 平衡虚拟力优化完成（V3版 - 历代最优记忆）!
✨ 最佳性能出现在第 34 次迭代
📊 历代最优总速率: 3060.22 Mbps
🎯 历代最优最小速率: 42.2832 Mbps
📈 速率标准差: 4.4214 Mbps
⏱️  优化时间: 8.03 秒
⚡ 平均每次迭代: 0.161 秒
🔄 重启次数: 0
    Min Rate: 42.2832 Mbps (8.0s)

  运行 GA...
离散网格生成完成: 9x9 = 81个候选点
开始离散遗传算法优化（网格: 9x9）...
Gen 0: Fitness=3.6061, Sum=2948.79Mbps, Min=34.0954Mbps, Time=5.248s
Gen 10: Fitness=3.6394, Sum=2997.87Mbps, Min=35.3435Mbps, Time=6.696s
Gen 20: Fitness=3.6891, Sum=2939.75Mbps, Min=37.8565Mbps, Time=7.387s
Gen 30: Fitness=3.7070, Sum=2939.01Mbps, Min=37.1010Mbps, Time=7.273s
Gen 40: Fitness=3.7070, Sum=2922.17Mbps, Min=37.7445Mbps, Time=6.808s

🎉 离散遗传算法优化完成!
✨ 最佳性能出现在第 27 代
📊 最终总速率: 2969.00 Mbps
🎯 最终最小速率: 37.1555 Mbps
📈 速率标准差: 5.1548 Mbps
⏱️  优化时间: 336.37 秒
⚡ 平均每代: 6.727 秒
🎲 使用网格点: [0, 3, 8, 23, 27, 30, 34, 49, 55, 58, 63, 68]
    Min Rate: 37.1555 Mbps (336.6s)

  运行 PSO...
✅ 分布式PSO优化器初始化完成
   - 粒子数量: 30
   - 最大迭代次数: 50
   - PSO参数: w=0.729, c1=1.49445, c2=1.49445

================================================================================
                            分布式PSO优化算法 (Algorithm 2)                            
================================================================================

[Step 1] 初始化粒子群...
   ✓ 粒子群初始化完成
   ✓ 初始全局最佳适应度: 65.3255

[开始迭代] 最大迭代次数: 50
--------------------------------------------------------------------------------
Iter   0 | Fitness:  66.5977 | Min Rate: 35.8678 Mbps | Sum Rate:  2974.72 Mbps | Mean Rate: 49.5787 Mbps
Iter  10 | Fitness:  66.5977 | Min Rate: 34.7577 Mbps | Sum Rate:  2961.25 Mbps | Mean Rate: 49.3542 Mbps
Iter  20 | Fitness:  71.8591 | Min Rate: 39.6556 Mbps | Sum Rate:  3012.22 Mbps | Mean Rate: 50.2037 Mbps
Iter  30 | Fitness:  71.8591 | Min Rate: 40.7064 Mbps | Sum Rate:  3023.79 Mbps | Mean Rate: 50.3964 Mbps
Iter  40 | Fitness:  72.0604 | Min Rate: 39.4150 Mbps | Sum Rate:  2994.53 Mbps | Mean Rate: 49.9088 Mbps
Iter  49 | Fitness:  72.8136 | Min Rate: 40.2676 Mbps | Sum Rate:  2985.73 Mbps | Mean Rate: 49.7621 Mbps

================================================================================
                                      优化完成                                      
================================================================================

📊 最终性能指标:
   - 总速率 (Sum Rate):      2985.16 Mbps
   - 最小速率 (Min Rate):    39.4207 Mbps
   - 平均速率 (Mean Rate):   49.7527 Mbps
   - 速率标准差 (Std):        5.8504 Mbps
   - 最佳适应度 (Fitness):   72.8136

📈 性能提升:
   - 总速率提升:   +0.35%
   - 最小速率提升: +9.91%

⏱️  计算时间:
   - 总优化时间: 447.71 秒
   - 平均每代:   8.954 秒
    Min Rate: 39.4207 Mbps (448.0s)

  运行 NewSSA...
================================================================================
开始NewSSA优化（论文算法）...
  • 改进1: OBL策略 + 折射原理（公式18）
  • 改进2: 正弦-余弦搜索（公式20）
  • 改进3: 自适应参数r1和w（公式21-22）
  • 麻雀数量: 30
  • 最大迭代: 50
  • 生产者: 20%, 警戒者: 15%
================================================================================

[1/5] OBL策略 + 折射原理初始化...
[2/5] 计算初始适应度...
  ✓ 初始最优适应度: 32.9005 Mbps

[3/5] 开始迭代优化（50次）...
--------------------------------------------------------------------------------
Iter  10/50: Sum=2922.92Mbps, Min=36.2731Mbps, Time=12.163s
Iter  20/50: Sum=2922.92Mbps, Min=36.2731Mbps, Time=7.597s
Iter  30/50: Sum=2922.92Mbps, Min=36.2731Mbps, Time=7.604s
Iter  40/50: Sum=2922.92Mbps, Min=36.2731Mbps, Time=7.705s
Iter  50/50: Sum=2922.92Mbps, Min=36.2731Mbps, Time=7.762s

[4/5] 整理最终结果...

[5/5] 优化完成!
================================================================================
🎉 NewSSA优化完成!
📊 最终总速率: 2922.92 Mbps
🎯 最终最小速率: 36.2731 Mbps
📈 平均速率: 48.5370 Mbps
⏱️  优化时间: 436.90 秒
================================================================================
    Min Rate: 36.2731 Mbps (443.2s)

✓ 结果已保存到: result/original_12uav_seed51.json

✅ 实验完成！总时间: 20.6 分钟

==========================================================================================
                                           结果总结                                           
==========================================================================================
  initial   :  34.94 Mbps ( +0.00%)
  VF        :  42.28 Mbps (+21.03%)
  GA        :  37.16 Mbps ( +6.36%)
  PSO       :  39.42 Mbps (+12.84%)
  NewSSA    :  36.27 Mbps ( +3.83%)
