/Users/haydd/.matplotlib is not a writable directory
Matplotlib created a temporary cache directory at /var/folders/r6/dcf4cdw91gq6nbp1qy0xyx4w0000gn/T/matplotlib-he1uqk4f because there was an issue with the default path (/Users/haydd/.matplotlib); it is highly recommended to set the MPLCONFIGDIR environment variable to a writable directory, in particular to speed up the import of Matplotlib and to better support multiprocessing.
Matplotlib is building the font cache; this may take a moment.

==========================================================================================
                               种子62 - 6 UAVs & 12 UAVs 配置对比                               
==========================================================================================

🚀 开始实验 1/2: 6 UAVs

==========================================================================================
                                原始Fitness - 6 UAVs - 种子62                                 
==========================================================================================

[1/3] 生成中立场景...
[Neutral Initialization]
  ✓ UE positions: 60 users randomly distributed
  ✓ Ground APs: 4 APs uniformly distributed (2x2 grid)
  ✓ UAVs: 9 UAVs in 3x3 grid
  ✓ Random seed: 62
[2/3] 创建配置...
  初始 Min Rate: 17.6143 Mbps

[3/3] 运行优化器...

  运行 BVF...
开始平衡虚拟力优化（V3正确优化版）...
Iter 0: Sum=2056.06Mbps, Min=18.2384Mbps, BestMin=18.2384Mbps (Iter0), Time=0.114s
Iter 10: Sum=2052.28Mbps, Min=24.2416Mbps, BestMin=25.6428Mbps (Iter9), Time=0.119s
Iter 20: Sum=2001.23Mbps, Min=21.5275Mbps, BestMin=25.6428Mbps (Iter9), Time=0.117s
Iter 30: Sum=2023.38Mbps, Min=24.3926Mbps, BestMin=25.7251Mbps (Iter25), Time=0.116s
Iter 40: Sum=2041.48Mbps, Min=22.8584Mbps, BestMin=25.7251Mbps (Iter25), Time=0.124s

🎉 平衡虚拟力优化完成（V3版 - 历代最优记忆）!
✨ 最佳性能出现在第 25 次迭代
📊 历代最优总速率: 2003.14 Mbps
🎯 历代最优最小速率: 25.7251 Mbps
📈 速率标准差: 5.4794 Mbps
⏱️  优化时间: 6.06 秒
⚡ 平均每次迭代: 0.121 秒
🔄 重启次数: 0
    Min Rate: 25.7251 Mbps (6.1s)

  运行 GA...
离散网格生成完成: 9x9 = 81个候选点
开始离散遗传算法优化（网格: 9x9）...
Gen 0: Fitness=3.0558, Sum=2089.75Mbps, Min=20.6306Mbps, Time=3.574s
Gen 10: Fitness=3.1781, Sum=2102.89Mbps, Min=24.3230Mbps, Time=3.640s
Gen 20: Fitness=3.2320, Sum=2161.04Mbps, Min=23.3922Mbps, Time=3.551s
Gen 30: Fitness=3.2362, Sum=2130.78Mbps, Min=23.9494Mbps, Time=4.106s
Gen 40: Fitness=3.2362, Sum=2129.51Mbps, Min=22.9110Mbps, Time=3.290s

🎉 离散遗传算法优化完成!
✨ 最佳性能出现在第 49 代
📊 最终总速率: 2144.69 Mbps
🎯 最终最小速率: 22.4114 Mbps
📈 速率标准差: 5.8267 Mbps
⏱️  优化时间: 179.01 秒
⚡ 平均每代: 3.580 秒
🎲 使用网格点: [14, 30, 35, 54, 73, 76]
    Min Rate: 22.4114 Mbps (179.1s)

  运行 PSO...
✅ 分布式PSO优化器初始化完成
   - 粒子数量: 30
   - 最大迭代次数: 50
   - PSO参数: w=0.729, c1=1.49445, c2=1.49445

================================================================================
                            分布式PSO优化算法 (Algorithm 2)                            
================================================================================

[Step 1] 初始化粒子群...
   ✓ 粒子群初始化完成
   ✓ 初始全局最佳适应度: 43.8153

[开始迭代] 最大迭代次数: 50
--------------------------------------------------------------------------------
Iter   0 | Fitness:  43.8153 | Min Rate: 20.8395 Mbps | Sum Rate:  2111.22 Mbps | Mean Rate: 35.1870 Mbps
Iter  10 | Fitness:  47.8980 | Min Rate: 25.9085 Mbps | Sum Rate:  2128.92 Mbps | Mean Rate: 35.4819 Mbps
Iter  20 | Fitness:  47.8980 | Min Rate: 24.7399 Mbps | Sum Rate:  2110.77 Mbps | Mean Rate: 35.1795 Mbps
Iter  30 | Fitness:  48.2783 | Min Rate: 25.9689 Mbps | Sum Rate:  2163.68 Mbps | Mean Rate: 36.0613 Mbps
Iter  40 | Fitness:  48.5437 | Min Rate: 24.0011 Mbps | Sum Rate:  2149.87 Mbps | Mean Rate: 35.8311 Mbps
Iter  49 | Fitness:  48.6743 | Min Rate: 24.5547 Mbps | Sum Rate:  2182.06 Mbps | Mean Rate: 36.3677 Mbps

================================================================================
                                      优化完成                                      
================================================================================

📊 最终性能指标:
   - 总速率 (Sum Rate):      2179.29 Mbps
   - 最小速率 (Min Rate):    25.4061 Mbps
   - 平均速率 (Mean Rate):   36.3215 Mbps
   - 速率标准差 (Std):        5.9586 Mbps
   - 最佳适应度 (Fitness):   48.6743

📈 性能提升:
   - 总速率提升:   +3.22%
   - 最小速率提升: +21.91%

⏱️  计算时间:
   - 总优化时间: 211.87 秒
   - 平均每代:   4.237 秒
    Min Rate: 25.4061 Mbps (212.0s)

  运行 NewSSA...
================================================================================
开始NewSSA优化（论文算法）...
  • 改进1: OBL策略 + 折射原理（公式18）
  • 改进2: 正弦-余弦搜索（公式20）
  • 改进3: 自适应参数r1和w（公式21-22）
  • 麻雀数量: 30
  • 最大迭代: 50
  • 生产者: 20%, 警戒者: 15%
================================================================================

[1/5] OBL策略 + 折射原理初始化...
[2/5] 计算初始适应度...
  ✓ 初始最优适应度: 23.0842 Mbps

[3/5] 开始迭代优化（50次）...
--------------------------------------------------------------------------------
Iter  10/50: Sum=2109.17Mbps, Min=23.7019Mbps, Time=6.315s
Iter  20/50: Sum=2112.95Mbps, Min=24.0680Mbps, Time=6.326s
Iter  30/50: Sum=2130.18Mbps, Min=24.2348Mbps, Time=6.370s
Iter  40/50: Sum=2109.43Mbps, Min=24.3018Mbps, Time=6.435s
Iter  50/50: Sum=2109.43Mbps, Min=24.3018Mbps, Time=6.544s

[4/5] 整理最终结果...

[5/5] 优化完成!
================================================================================
🎉 NewSSA优化完成!
📊 最终总速率: 2109.43 Mbps
🎯 最终最小速率: 24.3018 Mbps
📈 平均速率: 34.9001 Mbps
⏱️  优化时间: 317.68 秒
================================================================================
    Min Rate: 24.3018 Mbps (321.0s)
✓ 结果已保存到: result/original_6uav_seed62.json

==========================================================================================
                                       6 UAVs 结果总结                                        
==========================================================================================
  initial   :  17.61 Mbps ( +0.00%)
  VF        :  25.73 Mbps (+46.05%)
  GA        :  22.41 Mbps (+27.23%)
  PSO       :  25.41 Mbps (+44.24%)
  NewSSA    :  24.30 Mbps (+37.97%)

🚀 开始实验 2/2: 12 UAVs

==========================================================================================
                                原始Fitness - 12 UAVs - 种子62                                
==========================================================================================

[1/3] 生成中立场景...
[Neutral Initialization]
  ✓ UE positions: 60 users randomly distributed
  ✓ Ground APs: 4 APs uniformly distributed (2x2 grid)
  ✓ UAVs: 9 UAVs in 3x3 grid
  ✓ Random seed: 62
[2/3] 创建配置...
  初始 Min Rate: 28.7886 Mbps

[3/3] 运行优化器...

  运行 BVF...
开始平衡虚拟力优化（V3正确优化版）...
Iter 0: Sum=2884.51Mbps, Min=29.3545Mbps, BestMin=29.3545Mbps (Iter0), Time=0.168s
Iter 10: Sum=2983.04Mbps, Min=38.5359Mbps, BestMin=38.9224Mbps (Iter9), Time=0.169s
Iter 20: Sum=2974.79Mbps, Min=41.6825Mbps, BestMin=42.5619Mbps (Iter16), Time=0.169s
Iter 30: Sum=3015.76Mbps, Min=40.4913Mbps, BestMin=42.5619Mbps (Iter16), Time=0.168s
Iter 40: Sum=2969.28Mbps, Min=40.9708Mbps, BestMin=42.5619Mbps (Iter16), Time=0.165s

🔄 智能重启 #1 (Iter 41)

🎉 平衡虚拟力优化完成（V3版 - 历代最优记忆）!
✨ 最佳性能出现在第 16 次迭代
📊 历代最优总速率: 2999.43 Mbps
🎯 历代最优最小速率: 42.5619 Mbps
📈 速率标准差: 4.8738 Mbps
⏱️  优化时间: 8.63 秒
⚡ 平均每次迭代: 0.173 秒
🔄 重启次数: 1
    Min Rate: 42.5619 Mbps (8.6s)

  运行 GA...
离散网格生成完成: 9x9 = 81个候选点
开始离散遗传算法优化（网格: 9x9）...
Gen 0: Fitness=3.4244, Sum=2841.87Mbps, Min=29.2296Mbps, Time=5.192s
Gen 10: Fitness=3.5270, Sum=2816.67Mbps, Min=31.0750Mbps, Time=5.598s
Gen 20: Fitness=3.6092, Sum=2990.22Mbps, Min=35.1016Mbps, Time=5.202s
Gen 30: Fitness=3.6175, Sum=2981.44Mbps, Min=32.7213Mbps, Time=5.195s
Gen 40: Fitness=3.6248, Sum=2882.11Mbps, Min=37.0133Mbps, Time=5.432s

🎉 离散遗传算法优化完成!
✨ 最佳性能出现在第 49 代
📊 最终总速率: 2918.11 Mbps
🎯 最终最小速率: 37.7784 Mbps
📈 速率标准差: 5.7198 Mbps
⏱️  优化时间: 260.50 秒
⚡ 平均每代: 5.210 秒
🎲 使用网格点: [3, 6, 8, 28, 30, 34, 46, 49, 60, 66, 72, 77]
    Min Rate: 37.7784 Mbps (260.6s)

  运行 PSO...
✅ 分布式PSO优化器初始化完成
   - 粒子数量: 30
   - 最大迭代次数: 50
   - PSO参数: w=0.729, c1=1.49445, c2=1.49445

================================================================================
                            分布式PSO优化算法 (Algorithm 2)                            
================================================================================

[Step 1] 初始化粒子群...
   ✓ 粒子群初始化完成
   ✓ 初始全局最佳适应度: 58.0838

[开始迭代] 最大迭代次数: 50
--------------------------------------------------------------------------------
Iter   0 | Fitness:  62.4363 | Min Rate: 30.3161 Mbps | Sum Rate:  2928.00 Mbps | Mean Rate: 48.7999 Mbps
Iter  10 | Fitness:  67.3528 | Min Rate: 36.3233 Mbps | Sum Rate:  2896.77 Mbps | Mean Rate: 48.2795 Mbps
Iter  20 | Fitness:  67.7654 | Min Rate: 37.1532 Mbps | Sum Rate:  3016.09 Mbps | Mean Rate: 50.2681 Mbps
Iter  30 | Fitness:  70.4615 | Min Rate: 39.1829 Mbps | Sum Rate:  2967.79 Mbps | Mean Rate: 49.4632 Mbps
Iter  40 | Fitness:  71.4244 | Min Rate: 38.4876 Mbps | Sum Rate:  2968.70 Mbps | Mean Rate: 49.4784 Mbps
Iter  49 | Fitness:  71.4244 | Min Rate: 38.6602 Mbps | Sum Rate:  2906.78 Mbps | Mean Rate: 48.4464 Mbps

================================================================================
                                      优化完成                                      
================================================================================

📊 最终性能指标:
   - 总速率 (Sum Rate):      2954.36 Mbps
   - 最小速率 (Min Rate):    36.0036 Mbps
   - 平均速率 (Mean Rate):   49.2393 Mbps
   - 速率标准差 (Std):        6.2814 Mbps
   - 最佳适应度 (Fitness):   71.4244

📈 性能提升:
   - 总速率提升:   +0.90%
   - 最小速率提升: +18.76%

⏱️  计算时间:
   - 总优化时间: 276.05 秒
   - 平均每代:   5.521 秒
    Min Rate: 36.0036 Mbps (276.2s)

  运行 NewSSA...
================================================================================
开始NewSSA优化（论文算法）...
  • 改进1: OBL策略 + 折射原理（公式18）
  • 改进2: 正弦-余弦搜索（公式20）
  • 改进3: 自适应参数r1和w（公式21-22）
  • 麻雀数量: 30
  • 最大迭代: 50
  • 生产者: 20%, 警戒者: 15%
================================================================================

[1/5] OBL策略 + 折射原理初始化...
[2/5] 计算初始适应度...
  ✓ 初始最优适应度: 30.9349 Mbps

[3/5] 开始迭代优化（50次）...
--------------------------------------------------------------------------------
Iter  10/50: Sum=2776.03Mbps, Min=31.1465Mbps, Time=8.112s
Iter  20/50: Sum=2776.03Mbps, Min=31.1465Mbps, Time=7.471s
Iter  30/50: Sum=2776.03Mbps, Min=31.1465Mbps, Time=8.705s
Iter  40/50: Sum=2776.03Mbps, Min=31.1465Mbps, Time=7.863s
Iter  50/50: Sum=2776.03Mbps, Min=31.1465Mbps, Time=11.267s

[4/5] 整理最终结果...

[5/5] 优化完成!
================================================================================
🎉 NewSSA优化完成!
📊 最终总速率: 2776.03 Mbps
🎯 最终最小速率: 31.1465 Mbps
📈 平均速率: 46.2782 Mbps
⏱️  优化时间: 419.83 秒
================================================================================
    Min Rate: 31.1465 Mbps (424.0s)
✓ 结果已保存到: result/original_12uav_seed62.json

==========================================================================================
                                       12 UAVs 结果总结                                       
==========================================================================================
  initial   :  28.79 Mbps ( +0.00%)
  VF        :  42.56 Mbps (+47.84%)
  GA        :  37.78 Mbps (+31.23%)
  PSO       :  36.00 Mbps (+25.06%)
  NewSSA    :  31.15 Mbps ( +8.19%)

==========================================================================================
                                          所有实验完成                                          
==========================================================================================

✅ 种子62的两个配置都已完成！
   总运行时间: 28.3 分钟

📊 6 UAVs:
   初始: 17.61 Mbps
   VF:    25.73 Mbps
   GA:    22.41 Mbps
   PSO:   25.41 Mbps
   NewSSA:24.30 Mbps

📊 12 UAVs:
   初始: 28.79 Mbps
   VF:    42.56 Mbps
   GA:    37.78 Mbps
   PSO:   36.00 Mbps
   NewSSA:31.15 Mbps
