/Users/haydd/.matplotlib is not a writable directory
Matplotlib created a temporary cache directory at /var/folders/r6/dcf4cdw91gq6nbp1qy0xyx4w0000gn/T/matplotlib-lkuo1dis because there was an issue with the default path (/Users/haydd/.matplotlib); it is highly recommended to set the MPLCONFIGDIR environment variable to a writable directory, in particular to speed up the import of Matplotlib and to better support multiprocessing.
Matplotlib is building the font cache; this may take a moment.

==========================================================================================
                               种子63 - 6 UAVs & 12 UAVs 配置对比                               
==========================================================================================

🚀 开始实验 1/2: 6 UAVs

==========================================================================================
                                原始Fitness - 6 UAVs - 种子63                                 
==========================================================================================

[1/3] 生成中立场景...
[Neutral Initialization]
  ✓ UE positions: 60 users randomly distributed
  ✓ Ground APs: 4 APs uniformly distributed (2x2 grid)
  ✓ UAVs: 9 UAVs in 3x3 grid
  ✓ Random seed: 63
[2/3] 创建配置...
  初始 Min Rate: 18.3768 Mbps

[3/3] 运行优化器...

  运行 BVF...
开始平衡虚拟力优化（V3正确优化版）...
Iter 0: Sum=2051.44Mbps, Min=20.4309Mbps, BestMin=20.4309Mbps (Iter0), Time=0.113s
Iter 10: Sum=2147.46Mbps, Min=21.2490Mbps, BestMin=21.3475Mbps (Iter4), Time=0.113s
Iter 20: Sum=2153.84Mbps, Min=22.9483Mbps, BestMin=23.2325Mbps (Iter16), Time=0.117s
Iter 30: Sum=2154.35Mbps, Min=23.4531Mbps, BestMin=23.5557Mbps (Iter28), Time=0.120s
Iter 40: Sum=2153.66Mbps, Min=20.3798Mbps, BestMin=23.6178Mbps (Iter39), Time=0.200s

🎉 平衡虚拟力优化完成（V3版 - 历代最优记忆）!
✨ 最佳性能出现在第 45 次迭代
📊 历代最优总速率: 2172.23 Mbps
🎯 历代最优最小速率: 24.9488 Mbps
📈 速率标准差: 6.4435 Mbps
⏱️  优化时间: 6.18 秒
⚡ 平均每次迭代: 0.124 秒
🔄 重启次数: 0
    Min Rate: 24.9488 Mbps (6.2s)

  运行 GA...
离散网格生成完成: 9x9 = 81个候选点
开始离散遗传算法优化（网格: 9x9）...
Gen 0: Fitness=2.9060, Sum=1913.19Mbps, Min=18.4721Mbps, Time=3.702s
Gen 10: Fitness=3.1056, Sum=2115.94Mbps, Min=21.6542Mbps, Time=3.679s
Gen 20: Fitness=3.1056, Sum=2131.03Mbps, Min=21.8564Mbps, Time=3.709s
Gen 30: Fitness=3.1056, Sum=2109.83Mbps, Min=20.2097Mbps, Time=3.599s
Gen 40: Fitness=3.1283, Sum=2154.50Mbps, Min=21.5178Mbps, Time=3.337s

🎉 离散遗传算法优化完成!
✨ 最佳性能出现在第 48 代
📊 最终总速率: 2140.47 Mbps
🎯 最终最小速率: 21.9203 Mbps
📈 速率标准差: 9.1931 Mbps
⏱️  优化时间: 178.23 秒
⚡ 平均每代: 3.565 秒
🎲 使用网格点: [3, 22, 24, 58, 64, 70]
    Min Rate: 21.9203 Mbps (178.3s)

  运行 PSO...
✅ 分布式PSO优化器初始化完成
   - 粒子数量: 30
   - 最大迭代次数: 50
   - PSO参数: w=0.729, c1=1.49445, c2=1.49445

================================================================================
                            分布式PSO优化算法 (Algorithm 2)                            
================================================================================

[Step 1] 初始化粒子群...
   ✓ 粒子群初始化完成
   ✓ 初始全局最佳适应度: 42.6438

[开始迭代] 最大迭代次数: 50
--------------------------------------------------------------------------------
Iter   0 | Fitness:  42.6438 | Min Rate: 20.6526 Mbps | Sum Rate:  2066.63 Mbps | Mean Rate: 34.4438 Mbps
Iter  10 | Fitness:  42.8454 | Min Rate: 20.7453 Mbps | Sum Rate:  2122.19 Mbps | Mean Rate: 35.3698 Mbps
Iter  20 | Fitness:  43.7547 | Min Rate: 21.4111 Mbps | Sum Rate:  2124.38 Mbps | Mean Rate: 35.4063 Mbps
Iter  30 | Fitness:  44.6382 | Min Rate: 21.8084 Mbps | Sum Rate:  2106.56 Mbps | Mean Rate: 35.1094 Mbps
Iter  40 | Fitness:  45.3214 | Min Rate: 24.0644 Mbps | Sum Rate:  2157.56 Mbps | Mean Rate: 35.9593 Mbps
Iter  49 | Fitness:  45.4503 | Min Rate: 20.9248 Mbps | Sum Rate:  2163.57 Mbps | Mean Rate: 36.0595 Mbps

================================================================================
                                      优化完成                                      
================================================================================

📊 最终性能指标:
   - 总速率 (Sum Rate):      2180.12 Mbps
   - 最小速率 (Min Rate):    22.3380 Mbps
   - 平均速率 (Mean Rate):   36.3353 Mbps
   - 速率标准差 (Std):        8.2619 Mbps
   - 最佳适应度 (Fitness):   45.4503

📈 性能提升:
   - 总速率提升:   +5.49%
   - 最小速率提升: +8.16%

⏱️  计算时间:
   - 总优化时间: 212.11 秒
   - 平均每代:   4.242 秒
    Min Rate: 22.3380 Mbps (212.2s)

  运行 NewSSA...
================================================================================
开始NewSSA优化（论文算法）...
  • 改进1: OBL策略 + 折射原理（公式18）
  • 改进2: 正弦-余弦搜索（公式20）
  • 改进3: 自适应参数r1和w（公式21-22）
  • 麻雀数量: 30
  • 最大迭代: 50
  • 生产者: 20%, 警戒者: 15%
================================================================================

[1/5] OBL策略 + 折射原理初始化...
[2/5] 计算初始适应度...
  ✓ 初始最优适应度: 20.5345 Mbps

[3/5] 开始迭代优化（50次）...
--------------------------------------------------------------------------------
Iter  10/50: Sum=2017.01Mbps, Min=21.6683Mbps, Time=6.264s
Iter  20/50: Sum=2017.01Mbps, Min=21.6683Mbps, Time=6.345s
Iter  30/50: Sum=2017.73Mbps, Min=22.6051Mbps, Time=6.381s
Iter  40/50: Sum=2017.73Mbps, Min=22.6051Mbps, Time=6.508s
Iter  50/50: Sum=2017.73Mbps, Min=22.6051Mbps, Time=6.661s

[4/5] 整理最终结果...

[5/5] 优化完成!
================================================================================
🎉 NewSSA优化完成!
📊 最终总速率: 2017.73 Mbps
🎯 最终最小速率: 22.6051 Mbps
📈 平均速率: 34.2737 Mbps
⏱️  优化时间: 318.73 秒
================================================================================
    Min Rate: 22.6051 Mbps (322.0s)
✓ 结果已保存到: result/original_6uav_seed63.json

==========================================================================================
                                       6 UAVs 结果总结                                        
==========================================================================================
  initial   :  18.38 Mbps ( +0.00%)
  VF        :  24.95 Mbps (+35.76%)
  GA        :  21.92 Mbps (+19.28%)
  PSO       :  22.34 Mbps (+21.56%)
  NewSSA    :  22.61 Mbps (+23.01%)

🚀 开始实验 2/2: 12 UAVs

==========================================================================================
                                原始Fitness - 12 UAVs - 种子63                                
==========================================================================================

[1/3] 生成中立场景...
[Neutral Initialization]
  ✓ UE positions: 60 users randomly distributed
  ✓ Ground APs: 4 APs uniformly distributed (2x2 grid)
  ✓ UAVs: 9 UAVs in 3x3 grid
  ✓ Random seed: 63
[2/3] 创建配置...
  初始 Min Rate: 33.6459 Mbps

[3/3] 运行优化器...

  运行 BVF...
开始平衡虚拟力优化（V3正确优化版）...
Iter 0: Sum=2889.29Mbps, Min=32.8887Mbps, BestMin=32.8887Mbps (Iter0), Time=0.165s
Iter 10: Sum=2967.80Mbps, Min=35.8843Mbps, BestMin=39.7686Mbps (Iter4), Time=0.165s
Iter 20: Sum=2915.00Mbps, Min=35.3080Mbps, BestMin=39.7686Mbps (Iter4), Time=0.168s
Iter 30: Sum=2890.28Mbps, Min=37.0980Mbps, BestMin=39.7686Mbps (Iter4), Time=0.165s

🔄 智能重启 #1 (Iter 31)
Iter 40: Sum=2944.77Mbps, Min=39.1596Mbps, BestMin=39.7686Mbps (Iter4), Time=0.168s

🎉 平衡虚拟力优化完成（V3版 - 历代最优记忆）!
✨ 最佳性能出现在第 4 次迭代
📊 历代最优总速率: 2896.22 Mbps
🎯 历代最优最小速率: 39.7686 Mbps
📈 速率标准差: 6.6729 Mbps
⏱️  优化时间: 8.55 秒
⚡ 平均每次迭代: 0.171 秒
🔄 重启次数: 1
    Min Rate: 39.7686 Mbps (8.6s)

  运行 GA...
离散网格生成完成: 9x9 = 81个候选点
开始离散遗传算法优化（网格: 9x9）...
Gen 0: Fitness=3.3736, Sum=2748.73Mbps, Min=27.3974Mbps, Time=5.178s
Gen 10: Fitness=3.4889, Sum=2879.30Mbps, Min=30.8097Mbps, Time=5.195s
Gen 20: Fitness=3.5298, Sum=2759.05Mbps, Min=32.5354Mbps, Time=5.346s
Gen 30: Fitness=3.5500, Sum=2908.70Mbps, Min=30.5597Mbps, Time=5.309s
Gen 40: Fitness=3.5534, Sum=2837.10Mbps, Min=33.2657Mbps, Time=5.169s

🎉 离散遗传算法优化完成!
✨ 最佳性能出现在第 46 代
📊 最终总速率: 2917.20 Mbps
🎯 最终最小速率: 33.8615 Mbps
📈 速率标准差: 8.1778 Mbps
⏱️  优化时间: 260.45 秒
⚡ 平均每代: 5.209 秒
🎲 使用网格点: [14, 22, 24, 28, 38, 41, 43, 49, 64, 67, 71, 72]
    Min Rate: 33.8615 Mbps (260.6s)

  运行 PSO...
✅ 分布式PSO优化器初始化完成
   - 粒子数量: 30
   - 最大迭代次数: 50
   - PSO参数: w=0.729, c1=1.49445, c2=1.49445

================================================================================
                            分布式PSO优化算法 (Algorithm 2)                            
================================================================================

[Step 1] 初始化粒子群...
   ✓ 粒子群初始化完成
   ✓ 初始全局最佳适应度: 64.2585

[开始迭代] 最大迭代次数: 50
--------------------------------------------------------------------------------
Iter   0 | Fitness:  64.2585 | Min Rate: 32.3133 Mbps | Sum Rate:  2914.67 Mbps | Mean Rate: 48.5778 Mbps
Iter  10 | Fitness:  64.9370 | Min Rate: 35.0978 Mbps | Sum Rate:  2912.33 Mbps | Mean Rate: 48.5389 Mbps
Iter  20 | Fitness:  67.4178 | Min Rate: 36.2187 Mbps | Sum Rate:  2944.43 Mbps | Mean Rate: 49.0738 Mbps
Iter  30 | Fitness:  68.3183 | Min Rate: 35.0603 Mbps | Sum Rate:  2929.18 Mbps | Mean Rate: 48.8196 Mbps
Iter  40 | Fitness:  69.9952 | Min Rate: 37.6771 Mbps | Sum Rate:  2917.72 Mbps | Mean Rate: 48.6287 Mbps
Iter  49 | Fitness:  69.9952 | Min Rate: 37.3492 Mbps | Sum Rate:  2892.94 Mbps | Mean Rate: 48.2157 Mbps

================================================================================
                                      优化完成                                      
================================================================================

📊 最终性能指标:
   - 总速率 (Sum Rate):      2921.11 Mbps
   - 最小速率 (Min Rate):    37.7609 Mbps
   - 平均速率 (Mean Rate):   48.6852 Mbps
   - 速率标准差 (Std):        7.5659 Mbps
   - 最佳适应度 (Fitness):   69.9952

📈 性能提升:
   - 总速率提升:   +0.22%
   - 最小速率提升: +16.86%

⏱️  计算时间:
   - 总优化时间: 275.84 秒
   - 平均每代:   5.517 秒
    Min Rate: 37.7609 Mbps (276.0s)

  运行 NewSSA...
================================================================================
开始NewSSA优化（论文算法）...
  • 改进1: OBL策略 + 折射原理（公式18）
  • 改进2: 正弦-余弦搜索（公式20）
  • 改进3: 自适应参数r1和w（公式21-22）
  • 麻雀数量: 30
  • 最大迭代: 50
  • 生产者: 20%, 警戒者: 15%
================================================================================

[1/5] OBL策略 + 折射原理初始化...
[2/5] 计算初始适应度...
  ✓ 初始最优适应度: 30.6908 Mbps

[3/5] 开始迭代优化（50次）...
--------------------------------------------------------------------------------
Iter  10/50: Sum=2849.94Mbps, Min=31.0564Mbps, Time=7.558s
Iter  20/50: Sum=2843.05Mbps, Min=33.8617Mbps, Time=7.819s
Iter  30/50: Sum=2831.65Mbps, Min=34.2318Mbps, Time=8.456s
Iter  40/50: Sum=2831.65Mbps, Min=34.2318Mbps, Time=7.939s
Iter  50/50: Sum=2831.65Mbps, Min=34.2318Mbps, Time=9.481s

[4/5] 整理最终结果...

[5/5] 优化完成!
================================================================================
🎉 NewSSA优化完成!
📊 最终总速率: 2831.65 Mbps
🎯 最终最小速率: 34.2318 Mbps
📈 平均速率: 47.1092 Mbps
⏱️  优化时间: 422.99 秒
================================================================================
    Min Rate: 34.2318 Mbps (427.1s)
✓ 结果已保存到: result/original_12uav_seed63.json

==========================================================================================
                                       12 UAVs 结果总结                                       
==========================================================================================
  initial   :  33.65 Mbps ( +0.00%)
  VF        :  39.77 Mbps (+18.20%)
  GA        :  33.86 Mbps ( +0.64%)
  PSO       :  37.76 Mbps (+12.23%)
  NewSSA    :  34.23 Mbps ( +1.74%)

==========================================================================================
                                          所有实验完成                                          
==========================================================================================

✅ 种子63的两个配置都已完成！
   总运行时间: 28.4 分钟

📊 6 UAVs:
   初始: 18.38 Mbps
   VF:    24.95 Mbps
   GA:    21.92 Mbps
   PSO:   22.34 Mbps
   NewSSA:22.61 Mbps

📊 12 UAVs:
   初始: 33.65 Mbps
   VF:    39.77 Mbps
   GA:    33.86 Mbps
   PSO:   37.76 Mbps
   NewSSA:34.23 Mbps
