/Users/haydd/.matplotlib is not a writable directory
Matplotlib created a temporary cache directory at /var/folders/r6/dcf4cdw91gq6nbp1qy0xyx4w0000gn/T/matplotlib-4j4bajl2 because there was an issue with the default path (/Users/haydd/.matplotlib); it is highly recommended to set the MPLCONFIGDIR environment variable to a writable directory, in particular to speed up the import of Matplotlib and to better support multiprocessing.
Matplotlib is building the font cache; this may take a moment.

==========================================================================================
                          选定种子实验 - 种子71, 75, 76 (6 UAV + 12 UAV)                          
==========================================================================================

📊 实验配置:
   • 随机种子: [71, 75, 76]
   • UAV配置: [6, 12]
   • 总实验数: 6 (3种子 × 2配置)
   • 信道实现: 50
   • 总评估次数: 1500

🚀🚀🚀🚀🚀🚀🚀🚀🚀🚀🚀🚀🚀🚀🚀🚀🚀🚀🚀🚀🚀🚀🚀🚀🚀🚀🚀🚀🚀🚀🚀🚀🚀🚀🚀🚀🚀🚀🚀🚀🚀🚀🚀🚀🚀
                                   开始实验: 种子71 - 6 UAVs                                    
🚀🚀🚀🚀🚀🚀🚀🚀🚀🚀🚀🚀🚀🚀🚀🚀🚀🚀🚀🚀🚀🚀🚀🚀🚀🚀🚀🚀🚀🚀🚀🚀🚀🚀🚀🚀🚀🚀🚀🚀🚀🚀🚀🚀🚀

==========================================================================================
                                原始Fitness - 6 UAVs - 种子71                                 
==========================================================================================

[1/3] 生成中立场景...
[Neutral Initialization]
  ✓ UE positions: 60 users randomly distributed
  ✓ Ground APs: 4 APs uniformly distributed (2x2 grid)
  ✓ UAVs: 9 UAVs in 3x3 grid
  ✓ Random seed: 71
[2/3] 创建配置...
  初始 Min Rate: 19.9980 Mbps

[3/3] 运行优化器...

  运行 BVF...
开始平衡虚拟力优化（V3正确优化版）...
Iter 0: Sum=2293.99Mbps, Min=20.4251Mbps, BestMin=20.4251Mbps (Iter0), Time=0.068s
Iter 10: Sum=2239.08Mbps, Min=23.3319Mbps, BestMin=24.7426Mbps (Iter5), Time=0.071s
Iter 20: Sum=2258.78Mbps, Min=25.4781Mbps, BestMin=25.4781Mbps (Iter20), Time=0.070s
Iter 30: Sum=2228.14Mbps, Min=25.3912Mbps, BestMin=26.2973Mbps (Iter26), Time=0.070s
Iter 40: Sum=2146.40Mbps, Min=24.0486Mbps, BestMin=26.3489Mbps (Iter31), Time=0.070s

🎉 平衡虚拟力优化完成（V3版 - 历代最优记忆）!
✨ 最佳性能出现在第 31 次迭代
📊 历代最优总速率: 2200.15 Mbps
🎯 历代最优最小速率: 26.3489 Mbps
📈 速率标准差: 6.4855 Mbps
⏱️  优化时间: 3.55 秒
⚡ 平均每次迭代: 0.071 秒
🔄 重启次数: 0
    Min Rate: 26.3489 Mbps (3.5s)

  运行 GA...
离散网格生成完成: 9x9 = 81个候选点
开始离散遗传算法优化（网格: 9x9）...
Gen 0: Fitness=3.0283, Sum=2132.28Mbps, Min=19.5781Mbps, Time=2.173s
Gen 10: Fitness=3.2224, Sum=2204.67Mbps, Min=23.8742Mbps, Time=2.174s
Gen 20: Fitness=3.2584, Sum=2183.39Mbps, Min=24.5189Mbps, Time=2.181s
Gen 30: Fitness=3.2584, Sum=2176.93Mbps, Min=24.2894Mbps, Time=2.176s
Gen 40: Fitness=3.2584, Sum=2187.04Mbps, Min=24.8535Mbps, Time=2.183s

🎉 离散遗传算法优化完成!
✨ 最佳性能出现在第 47 代
📊 最终总速率: 2270.76 Mbps
🎯 最终最小速率: 25.0870 Mbps
📈 速率标准差: 7.7088 Mbps
⏱️  优化时间: 108.96 秒
⚡ 平均每代: 2.179 秒
🎲 使用网格点: [5, 10, 33, 52, 55, 68]
    Min Rate: 25.0870 Mbps (109.0s)

  运行 PSO...
✅ 分布式PSO优化器初始化完成
   - 粒子数量: 30
   - 最大迭代次数: 50
   - PSO参数: w=0.729, c1=1.49445, c2=1.49445

================================================================================
                            分布式PSO优化算法 (Algorithm 2)                            
================================================================================

[Step 1] 初始化粒子群...
   ✓ 粒子群初始化完成
   ✓ 初始全局最佳适应度: 44.5836

[开始迭代] 最大迭代次数: 50
--------------------------------------------------------------------------------
Iter   0 | Fitness:  47.4862 | Min Rate: 21.9638 Mbps | Sum Rate:  2226.18 Mbps | Mean Rate: 37.1030 Mbps
Iter  10 | Fitness:  48.6245 | Min Rate: 25.8759 Mbps | Sum Rate:  2246.76 Mbps | Mean Rate: 37.4460 Mbps
Iter  20 | Fitness:  49.9438 | Min Rate: 23.4551 Mbps | Sum Rate:  2278.35 Mbps | Mean Rate: 37.9726 Mbps
Iter  30 | Fitness:  50.8471 | Min Rate: 25.5206 Mbps | Sum Rate:  2273.68 Mbps | Mean Rate: 37.8946 Mbps
Iter  40 | Fitness:  50.8471 | Min Rate: 24.9996 Mbps | Sum Rate:  2265.12 Mbps | Mean Rate: 37.7520 Mbps
Iter  49 | Fitness:  50.8471 | Min Rate: 23.5965 Mbps | Sum Rate:  2261.66 Mbps | Mean Rate: 37.6943 Mbps

================================================================================
                                      优化完成                                      
================================================================================

📊 最终性能指标:
   - 总速率 (Sum Rate):      2288.15 Mbps
   - 最小速率 (Min Rate):    25.0963 Mbps
   - 平均速率 (Mean Rate):   38.1359 Mbps
   - 速率标准差 (Std):        7.2161 Mbps
   - 最佳适应度 (Fitness):   50.8471

📈 性能提升:
   - 总速率提升:   +2.78%
   - 最小速率提升: +14.26%

⏱️  计算时间:
   - 总优化时间: 139.06 秒
   - 平均每代:   2.781 秒
    Min Rate: 25.0963 Mbps (139.1s)

  运行 NewSSA...
================================================================================
开始NewSSA优化（论文算法）...
  • 改进1: OBL策略 + 折射原理（公式18）
  • 改进2: 正弦-余弦搜索（公式20）
  • 改进3: 自适应参数r1和w（公式21-22）
  • 麻雀数量: 30
  • 最大迭代: 50
  • 生产者: 20%, 警戒者: 15%
================================================================================

[1/5] OBL策略 + 折射原理初始化...
[2/5] 计算初始适应度...
  ✓ 初始最优适应度: 22.4934 Mbps

[3/5] 开始迭代优化（50次）...
--------------------------------------------------------------------------------
Iter  10/50: Sum=2115.62Mbps, Min=24.6611Mbps, Time=4.221s
Iter  20/50: Sum=2115.62Mbps, Min=24.6611Mbps, Time=4.218s
Iter  30/50: Sum=2115.62Mbps, Min=24.6611Mbps, Time=4.208s
Iter  40/50: Sum=2106.54Mbps, Min=24.7565Mbps, Time=4.231s
Iter  50/50: Sum=2106.54Mbps, Min=24.7565Mbps, Time=4.225s

[4/5] 整理最终结果...

[5/5] 优化完成!
================================================================================
🎉 NewSSA优化完成!
📊 最终总速率: 2106.54 Mbps
🎯 最终最小速率: 24.7565 Mbps
📈 平均速率: 35.2784 Mbps
⏱️  优化时间: 211.53 秒
================================================================================
    Min Rate: 24.7565 Mbps (213.7s)
✓ 结果已保存到: result/original_6uav_seed71.json

==========================================================================================
                                       6 UAVs 结果总结                                        
==========================================================================================
  initial   :  20.00 Mbps ( +0.00%)
  VF        :  26.35 Mbps (+31.76%)
  GA        :  25.09 Mbps (+25.45%)
  PSO       :  25.10 Mbps (+25.49%)
  NewSSA    :  24.76 Mbps (+23.79%)

✓ 种子71 - 6 UAVs 完成（用时 7.9 分钟）

🚀🚀🚀🚀🚀🚀🚀🚀🚀🚀🚀🚀🚀🚀🚀🚀🚀🚀🚀🚀🚀🚀🚀🚀🚀🚀🚀🚀🚀🚀🚀🚀🚀🚀🚀🚀🚀🚀🚀🚀🚀🚀🚀🚀🚀
                                   开始实验: 种子71 - 12 UAVs                                   
🚀🚀🚀🚀🚀🚀🚀🚀🚀🚀🚀🚀🚀🚀🚀🚀🚀🚀🚀🚀🚀🚀🚀🚀🚀🚀🚀🚀🚀🚀🚀🚀🚀🚀🚀🚀🚀🚀🚀🚀🚀🚀🚀🚀🚀

==========================================================================================
                                原始Fitness - 12 UAVs - 种子71                                
==========================================================================================

[1/3] 生成中立场景...
[Neutral Initialization]
  ✓ UE positions: 60 users randomly distributed
  ✓ Ground APs: 4 APs uniformly distributed (2x2 grid)
  ✓ UAVs: 9 UAVs in 3x3 grid
  ✓ Random seed: 71
[2/3] 创建配置...
  初始 Min Rate: 35.1415 Mbps

[3/3] 运行优化器...

  运行 BVF...
开始平衡虚拟力优化（V3正确优化版）...
Iter 0: Sum=2991.12Mbps, Min=34.8670Mbps, BestMin=34.8670Mbps (Iter0), Time=0.107s
Iter 10: Sum=3126.07Mbps, Min=39.1864Mbps, BestMin=41.1263Mbps (Iter4), Time=0.107s
Iter 20: Sum=3098.38Mbps, Min=39.3302Mbps, BestMin=42.0951Mbps (Iter16), Time=0.107s
Iter 30: Sum=3097.63Mbps, Min=38.9107Mbps, BestMin=44.1221Mbps (Iter26), Time=0.108s
Iter 40: Sum=3041.68Mbps, Min=41.8618Mbps, BestMin=44.1221Mbps (Iter26), Time=0.108s

🎉 平衡虚拟力优化完成（V3版 - 历代最优记忆）!
✨ 最佳性能出现在第 26 次迭代
📊 历代最优总速率: 3153.02 Mbps
🎯 历代最优最小速率: 44.1221 Mbps
📈 速率标准差: 4.8906 Mbps
⏱️  优化时间: 5.50 秒
⚡ 平均每次迭代: 0.110 秒
🔄 重启次数: 0
    Min Rate: 44.1221 Mbps (5.5s)

  运行 GA...
离散网格生成完成: 9x9 = 81个候选点
开始离散遗传算法优化（网格: 9x9）...
Gen 0: Fitness=3.4226, Sum=2931.19Mbps, Min=29.8024Mbps, Time=3.334s
Gen 10: Fitness=3.5966, Sum=2909.45Mbps, Min=35.6539Mbps, Time=3.364s
Gen 20: Fitness=3.6499, Sum=2930.01Mbps, Min=37.6606Mbps, Time=3.380s
Gen 30: Fitness=3.6499, Sum=2918.28Mbps, Min=37.3634Mbps, Time=3.368s
Gen 40: Fitness=3.6499, Sum=2925.79Mbps, Min=35.9770Mbps, Time=3.352s

🎉 离散遗传算法优化完成!
✨ 最佳性能出现在第 46 代
📊 最终总速率: 2914.30 Mbps
🎯 最终最小速率: 35.7736 Mbps
📈 速率标准差: 5.1816 Mbps
⏱️  优化时间: 168.24 秒
⚡ 平均每代: 3.365 秒
🎲 使用网格点: [3, 8, 14, 22, 27, 43, 46, 53, 58, 61, 68, 72]
    Min Rate: 35.7736 Mbps (168.3s)

  运行 PSO...
✅ 分布式PSO优化器初始化完成
   - 粒子数量: 30
   - 最大迭代次数: 50
   - PSO参数: w=0.729, c1=1.49445, c2=1.49445

================================================================================
                            分布式PSO优化算法 (Algorithm 2)                            
================================================================================

[Step 1] 初始化粒子群...
   ✓ 粒子群初始化完成
   ✓ 初始全局最佳适应度: 65.7386

[开始迭代] 最大迭代次数: 50
--------------------------------------------------------------------------------
Iter   0 | Fitness:  66.0267 | Min Rate: 34.9145 Mbps | Sum Rate:  2974.88 Mbps | Mean Rate: 49.5814 Mbps
Iter  10 | Fitness:  68.7718 | Min Rate: 34.1169 Mbps | Sum Rate:  3008.22 Mbps | Mean Rate: 50.1370 Mbps
Iter  20 | Fitness:  70.4846 | Min Rate: 34.3794 Mbps | Sum Rate:  3025.12 Mbps | Mean Rate: 50.4187 Mbps
Iter  30 | Fitness:  70.8288 | Min Rate: 40.2404 Mbps | Sum Rate:  2986.26 Mbps | Mean Rate: 49.7710 Mbps
Iter  40 | Fitness:  72.3474 | Min Rate: 37.9506 Mbps | Sum Rate:  3060.10 Mbps | Mean Rate: 51.0016 Mbps
Iter  49 | Fitness:  73.4500 | Min Rate: 40.4280 Mbps | Sum Rate:  3061.90 Mbps | Mean Rate: 51.0317 Mbps

================================================================================
                                      优化完成                                      
================================================================================

📊 最终性能指标:
   - 总速率 (Sum Rate):      3072.30 Mbps
   - 最小速率 (Min Rate):    40.8264 Mbps
   - 平均速率 (Mean Rate):   51.2049 Mbps
   - 速率标准差 (Std):        6.1339 Mbps
   - 最佳适应度 (Fitness):   73.4500

📈 性能提升:
   - 总速率提升:   +3.27%
   - 最小速率提升: +16.93%

⏱️  计算时间:
   - 总优化时间: 217.47 秒
   - 平均每代:   4.349 秒
    Min Rate: 40.8264 Mbps (217.6s)

  运行 NewSSA...
================================================================================
开始NewSSA优化（论文算法）...
  • 改进1: OBL策略 + 折射原理（公式18）
  • 改进2: 正弦-余弦搜索（公式20）
  • 改进3: 自适应参数r1和w（公式21-22）
  • 麻雀数量: 30
  • 最大迭代: 50
  • 生产者: 20%, 警戒者: 15%
================================================================================

[1/5] OBL策略 + 折射原理初始化...
[2/5] 计算初始适应度...
  ✓ 初始最优适应度: 33.8723 Mbps

[3/5] 开始迭代优化（50次）...
--------------------------------------------------------------------------------
Iter  10/50: Sum=2884.01Mbps, Min=37.2934Mbps, Time=6.526s
Iter  20/50: Sum=2941.85Mbps, Min=38.4943Mbps, Time=6.520s
Iter  30/50: Sum=2917.29Mbps, Min=40.0782Mbps, Time=6.501s
Iter  40/50: Sum=2917.29Mbps, Min=40.0782Mbps, Time=6.530s
Iter  50/50: Sum=2917.29Mbps, Min=40.0782Mbps, Time=6.507s

[4/5] 整理最终结果...

[5/5] 优化完成!
================================================================================
🎉 NewSSA优化完成!
📊 最终总速率: 2917.29 Mbps
🎯 最终最小速率: 40.0782 Mbps
📈 平均速率: 48.8088 Mbps
⏱️  优化时间: 325.02 秒
================================================================================
    Min Rate: 40.0782 Mbps (328.4s)
✓ 结果已保存到: result/original_12uav_seed71.json

==========================================================================================
                                       12 UAVs 结果总结                                       
==========================================================================================
  initial   :  35.14 Mbps ( +0.00%)
  VF        :  44.12 Mbps (+25.56%)
  GA        :  35.77 Mbps ( +1.80%)
  PSO       :  40.83 Mbps (+16.18%)
  NewSSA    :  40.08 Mbps (+14.05%)

✓ 种子71 - 12 UAVs 完成（用时 12.0 分钟）

🚀🚀🚀🚀🚀🚀🚀🚀🚀🚀🚀🚀🚀🚀🚀🚀🚀🚀🚀🚀🚀🚀🚀🚀🚀🚀🚀🚀🚀🚀🚀🚀🚀🚀🚀🚀🚀🚀🚀🚀🚀🚀🚀🚀🚀
                                   开始实验: 种子75 - 6 UAVs                                    
🚀🚀🚀🚀🚀🚀🚀🚀🚀🚀🚀🚀🚀🚀🚀🚀🚀🚀🚀🚀🚀🚀🚀🚀🚀🚀🚀🚀🚀🚀🚀🚀🚀🚀🚀🚀🚀🚀🚀🚀🚀🚀🚀🚀🚀

==========================================================================================
                                原始Fitness - 6 UAVs - 种子75                                 
==========================================================================================

[1/3] 生成中立场景...
[Neutral Initialization]
  ✓ UE positions: 60 users randomly distributed
  ✓ Ground APs: 4 APs uniformly distributed (2x2 grid)
  ✓ UAVs: 9 UAVs in 3x3 grid
  ✓ Random seed: 75
[2/3] 创建配置...
  初始 Min Rate: 17.6212 Mbps

[3/3] 运行优化器...

  运行 BVF...
开始平衡虚拟力优化（V3正确优化版）...
Iter 0: Sum=2032.35Mbps, Min=17.0345Mbps, BestMin=17.0345Mbps (Iter0), Time=0.071s
Iter 10: Sum=2096.30Mbps, Min=24.0306Mbps, BestMin=24.1553Mbps (Iter6), Time=0.069s
Iter 20: Sum=2109.91Mbps, Min=24.0008Mbps, BestMin=24.9151Mbps (Iter19), Time=0.070s
Iter 30: Sum=2149.61Mbps, Min=26.5343Mbps, BestMin=27.2265Mbps (Iter27), Time=0.070s
Iter 40: Sum=2126.15Mbps, Min=27.9559Mbps, BestMin=29.1236Mbps (Iter39), Time=0.071s

🎉 平衡虚拟力优化完成（V3版 - 历代最优记忆）!
✨ 最佳性能出现在第 39 次迭代
📊 历代最优总速率: 2136.28 Mbps
🎯 历代最优最小速率: 29.1236 Mbps
📈 速率标准差: 4.7145 Mbps
⏱️  优化时间: 3.58 秒
⚡ 平均每次迭代: 0.072 秒
🔄 重启次数: 0
    Min Rate: 29.1236 Mbps (3.6s)

  运行 GA...
离散网格生成完成: 9x9 = 81个候选点
开始离散遗传算法优化（网格: 9x9）...
Gen 0: Fitness=2.7141, Sum=1895.97Mbps, Min=14.3882Mbps, Time=2.188s
Gen 10: Fitness=3.1286, Sum=2072.54Mbps, Min=20.9626Mbps, Time=2.186s
Gen 20: Fitness=3.1303, Sum=2079.72Mbps, Min=21.7441Mbps, Time=2.182s
Gen 30: Fitness=3.2175, Sum=2079.02Mbps, Min=21.6199Mbps, Time=2.187s
Gen 40: Fitness=3.2934, Sum=2109.98Mbps, Min=24.9006Mbps, Time=2.168s

🎉 离散遗传算法优化完成!
✨ 最佳性能出现在第 43 代
📊 最终总速率: 2103.22 Mbps
🎯 最终最小速率: 26.5361 Mbps
📈 速率标准差: 6.1511 Mbps
⏱️  优化时间: 109.22 秒
⚡ 平均每代: 2.184 秒
🎲 使用网格点: [10, 23, 31, 61, 64, 67]
    Min Rate: 26.5361 Mbps (109.3s)

  运行 PSO...
✅ 分布式PSO优化器初始化完成
   - 粒子数量: 30
   - 最大迭代次数: 50
   - PSO参数: w=0.729, c1=1.49445, c2=1.49445

================================================================================
                            分布式PSO优化算法 (Algorithm 2)                            
================================================================================

[Step 1] 初始化粒子群...
   ✓ 粒子群初始化完成
   ✓ 初始全局最佳适应度: 42.4903

[开始迭代] 最大迭代次数: 50
--------------------------------------------------------------------------------
Iter   0 | Fitness:  42.4903 | Min Rate: 22.6325 Mbps | Sum Rate:  2015.46 Mbps | Mean Rate: 33.5910 Mbps
Iter  10 | Fitness:  45.9923 | Min Rate: 23.9785 Mbps | Sum Rate:  2066.17 Mbps | Mean Rate: 34.4361 Mbps
Iter  20 | Fitness:  47.8210 | Min Rate: 25.1990 Mbps | Sum Rate:  2149.54 Mbps | Mean Rate: 35.8257 Mbps
Iter  30 | Fitness:  48.0197 | Min Rate: 26.3603 Mbps | Sum Rate:  2125.02 Mbps | Mean Rate: 35.4171 Mbps
Iter  40 | Fitness:  48.8380 | Min Rate: 24.2324 Mbps | Sum Rate:  2117.88 Mbps | Mean Rate: 35.2979 Mbps
Iter  49 | Fitness:  49.4701 | Min Rate: 27.4907 Mbps | Sum Rate:  2125.87 Mbps | Mean Rate: 35.4311 Mbps

================================================================================
                                      优化完成                                      
================================================================================

📊 最终性能指标:
   - 总速率 (Sum Rate):      2112.68 Mbps
   - 最小速率 (Min Rate):    26.8444 Mbps
   - 平均速率 (Mean Rate):   35.2113 Mbps
   - 速率标准差 (Std):        5.4985 Mbps
   - 最佳适应度 (Fitness):   49.4701

📈 性能提升:
   - 总速率提升:   +4.82%
   - 最小速率提升: +18.61%

⏱️  计算时间:
   - 总优化时间: 140.22 秒
   - 平均每代:   2.804 秒
    Min Rate: 26.8444 Mbps (140.3s)

  运行 NewSSA...
================================================================================
开始NewSSA优化（论文算法）...
  • 改进1: OBL策略 + 折射原理（公式18）
  • 改进2: 正弦-余弦搜索（公式20）
  • 改进3: 自适应参数r1和w（公式21-22）
  • 麻雀数量: 30
  • 最大迭代: 50
  • 生产者: 20%, 警戒者: 15%
================================================================================

[1/5] OBL策略 + 折射原理初始化...
[2/5] 计算初始适应度...
  ✓ 初始最优适应度: 21.9905 Mbps

[3/5] 开始迭代优化（50次）...
--------------------------------------------------------------------------------
Iter  10/50: Sum=2000.05Mbps, Min=23.2849Mbps, Time=4.221s
Iter  20/50: Sum=2036.65Mbps, Min=24.0471Mbps, Time=4.269s
Iter  30/50: Sum=2036.65Mbps, Min=24.0471Mbps, Time=4.211s
Iter  40/50: Sum=2047.38Mbps, Min=24.6448Mbps, Time=4.228s
Iter  50/50: Sum=2047.38Mbps, Min=24.6448Mbps, Time=4.216s

[4/5] 整理最终结果...

[5/5] 优化完成!
================================================================================
🎉 NewSSA优化完成!
📊 最终总速率: 2047.38 Mbps
🎯 最终最小速率: 24.6448 Mbps
📈 平均速率: 34.0329 Mbps
⏱️  优化时间: 211.19 秒
================================================================================
    Min Rate: 24.6448 Mbps (213.4s)
✓ 结果已保存到: result/original_6uav_seed75.json

==========================================================================================
                                       6 UAVs 结果总结                                        
==========================================================================================
  initial   :  17.62 Mbps ( +0.00%)
  VF        :  29.12 Mbps (+65.28%)
  GA        :  26.54 Mbps (+50.59%)
  PSO       :  26.84 Mbps (+52.34%)
  NewSSA    :  24.64 Mbps (+39.86%)

✓ 种子75 - 6 UAVs 完成（用时 7.8 分钟）

🚀🚀🚀🚀🚀🚀🚀🚀🚀🚀🚀🚀🚀🚀🚀🚀🚀🚀🚀🚀🚀🚀🚀🚀🚀🚀🚀🚀🚀🚀🚀🚀🚀🚀🚀🚀🚀🚀🚀🚀🚀🚀🚀🚀🚀
                                   开始实验: 种子75 - 12 UAVs                                   
🚀🚀🚀🚀🚀🚀🚀🚀🚀🚀🚀🚀🚀🚀🚀🚀🚀🚀🚀🚀🚀🚀🚀🚀🚀🚀🚀🚀🚀🚀🚀🚀🚀🚀🚀🚀🚀🚀🚀🚀🚀🚀🚀🚀🚀

==========================================================================================
                                原始Fitness - 12 UAVs - 种子75                                
==========================================================================================

[1/3] 生成中立场景...
[Neutral Initialization]
  ✓ UE positions: 60 users randomly distributed
  ✓ Ground APs: 4 APs uniformly distributed (2x2 grid)
  ✓ UAVs: 9 UAVs in 3x3 grid
  ✓ Random seed: 75
[2/3] 创建配置...
  初始 Min Rate: 34.7558 Mbps

[3/3] 运行优化器...

  运行 BVF...
开始平衡虚拟力优化（V3正确优化版）...
Iter 0: Sum=2871.70Mbps, Min=35.4971Mbps, BestMin=35.4971Mbps (Iter0), Time=0.108s
Iter 10: Sum=2904.52Mbps, Min=37.9198Mbps, BestMin=39.3549Mbps (Iter3), Time=0.108s
Iter 20: Sum=2952.50Mbps, Min=38.5664Mbps, BestMin=40.4772Mbps (Iter16), Time=0.109s
Iter 30: Sum=2907.01Mbps, Min=39.9636Mbps, BestMin=40.4772Mbps (Iter16), Time=0.108s
Iter 40: Sum=2984.26Mbps, Min=38.2709Mbps, BestMin=41.7187Mbps (Iter37), Time=0.109s

🎉 平衡虚拟力优化完成（V3版 - 历代最优记忆）!
✨ 最佳性能出现在第 47 次迭代
📊 历代最优总速率: 2942.07 Mbps
🎯 历代最优最小速率: 41.9095 Mbps
📈 速率标准差: 3.9730 Mbps
⏱️  优化时间: 5.52 秒
⚡ 平均每次迭代: 0.110 秒
🔄 重启次数: 0
    Min Rate: 41.9095 Mbps (5.5s)

  运行 GA...
离散网格生成完成: 9x9 = 81个候选点
开始离散遗传算法优化（网格: 9x9）...
Gen 0: Fitness=3.3198, Sum=2826.40Mbps, Min=28.0774Mbps, Time=3.352s
Gen 10: Fitness=3.5783, Sum=2852.72Mbps, Min=36.2575Mbps, Time=3.370s
Gen 20: Fitness=3.6038, Sum=2914.74Mbps, Min=36.9059Mbps, Time=3.362s
Gen 30: Fitness=3.6038, Sum=2920.23Mbps, Min=35.5638Mbps, Time=3.366s
Gen 40: Fitness=3.6038, Sum=2890.00Mbps, Min=36.2143Mbps, Time=3.352s

🎉 离散遗传算法优化完成!
✨ 最佳性能出现在第 42 代
📊 最终总速率: 2781.08 Mbps
🎯 最终最小速率: 36.3271 Mbps
📈 速率标准差: 6.3409 Mbps
⏱️  优化时间: 168.34 秒
⚡ 平均每代: 3.367 秒
🎲 使用网格点: [4, 10, 13, 28, 33, 39, 42, 55, 56, 62, 67, 72]
    Min Rate: 36.3271 Mbps (168.4s)

  运行 PSO...
✅ 分布式PSO优化器初始化完成
   - 粒子数量: 30
   - 最大迭代次数: 50
   - PSO参数: w=0.729, c1=1.49445, c2=1.49445

================================================================================
                            分布式PSO优化算法 (Algorithm 2)                            
================================================================================

[Step 1] 初始化粒子群...
   ✓ 粒子群初始化完成
   ✓ 初始全局最佳适应度: 65.0939

[开始迭代] 最大迭代次数: 50
--------------------------------------------------------------------------------
Iter   0 | Fitness:  65.0939 | Min Rate: 34.4431 Mbps | Sum Rate:  2903.34 Mbps | Mean Rate: 48.3890 Mbps
Iter  10 | Fitness:  65.6055 | Min Rate: 33.3131 Mbps | Sum Rate:  2891.42 Mbps | Mean Rate: 48.1903 Mbps
Iter  20 | Fitness:  69.1642 | Min Rate: 37.7123 Mbps | Sum Rate:  2889.77 Mbps | Mean Rate: 48.1628 Mbps
Iter  30 | Fitness:  69.6323 | Min Rate: 37.7258 Mbps | Sum Rate:  2911.52 Mbps | Mean Rate: 48.5254 Mbps
Iter  40 | Fitness:  69.6323 | Min Rate: 38.1878 Mbps | Sum Rate:  2914.70 Mbps | Mean Rate: 48.5783 Mbps
Iter  49 | Fitness:  69.6323 | Min Rate: 36.9230 Mbps | Sum Rate:  2842.58 Mbps | Mean Rate: 47.3763 Mbps

================================================================================
                                      优化完成                                      
================================================================================

📊 最终性能指标:
   - 总速率 (Sum Rate):      2943.17 Mbps
   - 最小速率 (Min Rate):    36.5865 Mbps
   - 平均速率 (Mean Rate):   49.0529 Mbps
   - 速率标准差 (Std):        7.1317 Mbps
   - 最佳适应度 (Fitness):   69.6323

📈 性能提升:
   - 总速率提升:   +1.37%
   - 最小速率提升: +6.22%

⏱️  计算时间:
   - 总优化时间: 218.76 秒
   - 平均每代:   4.375 秒
    Min Rate: 36.5865 Mbps (218.9s)

  运行 NewSSA...
================================================================================
开始NewSSA优化（论文算法）...
  • 改进1: OBL策略 + 折射原理（公式18）
  • 改进2: 正弦-余弦搜索（公式20）
  • 改进3: 自适应参数r1和w（公式21-22）
  • 麻雀数量: 30
  • 最大迭代: 50
  • 生产者: 20%, 警戒者: 15%
================================================================================

[1/5] OBL策略 + 折射原理初始化...
[2/5] 计算初始适应度...
  ✓ 初始最优适应度: 31.0924 Mbps

[3/5] 开始迭代优化（50次）...
--------------------------------------------------------------------------------
Iter  10/50: Sum=2828.88Mbps, Min=32.9140Mbps, Time=6.527s
Iter  20/50: Sum=2828.88Mbps, Min=32.9140Mbps, Time=6.519s
Iter  30/50: Sum=2828.88Mbps, Min=32.9140Mbps, Time=6.524s
Iter  40/50: Sum=2828.88Mbps, Min=32.9140Mbps, Time=6.539s
Iter  50/50: Sum=2828.88Mbps, Min=32.9140Mbps, Time=6.529s

[4/5] 整理最终结果...

[5/5] 优化完成!
================================================================================
🎉 NewSSA优化完成!
📊 最终总速率: 2828.88 Mbps
🎯 最终最小速率: 32.9140 Mbps
📈 平均速率: 46.9949 Mbps
⏱️  优化时间: 326.75 秒
================================================================================
    Min Rate: 32.9140 Mbps (330.1s)
✓ 结果已保存到: result/original_12uav_seed75.json

==========================================================================================
                                       12 UAVs 结果总结                                       
==========================================================================================
  initial   :  34.76 Mbps ( +0.00%)
  VF        :  41.91 Mbps (+20.58%)
  GA        :  36.33 Mbps ( +4.52%)
  PSO       :  36.59 Mbps ( +5.27%)
  NewSSA    :  32.91 Mbps ( -5.30%)

✓ 种子75 - 12 UAVs 完成（用时 12.1 分钟）

🚀🚀🚀🚀🚀🚀🚀🚀🚀🚀🚀🚀🚀🚀🚀🚀🚀🚀🚀🚀🚀🚀🚀🚀🚀🚀🚀🚀🚀🚀🚀🚀🚀🚀🚀🚀🚀🚀🚀🚀🚀🚀🚀🚀🚀
                                   开始实验: 种子76 - 6 UAVs                                    
🚀🚀🚀🚀🚀🚀🚀🚀🚀🚀🚀🚀🚀🚀🚀🚀🚀🚀🚀🚀🚀🚀🚀🚀🚀🚀🚀🚀🚀🚀🚀🚀🚀🚀🚀🚀🚀🚀🚀🚀🚀🚀🚀🚀🚀

==========================================================================================
                                原始Fitness - 6 UAVs - 种子76                                 
==========================================================================================

[1/3] 生成中立场景...
[Neutral Initialization]
  ✓ UE positions: 60 users randomly distributed
  ✓ Ground APs: 4 APs uniformly distributed (2x2 grid)
  ✓ UAVs: 9 UAVs in 3x3 grid
  ✓ Random seed: 76
[2/3] 创建配置...
  初始 Min Rate: 19.0326 Mbps

[3/3] 运行优化器...

  运行 BVF...
开始平衡虚拟力优化（V3正确优化版）...
Iter 0: Sum=2206.01Mbps, Min=18.4421Mbps, BestMin=18.4421Mbps (Iter0), Time=0.071s
Iter 10: Sum=2191.57Mbps, Min=22.6504Mbps, BestMin=23.8137Mbps (Iter8), Time=0.070s
Iter 20: Sum=2183.95Mbps, Min=24.6636Mbps, BestMin=26.0301Mbps (Iter18), Time=0.071s
Iter 30: Sum=2171.31Mbps, Min=26.9372Mbps, BestMin=26.9372Mbps (Iter30), Time=0.070s
Iter 40: Sum=2144.05Mbps, Min=26.1975Mbps, BestMin=27.2607Mbps (Iter31), Time=0.070s

🎉 平衡虚拟力优化完成（V3版 - 历代最优记忆）!
✨ 最佳性能出现在第 31 次迭代
📊 历代最优总速率: 2202.54 Mbps
🎯 历代最优最小速率: 27.2607 Mbps
📈 速率标准差: 6.3260 Mbps
⏱️  优化时间: 3.70 秒
⚡ 平均每次迭代: 0.074 秒
🔄 重启次数: 0
    Min Rate: 27.2607 Mbps (3.7s)

  运行 GA...
离散网格生成完成: 9x9 = 81个候选点
开始离散遗传算法优化（网格: 9x9）...
Gen 0: Fitness=2.8501, Sum=2130.06Mbps, Min=18.0926Mbps, Time=2.187s
Gen 10: Fitness=3.0920, Sum=2129.43Mbps, Min=22.5079Mbps, Time=2.193s
Gen 20: Fitness=3.1781, Sum=2199.38Mbps, Min=21.5240Mbps, Time=2.188s
Gen 30: Fitness=3.1781, Sum=2193.73Mbps, Min=21.6986Mbps, Time=2.178s
Gen 40: Fitness=3.1913, Sum=2171.71Mbps, Min=22.5554Mbps, Time=2.188s

🎉 离散遗传算法优化完成!
✨ 最佳性能出现在第 41 代
📊 最终总速率: 2162.92 Mbps
🎯 最终最小速率: 22.8297 Mbps
📈 速率标准差: 7.1399 Mbps
⏱️  优化时间: 109.50 秒
⚡ 平均每代: 2.190 秒
🎲 使用网格点: [7, 12, 36, 52, 66, 70]
    Min Rate: 22.8297 Mbps (109.6s)

  运行 PSO...
✅ 分布式PSO优化器初始化完成
   - 粒子数量: 30
   - 最大迭代次数: 50
   - PSO参数: w=0.729, c1=1.49445, c2=1.49445

================================================================================
                            分布式PSO优化算法 (Algorithm 2)                            
================================================================================

[Step 1] 初始化粒子群...
   ✓ 粒子群初始化完成
   ✓ 初始全局最佳适应度: 40.0833

[开始迭代] 最大迭代次数: 50
--------------------------------------------------------------------------------
Iter   0 | Fitness:  40.8340 | Min Rate: 19.1944 Mbps | Sum Rate:  2201.33 Mbps | Mean Rate: 36.6889 Mbps
Iter  10 | Fitness:  48.5536 | Min Rate: 25.3773 Mbps | Sum Rate:  2182.95 Mbps | Mean Rate: 36.3824 Mbps
Iter  20 | Fitness:  48.9551 | Min Rate: 23.2435 Mbps | Sum Rate:  2232.39 Mbps | Mean Rate: 37.2065 Mbps
Iter  30 | Fitness:  48.9551 | Min Rate: 22.6138 Mbps | Sum Rate:  2168.05 Mbps | Mean Rate: 36.1341 Mbps
Iter  40 | Fitness:  48.9551 | Min Rate: 25.9265 Mbps | Sum Rate:  2197.18 Mbps | Mean Rate: 36.6197 Mbps
Iter  49 | Fitness:  48.9551 | Min Rate: 25.0377 Mbps | Sum Rate:  2211.83 Mbps | Mean Rate: 36.8638 Mbps

================================================================================
                                      优化完成                                      
================================================================================

📊 最终性能指标:
   - 总速率 (Sum Rate):      2171.67 Mbps
   - 最小速率 (Min Rate):    25.4893 Mbps
   - 平均速率 (Mean Rate):   36.1945 Mbps
   - 速率标准差 (Std):        6.7778 Mbps
   - 最佳适应度 (Fitness):   48.9551

📈 性能提升:
   - 总速率提升:   -1.35%
   - 最小速率提升: +32.80%

⏱️  计算时间:
   - 总优化时间: 141.12 秒
   - 平均每代:   2.822 秒
    Min Rate: 25.4893 Mbps (141.2s)

  运行 NewSSA...
================================================================================
开始NewSSA优化（论文算法）...
  • 改进1: OBL策略 + 折射原理（公式18）
  • 改进2: 正弦-余弦搜索（公式20）
  • 改进3: 自适应参数r1和w（公式21-22）
  • 麻雀数量: 30
  • 最大迭代: 50
  • 生产者: 20%, 警戒者: 15%
================================================================================

[1/5] OBL策略 + 折射原理初始化...
[2/5] 计算初始适应度...
  ✓ 初始最优适应度: 20.6720 Mbps

[3/5] 开始迭代优化（50次）...
--------------------------------------------------------------------------------
Iter  10/50: Sum=2017.79Mbps, Min=21.9938Mbps, Time=4.255s
Iter  20/50: Sum=2017.79Mbps, Min=21.9938Mbps, Time=4.257s
Iter  30/50: Sum=2017.79Mbps, Min=21.9938Mbps, Time=4.261s
Iter  40/50: Sum=2017.79Mbps, Min=21.9938Mbps, Time=4.264s
Iter  50/50: Sum=1989.52Mbps, Min=22.0060Mbps, Time=4.259s

[4/5] 整理最终结果...

[5/5] 优化完成!
================================================================================
🎉 NewSSA优化完成!
📊 最终总速率: 1989.52 Mbps
🎯 最终最小速率: 22.0060 Mbps
📈 平均速率: 32.7850 Mbps
⏱️  优化时间: 213.18 秒
================================================================================
    Min Rate: 22.0060 Mbps (215.4s)
✓ 结果已保存到: result/original_6uav_seed76.json

==========================================================================================
                                       6 UAVs 结果总结                                        
==========================================================================================
  initial   :  19.03 Mbps ( +0.00%)
  VF        :  27.26 Mbps (+43.23%)
  GA        :  22.83 Mbps (+19.95%)
  PSO       :  25.49 Mbps (+33.92%)
  NewSSA    :  22.01 Mbps (+15.62%)

✓ 种子76 - 6 UAVs 完成（用时 7.8 分钟）

🚀🚀🚀🚀🚀🚀🚀🚀🚀🚀🚀🚀🚀🚀🚀🚀🚀🚀🚀🚀🚀🚀🚀🚀🚀🚀🚀🚀🚀🚀🚀🚀🚀🚀🚀🚀🚀🚀🚀🚀🚀🚀🚀🚀🚀
                                   开始实验: 种子76 - 12 UAVs                                   
🚀🚀🚀🚀🚀🚀🚀🚀🚀🚀🚀🚀🚀🚀🚀🚀🚀🚀🚀🚀🚀🚀🚀🚀🚀🚀🚀🚀🚀🚀🚀🚀🚀🚀🚀🚀🚀🚀🚀🚀🚀🚀🚀🚀🚀

==========================================================================================
                                原始Fitness - 12 UAVs - 种子76                                
==========================================================================================

[1/3] 生成中立场景...
[Neutral Initialization]
  ✓ UE positions: 60 users randomly distributed
  ✓ Ground APs: 4 APs uniformly distributed (2x2 grid)
  ✓ UAVs: 9 UAVs in 3x3 grid
  ✓ Random seed: 76
[2/3] 创建配置...
  初始 Min Rate: 30.2573 Mbps

[3/3] 运行优化器...

  运行 BVF...
开始平衡虚拟力优化（V3正确优化版）...
Iter 0: Sum=2907.75Mbps, Min=30.5839Mbps, BestMin=30.5839Mbps (Iter0), Time=0.109s
Iter 10: Sum=3031.84Mbps, Min=40.8418Mbps, BestMin=40.8418Mbps (Iter10), Time=0.109s
Iter 20: Sum=3035.23Mbps, Min=41.6413Mbps, BestMin=42.4953Mbps (Iter12), Time=0.109s
Iter 30: Sum=3038.18Mbps, Min=39.6373Mbps, BestMin=42.4953Mbps (Iter12), Time=0.109s

🔄 智能重启 #1 (Iter 37)
Iter 40: Sum=2985.61Mbps, Min=37.7668Mbps, BestMin=42.4953Mbps (Iter12), Time=0.110s

🎉 平衡虚拟力优化完成（V3版 - 历代最优记忆）!
✨ 最佳性能出现在第 12 次迭代
📊 历代最优总速率: 3063.12 Mbps
🎯 历代最优最小速率: 42.4953 Mbps
📈 速率标准差: 4.7979 Mbps
⏱️  优化时间: 5.59 秒
⚡ 平均每次迭代: 0.112 秒
🔄 重启次数: 1
    Min Rate: 42.4953 Mbps (5.6s)

  运行 GA...
离散网格生成完成: 9x9 = 81个候选点
开始离散遗传算法优化（网格: 9x9）...
Gen 0: Fitness=3.2545, Sum=2946.45Mbps, Min=25.4443Mbps, Time=3.380s
Gen 10: Fitness=3.6235, Sum=2967.62Mbps, Min=35.2466Mbps, Time=3.372s
Gen 20: Fitness=3.6237, Sum=3058.52Mbps, Min=34.8829Mbps, Time=3.358s
Gen 30: Fitness=3.6237, Sum=3002.01Mbps, Min=36.6789Mbps, Time=3.370s
Gen 40: Fitness=3.6252, Sum=2932.85Mbps, Min=37.2906Mbps, Time=3.477s

🎉 离散遗传算法优化完成!
✨ 最佳性能出现在第 32 代
📊 最终总速率: 2948.37 Mbps
🎯 最终最小速率: 37.0306 Mbps
📈 速率标准差: 6.9396 Mbps
⏱️  优化时间: 169.03 秒
⚡ 平均每代: 3.381 秒
🎲 使用网格点: [4, 12, 18, 25, 36, 42, 43, 59, 61, 62, 65, 77]
    Min Rate: 37.0306 Mbps (169.1s)

  运行 PSO...
✅ 分布式PSO优化器初始化完成
   - 粒子数量: 30
   - 最大迭代次数: 50
   - PSO参数: w=0.729, c1=1.49445, c2=1.49445

================================================================================
                            分布式PSO优化算法 (Algorithm 2)                            
================================================================================

[Step 1] 初始化粒子群...
   ✓ 粒子群初始化完成
   ✓ 初始全局最佳适应度: 64.4516

[开始迭代] 最大迭代次数: 50
--------------------------------------------------------------------------------
Iter   0 | Fitness:  64.4516 | Min Rate: 35.5138 Mbps | Sum Rate:  2927.87 Mbps | Mean Rate: 48.7978 Mbps
Iter  10 | Fitness:  67.3077 | Min Rate: 35.2949 Mbps | Sum Rate:  2902.63 Mbps | Mean Rate: 48.3772 Mbps
Iter  20 | Fitness:  70.2471 | Min Rate: 40.4593 Mbps | Sum Rate:  2998.07 Mbps | Mean Rate: 49.9679 Mbps
Iter  30 | Fitness:  71.1117 | Min Rate: 37.3780 Mbps | Sum Rate:  2934.73 Mbps | Mean Rate: 48.9122 Mbps
Iter  40 | Fitness:  71.1291 | Min Rate: 38.8866 Mbps | Sum Rate:  2983.18 Mbps | Mean Rate: 49.7197 Mbps
Iter  49 | Fitness:  71.1291 | Min Rate: 38.9939 Mbps | Sum Rate:  2984.26 Mbps | Mean Rate: 49.7377 Mbps

================================================================================
                                      优化完成                                      
================================================================================

📊 最终性能指标:
   - 总速率 (Sum Rate):      3032.01 Mbps
   - 最小速率 (Min Rate):    40.1654 Mbps
   - 平均速率 (Mean Rate):   50.5334 Mbps
   - 速率标准差 (Std):        5.9620 Mbps
   - 最佳适应度 (Fitness):   71.1291

📈 性能提升:
   - 总速率提升:   +3.56%
   - 最小速率提升: +13.10%

⏱️  计算时间:
   - 总优化时间: 215.41 秒
   - 平均每代:   4.308 秒
    Min Rate: 40.1654 Mbps (215.5s)

  运行 NewSSA...
================================================================================
开始NewSSA优化（论文算法）...
  • 改进1: OBL策略 + 折射原理（公式18）
  • 改进2: 正弦-余弦搜索（公式20）
  • 改进3: 自适应参数r1和w（公式21-22）
  • 麻雀数量: 30
  • 最大迭代: 50
  • 生产者: 20%, 警戒者: 15%
================================================================================

[1/5] OBL策略 + 折射原理初始化...
[2/5] 计算初始适应度...
  ✓ 初始最优适应度: 35.5416 Mbps

[3/5] 开始迭代优化（50次）...
--------------------------------------------------------------------------------
Iter  10/50: Sum=2942.60Mbps, Min=35.5416Mbps, Time=6.477s
Iter  20/50: Sum=2952.95Mbps, Min=38.2469Mbps, Time=6.494s
Iter  30/50: Sum=2952.95Mbps, Min=38.2469Mbps, Time=6.483s
Iter  40/50: Sum=2952.95Mbps, Min=38.2469Mbps, Time=6.483s
Iter  50/50: Sum=2952.95Mbps, Min=38.2469Mbps, Time=6.465s

[4/5] 整理最终结果...

[5/5] 优化完成!
================================================================================
🎉 NewSSA优化完成!
📊 最终总速率: 2952.95 Mbps
🎯 最终最小速率: 38.2469 Mbps
📈 平均速率: 49.2567 Mbps
⏱️  优化时间: 324.22 秒
================================================================================
    Min Rate: 38.2469 Mbps (327.6s)
✓ 结果已保存到: result/original_12uav_seed76.json

==========================================================================================
                                       12 UAVs 结果总结                                       
==========================================================================================
  initial   :  30.26 Mbps ( +0.00%)
  VF        :  42.50 Mbps (+40.45%)
  GA        :  37.03 Mbps (+22.39%)
  PSO       :  40.17 Mbps (+32.75%)
  NewSSA    :  38.25 Mbps (+26.41%)

✓ 种子76 - 12 UAVs 完成（用时 12.0 分钟）

==========================================================================================
                                      所有实验完成 - 总体总结                                       
==========================================================================================

✅ 全部实验完成！总运行时间: 59.5 分钟


==========================================================================================
                                         种子71 总结                                          
==========================================================================================

  6 UAVs:
    初始:   20.00 Mbps
    VF:     26.35 Mbps (+ 31.8%)
    GA:     25.09 Mbps (+ 25.4%)
    PSO:    25.10 Mbps (+ 25.5%)
    NewSSA: 24.76 Mbps (+ 23.8%)

  12 UAVs:
    初始:   35.14 Mbps
    VF:     44.12 Mbps (+ 25.6%)
    GA:     35.77 Mbps (+  1.8%)
    PSO:    40.83 Mbps (+ 16.2%)
    NewSSA: 40.08 Mbps (+ 14.0%)

==========================================================================================
                                         种子75 总结                                          
==========================================================================================

  6 UAVs:
    初始:   17.62 Mbps
    VF:     29.12 Mbps (+ 65.3%)
    GA:     26.54 Mbps (+ 50.6%)
    PSO:    26.84 Mbps (+ 52.3%)
    NewSSA: 24.64 Mbps (+ 39.9%)

  12 UAVs:
    初始:   34.76 Mbps
    VF:     41.91 Mbps (+ 20.6%)
    GA:     36.33 Mbps (+  4.5%)
    PSO:    36.59 Mbps (+  5.3%)
    NewSSA: 32.91 Mbps (+ -5.3%)

==========================================================================================
                                         种子76 总结                                          
==========================================================================================

  6 UAVs:
    初始:   19.03 Mbps
    VF:     27.26 Mbps (+ 43.2%)
    GA:     22.83 Mbps (+ 20.0%)
    PSO:    25.49 Mbps (+ 33.9%)
    NewSSA: 22.01 Mbps (+ 15.6%)

  12 UAVs:
    初始:   30.26 Mbps
    VF:     42.50 Mbps (+ 40.4%)
    GA:     37.03 Mbps (+ 22.4%)
    PSO:    40.17 Mbps (+ 32.7%)
    NewSSA: 38.25 Mbps (+ 26.4%)

==========================================================================================
                                           结果文件                                           
==========================================================================================

已生成的结果文件:
  ✓ result/original_6uav_seed71.json
  ✓ result/original_12uav_seed71.json
  ✓ result/original_6uav_seed75.json
  ✓ result/original_12uav_seed75.json
  ✓ result/original_6uav_seed76.json
  ✓ result/original_12uav_seed76.json

==========================================================================================
