
====================================================================================================
                                            阈值百分位参数扫描实验                                             
====================================================================================================

配置:
  种子: 71
  UAV配置: [6, 9, 12]
  测试阈值: [50, 60, 75, 80]
  信道实现: 50

====================================================================================================
                                          6 UAVs (10 总AP)                                           
====================================================================================================

  测试阈值 50%...
开始平衡虚拟力优化（V3正确优化版）...
Iter 0: Sum=2088.92Mbps, Min=20.8699Mbps, BestMin=20.8699Mbps (Iter0), Time=0.069s
Iter 10: Sum=1905.81Mbps, Min=20.2828Mbps, BestMin=23.3439Mbps (Iter7), Time=0.070s
Iter 20: Sum=1889.96Mbps, Min=19.6535Mbps, BestMin=23.3439Mbps (Iter7), Time=0.071s
Iter 30: Sum=1847.51Mbps, Min=20.5827Mbps, BestMin=23.3439Mbps (Iter7), Time=0.071s

🔄 智能重启 #1 (Iter 32)
Iter 40: Sum=1916.12Mbps, Min=19.9853Mbps, BestMin=23.3439Mbps (Iter7), Time=0.071s

🎉 平衡虚拟力优化完成（V3版 - 历代最优记忆）!
✨ 最佳性能出现在第 7 次迭代
📊 历代最优总速率: 1947.22 Mbps
🎯 历代最优最小速率: 23.3439 Mbps
📈 速率标准差: 5.5891 Mbps
⏱️  优化时间: 3.60 秒
⚡ 平均每次迭代: 0.072 秒
🔄 重启次数: 1
    初始: 22.09 Mbps, VF: 23.34 Mbps (+5.68%), AP: 5.00, 时间: 3.6s

  测试阈值 60%...
开始平衡虚拟力优化（V3正确优化版）...
Iter 0: Sum=2078.28Mbps, Min=18.1433Mbps, BestMin=18.1433Mbps (Iter0), Time=0.074s
Iter 10: Sum=2083.56Mbps, Min=21.9781Mbps, BestMin=24.5240Mbps (Iter2), Time=0.075s
Iter 20: Sum=2129.70Mbps, Min=23.5949Mbps, BestMin=25.2020Mbps (Iter13), Time=0.074s
Iter 30: Sum=2085.87Mbps, Min=24.1255Mbps, BestMin=25.2020Mbps (Iter13), Time=0.074s
Iter 40: Sum=2075.14Mbps, Min=24.7532Mbps, BestMin=25.8209Mbps (Iter31), Time=0.073s

🎉 平衡虚拟力优化完成（V3版 - 历代最优记忆）!
✨ 最佳性能出现在第 41 次迭代
📊 历代最优总速率: 2046.20 Mbps
🎯 历代最优最小速率: 25.9282 Mbps
📈 速率标准差: 4.0529 Mbps
⏱️  优化时间: 3.77 秒
⚡ 平均每次迭代: 0.075 秒
🔄 重启次数: 0
    初始: 19.08 Mbps, VF: 25.93 Mbps (+35.93%), AP: 4.00, 时间: 3.8s

  测试阈值 75%...
开始平衡虚拟力优化（V3正确优化版）...
Iter 0: Sum=2281.04Mbps, Min=23.8514Mbps, BestMin=23.8514Mbps (Iter0), Time=0.073s
Iter 10: Sum=2235.30Mbps, Min=23.2484Mbps, BestMin=23.8514Mbps (Iter0), Time=0.072s
Iter 20: Sum=2249.97Mbps, Min=24.9310Mbps, BestMin=24.9310Mbps (Iter20), Time=0.072s
Iter 30: Sum=2184.38Mbps, Min=23.0101Mbps, BestMin=25.2058Mbps (Iter23), Time=0.072s
Iter 40: Sum=2180.09Mbps, Min=25.4362Mbps, BestMin=26.3674Mbps (Iter36), Time=0.072s

🎉 平衡虚拟力优化完成（V3版 - 历代最优记忆）!
✨ 最佳性能出现在第 43 次迭代
📊 历代最优总速率: 2170.58 Mbps
🎯 历代最优最小速率: 26.6285 Mbps
📈 速率标准差: 5.8578 Mbps
⏱️  优化时间: 3.67 秒
⚡ 平均每次迭代: 0.073 秒
🔄 重启次数: 0
    初始: 25.63 Mbps, VF: 26.63 Mbps (+3.88%), AP: 3.00, 时间: 3.7s

  测试阈值 80%...
开始平衡虚拟力优化（V3正确优化版）...
Iter 0: Sum=2283.64Mbps, Min=19.3051Mbps, BestMin=19.3051Mbps (Iter0), Time=0.072s
Iter 10: Sum=2220.02Mbps, Min=22.7820Mbps, BestMin=23.4115Mbps (Iter7), Time=0.073s
Iter 20: Sum=2269.25Mbps, Min=23.7827Mbps, BestMin=25.3717Mbps (Iter17), Time=0.072s
Iter 30: Sum=2186.38Mbps, Min=23.3843Mbps, BestMin=25.3717Mbps (Iter17), Time=0.072s
Iter 40: Sum=2181.88Mbps, Min=25.4496Mbps, BestMin=26.3502Mbps (Iter35), Time=0.072s

🎉 平衡虚拟力优化完成（V3版 - 历代最优记忆）!
✨ 最佳性能出现在第 43 次迭代
📊 历代最优总速率: 2179.44 Mbps
🎯 历代最优最小速率: 26.8721 Mbps
📈 速率标准差: 5.7680 Mbps
⏱️  优化时间: 3.85 秒
⚡ 平均每次迭代: 0.077 秒
🔄 重启次数: 0
    初始: 19.98 Mbps, VF: 26.87 Mbps (+34.52%), AP: 3.00, 时间: 3.8s

====================================================================================================
                                          9 UAVs (13 总AP)                                           
====================================================================================================

  测试阈值 50%...
开始平衡虚拟力优化（V3正确优化版）...
Iter 0: Sum=2486.35Mbps, Min=31.0665Mbps, BestMin=31.0665Mbps (Iter0), Time=0.092s
Iter 10: Sum=2135.35Mbps, Min=29.6471Mbps, BestMin=32.4914Mbps (Iter3), Time=0.094s
Iter 20: Sum=2093.72Mbps, Min=26.2615Mbps, BestMin=32.4914Mbps (Iter3), Time=0.092s
Iter 30: Sum=2116.50Mbps, Min=27.2923Mbps, BestMin=32.4914Mbps (Iter3), Time=0.093s

🔄 智能重启 #1 (Iter 31)
Iter 40: Sum=2126.05Mbps, Min=27.5980Mbps, BestMin=32.4914Mbps (Iter3), Time=0.092s

🎉 平衡虚拟力优化完成（V3版 - 历代最优记忆）!
✨ 最佳性能出现在第 3 次迭代
📊 历代最优总速率: 2348.17 Mbps
🎯 历代最优最小速率: 32.4914 Mbps
📈 速率标准差: 3.4140 Mbps
⏱️  优化时间: 4.71 秒
⚡ 平均每次迭代: 0.094 秒
🔄 重启次数: 1
    初始: 31.44 Mbps, VF: 32.49 Mbps (+3.35%), AP: 7.00, 时间: 4.7s

  测试阈值 60%...
开始平衡虚拟力优化（V3正确优化版）...
Iter 0: Sum=2657.23Mbps, Min=32.8664Mbps, BestMin=32.8664Mbps (Iter0), Time=0.093s
Iter 10: Sum=2497.13Mbps, Min=32.7510Mbps, BestMin=34.1891Mbps (Iter1), Time=0.092s
Iter 20: Sum=2413.08Mbps, Min=25.9208Mbps, BestMin=34.1891Mbps (Iter1), Time=0.092s
Iter 30: Sum=2408.36Mbps, Min=31.6152Mbps, BestMin=34.1891Mbps (Iter1), Time=0.092s
Iter 40: Sum=2357.44Mbps, Min=30.7515Mbps, BestMin=34.4132Mbps (Iter31), Time=0.092s

🎉 平衡虚拟力优化完成（V3版 - 历代最优记忆）!
✨ 最佳性能出现在第 31 次迭代
📊 历代最优总速率: 2431.33 Mbps
🎯 历代最优最小速率: 34.4132 Mbps
📈 速率标准差: 3.6753 Mbps
⏱️  优化时间: 4.71 秒
⚡ 平均每次迭代: 0.094 秒
🔄 重启次数: 0
    初始: 33.44 Mbps, VF: 34.41 Mbps (+2.92%), AP: 5.00, 时间: 4.7s

  测试阈值 75%...
开始平衡虚拟力优化（V3正确优化版）...
Iter 0: Sum=2658.26Mbps, Min=31.7248Mbps, BestMin=31.7248Mbps (Iter0), Time=0.092s
Iter 10: Sum=2598.49Mbps, Min=34.5938Mbps, BestMin=36.8284Mbps (Iter6), Time=0.092s
Iter 20: Sum=2593.78Mbps, Min=30.3066Mbps, BestMin=36.8284Mbps (Iter6), Time=0.093s
Iter 30: Sum=2532.79Mbps, Min=34.9907Mbps, BestMin=36.8284Mbps (Iter6), Time=0.093s

🔄 智能重启 #1 (Iter 31)
Iter 40: Sum=2500.27Mbps, Min=33.7096Mbps, BestMin=36.8284Mbps (Iter6), Time=0.091s

🎉 平衡虚拟力优化完成（V3版 - 历代最优记忆）!
✨ 最佳性能出现在第 6 次迭代
📊 历代最优总速率: 2607.79 Mbps
🎯 历代最优最小速率: 36.8284 Mbps
📈 速率标准差: 4.5194 Mbps
⏱️  优化时间: 4.77 秒
⚡ 平均每次迭代: 0.095 秒
🔄 重启次数: 1
    初始: 34.01 Mbps, VF: 36.83 Mbps (+8.28%), AP: 4.00, 时间: 4.8s

  测试阈值 80%...
开始平衡虚拟力优化（V3正确优化版）...
Iter 0: Sum=2681.05Mbps, Min=31.7580Mbps, BestMin=31.7580Mbps (Iter0), Time=0.091s
Iter 10: Sum=2679.13Mbps, Min=33.3249Mbps, BestMin=35.2362Mbps (Iter7), Time=0.095s
Iter 20: Sum=2698.70Mbps, Min=33.7053Mbps, BestMin=35.3443Mbps (Iter17), Time=0.096s
Iter 30: Sum=2712.76Mbps, Min=34.1043Mbps, BestMin=35.9374Mbps (Iter28), Time=0.093s
Iter 40: Sum=2686.40Mbps, Min=32.0910Mbps, BestMin=35.9374Mbps (Iter28), Time=0.093s

🎉 平衡虚拟力优化完成（V3版 - 历代最优记忆）!
✨ 最佳性能出现在第 28 次迭代
📊 历代最优总速率: 2730.01 Mbps
🎯 历代最优最小速率: 35.9374 Mbps
📈 速率标准差: 5.4972 Mbps
⏱️  优化时间: 4.76 秒
⚡ 平均每次迭代: 0.095 秒
🔄 重启次数: 0
    初始: 32.05 Mbps, VF: 35.94 Mbps (+12.11%), AP: 3.00, 时间: 4.8s

====================================================================================================
                                          12 UAVs (16 总AP)                                          
====================================================================================================

  测试阈值 50%...
开始平衡虚拟力优化（V3正确优化版）...
Iter 0: Sum=2907.21Mbps, Min=36.9467Mbps, BestMin=36.9467Mbps (Iter0), Time=0.112s
Iter 10: Sum=2543.23Mbps, Min=34.9385Mbps, BestMin=37.6837Mbps (Iter5), Time=0.111s
Iter 20: Sum=2465.60Mbps, Min=33.6767Mbps, BestMin=37.6837Mbps (Iter5), Time=0.112s
Iter 30: Sum=2448.71Mbps, Min=32.1209Mbps, BestMin=37.6837Mbps (Iter5), Time=0.110s

🔄 智能重启 #1 (Iter 31)
Iter 40: Sum=2567.34Mbps, Min=30.1743Mbps, BestMin=37.8739Mbps (Iter32), Time=0.112s

🎉 平衡虚拟力优化完成（V3版 - 历代最优记忆）!
✨ 最佳性能出现在第 32 次迭代
📊 历代最优总速率: 2752.78 Mbps
🎯 历代最优最小速率: 37.8739 Mbps
📈 速率标准差: 4.0816 Mbps
⏱️  优化时间: 5.71 秒
⚡ 平均每次迭代: 0.114 秒
🔄 重启次数: 1
    初始: 39.43 Mbps, VF: 37.87 Mbps (+-3.94%), AP: 8.00, 时间: 5.7s

  测试阈值 60%...
开始平衡虚拟力优化（V3正确优化版）...
Iter 0: Sum=2930.27Mbps, Min=37.2575Mbps, BestMin=37.2575Mbps (Iter0), Time=0.111s
Iter 10: Sum=2697.18Mbps, Min=37.1851Mbps, BestMin=38.6520Mbps (Iter2), Time=0.110s
Iter 20: Sum=2594.74Mbps, Min=36.9599Mbps, BestMin=38.6520Mbps (Iter2), Time=0.112s
Iter 30: Sum=2563.54Mbps, Min=36.3463Mbps, BestMin=38.6520Mbps (Iter2), Time=0.112s

🔄 智能重启 #1 (Iter 31)
Iter 40: Sum=2712.68Mbps, Min=34.2160Mbps, BestMin=39.3273Mbps (Iter35), Time=0.111s

🎉 平衡虚拟力优化完成（V3版 - 历代最优记忆）!
✨ 最佳性能出现在第 35 次迭代
📊 历代最优总速率: 2790.37 Mbps
🎯 历代最优最小速率: 39.3273 Mbps
📈 速率标准差: 4.2379 Mbps
⏱️  优化时间: 5.71 秒
⚡ 平均每次迭代: 0.114 秒
🔄 重启次数: 1
    初始: 39.79 Mbps, VF: 39.33 Mbps (+-1.15%), AP: 7.00, 时间: 5.7s

  测试阈值 75%...
开始平衡虚拟力优化（V3正确优化版）...
Iter 0: Sum=3006.98Mbps, Min=34.2083Mbps, BestMin=34.2083Mbps (Iter0), Time=0.111s
Iter 10: Sum=3050.13Mbps, Min=40.1673Mbps, BestMin=42.7239Mbps (Iter6), Time=0.111s
Iter 20: Sum=3025.67Mbps, Min=39.2029Mbps, BestMin=42.7239Mbps (Iter6), Time=0.111s
Iter 30: Sum=3034.80Mbps, Min=39.0404Mbps, BestMin=42.7239Mbps (Iter6), Time=0.111s

🔄 智能重启 #1 (Iter 31)
Iter 40: Sum=3030.52Mbps, Min=39.1206Mbps, BestMin=42.7239Mbps (Iter6), Time=0.111s

🎉 平衡虚拟力优化完成（V3版 - 历代最优记忆）!
✨ 最佳性能出现在第 47 次迭代
📊 历代最优总速率: 3044.78 Mbps
🎯 历代最优最小速率: 43.0005 Mbps
📈 速率标准差: 4.1421 Mbps
⏱️  优化时间: 5.70 秒
⚡ 平均每次迭代: 0.114 秒
🔄 重启次数: 1
    初始: 36.70 Mbps, VF: 43.00 Mbps (+17.16%), AP: 4.00, 时间: 5.7s

  测试阈值 80%...
开始平衡虚拟力优化（V3正确优化版）...
Iter 0: Sum=3006.98Mbps, Min=34.2083Mbps, BestMin=34.2083Mbps (Iter0), Time=0.112s
Iter 10: Sum=3050.13Mbps, Min=40.1673Mbps, BestMin=42.7239Mbps (Iter6), Time=0.110s
Iter 20: Sum=3025.67Mbps, Min=39.2029Mbps, BestMin=42.7239Mbps (Iter6), Time=0.115s
Iter 30: Sum=3034.80Mbps, Min=39.0404Mbps, BestMin=42.7239Mbps (Iter6), Time=0.113s

🔄 智能重启 #1 (Iter 31)
Iter 40: Sum=3030.52Mbps, Min=39.1206Mbps, BestMin=42.7239Mbps (Iter6), Time=0.112s

🎉 平衡虚拟力优化完成（V3版 - 历代最优记忆）!
✨ 最佳性能出现在第 47 次迭代
📊 历代最优总速率: 3044.78 Mbps
🎯 历代最优最小速率: 43.0005 Mbps
📈 速率标准差: 4.1421 Mbps
⏱️  优化时间: 5.75 秒
⚡ 平均每次迭代: 0.115 秒
🔄 重启次数: 1
    初始: 36.70 Mbps, VF: 43.00 Mbps (+17.16%), AP: 4.00, 时间: 5.8s

✓ 结果已保存到: result/threshold_percentile_scan_seed71.json


====================================================================================================
                                             阈值百分位对比总结                                              
====================================================================================================

6UAV - 固定选择基准: 26.3489 Mbps
阈值         VF Min       vs固定         AP数          优化提升
----------------------------------------------------------------------------------------------------
50%✗       23.3439          -11.40%  5.00              +5.68%
60%✗       25.9282           -1.60%  4.00             +35.93%
75%✓       26.6285           +1.06%  3.00              +3.88%
80%✓       26.8721           +1.99%  3.00             +34.52%

9UAV - 固定选择基准: 37.0688 Mbps
阈值         VF Min       vs固定         AP数          优化提升
----------------------------------------------------------------------------------------------------
50%✗       32.4914          -12.35%  7.00              +3.35%
60%✗       34.4132           -7.16%  5.00              +2.92%
75%✗       36.8284           -0.65%  4.00              +8.28%
80%✗       35.9374           -3.05%  3.00             +12.11%

12UAV - 固定选择基准: 44.1221 Mbps
阈值         VF Min       vs固定         AP数          优化提升
----------------------------------------------------------------------------------------------------
50%✗       37.8739          -14.16%  8.00              -3.94%
60%✗       39.3273          -10.87%  7.00              -1.15%
75%✗       43.0005           -2.54%  4.00             +17.16%
80%✗       43.0005           -2.54%  4.00             +17.16%

====================================================================================================
                                               最佳阈值推荐                                               
====================================================================================================

  6UAV: 最佳阈值 = 80%, Min Rate = 26.8721 Mbps (vs固定: +1.99%)
  9UAV: 最佳阈值 = 75%, Min Rate = 36.8284 Mbps (vs固定: -0.65%)
  12UAV: 最佳阈值 = 75%, Min Rate = 43.0005 Mbps (vs固定: -2.54%)

总时间: 1.0 分钟
====================================================================================================
