开始全方位对比实验，结果将保存至 result/v5pro_comparison

🔥 运行配置: 6UAV | L=3 | Seed=71
  正在运行 V5Pro...
🚀 开始平衡虚拟力优化 V5-Pro (Comm-Aware + Memory Robustness)...
Iter  0 | MinRate: 25.0399 | SumRate:  3009.0 | BestMin: 25.0399
Iter 10 | MinRate: 26.3624 | SumRate:  2965.8 | BestMin: 26.8082
Iter 20 | MinRate: 24.6611 | SumRate:  2913.2 | BestMin: 27.2418
Iter 30 | MinRate: 26.4579 | SumRate:  2893.1 | BestMin: 28.0170
Iter 40 | MinRate: 26.5772 | SumRate:  2951.9 | BestMin: 28.0258
    V5Pro 完成: Min=28.03, Sum=2945.1
  正在运行 GA...
离散网格生成完成: 9x9 = 81个候选点
开始离散遗传算法优化（网格: 9x9）...
Gen 0: Fitness=3.0288, Sum=2146.92Mbps, Min=19.5170Mbps, Time=2.271s
Gen 10: Fitness=3.1567, Sum=2134.20Mbps, Min=24.0547Mbps, Time=2.176s
Gen 20: Fitness=3.1839, Sum=2123.07Mbps, Min=21.8223Mbps, Time=2.183s
Gen 30: Fitness=3.1869, Sum=2237.68Mbps, Min=21.1198Mbps, Time=2.229s
Gen 40: Fitness=3.2253, Sum=2171.40Mbps, Min=25.7343Mbps, Time=2.186s

🎉 离散遗传算法优化完成!
✨ 最佳性能出现在第 49 代
📊 最终总速率: 2149.96 Mbps
🎯 最终最小速率: 23.9084 Mbps
📈 速率标准差: 6.7850 Mbps
⏱️  优化时间: 110.41 秒
⚡ 平均每代: 2.208 秒
🎲 使用网格点: [15, 28, 42, 52, 54, 67]
    GA 完成: Min=23.91, Sum=2150.0
  正在运行 PSO...
✅ 分布式PSO优化器初始化完成
   - 粒子数量: 30
   - 最大迭代次数: 50
   - PSO参数: w=0.729, c1=1.49445, c2=1.49445

================================================================================
                            分布式PSO优化算法 (Algorithm 2)                            
================================================================================

[Step 1] 初始化粒子群...
   ✓ 粒子群初始化完成
   ✓ 初始全局最佳适应度: 250.2033

[开始迭代] 最大迭代次数: 50
--------------------------------------------------------------------------------
Iter   0 | Fitness: 250.2033 | Min Rate: 20.0656 Mbps | Sum Rate:  2279.16 Mbps | Mean Rate: 37.9860 Mbps
Iter  10 | Fitness: 255.6849 | Min Rate: 21.6735 Mbps | Sum Rate:  2289.42 Mbps | Mean Rate: 38.1570 Mbps
Iter  20 | Fitness: 258.1641 | Min Rate: 23.9898 Mbps | Sum Rate:  2275.45 Mbps | Mean Rate: 37.9242 Mbps
Iter  30 | Fitness: 258.5860 | Min Rate: 23.4911 Mbps | Sum Rate:  2304.95 Mbps | Mean Rate: 38.4158 Mbps
Iter  40 | Fitness: 258.5860 | Min Rate: 24.7356 Mbps | Sum Rate:  2279.71 Mbps | Mean Rate: 37.9951 Mbps
Iter  49 | Fitness: 258.6162 | Min Rate: 23.6505 Mbps | Sum Rate:  2265.21 Mbps | Mean Rate: 37.7535 Mbps

================================================================================
                                      优化完成                                      
================================================================================

📊 最终性能指标:
   - 总速率 (Sum Rate):      2293.14 Mbps
   - 最小速率 (Min Rate):    24.2059 Mbps
   - 平均速率 (Mean Rate):   38.2191 Mbps
   - 速率标准差 (Std):        7.8036 Mbps
   - 最佳适应度 (Fitness):  258.6162

📈 性能提升:
   - 总速率提升:   +0.61%
   - 最小速率提升: +20.63%

⏱️  计算时间:
   - 总优化时间: 140.75 秒
   - 平均每代:   2.815 秒
    PSO 完成: Min=24.21, Sum=2293.1
  正在运行 NewSSA...
================================================================================
开始NewSSA优化（论文算法）...
  • 改进1: OBL策略 + 折射原理（公式18）
  • 改进2: 正弦-余弦搜索（公式20）
  • 改进3: 自适应参数r1和w（公式21-22）
  • 麻雀数量: 30
  • 最大迭代: 50
  • 生产者: 20%, 警戒者: 15%
================================================================================

[1/5] OBL策略 + 折射原理初始化...
[2/5] 计算初始适应度...
  ✓ 初始最优适应度: 22.6108 Mbps

[3/5] 开始迭代优化（50次）...
--------------------------------------------------------------------------------
Iter  10/50: Sum=2152.60Mbps, Min=24.2015Mbps, Time=4.241s
Iter  20/50: Sum=2115.21Mbps, Min=26.1265Mbps, Time=4.250s
Iter  30/50: Sum=2115.21Mbps, Min=26.1265Mbps, Time=4.239s
Iter  40/50: Sum=2115.21Mbps, Min=26.1265Mbps, Time=4.242s
Iter  50/50: Sum=2115.21Mbps, Min=26.1265Mbps, Time=4.240s

[4/5] 整理最终结果...

[5/5] 优化完成!
================================================================================
🎉 NewSSA优化完成!
📊 最终总速率: 2115.21 Mbps
🎯 最终最小速率: 26.1265 Mbps
📈 平均速率: 35.0846 Mbps
⏱️  优化时间: 211.85 秒
================================================================================
    NewSSA 完成: Min=26.13, Sum=2115.2
✅ 结果已保存: v5pro_comp_6uav_L3_seed71.json

🔥 运行配置: 6UAV | L=3 | Seed=75
  正在运行 V5Pro...
🚀 开始平衡虚拟力优化 V5-Pro (Comm-Aware + Memory Robustness)...
Iter  0 | MinRate: 20.5893 | SumRate:  2580.3 | BestMin: 20.5893
Iter 10 | MinRate: 20.6372 | SumRate:  2590.8 | BestMin: 24.6097
Iter 20 | MinRate: 19.1477 | SumRate:  2589.0 | BestMin: 24.6097
  🔄 触发智能重启 #1 (代 26) | 尝试跳出局部最优...
Iter 30 | MinRate: 25.7034 | SumRate:  2611.1 | BestMin: 25.7034
Iter 40 | MinRate: 23.4483 | SumRate:  2600.4 | BestMin: 26.6956
    V5Pro 完成: Min=26.70, Sum=2679.3
  正在运行 GA...
离散网格生成完成: 9x9 = 81个候选点
开始离散遗传算法优化（网格: 9x9）...
Gen 0: Fitness=2.7223, Sum=1860.65Mbps, Min=14.2608Mbps, Time=2.188s
Gen 10: Fitness=3.1554, Sum=2040.04Mbps, Min=24.5515Mbps, Time=2.185s
Gen 20: Fitness=3.1666, Sum=2031.33Mbps, Min=22.9768Mbps, Time=2.195s
Gen 30: Fitness=3.2079, Sum=2073.11Mbps, Min=22.9053Mbps, Time=2.179s
Gen 40: Fitness=3.2191, Sum=2070.92Mbps, Min=23.6154Mbps, Time=2.187s

🎉 离散遗传算法优化完成!
✨ 最佳性能出现在第 47 代
📊 最终总速率: 2007.72 Mbps
🎯 最终最小速率: 24.3734 Mbps
📈 速率标准差: 6.2386 Mbps
⏱️  优化时间: 109.41 秒
⚡ 平均每代: 2.188 秒
🎲 使用网格点: [0, 33, 39, 64, 66, 79]
    GA 完成: Min=24.37, Sum=2007.7
  正在运行 PSO...
✅ 分布式PSO优化器初始化完成
   - 粒子数量: 30
   - 最大迭代次数: 50
   - PSO参数: w=0.729, c1=1.49445, c2=1.49445

================================================================================
                            分布式PSO优化算法 (Algorithm 2)                            
================================================================================

[Step 1] 初始化粒子群...
   ✓ 粒子群初始化完成
   ✓ 初始全局最佳适应度: 226.8532

[开始迭代] 最大迭代次数: 50
--------------------------------------------------------------------------------
Iter   0 | Fitness: 236.8166 | Min Rate: 21.1824 Mbps | Sum Rate:  2101.28 Mbps | Mean Rate: 35.0213 Mbps
Iter  10 | Fitness: 236.8166 | Min Rate: 22.0072 Mbps | Sum Rate:  2117.86 Mbps | Mean Rate: 35.2976 Mbps
Iter  20 | Fitness: 239.7980 | Min Rate: 21.4785 Mbps | Sum Rate:  2126.93 Mbps | Mean Rate: 35.4488 Mbps
Iter  30 | Fitness: 241.0814 | Min Rate: 23.5043 Mbps | Sum Rate:  2126.76 Mbps | Mean Rate: 35.4461 Mbps
Iter  40 | Fitness: 242.0911 | Min Rate: 23.0592 Mbps | Sum Rate:  2152.97 Mbps | Mean Rate: 35.8828 Mbps
Iter  49 | Fitness: 242.3994 | Min Rate: 22.4440 Mbps | Sum Rate:  2149.90 Mbps | Mean Rate: 35.8317 Mbps

================================================================================
                                      优化完成                                      
================================================================================

📊 最终性能指标:
   - 总速率 (Sum Rate):      2140.20 Mbps
   - 最小速率 (Min Rate):    22.7380 Mbps
   - 平均速率 (Mean Rate):   35.6700 Mbps
   - 速率标准差 (Std):        7.8252 Mbps
   - 最佳适应度 (Fitness):  242.3994

📈 性能提升:
   - 总速率提升:   +1.85%
   - 最小速率提升: +7.34%

⏱️  计算时间:
   - 总优化时间: 139.70 秒
   - 平均每代:   2.794 秒
    PSO 完成: Min=22.74, Sum=2140.2
  正在运行 NewSSA...
================================================================================
开始NewSSA优化（论文算法）...
  • 改进1: OBL策略 + 折射原理（公式18）
  • 改进2: 正弦-余弦搜索（公式20）
  • 改进3: 自适应参数r1和w（公式21-22）
  • 麻雀数量: 30
  • 最大迭代: 50
  • 生产者: 20%, 警戒者: 15%
================================================================================

[1/5] OBL策略 + 折射原理初始化...
[2/5] 计算初始适应度...
  ✓ 初始最优适应度: 22.1831 Mbps

[3/5] 开始迭代优化（50次）...
--------------------------------------------------------------------------------
Iter  10/50: Sum=1984.23Mbps, Min=23.3641Mbps, Time=4.246s
Iter  20/50: Sum=2010.06Mbps, Min=24.1747Mbps, Time=4.253s
Iter  30/50: Sum=2010.06Mbps, Min=24.1747Mbps, Time=4.229s
Iter  40/50: Sum=2042.70Mbps, Min=25.0078Mbps, Time=4.225s
Iter  50/50: Sum=2042.70Mbps, Min=25.0078Mbps, Time=4.229s

[4/5] 整理最终结果...

[5/5] 优化完成!
================================================================================
🎉 NewSSA优化完成!
📊 最终总速率: 2042.70 Mbps
🎯 最终最小速率: 25.0078 Mbps
📈 平均速率: 33.9264 Mbps
⏱️  优化时间: 211.81 秒
================================================================================
    NewSSA 完成: Min=25.01, Sum=2042.7
✅ 结果已保存: v5pro_comp_6uav_L3_seed75.json

🔥 运行配置: 6UAV | L=3 | Seed=76
  正在运行 V5Pro...
🚀 开始平衡虚拟力优化 V5-Pro (Comm-Aware + Memory Robustness)...
Iter  0 | MinRate: 22.2199 | SumRate:  2825.0 | BestMin: 22.2199
Iter 10 | MinRate: 23.7295 | SumRate:  2753.9 | BestMin: 24.8079
Iter 20 | MinRate: 21.8720 | SumRate:  2851.9 | BestMin: 25.0321
Iter 30 | MinRate: 23.5704 | SumRate:  2805.5 | BestMin: 26.0151
Iter 40 | MinRate: 24.0808 | SumRate:  2899.9 | BestMin: 26.0151
    V5Pro 完成: Min=26.02, Sum=2866.1
  正在运行 GA...
离散网格生成完成: 9x9 = 81个候选点
开始离散遗传算法优化（网格: 9x9）...
Gen 0: Fitness=2.8466, Sum=2142.81Mbps, Min=17.1934Mbps, Time=2.177s
Gen 10: Fitness=3.1207, Sum=2133.97Mbps, Min=21.2183Mbps, Time=2.187s
Gen 20: Fitness=3.1402, Sum=2247.12Mbps, Min=21.0857Mbps, Time=2.186s
Gen 30: Fitness=3.1922, Sum=2144.28Mbps, Min=21.4336Mbps, Time=2.188s
Gen 40: Fitness=3.1922, Sum=2141.20Mbps, Min=24.3048Mbps, Time=2.175s

🎉 离散遗传算法优化完成!
✨ 最佳性能出现在第 48 代
📊 最终总速率: 2175.63 Mbps
🎯 最终最小速率: 23.2366 Mbps
📈 速率标准差: 6.4785 Mbps
⏱️  优化时间: 109.28 秒
⚡ 平均每代: 2.186 秒
🎲 使用网格点: [1, 14, 44, 45, 58, 79]
    GA 完成: Min=23.24, Sum=2175.6
  正在运行 PSO...
✅ 分布式PSO优化器初始化完成
   - 粒子数量: 30
   - 最大迭代次数: 50
   - PSO参数: w=0.729, c1=1.49445, c2=1.49445

================================================================================
                            分布式PSO优化算法 (Algorithm 2)                            
================================================================================

[Step 1] 初始化粒子群...
   ✓ 粒子群初始化完成
   ✓ 初始全局最佳适应度: 237.5378

[开始迭代] 最大迭代次数: 50
--------------------------------------------------------------------------------
Iter   0 | Fitness: 237.5378 | Min Rate: 16.2206 Mbps | Sum Rate:  2206.48 Mbps | Mean Rate: 36.7747 Mbps
Iter  10 | Fitness: 245.5585 | Min Rate: 21.5780 Mbps | Sum Rate:  2198.49 Mbps | Mean Rate: 36.6415 Mbps
Iter  20 | Fitness: 248.2346 | Min Rate: 18.5215 Mbps | Sum Rate:  2251.30 Mbps | Mean Rate: 37.5217 Mbps
Iter  30 | Fitness: 252.8469 | Min Rate: 18.4293 Mbps | Sum Rate:  2242.63 Mbps | Mean Rate: 37.3771 Mbps
Iter  40 | Fitness: 252.8469 | Min Rate: 21.0356 Mbps | Sum Rate:  2265.50 Mbps | Mean Rate: 37.7584 Mbps
Iter  49 | Fitness: 252.8469 | Min Rate: 21.7629 Mbps | Sum Rate:  2247.25 Mbps | Mean Rate: 37.4542 Mbps

================================================================================
                                      优化完成                                      
================================================================================

📊 最终性能指标:
   - 总速率 (Sum Rate):      2253.18 Mbps
   - 最小速率 (Min Rate):    20.7222 Mbps
   - 平均速率 (Mean Rate):   37.5530 Mbps
   - 速率标准差 (Std):        8.2158 Mbps
   - 最佳适应度 (Fitness):  252.8469

📈 性能提升:
   - 总速率提升:   +2.12%
   - 最小速率提升: +27.75%

⏱️  计算时间:
   - 总优化时间: 139.35 秒
   - 平均每代:   2.787 秒
    PSO 完成: Min=20.72, Sum=2253.2
  正在运行 NewSSA...
================================================================================
开始NewSSA优化（论文算法）...
  • 改进1: OBL策略 + 折射原理（公式18）
  • 改进2: 正弦-余弦搜索（公式20）
  • 改进3: 自适应参数r1和w（公式21-22）
  • 麻雀数量: 30
  • 最大迭代: 50
  • 生产者: 20%, 警戒者: 15%
================================================================================

[1/5] OBL策略 + 折射原理初始化...
[2/5] 计算初始适应度...
  ✓ 初始最优适应度: 20.2465 Mbps

[3/5] 开始迭代优化（50次）...
--------------------------------------------------------------------------------
Iter  10/50: Sum=2035.35Mbps, Min=21.0358Mbps, Time=4.222s
Iter  20/50: Sum=2059.91Mbps, Min=22.5787Mbps, Time=4.214s
Iter  30/50: Sum=2130.99Mbps, Min=23.7018Mbps, Time=4.218s
Iter  40/50: Sum=2130.99Mbps, Min=23.7018Mbps, Time=4.227s
Iter  50/50: Sum=2130.99Mbps, Min=23.7018Mbps, Time=4.218s

[4/5] 整理最终结果...

[5/5] 优化完成!
================================================================================
🎉 NewSSA优化完成!
📊 最终总速率: 2130.99 Mbps
🎯 最终最小速率: 23.7018 Mbps
📈 平均速率: 35.3428 Mbps
⏱️  优化时间: 211.13 秒
================================================================================
    NewSSA 完成: Min=23.70, Sum=2131.0
✅ 结果已保存: v5pro_comp_6uav_L3_seed76.json

🔥 运行配置: 6UAV | L=2 | Seed=51
  正在运行 V5Pro...
🚀 开始平衡虚拟力优化 V5-Pro (Comm-Aware + Memory Robustness)...
Iter  0 | MinRate: 16.6053 | SumRate:  2873.9 | BestMin: 16.6053
Iter 10 | MinRate: 18.6840 | SumRate:  2890.3 | BestMin: 20.3833
Iter 20 | MinRate: 18.0857 | SumRate:  2974.4 | BestMin: 20.3833
  🔄 触发智能重启 #1 (代 28) | 尝试跳出局部最优...
Iter 30 | MinRate: 15.4910 | SumRate:  2945.4 | BestMin: 20.3833
Iter 40 | MinRate: 14.7391 | SumRate:  2957.1 | BestMin: 20.3833
    V5Pro 完成: Min=20.38, Sum=2877.5
  正在运行 GA...
离散网格生成完成: 9x9 = 81个候选点
开始离散遗传算法优化（网格: 9x9）...
Gen 0: Fitness=2.7957, Sum=1954.36Mbps, Min=16.5249Mbps, Time=2.189s
Gen 10: Fitness=3.1767, Sum=2129.50Mbps, Min=23.3340Mbps, Time=2.183s
Gen 20: Fitness=3.2281, Sum=2119.91Mbps, Min=22.6905Mbps, Time=2.168s
Gen 30: Fitness=3.2281, Sum=2169.08Mbps, Min=24.2313Mbps, Time=2.188s
Gen 40: Fitness=3.2281, Sum=2114.94Mbps, Min=21.2553Mbps, Time=2.178s

🎉 离散遗传算法优化完成!
✨ 最佳性能出现在第 20 代
📊 最终总速率: 2124.72 Mbps
🎯 最终最小速率: 22.4990 Mbps
📈 速率标准差: 8.4144 Mbps
⏱️  优化时间: 109.06 秒
⚡ 平均每代: 2.181 秒
🎲 使用网格点: [2, 3, 16, 41, 46, 65]
    GA 完成: Min=22.50, Sum=2124.7
  正在运行 PSO...
✅ 分布式PSO优化器初始化完成
   - 粒子数量: 30
   - 最大迭代次数: 50
   - PSO参数: w=0.729, c1=1.49445, c2=1.49445

================================================================================
                            分布式PSO优化算法 (Algorithm 2)                            
================================================================================

[Step 1] 初始化粒子群...
   ✓ 粒子群初始化完成
   ✓ 初始全局最佳适应度: 240.3601

[开始迭代] 最大迭代次数: 50
--------------------------------------------------------------------------------
Iter   0 | Fitness: 240.3601 | Min Rate: 20.7430 Mbps | Sum Rate:  2212.39 Mbps | Mean Rate: 36.8731 Mbps
Iter  10 | Fitness: 245.4784 | Min Rate: 22.7181 Mbps | Sum Rate:  2241.03 Mbps | Mean Rate: 37.3505 Mbps
Iter  20 | Fitness: 250.5487 | Min Rate: 21.7583 Mbps | Sum Rate:  2239.60 Mbps | Mean Rate: 37.3266 Mbps
Iter  30 | Fitness: 253.6199 | Min Rate: 22.8953 Mbps | Sum Rate:  2242.22 Mbps | Mean Rate: 37.3704 Mbps
Iter  40 | Fitness: 253.6199 | Min Rate: 21.3911 Mbps | Sum Rate:  2230.14 Mbps | Mean Rate: 37.1690 Mbps
Iter  49 | Fitness: 253.6199 | Min Rate: 22.0952 Mbps | Sum Rate:  2237.11 Mbps | Mean Rate: 37.2852 Mbps

================================================================================
                                      优化完成                                      
================================================================================

📊 最终性能指标:
   - 总速率 (Sum Rate):      2247.78 Mbps
   - 最小速率 (Min Rate):    21.8799 Mbps
   - 平均速率 (Mean Rate):   37.4629 Mbps
   - 速率标准差 (Std):        6.8181 Mbps
   - 最佳适应度 (Fitness):  253.6199

📈 性能提升:
   - 总速率提升:   +1.60%
   - 最小速率提升: +5.48%

⏱️  计算时间:
   - 总优化时间: 139.94 秒
   - 平均每代:   2.799 秒
    PSO 完成: Min=21.88, Sum=2247.8
  正在运行 NewSSA...
================================================================================
开始NewSSA优化（论文算法）...
  • 改进1: OBL策略 + 折射原理（公式18）
  • 改进2: 正弦-余弦搜索（公式20）
  • 改进3: 自适应参数r1和w（公式21-22）
  • 麻雀数量: 30
  • 最大迭代: 50
  • 生产者: 20%, 警戒者: 15%
================================================================================

[1/5] OBL策略 + 折射原理初始化...
[2/5] 计算初始适应度...
  ✓ 初始最优适应度: 21.4485 Mbps

[3/5] 开始迭代优化（50次）...
--------------------------------------------------------------------------------
Iter  10/50: Sum=2179.27Mbps, Min=22.7976Mbps, Time=4.236s
Iter  20/50: Sum=2179.27Mbps, Min=22.7976Mbps, Time=4.232s
Iter  30/50: Sum=2179.27Mbps, Min=22.7976Mbps, Time=4.244s
Iter  40/50: Sum=2179.27Mbps, Min=22.7976Mbps, Time=4.225s
Iter  50/50: Sum=2179.27Mbps, Min=22.7976Mbps, Time=4.236s

[4/5] 整理最终结果...

[5/5] 优化完成!
================================================================================
🎉 NewSSA优化完成!
📊 最终总速率: 2179.27 Mbps
🎯 最终最小速率: 22.7976 Mbps
📈 平均速率: 36.7024 Mbps
⏱️  优化时间: 211.71 秒
================================================================================
    NewSSA 完成: Min=22.80, Sum=2179.3
✅ 结果已保存: v5pro_comp_6uav_L2_seed51.json

🔥 运行配置: 6UAV | L=2 | Seed=62
  正在运行 V5Pro...
🚀 开始平衡虚拟力优化 V5-Pro (Comm-Aware + Memory Robustness)...
Iter  0 | MinRate: 17.1394 | SumRate:  2624.7 | BestMin: 17.1394
Iter 10 | MinRate:    nan | SumRate:     nan | BestMin: 21.1848
Iter 20 | MinRate:    nan | SumRate:     nan | BestMin: 21.1848
  🔄 触发智能重启 #1 (代 26) | 尝试跳出局部最优...
Iter 30 | MinRate:    nan | SumRate:     nan | BestMin: 21.1848
Iter 40 | MinRate:    nan | SumRate:     nan | BestMin: 21.1848
    V5Pro 完成: Min=21.18, Sum=2713.1
  正在运行 GA...
离散网格生成完成: 9x9 = 81个候选点
开始离散遗传算法优化（网格: 9x9）...
Gen 0: Fitness=2.7563, Sum=2038.65Mbps, Min=14.8058Mbps, Time=2.180s
Gen 10: Fitness=3.0407, Sum=2081.50Mbps, Min=19.8340Mbps, Time=2.192s
Gen 20: Fitness=3.1131, Sum=2116.46Mbps, Min=21.5237Mbps, Time=2.190s
Gen 30: Fitness=3.1131, Sum=2079.86Mbps, Min=18.1802Mbps, Time=2.183s
Gen 40: Fitness=3.1131, Sum=2110.87Mbps, Min=18.9558Mbps, Time=2.173s

🎉 离散遗传算法优化完成!
✨ 最佳性能出现在第 49 代
📊 最终总速率: 2001.13 Mbps
🎯 最终最小速率: 21.8092 Mbps
📈 速率标准差: 7.1688 Mbps
⏱️  优化时间: 109.33 秒
⚡ 平均每代: 2.187 秒
🎲 使用网格点: [22, 33, 41, 46, 73, 75]
    GA 完成: Min=21.81, Sum=2001.1
  正在运行 PSO...
✅ 分布式PSO优化器初始化完成
   - 粒子数量: 30
   - 最大迭代次数: 50
   - PSO参数: w=0.729, c1=1.49445, c2=1.49445

================================================================================
                            分布式PSO优化算法 (Algorithm 2)                            
================================================================================

[Step 1] 初始化粒子群...
   ✓ 粒子群初始化完成
   ✓ 初始全局最佳适应度: 236.3320

[开始迭代] 最大迭代次数: 50
--------------------------------------------------------------------------------
Iter   0 | Fitness: 236.3320 | Min Rate: 17.2372 Mbps | Sum Rate:  2125.02 Mbps | Mean Rate: 35.4169 Mbps
Iter  10 | Fitness: 238.9954 | Min Rate: 20.7557 Mbps | Sum Rate:  2169.22 Mbps | Mean Rate: 36.1537 Mbps
Iter  20 | Fitness: 247.5049 | Min Rate: 21.6675 Mbps | Sum Rate:  2201.73 Mbps | Mean Rate: 36.6955 Mbps
Iter  30 | Fitness: 247.7517 | Min Rate: 22.3767 Mbps | Sum Rate:  2209.47 Mbps | Mean Rate: 36.8245 Mbps
Iter  40 | Fitness: 248.4224 | Min Rate: 22.7049 Mbps | Sum Rate:  2170.77 Mbps | Mean Rate: 36.1796 Mbps
Iter  49 | Fitness: 249.4080 | Min Rate: 23.1194 Mbps | Sum Rate:  2232.53 Mbps | Mean Rate: 37.2089 Mbps

================================================================================
                                      优化完成                                      
================================================================================

📊 最终性能指标:
   - 总速率 (Sum Rate):      2220.74 Mbps
   - 最小速率 (Min Rate):    22.5010 Mbps
   - 平均速率 (Mean Rate):   37.0123 Mbps
   - 速率标准差 (Std):        7.9197 Mbps
   - 最佳适应度 (Fitness):  249.4080

📈 性能提升:
   - 总速率提升:   +4.50%
   - 最小速率提升: +30.54%

⏱️  计算时间:
   - 总优化时间: 139.61 秒
   - 平均每代:   2.792 秒
    PSO 完成: Min=22.50, Sum=2220.7
  正在运行 NewSSA...
================================================================================
开始NewSSA优化（论文算法）...
  • 改进1: OBL策略 + 折射原理（公式18）
  • 改进2: 正弦-余弦搜索（公式20）
  • 改进3: 自适应参数r1和w（公式21-22）
  • 麻雀数量: 30
  • 最大迭代: 50
  • 生产者: 20%, 警戒者: 15%
================================================================================

[1/5] OBL策略 + 折射原理初始化...
[2/5] 计算初始适应度...
  ✓ 初始最优适应度: 17.0822 Mbps

[3/5] 开始迭代优化（50次）...
--------------------------------------------------------------------------------
Iter  10/50: Sum=2076.38Mbps, Min=23.3030Mbps, Time=4.221s
Iter  20/50: Sum=2076.38Mbps, Min=23.3030Mbps, Time=4.346s
Iter  30/50: Sum=2105.14Mbps, Min=23.3122Mbps, Time=4.214s
Iter  40/50: Sum=2105.14Mbps, Min=23.3122Mbps, Time=4.192s
Iter  50/50: Sum=2105.14Mbps, Min=23.3122Mbps, Time=4.220s

[4/5] 整理最终结果...

[5/5] 优化完成!
================================================================================
🎉 NewSSA优化完成!
📊 最终总速率: 2105.14 Mbps
🎯 最终最小速率: 23.3122 Mbps
📈 平均速率: 34.8772 Mbps
⏱️  优化时间: 211.74 秒
================================================================================
    NewSSA 完成: Min=23.31, Sum=2105.1
✅ 结果已保存: v5pro_comp_6uav_L2_seed62.json

🔥 运行配置: 6UAV | L=2 | Seed=63
  正在运行 V5Pro...
🚀 开始平衡虚拟力优化 V5-Pro (Comm-Aware + Memory Robustness)...
Iter  0 | MinRate: 19.8242 | SumRate:  2732.2 | BestMin: 19.8242
Iter 10 | MinRate:    nan | SumRate:     nan | BestMin: 19.8242
Iter 20 | MinRate:    nan | SumRate:     nan | BestMin: 19.8242
  🔄 触发智能重启 #1 (代 25) | 尝试跳出局部最优...
Iter 30 | MinRate:    nan | SumRate:     nan | BestMin: 19.8242
Iter 40 | MinRate:    nan | SumRate:     nan | BestMin: 19.8242
    V5Pro 完成: Min=19.82, Sum=2732.2
  正在运行 GA...
离散网格生成完成: 9x9 = 81个候选点
开始离散遗传算法优化（网格: 9x9）...
Gen 0: Fitness=2.7610, Sum=1890.61Mbps, Min=16.9391Mbps, Time=2.179s
Gen 10: Fitness=2.9780, Sum=2024.92Mbps, Min=17.2047Mbps, Time=2.183s
Gen 20: Fitness=3.1693, Sum=2150.61Mbps, Min=23.1067Mbps, Time=2.188s
Gen 30: Fitness=3.1693, Sum=2157.39Mbps, Min=22.6226Mbps, Time=2.166s
Gen 40: Fitness=3.1787, Sum=2162.17Mbps, Min=22.0125Mbps, Time=2.180s

🎉 离散遗传算法优化完成!
✨ 最佳性能出现在第 32 代
📊 最终总速率: 2133.71 Mbps
🎯 最终最小速率: 21.6362 Mbps
📈 速率标准差: 8.4668 Mbps
⏱️  优化时间: 109.00 秒
⚡ 平均每代: 2.180 秒
🎲 使用网格点: [14, 22, 51, 54, 57, 68]
    GA 完成: Min=21.64, Sum=2133.7
  正在运行 PSO...
✅ 分布式PSO优化器初始化完成
   - 粒子数量: 30
   - 最大迭代次数: 50
   - PSO参数: w=0.729, c1=1.49445, c2=1.49445

================================================================================
                            分布式PSO优化算法 (Algorithm 2)                            
================================================================================

[Step 1] 初始化粒子群...
   ✓ 粒子群初始化完成
   ✓ 初始全局最佳适应度: 223.8446

[开始迭代] 最大迭代次数: 50
--------------------------------------------------------------------------------
Iter   0 | Fitness: 223.8446 | Min Rate: 18.1832 Mbps | Sum Rate:  2050.29 Mbps | Mean Rate: 34.1715 Mbps
Iter  10 | Fitness: 234.1315 | Min Rate: 17.6682 Mbps | Sum Rate:  2123.12 Mbps | Mean Rate: 35.3853 Mbps
Iter  20 | Fitness: 239.6143 | Min Rate: 16.0987 Mbps | Sum Rate:  2176.80 Mbps | Mean Rate: 36.2801 Mbps
Iter  30 | Fitness: 242.4118 | Min Rate: 18.3112 Mbps | Sum Rate:  2207.36 Mbps | Mean Rate: 36.7894 Mbps
Iter  40 | Fitness: 244.7860 | Min Rate: 17.8192 Mbps | Sum Rate:  2200.37 Mbps | Mean Rate: 36.6728 Mbps
Iter  49 | Fitness: 246.4574 | Min Rate: 17.3448 Mbps | Sum Rate:  2196.82 Mbps | Mean Rate: 36.6136 Mbps

================================================================================
                                      优化完成                                      
================================================================================

📊 最终性能指标:
   - 总速率 (Sum Rate):      2213.26 Mbps
   - 最小速率 (Min Rate):    17.8277 Mbps
   - 平均速率 (Mean Rate):   36.8877 Mbps
   - 速率标准差 (Std):        7.5597 Mbps
   - 最佳适应度 (Fitness):  246.4574

📈 性能提升:
   - 总速率提升:   +7.95%
   - 最小速率提升: -1.96%

⏱️  计算时间:
   - 总优化时间: 139.47 秒
   - 平均每代:   2.789 秒
    PSO 完成: Min=17.83, Sum=2213.3
  正在运行 NewSSA...
================================================================================
开始NewSSA优化（论文算法）...
  • 改进1: OBL策略 + 折射原理（公式18）
  • 改进2: 正弦-余弦搜索（公式20）
  • 改进3: 自适应参数r1和w（公式21-22）
  • 麻雀数量: 30
  • 最大迭代: 50
  • 生产者: 20%, 警戒者: 15%
================================================================================

[1/5] OBL策略 + 折射原理初始化...
[2/5] 计算初始适应度...
  ✓ 初始最优适应度: 16.6996 Mbps

[3/5] 开始迭代优化（50次）...
--------------------------------------------------------------------------------
Iter  10/50: Sum=1990.87Mbps, Min=19.8005Mbps, Time=4.210s
Iter  20/50: Sum=1990.87Mbps, Min=19.8005Mbps, Time=4.211s
Iter  30/50: Sum=1990.87Mbps, Min=19.8005Mbps, Time=4.207s
Iter  40/50: Sum=1990.87Mbps, Min=19.8005Mbps, Time=4.202s
Iter  50/50: Sum=1990.87Mbps, Min=19.8005Mbps, Time=4.218s

[4/5] 整理最终结果...

[5/5] 优化完成!
================================================================================
🎉 NewSSA优化完成!
📊 最终总速率: 1990.87 Mbps
🎯 最终最小速率: 19.8005 Mbps
📈 平均速率: 33.6646 Mbps
⏱️  优化时间: 210.49 秒
================================================================================
    NewSSA 完成: Min=19.80, Sum=1990.9
✅ 结果已保存: v5pro_comp_6uav_L2_seed63.json

🔥 运行配置: 6UAV | L=2 | Seed=77
  正在运行 V5Pro...
🚀 开始平衡虚拟力优化 V5-Pro (Comm-Aware + Memory Robustness)...
Iter  0 | MinRate: 23.4432 | SumRate:  2929.8 | BestMin: 23.4432
Iter 10 | MinRate: 19.6421 | SumRate:  2888.1 | BestMin: 23.4908
Iter 20 | MinRate: 21.7425 | SumRate:  2906.8 | BestMin: 23.4908
  🔄 触发智能重启 #1 (代 26) | 尝试跳出局部最优...
Iter 30 | MinRate: 19.9015 | SumRate:  2943.9 | BestMin: 23.4908
Iter 40 | MinRate: 19.3056 | SumRate:  2895.0 | BestMin: 23.4908
    V5Pro 完成: Min=23.49, Sum=2889.5
  正在运行 GA...
离散网格生成完成: 9x9 = 81个候选点
开始离散遗传算法优化（网格: 9x9）...
Gen 0: Fitness=2.8541, Sum=2069.28Mbps, Min=18.3232Mbps, Time=2.190s
Gen 10: Fitness=3.0064, Sum=2119.80Mbps, Min=19.9516Mbps, Time=2.179s
Gen 20: Fitness=3.1337, Sum=2202.08Mbps, Min=19.6667Mbps, Time=2.176s
Gen 30: Fitness=3.1337, Sum=2183.91Mbps, Min=21.5429Mbps, Time=2.164s
Gen 40: Fitness=3.1337, Sum=2216.07Mbps, Min=19.2289Mbps, Time=2.167s

🎉 离散遗传算法优化完成!
✨ 最佳性能出现在第 48 代
📊 最终总速率: 2208.66 Mbps
🎯 最终最小速率: 24.7227 Mbps
📈 速率标准差: 6.8394 Mbps
⏱️  优化时间: 108.86 秒
⚡ 平均每代: 2.177 秒
🎲 使用网格点: [5, 18, 30, 34, 58, 65]
    GA 完成: Min=24.72, Sum=2208.7
  正在运行 PSO...
✅ 分布式PSO优化器初始化完成
   - 粒子数量: 30
   - 最大迭代次数: 50
   - PSO参数: w=0.729, c1=1.49445, c2=1.49445

================================================================================
                            分布式PSO优化算法 (Algorithm 2)                            
================================================================================

[Step 1] 初始化粒子群...
   ✓ 粒子群初始化完成
   ✓ 初始全局最佳适应度: 234.8287

[开始迭代] 最大迭代次数: 50
--------------------------------------------------------------------------------
Iter   0 | Fitness: 235.9240 | Min Rate: 19.2866 Mbps | Sum Rate:  2128.00 Mbps | Mean Rate: 35.4667 Mbps
Iter  10 | Fitness: 245.7231 | Min Rate: 21.8160 Mbps | Sum Rate:  2222.71 Mbps | Mean Rate: 37.0452 Mbps
Iter  20 | Fitness: 249.7260 | Min Rate: 23.8097 Mbps | Sum Rate:  2224.40 Mbps | Mean Rate: 37.0733 Mbps
Iter  30 | Fitness: 250.8004 | Min Rate: 22.7851 Mbps | Sum Rate:  2220.69 Mbps | Mean Rate: 37.0115 Mbps
Iter  40 | Fitness: 252.2208 | Min Rate: 23.3560 Mbps | Sum Rate:  2202.78 Mbps | Mean Rate: 36.7130 Mbps
Iter  49 | Fitness: 252.2208 | Min Rate: 23.0027 Mbps | Sum Rate:  2205.25 Mbps | Mean Rate: 36.7542 Mbps

================================================================================
                                      优化完成                                      
================================================================================

📊 最终性能指标:
   - 总速率 (Sum Rate):      2206.72 Mbps
   - 最小速率 (Min Rate):    24.4428 Mbps
   - 平均速率 (Mean Rate):   36.7786 Mbps
   - 速率标准差 (Std):        6.5891 Mbps
   - 最佳适应度 (Fitness):  252.2208

📈 性能提升:
   - 总速率提升:   +3.70%
   - 最小速率提升: +26.73%

⏱️  计算时间:
   - 总优化时间: 138.98 秒
   - 平均每代:   2.780 秒
    PSO 完成: Min=24.44, Sum=2206.7
  正在运行 NewSSA...
================================================================================
开始NewSSA优化（论文算法）...
  • 改进1: OBL策略 + 折射原理（公式18）
  • 改进2: 正弦-余弦搜索（公式20）
  • 改进3: 自适应参数r1和w（公式21-22）
  • 麻雀数量: 30
  • 最大迭代: 50
  • 生产者: 20%, 警戒者: 15%
================================================================================

[1/5] OBL策略 + 折射原理初始化...
[2/5] 计算初始适应度...
  ✓ 初始最优适应度: 18.0345 Mbps

[3/5] 开始迭代优化（50次）...
--------------------------------------------------------------------------------
Iter  10/50: Sum=2116.39Mbps, Min=18.7950Mbps, Time=4.226s
Iter  20/50: Sum=2116.39Mbps, Min=18.7950Mbps, Time=4.216s
Iter  30/50: Sum=2116.39Mbps, Min=18.7950Mbps, Time=4.229s
Iter  40/50: Sum=2117.87Mbps, Min=19.7117Mbps, Time=4.209s
Iter  50/50: Sum=2117.87Mbps, Min=19.7117Mbps, Time=4.222s

[4/5] 整理最终结果...

[5/5] 优化完成!
================================================================================
🎉 NewSSA优化完成!
📊 最终总速率: 2117.87 Mbps
🎯 最终最小速率: 19.7117 Mbps
📈 平均速率: 34.9613 Mbps
⏱️  优化时间: 211.07 秒
================================================================================
    NewSSA 完成: Min=19.71, Sum=2117.9
✅ 结果已保存: v5pro_comp_6uav_L2_seed77.json

🔥 运行配置: 6UAV | L=2 | Seed=78
  正在运行 V5Pro...
🚀 开始平衡虚拟力优化 V5-Pro (Comm-Aware + Memory Robustness)...
Iter  0 | MinRate: 17.6602 | SumRate:  2587.8 | BestMin: 17.6602
Iter 10 | MinRate:    nan | SumRate:     nan | BestMin: 18.0838
Iter 20 | MinRate:    nan | SumRate:     nan | BestMin: 18.0838
  🔄 触发智能重启 #1 (代 26) | 尝试跳出局部最优...
Iter 30 | MinRate:    nan | SumRate:     nan | BestMin: 18.0838
Iter 40 | MinRate:    nan | SumRate:     nan | BestMin: 18.0838
    V5Pro 完成: Min=18.08, Sum=2632.2
  正在运行 GA...
离散网格生成完成: 9x9 = 81个候选点
开始离散遗传算法优化（网格: 9x9）...
Gen 0: Fitness=2.8363, Sum=2005.68Mbps, Min=14.7961Mbps, Time=2.178s
Gen 10: Fitness=3.0334, Sum=2124.97Mbps, Min=20.2493Mbps, Time=2.172s
Gen 20: Fitness=3.1097, Sum=2082.75Mbps, Min=20.2598Mbps, Time=2.177s
Gen 30: Fitness=3.1168, Sum=2081.52Mbps, Min=18.9779Mbps, Time=2.185s
Gen 40: Fitness=3.1168, Sum=2087.78Mbps, Min=20.9609Mbps, Time=2.179s

🎉 离散遗传算法优化完成!
✨ 最佳性能出现在第 25 代
📊 最终总速率: 2102.70 Mbps
🎯 最终最小速率: 22.3769 Mbps
📈 速率标准差: 8.9105 Mbps
⏱️  优化时间: 108.81 秒
⚡ 平均每代: 2.176 秒
🎲 使用网格点: [2, 15, 29, 51, 65, 75]
    GA 完成: Min=22.38, Sum=2102.7
  正在运行 PSO...
✅ 分布式PSO优化器初始化完成
   - 粒子数量: 30
   - 最大迭代次数: 50
   - PSO参数: w=0.729, c1=1.49445, c2=1.49445

================================================================================
                            分布式PSO优化算法 (Algorithm 2)                            
================================================================================

[Step 1] 初始化粒子群...
   ✓ 粒子群初始化完成
   ✓ 初始全局最佳适应度: 227.2192

[开始迭代] 最大迭代次数: 50
--------------------------------------------------------------------------------
Iter   0 | Fitness: 227.2192 | Min Rate: 14.7354 Mbps | Sum Rate:  2084.15 Mbps | Mean Rate: 34.7358 Mbps
Iter  10 | Fitness: 231.5652 | Min Rate: 18.0777 Mbps | Sum Rate:  2093.44 Mbps | Mean Rate: 34.8907 Mbps
Iter  20 | Fitness: 235.0992 | Min Rate: 16.6732 Mbps | Sum Rate:  2101.12 Mbps | Mean Rate: 35.0187 Mbps
Iter  30 | Fitness: 236.4939 | Min Rate: 17.1543 Mbps | Sum Rate:  2153.37 Mbps | Mean Rate: 35.8894 Mbps
Iter  40 | Fitness: 237.5609 | Min Rate: 15.0067 Mbps | Sum Rate:  2114.60 Mbps | Mean Rate: 35.2433 Mbps
Iter  49 | Fitness: 237.5609 | Min Rate: 17.4120 Mbps | Sum Rate:  2159.19 Mbps | Mean Rate: 35.9865 Mbps

================================================================================
                                      优化完成                                      
================================================================================

📊 最终性能指标:
   - 总速率 (Sum Rate):      2172.40 Mbps
   - 最小速率 (Min Rate):    17.3542 Mbps
   - 平均速率 (Mean Rate):   36.2067 Mbps
   - 速率标准差 (Std):       11.2716 Mbps
   - 最佳适应度 (Fitness):  237.5609

📈 性能提升:
   - 总速率提升:   +4.23%
   - 最小速率提升: +17.77%

⏱️  计算时间:
   - 总优化时间: 139.21 秒
   - 平均每代:   2.784 秒
    PSO 完成: Min=17.35, Sum=2172.4
  正在运行 NewSSA...
================================================================================
开始NewSSA优化（论文算法）...
  • 改进1: OBL策略 + 折射原理（公式18）
  • 改进2: 正弦-余弦搜索（公式20）
  • 改进3: 自适应参数r1和w（公式21-22）
  • 麻雀数量: 30
  • 最大迭代: 50
  • 生产者: 20%, 警戒者: 15%
================================================================================

[1/5] OBL策略 + 折射原理初始化...
[2/5] 计算初始适应度...
  ✓ 初始最优适应度: 15.6984 Mbps

[3/5] 开始迭代优化（50次）...
--------------------------------------------------------------------------------
Iter  10/50: Sum=1928.11Mbps, Min=18.3218Mbps, Time=4.200s
Iter  20/50: Sum=1928.11Mbps, Min=18.3218Mbps, Time=4.197s
Iter  30/50: Sum=1928.11Mbps, Min=18.3218Mbps, Time=4.222s
Iter  40/50: Sum=1928.11Mbps, Min=18.3218Mbps, Time=4.214s
Iter  50/50: Sum=1928.11Mbps, Min=18.3218Mbps, Time=4.209s

[4/5] 整理最终结果...

[5/5] 优化完成!
================================================================================
🎉 NewSSA优化完成!
📊 最终总速率: 1928.11 Mbps
🎯 最终最小速率: 18.3218 Mbps
📈 平均速率: 32.2263 Mbps
⏱️  优化时间: 210.35 秒
================================================================================
    NewSSA 完成: Min=18.32, Sum=1928.1
✅ 结果已保存: v5pro_comp_6uav_L2_seed78.json

🔥 运行配置: 6UAV | L=2 | Seed=79
  正在运行 V5Pro...
🚀 开始平衡虚拟力优化 V5-Pro (Comm-Aware + Memory Robustness)...
Iter  0 | MinRate: 14.9403 | SumRate:  2701.8 | BestMin: 14.9403
Iter 10 | MinRate: 17.0230 | SumRate:  2748.6 | BestMin: 21.0713
Iter 20 | MinRate: 21.1079 | SumRate:  2748.2 | BestMin: 21.1079
Iter 30 | MinRate: 17.4108 | SumRate:  2812.9 | BestMin: 21.1079
Iter 40 | MinRate: 17.9995 | SumRate:  2788.5 | BestMin: 21.1079
    V5Pro 完成: Min=21.11, Sum=2748.2
  正在运行 GA...
离散网格生成完成: 9x9 = 81个候选点
开始离散遗传算法优化（网格: 9x9）...
Gen 0: Fitness=2.8126, Sum=1957.03Mbps, Min=15.2365Mbps, Time=2.169s
Gen 10: Fitness=3.1252, Sum=2145.78Mbps, Min=21.2316Mbps, Time=2.185s
Gen 20: Fitness=3.1414, Sum=2095.46Mbps, Min=20.9236Mbps, Time=2.177s
Gen 30: Fitness=3.1414, Sum=2149.53Mbps, Min=20.6547Mbps, Time=2.178s
Gen 40: Fitness=3.1451, Sum=2138.10Mbps, Min=20.7916Mbps, Time=2.183s

🎉 离散遗传算法优化完成!
✨ 最佳性能出现在第 42 代
📊 最终总速率: 2148.47 Mbps
🎯 最终最小速率: 22.7350 Mbps
📈 速率标准差: 7.9900 Mbps
⏱️  优化时间: 108.87 秒
⚡ 平均每代: 2.177 秒
🎲 使用网格点: [23, 37, 41, 54, 67, 70]
    GA 完成: Min=22.73, Sum=2148.5
  正在运行 PSO...
✅ 分布式PSO优化器初始化完成
   - 粒子数量: 30
   - 最大迭代次数: 50
   - PSO参数: w=0.729, c1=1.49445, c2=1.49445

================================================================================
                            分布式PSO优化算法 (Algorithm 2)                            
================================================================================

[Step 1] 初始化粒子群...
   ✓ 粒子群初始化完成
   ✓ 初始全局最佳适应度: 228.3744

[开始迭代] 最大迭代次数: 50
--------------------------------------------------------------------------------
Iter   0 | Fitness: 228.3744 | Min Rate: 13.6634 Mbps | Sum Rate:  2140.31 Mbps | Mean Rate: 35.6719 Mbps
Iter  10 | Fitness: 237.0483 | Min Rate: 15.7043 Mbps | Sum Rate:  2154.99 Mbps | Mean Rate: 35.9165 Mbps
Iter  20 | Fitness: 240.4890 | Min Rate: 17.9732 Mbps | Sum Rate:  2203.82 Mbps | Mean Rate: 36.7303 Mbps
Iter  30 | Fitness: 240.9377 | Min Rate: 14.9084 Mbps | Sum Rate:  2179.90 Mbps | Mean Rate: 36.3317 Mbps
Iter  40 | Fitness: 240.9938 | Min Rate: 14.6289 Mbps | Sum Rate:  2225.62 Mbps | Mean Rate: 37.0937 Mbps
Iter  49 | Fitness: 242.6329 | Min Rate: 18.1327 Mbps | Sum Rate:  2215.04 Mbps | Mean Rate: 36.9173 Mbps

================================================================================
                                      优化完成                                      
================================================================================

📊 最终性能指标:
   - 总速率 (Sum Rate):      2256.78 Mbps
   - 最小速率 (Min Rate):    17.5419 Mbps
   - 平均速率 (Mean Rate):   37.6130 Mbps
   - 速率标准差 (Std):        9.9513 Mbps
   - 最佳适应度 (Fitness):  242.6329

📈 性能提升:
   - 总速率提升:   +5.44%
   - 最小速率提升: +28.39%

⏱️  计算时间:
   - 总优化时间: 139.34 秒
   - 平均每代:   2.787 秒
    PSO 完成: Min=17.54, Sum=2256.8
  正在运行 NewSSA...
================================================================================
开始NewSSA优化（论文算法）...
  • 改进1: OBL策略 + 折射原理（公式18）
  • 改进2: 正弦-余弦搜索（公式20）
  • 改进3: 自适应参数r1和w（公式21-22）
  • 麻雀数量: 30
  • 最大迭代: 50
  • 生产者: 20%, 警戒者: 15%
================================================================================

[1/5] OBL策略 + 折射原理初始化...
[2/5] 计算初始适应度...
  ✓ 初始最优适应度: 14.5874 Mbps

[3/5] 开始迭代优化（50次）...
--------------------------------------------------------------------------------
Iter  10/50: Sum=2128.51Mbps, Min=18.8858Mbps, Time=4.220s
Iter  20/50: Sum=2128.51Mbps, Min=18.8858Mbps, Time=4.223s
Iter  30/50: Sum=2128.51Mbps, Min=18.8858Mbps, Time=4.220s
Iter  40/50: Sum=2128.51Mbps, Min=18.8858Mbps, Time=4.203s
Iter  50/50: Sum=2128.51Mbps, Min=18.8858Mbps, Time=4.207s

[4/5] 整理最终结果...

[5/5] 优化完成!
================================================================================
🎉 NewSSA优化完成!
📊 最终总速率: 2128.51 Mbps
🎯 最终最小速率: 18.8858 Mbps
📈 平均速率: 35.1676 Mbps
⏱️  优化时间: 210.73 秒
================================================================================
    NewSSA 完成: Min=18.89, Sum=2128.5
✅ 结果已保存: v5pro_comp_6uav_L2_seed79.json

🔥 运行配置: 6UAV | L=2 | Seed=80
  正在运行 V5Pro...
🚀 开始平衡虚拟力优化 V5-Pro (Comm-Aware + Memory Robustness)...
Iter  0 | MinRate: 23.9215 | SumRate:  2814.8 | BestMin: 23.9215
Iter 10 | MinRate: 23.4653 | SumRate:  2873.8 | BestMin: 23.9348
Iter 20 | MinRate: 24.4606 | SumRate:  2911.2 | BestMin: 24.4606
Iter 30 | MinRate: 20.6265 | SumRate:  2921.8 | BestMin: 24.4606
Iter 40 | MinRate: 22.2238 | SumRate:  2936.4 | BestMin: 24.4606
    V5Pro 完成: Min=24.74, Sum=2941.0
  正在运行 GA...
离散网格生成完成: 9x9 = 81个候选点
开始离散遗传算法优化（网格: 9x9）...
Gen 0: Fitness=2.9470, Sum=2092.44Mbps, Min=16.4474Mbps, Time=2.175s
Gen 10: Fitness=3.0182, Sum=2105.44Mbps, Min=20.0876Mbps, Time=2.186s
Gen 20: Fitness=3.1049, Sum=2122.00Mbps, Min=21.5281Mbps, Time=2.279s
Gen 30: Fitness=3.1310, Sum=2123.48Mbps, Min=19.9164Mbps, Time=2.263s
Gen 40: Fitness=3.1531, Sum=2131.50Mbps, Min=20.7048Mbps, Time=2.281s

🎉 离散遗传算法优化完成!
✨ 最佳性能出现在第 43 代
📊 最终总速率: 2213.59 Mbps
🎯 最终最小速率: 23.1534 Mbps
📈 速率标准差: 7.9710 Mbps
⏱️  优化时间: 112.15 秒
⚡ 平均每代: 2.243 秒
🎲 使用网格点: [13, 19, 23, 59, 62, 64]
    GA 完成: Min=23.15, Sum=2213.6
  正在运行 PSO...
✅ 分布式PSO优化器初始化完成
   - 粒子数量: 30
   - 最大迭代次数: 50
   - PSO参数: w=0.729, c1=1.49445, c2=1.49445

================================================================================
                            分布式PSO优化算法 (Algorithm 2)                            
================================================================================

[Step 1] 初始化粒子群...
   ✓ 粒子群初始化完成
   ✓ 初始全局最佳适应度: 232.3385

[开始迭代] 最大迭代次数: 50
--------------------------------------------------------------------------------
Iter   0 | Fitness: 232.3385 | Min Rate: 13.5402 Mbps | Sum Rate:  2151.97 Mbps | Mean Rate: 35.8661 Mbps
Iter  10 | Fitness: 239.4899 | Min Rate: 20.4569 Mbps | Sum Rate:  2133.19 Mbps | Mean Rate: 35.5532 Mbps
Iter  20 | Fitness: 241.4923 | Min Rate: 21.9449 Mbps | Sum Rate:  2179.64 Mbps | Mean Rate: 36.3274 Mbps
Iter  30 | Fitness: 247.3026 | Min Rate: 21.8695 Mbps | Sum Rate:  2236.49 Mbps | Mean Rate: 37.2749 Mbps
Iter  40 | Fitness: 252.0840 | Min Rate: 21.7295 Mbps | Sum Rate:  2241.63 Mbps | Mean Rate: 37.3605 Mbps
Iter  49 | Fitness: 256.8956 | Min Rate: 23.3951 Mbps | Sum Rate:  2271.60 Mbps | Mean Rate: 37.8600 Mbps

================================================================================
                                      优化完成                                      
================================================================================

📊 最终性能指标:
   - 总速率 (Sum Rate):      2249.92 Mbps
   - 最小速率 (Min Rate):    21.9040 Mbps
   - 平均速率 (Mean Rate):   37.4987 Mbps
   - 速率标准差 (Std):        8.4307 Mbps
   - 最佳适应度 (Fitness):  256.8956

📈 性能提升:
   - 总速率提升:   +4.55%
   - 最小速率提升: +61.77%

⏱️  计算时间:
   - 总优化时间: 139.74 秒
   - 平均每代:   2.795 秒
    PSO 完成: Min=21.90, Sum=2249.9
  正在运行 NewSSA...
================================================================================
开始NewSSA优化（论文算法）...
  • 改进1: OBL策略 + 折射原理（公式18）
  • 改进2: 正弦-余弦搜索（公式20）
  • 改进3: 自适应参数r1和w（公式21-22）
  • 麻雀数量: 30
  • 最大迭代: 50
  • 生产者: 20%, 警戒者: 15%
================================================================================

[1/5] OBL策略 + 折射原理初始化...
[2/5] 计算初始适应度...
  ✓ 初始最优适应度: 19.2603 Mbps

[3/5] 开始迭代优化（50次）...
--------------------------------------------------------------------------------
Iter  10/50: Sum=1987.87Mbps, Min=19.4837Mbps, Time=4.214s
Iter  20/50: Sum=1987.87Mbps, Min=19.4837Mbps, Time=4.200s
Iter  30/50: Sum=1987.87Mbps, Min=19.4837Mbps, Time=4.206s
Iter  40/50: Sum=2053.74Mbps, Min=19.9436Mbps, Time=4.222s
Iter  50/50: Sum=2053.74Mbps, Min=19.9436Mbps, Time=4.217s

[4/5] 整理最终结果...

[5/5] 优化完成!
================================================================================
🎉 NewSSA优化完成!
📊 最终总速率: 2053.74 Mbps
🎯 最终最小速率: 19.9436 Mbps
📈 平均速率: 34.4380 Mbps
⏱️  优化时间: 211.03 秒
================================================================================
    NewSSA 完成: Min=19.94, Sum=2053.7
✅ 结果已保存: v5pro_comp_6uav_L2_seed80.json

🔥 运行配置: 6UAV | L=2 | Seed=81
  正在运行 V5Pro...
🚀 开始平衡虚拟力优化 V5-Pro (Comm-Aware + Memory Robustness)...
Iter  0 | MinRate: 17.9775 | SumRate:  2817.0 | BestMin: 17.9775
Iter 10 | MinRate: 20.0082 | SumRate:  2832.7 | BestMin: 23.5664
Iter 20 | MinRate: 22.4710 | SumRate:  2827.8 | BestMin: 24.0166
Iter 30 | MinRate: 20.1290 | SumRate:  2947.1 | BestMin: 24.0166
  🔄 触发智能重启 #1 (代 36) | 尝试跳出局部最优...
Iter 40 | MinRate:    nan | SumRate:     nan | BestMin: 24.0166
    V5Pro 完成: Min=24.02, Sum=2851.6
  正在运行 GA...
离散网格生成完成: 9x9 = 81个候选点
开始离散遗传算法优化（网格: 9x9）...
Gen 0: Fitness=2.7847, Sum=2009.82Mbps, Min=14.6315Mbps, Time=2.184s
Gen 10: Fitness=3.0974, Sum=2047.56Mbps, Min=21.5099Mbps, Time=2.172s
Gen 20: Fitness=3.1580, Sum=2180.26Mbps, Min=23.1615Mbps, Time=2.175s
Gen 30: Fitness=3.1766, Sum=2193.95Mbps, Min=21.8398Mbps, Time=2.179s
Gen 40: Fitness=3.1766, Sum=2169.62Mbps, Min=23.7991Mbps, Time=2.174s

🎉 离散遗传算法优化完成!
✨ 最佳性能出现在第 49 代
📊 最终总速率: 2101.57 Mbps
🎯 最终最小速率: 24.1427 Mbps
📈 速率标准差: 6.1323 Mbps
⏱️  优化时间: 108.84 秒
⚡ 平均每代: 2.177 秒
🎲 使用网格点: [3, 12, 25, 39, 42, 68]
    GA 完成: Min=24.14, Sum=2101.6
  正在运行 PSO...
✅ 分布式PSO优化器初始化完成
   - 粒子数量: 30
   - 最大迭代次数: 50
   - PSO参数: w=0.729, c1=1.49445, c2=1.49445

================================================================================
                            分布式PSO优化算法 (Algorithm 2)                            
================================================================================

[Step 1] 初始化粒子群...
   ✓ 粒子群初始化完成
   ✓ 初始全局最佳适应度: 233.0773

[开始迭代] 最大迭代次数: 50
--------------------------------------------------------------------------------
Iter   0 | Fitness: 233.2922 | Min Rate: 19.9150 Mbps | Sum Rate:  2102.93 Mbps | Mean Rate: 35.0489 Mbps
Iter  10 | Fitness: 240.3532 | Min Rate: 22.0297 Mbps | Sum Rate:  2125.38 Mbps | Mean Rate: 35.4230 Mbps
Iter  20 | Fitness: 246.7474 | Min Rate: 23.1678 Mbps | Sum Rate:  2193.34 Mbps | Mean Rate: 36.5557 Mbps
Iter  30 | Fitness: 248.8873 | Min Rate: 22.2645 Mbps | Sum Rate:  2207.84 Mbps | Mean Rate: 36.7973 Mbps
Iter  40 | Fitness: 249.2614 | Min Rate: 22.0567 Mbps | Sum Rate:  2199.95 Mbps | Mean Rate: 36.6659 Mbps
Iter  49 | Fitness: 249.2614 | Min Rate: 21.9333 Mbps | Sum Rate:  2195.74 Mbps | Mean Rate: 36.5957 Mbps

================================================================================
                                      优化完成                                      
================================================================================

📊 最终性能指标:
   - 总速率 (Sum Rate):      2187.95 Mbps
   - 最小速率 (Min Rate):    23.7844 Mbps
   - 平均速率 (Mean Rate):   36.4659 Mbps
   - 速率标准差 (Std):        6.8710 Mbps
   - 最佳适应度 (Fitness):  249.2614

📈 性能提升:
   - 总速率提升:   +4.04%
   - 最小速率提升: +19.43%

⏱️  计算时间:
   - 总优化时间: 139.79 秒
   - 平均每代:   2.796 秒
    PSO 完成: Min=23.78, Sum=2188.0
  正在运行 NewSSA...
================================================================================
开始NewSSA优化（论文算法）...
  • 改进1: OBL策略 + 折射原理（公式18）
  • 改进2: 正弦-余弦搜索（公式20）
  • 改进3: 自适应参数r1和w（公式21-22）
  • 麻雀数量: 30
  • 最大迭代: 50
  • 生产者: 20%, 警戒者: 15%
================================================================================

[1/5] OBL策略 + 折射原理初始化...
[2/5] 计算初始适应度...
  ✓ 初始最优适应度: 19.5968 Mbps

[3/5] 开始迭代优化（50次）...
--------------------------------------------------------------------------------
Iter  10/50: Sum=2092.80Mbps, Min=23.4986Mbps, Time=4.204s
Iter  20/50: Sum=2093.15Mbps, Min=23.5575Mbps, Time=4.214s
Iter  30/50: Sum=2093.15Mbps, Min=23.5575Mbps, Time=4.200s
Iter  40/50: Sum=2093.15Mbps, Min=23.5575Mbps, Time=4.688s
Iter  50/50: Sum=2093.15Mbps, Min=23.5575Mbps, Time=4.479s

[4/5] 整理最终结果...

[5/5] 优化完成!
================================================================================
🎉 NewSSA优化完成!
📊 最终总速率: 2093.15 Mbps
🎯 最终最小速率: 23.5575 Mbps
📈 平均速率: 35.2473 Mbps
⏱️  优化时间: 214.60 秒
================================================================================
    NewSSA 完成: Min=23.56, Sum=2093.2
✅ 结果已保存: v5pro_comp_6uav_L2_seed81.json

🔥 运行配置: 6UAV | L=2 | Seed=82
  正在运行 V5Pro...
🚀 开始平衡虚拟力优化 V5-Pro (Comm-Aware + Memory Robustness)...
Iter  0 | MinRate: 16.7543 | SumRate:  2995.6 | BestMin: 16.7543
Iter 10 | MinRate: 15.5372 | SumRate:  3042.3 | BestMin: 16.9870
Iter 20 | MinRate: 16.1659 | SumRate:  3045.5 | BestMin: 16.9870
Iter 30 | MinRate: 13.7509 | SumRate:  3062.9 | BestMin: 16.9870
  🔄 触发智能重启 #1 (代 32) | 尝试跳出局部最优...
Iter 40 | MinRate: 19.8260 | SumRate:  2962.5 | BestMin: 22.4453
    V5Pro 完成: Min=22.45, Sum=2903.6
  正在运行 GA...
离散网格生成完成: 9x9 = 81个候选点
开始离散遗传算法优化（网格: 9x9）...
Gen 0: Fitness=2.7610, Sum=2022.21Mbps, Min=15.9925Mbps, Time=2.322s
Gen 10: Fitness=3.0380, Sum=2065.78Mbps, Min=20.7568Mbps, Time=2.315s
Gen 20: Fitness=3.0647, Sum=2166.09Mbps, Min=20.4930Mbps, Time=2.308s
Gen 30: Fitness=3.1092, Sum=2125.50Mbps, Min=20.7283Mbps, Time=2.316s
Gen 40: Fitness=3.1098, Sum=2128.01Mbps, Min=22.2009Mbps, Time=2.308s

🎉 离散遗传算法优化完成!
✨ 最佳性能出现在第 48 代
📊 最终总速率: 2147.53 Mbps
🎯 最终最小速率: 21.6589 Mbps
📈 速率标准差: 7.0562 Mbps
⏱️  优化时间: 115.31 秒
⚡ 平均每代: 2.306 秒
🎲 使用网格点: [12, 18, 31, 43, 68, 72]
    GA 完成: Min=21.66, Sum=2147.5
  正在运行 PSO...
✅ 分布式PSO优化器初始化完成
   - 粒子数量: 30
   - 最大迭代次数: 50
   - PSO参数: w=0.729, c1=1.49445, c2=1.49445

================================================================================
                            分布式PSO优化算法 (Algorithm 2)                            
================================================================================

[Step 1] 初始化粒子群...
   ✓ 粒子群初始化完成
   ✓ 初始全局最佳适应度: 235.0615

[开始迭代] 最大迭代次数: 50
--------------------------------------------------------------------------------
Iter   0 | Fitness: 235.0615 | Min Rate: 14.1892 Mbps | Sum Rate:  2194.01 Mbps | Mean Rate: 36.5669 Mbps
Iter  10 | Fitness: 237.1914 | Min Rate: 15.3981 Mbps | Sum Rate:  2206.65 Mbps | Mean Rate: 36.7774 Mbps
Iter  20 | Fitness: 251.1537 | Min Rate: 17.7314 Mbps | Sum Rate:  2328.67 Mbps | Mean Rate: 38.8112 Mbps
Iter  30 | Fitness: 251.9561 | Min Rate: 20.4509 Mbps | Sum Rate:  2295.70 Mbps | Mean Rate: 38.2617 Mbps
Iter  40 | Fitness: 252.1006 | Min Rate: 20.4522 Mbps | Sum Rate:  2294.92 Mbps | Mean Rate: 38.2487 Mbps
Iter  49 | Fitness: 254.8481 | Min Rate: 19.2717 Mbps | Sum Rate:  2316.14 Mbps | Mean Rate: 38.6023 Mbps

================================================================================
                                      优化完成                                      
================================================================================

📊 最终性能指标:
   - 总速率 (Sum Rate):      2278.02 Mbps
   - 最小速率 (Min Rate):    19.5405 Mbps
   - 平均速率 (Mean Rate):   37.9670 Mbps
   - 速率标准差 (Std):        8.8468 Mbps
   - 最佳适应度 (Fitness):  254.8481

📈 性能提升:
   - 总速率提升:   +3.83%
   - 最小速率提升: +37.71%

⏱️  计算时间:
   - 总优化时间: 147.20 秒
   - 平均每代:   2.944 秒
    PSO 完成: Min=19.54, Sum=2278.0
  正在运行 NewSSA...
================================================================================
开始NewSSA优化（论文算法）...
  • 改进1: OBL策略 + 折射原理（公式18）
  • 改进2: 正弦-余弦搜索（公式20）
  • 改进3: 自适应参数r1和w（公式21-22）
  • 麻雀数量: 30
  • 最大迭代: 50
  • 生产者: 20%, 警戒者: 15%
================================================================================

[1/5] OBL策略 + 折射原理初始化...
[2/5] 计算初始适应度...
  ✓ 初始最优适应度: 17.0853 Mbps

[3/5] 开始迭代优化（50次）...
--------------------------------------------------------------------------------
Iter  10/50: Sum=2037.55Mbps, Min=18.8187Mbps, Time=4.473s
Iter  20/50: Sum=1983.91Mbps, Min=19.4428Mbps, Time=4.455s
Iter  30/50: Sum=2062.66Mbps, Min=20.0984Mbps, Time=4.442s
Iter  40/50: Sum=2062.66Mbps, Min=20.0984Mbps, Time=4.478s
Iter  50/50: Sum=2062.66Mbps, Min=20.0984Mbps, Time=4.470s

[4/5] 整理最终结果...

[5/5] 优化完成!
================================================================================
🎉 NewSSA优化完成!
📊 最终总速率: 2062.66 Mbps
🎯 最终最小速率: 20.0984 Mbps
📈 平均速率: 33.4595 Mbps
⏱️  优化时间: 223.14 秒
================================================================================
    NewSSA 完成: Min=20.10, Sum=2062.7
✅ 结果已保存: v5pro_comp_6uav_L2_seed82.json

🔥 运行配置: 6UAV | L=2 | Seed=83
  正在运行 V5Pro...
🚀 开始平衡虚拟力优化 V5-Pro (Comm-Aware + Memory Robustness)...
Iter  0 | MinRate: 20.9469 | SumRate:  2818.2 | BestMin: 20.9469
Iter 10 | MinRate: 21.7908 | SumRate:  2926.0 | BestMin: 24.0697
Iter 20 | MinRate: 25.5952 | SumRate:  3023.7 | BestMin: 25.5952
Iter 30 | MinRate: 21.1999 | SumRate:  2971.4 | BestMin: 25.5952
Iter 40 | MinRate: 21.5964 | SumRate:  2977.0 | BestMin: 25.5952
    V5Pro 完成: Min=25.60, Sum=3023.7
  正在运行 GA...
离散网格生成完成: 9x9 = 81个候选点
开始离散遗传算法优化（网格: 9x9）...
Gen 0: Fitness=2.9149, Sum=2065.58Mbps, Min=18.4263Mbps, Time=2.294s
Gen 10: Fitness=3.1697, Sum=2091.03Mbps, Min=22.5553Mbps, Time=2.308s
Gen 20: Fitness=3.1929, Sum=2143.99Mbps, Min=24.0969Mbps, Time=2.303s
Gen 30: Fitness=3.1929, Sum=2147.82Mbps, Min=22.3255Mbps, Time=2.303s
Gen 40: Fitness=3.2561, Sum=2176.77Mbps, Min=24.2963Mbps, Time=2.306s

🎉 离散遗传算法优化完成!
✨ 最佳性能出现在第 41 代
📊 最终总速率: 2177.48 Mbps
🎯 最终最小速率: 21.9842 Mbps
📈 速率标准差: 6.7915 Mbps
⏱️  优化时间: 115.42 秒
⚡ 平均每代: 2.308 秒
🎲 使用网格点: [23, 29, 37, 44, 59, 65]
    GA 完成: Min=21.98, Sum=2177.5
  正在运行 PSO...
✅ 分布式PSO优化器初始化完成
   - 粒子数量: 30
   - 最大迭代次数: 50
   - PSO参数: w=0.729, c1=1.49445, c2=1.49445

================================================================================
                            分布式PSO优化算法 (Algorithm 2)                            
================================================================================

[Step 1] 初始化粒子群...
   ✓ 粒子群初始化完成
   ✓ 初始全局最佳适应度: 240.8545

[开始迭代] 最大迭代次数: 50
--------------------------------------------------------------------------------
Iter   0 | Fitness: 240.8545 | Min Rate: 20.1536 Mbps | Sum Rate:  2201.53 Mbps | Mean Rate: 36.6921 Mbps
Iter  10 | Fitness: 241.7052 | Min Rate: 19.5005 Mbps | Sum Rate:  2138.37 Mbps | Mean Rate: 35.6395 Mbps
Iter  20 | Fitness: 245.3929 | Min Rate: 21.5006 Mbps | Sum Rate:  2227.82 Mbps | Mean Rate: 37.1304 Mbps
Iter  30 | Fitness: 247.0367 | Min Rate: 21.7084 Mbps | Sum Rate:  2218.04 Mbps | Mean Rate: 36.9674 Mbps
Iter  40 | Fitness: 248.7541 | Min Rate: 22.1711 Mbps | Sum Rate:  2232.20 Mbps | Mean Rate: 37.2034 Mbps
Iter  49 | Fitness: 248.7541 | Min Rate: 22.2872 Mbps | Sum Rate:  2198.71 Mbps | Mean Rate: 36.6451 Mbps

================================================================================
                                      优化完成                                      
================================================================================

📊 最终性能指标:
   - 总速率 (Sum Rate):      2233.43 Mbps
   - 最小速率 (Min Rate):    22.9370 Mbps
   - 平均速率 (Mean Rate):   37.2238 Mbps
   - 速率标准差 (Std):        8.4066 Mbps
   - 最佳适应度 (Fitness):  248.7541

📈 性能提升:
   - 总速率提升:   +1.45%
   - 最小速率提升: +13.81%

⏱️  计算时间:
   - 总优化时间: 146.94 秒
   - 平均每代:   2.939 秒
    PSO 完成: Min=22.94, Sum=2233.4
  正在运行 NewSSA...
================================================================================
开始NewSSA优化（论文算法）...
  • 改进1: OBL策略 + 折射原理（公式18）
  • 改进2: 正弦-余弦搜索（公式20）
  • 改进3: 自适应参数r1和w（公式21-22）
  • 麻雀数量: 30
  • 最大迭代: 50
  • 生产者: 20%, 警戒者: 15%
================================================================================

[1/5] OBL策略 + 折射原理初始化...
[2/5] 计算初始适应度...
  ✓ 初始最优适应度: 19.0032 Mbps

[3/5] 开始迭代优化（50次）...
--------------------------------------------------------------------------------
Iter  10/50: Sum=2081.42Mbps, Min=21.2993Mbps, Time=4.455s
Iter  20/50: Sum=2043.26Mbps, Min=22.6397Mbps, Time=4.630s
Iter  30/50: Sum=2103.59Mbps, Min=23.4892Mbps, Time=4.506s
Iter  40/50: Sum=2103.59Mbps, Min=23.4892Mbps, Time=4.440s
Iter  50/50: Sum=2103.59Mbps, Min=23.4892Mbps, Time=4.429s

[4/5] 整理最终结果...

[5/5] 优化完成!
================================================================================
🎉 NewSSA优化完成!
📊 最终总速率: 2103.59 Mbps
🎯 最终最小速率: 23.4892 Mbps
📈 平均速率: 35.1443 Mbps
⏱️  优化时间: 223.97 秒
================================================================================
    NewSSA 完成: Min=23.49, Sum=2103.6
✅ 结果已保存: v5pro_comp_6uav_L2_seed83.json

🔥 运行配置: 6UAV | L=2 | Seed=84
  正在运行 V5Pro...
🚀 开始平衡虚拟力优化 V5-Pro (Comm-Aware + Memory Robustness)...
Iter  0 | MinRate: 19.0657 | SumRate:  2658.8 | BestMin: 19.0657
Iter 10 | MinRate:    nan | SumRate:     nan | BestMin: 19.0657
Iter 20 | MinRate:    nan | SumRate:     nan | BestMin: 19.0657
  🔄 触发智能重启 #1 (代 25) | 尝试跳出局部最优...
Iter 30 | MinRate:    nan | SumRate:     nan | BestMin: 22.6313
Iter 40 | MinRate:    nan | SumRate:     nan | BestMin: 22.6313
    V5Pro 完成: Min=22.63, Sum=2773.7
  正在运行 GA...
离散网格生成完成: 9x9 = 81个候选点
开始离散遗传算法优化（网格: 9x9）...
Gen 0: Fitness=2.7571, Sum=2006.78Mbps, Min=15.1893Mbps, Time=2.310s
Gen 10: Fitness=3.0520, Sum=2061.86Mbps, Min=20.2766Mbps, Time=2.323s
Gen 20: Fitness=3.0557, Sum=2067.42Mbps, Min=19.0129Mbps, Time=2.290s
Gen 30: Fitness=3.0557, Sum=2070.32Mbps, Min=19.0396Mbps, Time=2.304s
Gen 40: Fitness=3.0557, Sum=2032.84Mbps, Min=18.3404Mbps, Time=2.301s

🎉 离散遗传算法优化完成!
✨ 最佳性能出现在第 18 代
📊 最终总速率: 2038.64 Mbps
🎯 最终最小速率: 18.3144 Mbps
📈 速率标准差: 10.0224 Mbps
⏱️  优化时间: 115.33 秒
⚡ 平均每代: 2.307 秒
🎲 使用网格点: [13, 22, 26, 36, 57, 71]
    GA 完成: Min=18.31, Sum=2038.6
  正在运行 PSO...
✅ 分布式PSO优化器初始化完成
   - 粒子数量: 30
   - 最大迭代次数: 50
   - PSO参数: w=0.729, c1=1.49445, c2=1.49445

================================================================================
                            分布式PSO优化算法 (Algorithm 2)                            
================================================================================

[Step 1] 初始化粒子群...
   ✓ 粒子群初始化完成
   ✓ 初始全局最佳适应度: 218.0077

[开始迭代] 最大迭代次数: 50
--------------------------------------------------------------------------------
Iter   0 | Fitness: 220.8230 | Min Rate: 14.4378 Mbps | Sum Rate:  2021.63 Mbps | Mean Rate: 33.6939 Mbps
Iter  10 | Fitness: 232.5229 | Min Rate: 20.0068 Mbps | Sum Rate:  2116.62 Mbps | Mean Rate: 35.2770 Mbps
Iter  20 | Fitness: 234.6775 | Min Rate: 20.6841 Mbps | Sum Rate:  2148.96 Mbps | Mean Rate: 35.8161 Mbps
Iter  30 | Fitness: 236.1160 | Min Rate: 19.9496 Mbps | Sum Rate:  2130.21 Mbps | Mean Rate: 35.5036 Mbps
Iter  40 | Fitness: 236.7935 | Min Rate: 16.5717 Mbps | Sum Rate:  2111.64 Mbps | Mean Rate: 35.1940 Mbps
Iter  49 | Fitness: 236.7935 | Min Rate: 16.7858 Mbps | Sum Rate:  2146.16 Mbps | Mean Rate: 35.7694 Mbps

================================================================================
                                      优化完成                                      
================================================================================

📊 最终性能指标:
   - 总速率 (Sum Rate):      2144.59 Mbps
   - 最小速率 (Min Rate):    18.0815 Mbps
   - 平均速率 (Mean Rate):   35.7432 Mbps
   - 速率标准差 (Std):        8.4520 Mbps
   - 最佳适应度 (Fitness):  236.7935

📈 性能提升:
   - 总速率提升:   +6.08%
   - 最小速率提升: +25.24%

⏱️  计算时间:
   - 总优化时间: 147.10 秒
   - 平均每代:   2.942 秒
    PSO 完成: Min=18.08, Sum=2144.6
  正在运行 NewSSA...
================================================================================
开始NewSSA优化（论文算法）...
  • 改进1: OBL策略 + 折射原理（公式18）
  • 改进2: 正弦-余弦搜索（公式20）
  • 改进3: 自适应参数r1和w（公式21-22）
  • 麻雀数量: 30
  • 最大迭代: 50
  • 生产者: 20%, 警戒者: 15%
================================================================================

[1/5] OBL策略 + 折射原理初始化...
[2/5] 计算初始适应度...
  ✓ 初始最优适应度: 16.5179 Mbps

[3/5] 开始迭代优化（50次）...
--------------------------------------------------------------------------------
Iter  10/50: Sum=1926.38Mbps, Min=17.9201Mbps, Time=4.454s
Iter  20/50: Sum=1926.38Mbps, Min=17.9201Mbps, Time=4.401s
Iter  30/50: Sum=1926.38Mbps, Min=17.9201Mbps, Time=4.406s
Iter  40/50: Sum=1960.01Mbps, Min=18.0044Mbps, Time=4.626s
Iter  50/50: Sum=1960.01Mbps, Min=18.0044Mbps, Time=4.429s

[4/5] 整理最终结果...

[5/5] 优化完成!
================================================================================
🎉 NewSSA优化完成!
📊 最终总速率: 1960.01 Mbps
🎯 最终最小速率: 18.0044 Mbps
📈 平均速率: 32.4260 Mbps
⏱️  优化时间: 221.50 秒
================================================================================
    NewSSA 完成: Min=18.00, Sum=1960.0
✅ 结果已保存: v5pro_comp_6uav_L2_seed84.json

🔥 运行配置: 6UAV | L=2 | Seed=85
  正在运行 V5Pro...
🚀 开始平衡虚拟力优化 V5-Pro (Comm-Aware + Memory Robustness)...
Iter  0 | MinRate: 20.1755 | SumRate:  2751.8 | BestMin: 20.1755
Iter 10 | MinRate:    nan | SumRate:     nan | BestMin: 21.4538
Iter 20 | MinRate:    nan | SumRate:     nan | BestMin: 21.4538
  🔄 触发智能重启 #1 (代 27) | 尝试跳出局部最优...
Iter 30 | MinRate:    nan | SumRate:     nan | BestMin: 21.4538
Iter 40 | MinRate:    nan | SumRate:     nan | BestMin: 21.4538
    V5Pro 完成: Min=21.45, Sum=2868.3
  正在运行 GA...
离散网格生成完成: 9x9 = 81个候选点
开始离散遗传算法优化（网格: 9x9）...
Gen 0: Fitness=2.7952, Sum=1896.13Mbps, Min=15.8124Mbps, Time=2.288s
Gen 10: Fitness=3.0137, Sum=2057.51Mbps, Min=19.1929Mbps, Time=2.256s
Gen 20: Fitness=3.0769, Sum=2128.30Mbps, Min=20.2393Mbps, Time=2.290s
Gen 30: Fitness=3.1243, Sum=2105.79Mbps, Min=21.0753Mbps, Time=2.288s
Gen 40: Fitness=3.1243, Sum=2075.68Mbps, Min=19.2804Mbps, Time=2.310s

🎉 离散遗传算法优化完成!
✨ 最佳性能出现在第 24 代
📊 最终总速率: 2106.72 Mbps
🎯 最终最小速率: 20.7433 Mbps
📈 速率标准差: 7.4403 Mbps
⏱️  优化时间: 114.30 秒
⚡ 平均每代: 2.286 秒
🎲 使用网格点: [22, 27, 51, 57, 63, 71]
    GA 完成: Min=20.74, Sum=2106.7
  正在运行 PSO...
✅ 分布式PSO优化器初始化完成
   - 粒子数量: 30
   - 最大迭代次数: 50
   - PSO参数: w=0.729, c1=1.49445, c2=1.49445

================================================================================
                            分布式PSO优化算法 (Algorithm 2)                            
================================================================================

[Step 1] 初始化粒子群...
   ✓ 粒子群初始化完成
   ✓ 初始全局最佳适应度: 228.9750

[开始迭代] 最大迭代次数: 50
--------------------------------------------------------------------------------
Iter   0 | Fitness: 229.1940 | Min Rate: 18.8405 Mbps | Sum Rate:  2114.49 Mbps | Mean Rate: 35.2414 Mbps
Iter  10 | Fitness: 236.5089 | Min Rate: 19.1073 Mbps | Sum Rate:  2136.07 Mbps | Mean Rate: 35.6012 Mbps
Iter  20 | Fitness: 244.0105 | Min Rate: 20.3333 Mbps | Sum Rate:  2199.09 Mbps | Mean Rate: 36.6515 Mbps
Iter  30 | Fitness: 244.0146 | Min Rate: 21.6040 Mbps | Sum Rate:  2205.74 Mbps | Mean Rate: 36.7624 Mbps
Iter  40 | Fitness: 246.1273 | Min Rate: 19.8522 Mbps | Sum Rate:  2207.14 Mbps | Mean Rate: 36.7857 Mbps
Iter  49 | Fitness: 246.1273 | Min Rate: 19.7925 Mbps | Sum Rate:  2213.93 Mbps | Mean Rate: 36.8989 Mbps

================================================================================
                                      优化完成                                      
================================================================================

📊 最终性能指标:
   - 总速率 (Sum Rate):      2216.36 Mbps
   - 最小速率 (Min Rate):    21.6337 Mbps
   - 平均速率 (Mean Rate):   36.9393 Mbps
   - 速率标准差 (Std):        7.2210 Mbps
   - 最佳适应度 (Fitness):  246.1273

📈 性能提升:
   - 总速率提升:   +4.82%
   - 最小速率提升: +14.83%

⏱️  计算时间:
   - 总优化时间: 146.10 秒
   - 平均每代:   2.922 秒
    PSO 完成: Min=21.63, Sum=2216.4
  正在运行 NewSSA...
================================================================================
开始NewSSA优化（论文算法）...
  • 改进1: OBL策略 + 折射原理（公式18）
  • 改进2: 正弦-余弦搜索（公式20）
  • 改进3: 自适应参数r1和w（公式21-22）
  • 麻雀数量: 30
  • 最大迭代: 50
  • 生产者: 20%, 警戒者: 15%
================================================================================

[1/5] OBL策略 + 折射原理初始化...
[2/5] 计算初始适应度...
  ✓ 初始最优适应度: 18.3735 Mbps

[3/5] 开始迭代优化（50次）...
--------------------------------------------------------------------------------
Iter  10/50: Sum=1955.86Mbps, Min=19.0879Mbps, Time=4.418s
Iter  20/50: Sum=1955.86Mbps, Min=19.0879Mbps, Time=4.418s
Iter  30/50: Sum=1955.86Mbps, Min=19.0879Mbps, Time=4.460s
Iter  40/50: Sum=1955.86Mbps, Min=19.0879Mbps, Time=4.407s
Iter  50/50: Sum=1955.86Mbps, Min=19.0879Mbps, Time=4.410s

[4/5] 整理最终结果...

[5/5] 优化完成!
================================================================================
🎉 NewSSA优化完成!
📊 最终总速率: 1955.86 Mbps
🎯 最终最小速率: 19.0879 Mbps
📈 平均速率: 32.3005 Mbps
⏱️  优化时间: 221.22 秒
================================================================================
    NewSSA 完成: Min=19.09, Sum=1955.9
✅ 结果已保存: v5pro_comp_6uav_L2_seed85.json

🔥 运行配置: 6UAV | L=2 | Seed=86
  正在运行 V5Pro...
🚀 开始平衡虚拟力优化 V5-Pro (Comm-Aware + Memory Robustness)...
Iter  0 | MinRate: 14.7614 | SumRate:  2862.8 | BestMin: 14.7614
Iter 10 | MinRate:    nan | SumRate:     nan | BestMin: 14.7614
Iter 20 | MinRate:    nan | SumRate:     nan | BestMin: 14.7614
  🔄 触发智能重启 #1 (代 25) | 尝试跳出局部最优...
Iter 30 | MinRate:    nan | SumRate:     nan | BestMin: 20.7723
Iter 40 | MinRate:    nan | SumRate:     nan | BestMin: 20.7723
    V5Pro 完成: Min=20.77, Sum=2881.3
  正在运行 GA...
离散网格生成完成: 9x9 = 81个候选点
开始离散遗传算法优化（网格: 9x9）...
Gen 0: Fitness=2.9205, Sum=1999.58Mbps, Min=19.8133Mbps, Time=2.292s
Gen 10: Fitness=3.1252, Sum=2141.65Mbps, Min=20.7250Mbps, Time=2.318s
Gen 20: Fitness=3.1252, Sum=2152.62Mbps, Min=19.6329Mbps, Time=2.298s
Gen 30: Fitness=3.1415, Sum=2215.52Mbps, Min=21.2137Mbps, Time=2.297s
Gen 40: Fitness=3.1471, Sum=2075.53Mbps, Min=21.8649Mbps, Time=2.285s

🎉 离散遗传算法优化完成!
✨ 最佳性能出现在第 45 代
📊 最终总速率: 2205.48 Mbps
🎯 最终最小速率: 22.1306 Mbps
📈 速率标准差: 7.4426 Mbps
⏱️  优化时间: 114.60 秒
⚡ 平均每代: 2.292 秒
🎲 使用网格点: [18, 29, 42, 57, 63, 77]
    GA 完成: Min=22.13, Sum=2205.5
  正在运行 PSO...
✅ 分布式PSO优化器初始化完成
   - 粒子数量: 30
   - 最大迭代次数: 50
   - PSO参数: w=0.729, c1=1.49445, c2=1.49445

================================================================================
                            分布式PSO优化算法 (Algorithm 2)                            
================================================================================

[Step 1] 初始化粒子群...
   ✓ 粒子群初始化完成
   ✓ 初始全局最佳适应度: 247.4852

[开始迭代] 最大迭代次数: 50
--------------------------------------------------------------------------------
Iter   0 | Fitness: 247.4852 | Min Rate: 16.7940 Mbps | Sum Rate:  2284.22 Mbps | Mean Rate: 38.0703 Mbps
Iter  10 | Fitness: 250.0834 | Min Rate: 17.7255 Mbps | Sum Rate:  2275.93 Mbps | Mean Rate: 37.9321 Mbps
Iter  20 | Fitness: 253.7180 | Min Rate: 17.6517 Mbps | Sum Rate:  2276.72 Mbps | Mean Rate: 37.9453 Mbps
Iter  30 | Fitness: 255.7667 | Min Rate: 19.8383 Mbps | Sum Rate:  2269.07 Mbps | Mean Rate: 37.8178 Mbps
Iter  40 | Fitness: 255.7667 | Min Rate: 17.9103 Mbps | Sum Rate:  2286.98 Mbps | Mean Rate: 38.1164 Mbps
Iter  49 | Fitness: 255.7667 | Min Rate: 18.3915 Mbps | Sum Rate:  2297.78 Mbps | Mean Rate: 38.2963 Mbps

================================================================================
                                      优化完成                                      
================================================================================

📊 最终性能指标:
   - 总速率 (Sum Rate):      2299.93 Mbps
   - 最小速率 (Min Rate):    20.4842 Mbps
   - 平均速率 (Mean Rate):   38.3322 Mbps
   - 速率标准差 (Std):        8.4774 Mbps
   - 最佳适应度 (Fitness):  255.7667

📈 性能提升:
   - 总速率提升:   +0.69%
   - 最小速率提升: +21.97%

⏱️  计算时间:
   - 总优化时间: 146.09 秒
   - 平均每代:   2.922 秒
    PSO 完成: Min=20.48, Sum=2299.9
  正在运行 NewSSA...
================================================================================
开始NewSSA优化（论文算法）...
  • 改进1: OBL策略 + 折射原理（公式18）
  • 改进2: 正弦-余弦搜索（公式20）
  • 改进3: 自适应参数r1和w（公式21-22）
  • 麻雀数量: 30
  • 最大迭代: 50
  • 生产者: 20%, 警戒者: 15%
================================================================================

[1/5] OBL策略 + 折射原理初始化...
[2/5] 计算初始适应度...
  ✓ 初始最优适应度: 21.0269 Mbps

[3/5] 开始迭代优化（50次）...
--------------------------------------------------------------------------------
Iter  10/50: Sum=2256.36Mbps, Min=22.6267Mbps, Time=4.506s
Iter  20/50: Sum=2264.94Mbps, Min=22.6437Mbps, Time=4.513s
Iter  30/50: Sum=2227.43Mbps, Min=23.5244Mbps, Time=4.494s
Iter  40/50: Sum=2227.43Mbps, Min=23.5244Mbps, Time=4.524s
Iter  50/50: Sum=2227.43Mbps, Min=23.5244Mbps, Time=4.521s

[4/5] 整理最终结果...

[5/5] 优化完成!
================================================================================
🎉 NewSSA优化完成!
📊 最终总速率: 2227.43 Mbps
🎯 最终最小速率: 23.5244 Mbps
📈 平均速率: 37.2407 Mbps
⏱️  优化时间: 225.67 秒
================================================================================
    NewSSA 完成: Min=23.52, Sum=2227.4
✅ 结果已保存: v5pro_comp_6uav_L2_seed86.json

🔥 运行配置: 6UAV | L=2 | Seed=87
  正在运行 V5Pro...
🚀 开始平衡虚拟力优化 V5-Pro (Comm-Aware + Memory Robustness)...
Iter  0 | MinRate: 19.1177 | SumRate:  2689.8 | BestMin: 19.1177
Iter 10 | MinRate:    nan | SumRate:     nan | BestMin: 19.1177
Iter 20 | MinRate:    nan | SumRate:     nan | BestMin: 19.1177
  🔄 触发智能重启 #1 (代 25) | 尝试跳出局部最优...
Iter 30 | MinRate:    nan | SumRate:     nan | BestMin: 19.1177
Iter 40 | MinRate:    nan | SumRate:     nan | BestMin: 19.1177
    V5Pro 完成: Min=19.12, Sum=2689.8
  正在运行 GA...
离散网格生成完成: 9x9 = 81个候选点
开始离散遗传算法优化（网格: 9x9）...
Gen 0: Fitness=2.6706, Sum=1851.23Mbps, Min=13.6867Mbps, Time=2.332s
Gen 10: Fitness=2.9612, Sum=2129.96Mbps, Min=17.9052Mbps, Time=2.308s
Gen 20: Fitness=2.9829, Sum=2075.30Mbps, Min=18.6659Mbps, Time=2.341s
Gen 30: Fitness=3.1004, Sum=2130.54Mbps, Min=20.1049Mbps, Time=2.377s
Gen 40: Fitness=3.1294, Sum=2109.24Mbps, Min=20.1777Mbps, Time=2.347s

🎉 离散遗传算法优化完成!
✨ 最佳性能出现在第 35 代
📊 最终总速率: 2117.93 Mbps
🎯 最终最小速率: 20.8954 Mbps
📈 速率标准差: 8.1544 Mbps
⏱️  优化时间: 117.30 秒
⚡ 平均每代: 2.346 秒
🎲 使用网格点: [11, 16, 21, 50, 54, 76]
    GA 完成: Min=20.90, Sum=2117.9
  正在运行 PSO...
✅ 分布式PSO优化器初始化完成
   - 粒子数量: 30
   - 最大迭代次数: 50
   - PSO参数: w=0.729, c1=1.49445, c2=1.49445

================================================================================
                            分布式PSO优化算法 (Algorithm 2)                            
================================================================================

[Step 1] 初始化粒子群...
   ✓ 粒子群初始化完成
   ✓ 初始全局最佳适应度: 223.0329

[开始迭代] 最大迭代次数: 50
--------------------------------------------------------------------------------
Iter   0 | Fitness: 223.3170 | Min Rate: 12.7415 Mbps | Sum Rate:  2096.79 Mbps | Mean Rate: 34.9466 Mbps
Iter  10 | Fitness: 227.7547 | Min Rate: 14.6067 Mbps | Sum Rate:  2100.26 Mbps | Mean Rate: 35.0043 Mbps
Iter  20 | Fitness: 239.2239 | Min Rate: 17.9647 Mbps | Sum Rate:  2209.92 Mbps | Mean Rate: 36.8320 Mbps
Iter  30 | Fitness: 245.6132 | Min Rate: 18.4602 Mbps | Sum Rate:  2217.58 Mbps | Mean Rate: 36.9597 Mbps
Iter  40 | Fitness: 246.9699 | Min Rate: 21.4559 Mbps | Sum Rate:  2210.40 Mbps | Mean Rate: 36.8400 Mbps
Iter  49 | Fitness: 247.6752 | Min Rate: 20.8371 Mbps | Sum Rate:  2219.89 Mbps | Mean Rate: 36.9981 Mbps

================================================================================
                                      优化完成                                      
================================================================================

📊 最终性能指标:
   - 总速率 (Sum Rate):      2220.70 Mbps
   - 最小速率 (Min Rate):    20.3369 Mbps
   - 平均速率 (Mean Rate):   37.0117 Mbps
   - 速率标准差 (Std):        8.3546 Mbps
   - 最佳适应度 (Fitness):  247.6752

📈 性能提升:
   - 总速率提升:   +5.91%
   - 最小速率提升: +59.61%

⏱️  计算时间:
   - 总优化时间: 150.95 秒
   - 平均每代:   3.019 秒
    PSO 完成: Min=20.34, Sum=2220.7
  正在运行 NewSSA...
================================================================================
开始NewSSA优化（论文算法）...
  • 改进1: OBL策略 + 折射原理（公式18）
  • 改进2: 正弦-余弦搜索（公式20）
  • 改进3: 自适应参数r1和w（公式21-22）
  • 麻雀数量: 30
  • 最大迭代: 50
  • 生产者: 20%, 警戒者: 15%
================================================================================

[1/5] OBL策略 + 折射原理初始化...
[2/5] 计算初始适应度...
  ✓ 初始最优适应度: 14.2964 Mbps

[3/5] 开始迭代优化（50次）...
--------------------------------------------------------------------------------
Iter  10/50: Sum=2046.57Mbps, Min=17.9027Mbps, Time=4.608s
Iter  20/50: Sum=2046.57Mbps, Min=17.9027Mbps, Time=4.618s
Iter  30/50: Sum=2046.57Mbps, Min=17.9027Mbps, Time=4.622s
Iter  40/50: Sum=2046.57Mbps, Min=17.9027Mbps, Time=4.797s
Iter  50/50: Sum=2046.57Mbps, Min=17.9027Mbps, Time=4.606s

[4/5] 整理最终结果...

[5/5] 优化完成!
================================================================================
🎉 NewSSA优化完成!
📊 最终总速率: 2046.57 Mbps
🎯 最终最小速率: 17.9027 Mbps
📈 平均速率: 33.5575 Mbps
⏱️  优化时间: 231.08 秒
================================================================================
    NewSSA 完成: Min=17.90, Sum=2046.6
✅ 结果已保存: v5pro_comp_6uav_L2_seed87.json

🔥 运行配置: 9UAV | L=4 | Seed=71
  正在运行 V5Pro...
🚀 开始平衡虚拟力优化 V5-Pro (Comm-Aware + Memory Robustness)...
Iter  0 | MinRate: 30.4681 | SumRate:  3252.9 | BestMin: 30.4681
Iter 10 | MinRate: 38.3512 | SumRate:  3321.9 | BestMin: 40.5102
Iter 20 | MinRate: 34.0404 | SumRate:  3287.4 | BestMin: 40.5102
Iter 30 | MinRate: 38.2691 | SumRate:  3294.9 | BestMin: 40.5262
Iter 40 | MinRate: 36.0818 | SumRate:  3327.1 | BestMin: 40.5692
    V5Pro 完成: Min=40.57, Sum=3353.4
  正在运行 GA...
离散网格生成完成: 9x9 = 81个候选点
开始离散遗传算法优化（网格: 9x9）...
Gen 0: Fitness=3.1974, Sum=2605.27Mbps, Min=26.4248Mbps, Time=3.032s
Gen 10: Fitness=3.4454, Sum=2665.00Mbps, Min=32.0147Mbps, Time=3.044s
Gen 20: Fitness=3.4832, Sum=2645.73Mbps, Min=31.1034Mbps, Time=3.050s
Gen 30: Fitness=3.5594, Sum=2557.54Mbps, Min=31.8237Mbps, Time=3.022s
Gen 40: Fitness=3.5594, Sum=2557.65Mbps, Min=33.1928Mbps, Time=3.045s

🎉 离散遗传算法优化完成!
✨ 最佳性能出现在第 25 代
📊 最终总速率: 2570.50 Mbps
🎯 最终最小速率: 33.1690 Mbps
📈 速率标准差: 4.8323 Mbps
⏱️  优化时间: 152.21 秒
⚡ 平均每代: 3.044 秒
🎲 使用网格点: [0, 7, 22, 37, 43, 49, 53, 65, 68]
    GA 完成: Min=33.17, Sum=2570.5
  正在运行 PSO...
✅ 分布式PSO优化器初始化完成
   - 粒子数量: 30
   - 最大迭代次数: 50
   - PSO参数: w=0.729, c1=1.49445, c2=1.49445

================================================================================
                            分布式PSO优化算法 (Algorithm 2)                            
================================================================================

[Step 1] 初始化粒子群...
   ✓ 粒子群初始化完成
   ✓ 初始全局最佳适应度: 296.5798

[开始迭代] 最大迭代次数: 50
--------------------------------------------------------------------------------
Iter   0 | Fitness: 296.5798 | Min Rate: 23.8076 Mbps | Sum Rate:  2667.93 Mbps | Mean Rate: 44.4655 Mbps
Iter  10 | Fitness: 302.6872 | Min Rate: 31.7019 Mbps | Sum Rate:  2686.27 Mbps | Mean Rate: 44.7712 Mbps
Iter  20 | Fitness: 308.8522 | Min Rate: 34.3283 Mbps | Sum Rate:  2685.28 Mbps | Mean Rate: 44.7546 Mbps
Iter  30 | Fitness: 311.9239 | Min Rate: 32.2166 Mbps | Sum Rate:  2725.67 Mbps | Mean Rate: 45.4278 Mbps
Iter  40 | Fitness: 312.3656 | Min Rate: 30.7259 Mbps | Sum Rate:  2734.07 Mbps | Mean Rate: 45.5679 Mbps
Iter  49 | Fitness: 312.3656 | Min Rate: 32.2618 Mbps | Sum Rate:  2719.27 Mbps | Mean Rate: 45.3212 Mbps

================================================================================
                                      优化完成                                      
================================================================================

📊 最终性能指标:
   - 总速率 (Sum Rate):      2732.57 Mbps
   - 最小速率 (Min Rate):    30.6854 Mbps
   - 平均速率 (Mean Rate):   45.5428 Mbps
   - 速率标准差 (Std):        7.1278 Mbps
   - 最佳适应度 (Fitness):  312.3656

📈 性能提升:
   - 总速率提升:   +2.42%
   - 最小速率提升: +28.89%

⏱️  计算时间:
   - 总优化时间: 195.37 秒
   - 平均每代:   3.907 秒
    PSO 完成: Min=30.69, Sum=2732.6
  正在运行 NewSSA...
================================================================================
开始NewSSA优化（论文算法）...
  • 改进1: OBL策略 + 折射原理（公式18）
  • 改进2: 正弦-余弦搜索（公式20）
  • 改进3: 自适应参数r1和w（公式21-22）
  • 麻雀数量: 30
  • 最大迭代: 50
  • 生产者: 20%, 警戒者: 15%
================================================================================

[1/5] OBL策略 + 折射原理初始化...
[2/5] 计算初始适应度...
  ✓ 初始最优适应度: 26.1776 Mbps

[3/5] 开始迭代优化（50次）...
--------------------------------------------------------------------------------
Iter  10/50: Sum=2514.07Mbps, Min=29.5530Mbps, Time=5.968s
Iter  20/50: Sum=2513.10Mbps, Min=29.5982Mbps, Time=6.008s
Iter  30/50: Sum=2590.23Mbps, Min=33.8620Mbps, Time=5.997s
Iter  40/50: Sum=2590.23Mbps, Min=33.8620Mbps, Time=6.001s
Iter  50/50: Sum=2590.23Mbps, Min=33.8620Mbps, Time=6.193s

[4/5] 整理最终结果...

[5/5] 优化完成!
================================================================================
🎉 NewSSA优化完成!
📊 最终总速率: 2590.23 Mbps
🎯 最终最小速率: 33.8620 Mbps
📈 平均速率: 42.5765 Mbps
⏱️  优化时间: 298.28 秒
================================================================================
    NewSSA 完成: Min=33.86, Sum=2590.2
✅ 结果已保存: v5pro_comp_9uav_L4_seed71.json

🔥 运行配置: 9UAV | L=4 | Seed=75
  正在运行 V5Pro...
🚀 开始平衡虚拟力优化 V5-Pro (Comm-Aware + Memory Robustness)...
Iter  0 | MinRate: 31.5253 | SumRate:  3125.1 | BestMin: 31.5253
Iter 10 | MinRate: 29.9582 | SumRate:  3071.0 | BestMin: 33.1868
Iter 20 | MinRate: 28.5228 | SumRate:  3090.5 | BestMin: 33.1868
  🔄 触发智能重启 #1 (代 26) | 尝试跳出局部最优...
Iter 30 | MinRate: 26.4919 | SumRate:  2922.8 | BestMin: 33.1868
Iter 40 | MinRate: 28.4871 | SumRate:  2961.4 | BestMin: 33.1868
    V5Pro 完成: Min=33.19, Sum=3081.7
  正在运行 GA...
离散网格生成完成: 9x9 = 81个候选点
开始离散遗传算法优化（网格: 9x9）...
Gen 0: Fitness=3.1702, Sum=2409.83Mbps, Min=23.0644Mbps, Time=3.086s
Gen 10: Fitness=3.4466, Sum=2521.50Mbps, Min=29.2462Mbps, Time=3.077s
Gen 20: Fitness=3.4534, Sum=2530.53Mbps, Min=29.8271Mbps, Time=3.079s
Gen 30: Fitness=3.4534, Sum=2519.51Mbps, Min=29.2250Mbps, Time=3.161s
Gen 40: Fitness=3.4712, Sum=2575.28Mbps, Min=30.3665Mbps, Time=3.061s

🎉 离散遗传算法优化完成!
✨ 最佳性能出现在第 40 代
📊 最终总速率: 2572.18 Mbps
🎯 最终最小速率: 31.3837 Mbps
📈 速率标准差: 6.2953 Mbps
⏱️  优化时间: 154.34 秒
⚡ 平均每代: 3.087 秒
🎲 使用网格点: [10, 22, 29, 33, 43, 50, 64, 66, 69]
    GA 完成: Min=31.38, Sum=2572.2
  正在运行 PSO...
✅ 分布式PSO优化器初始化完成
   - 粒子数量: 30
   - 最大迭代次数: 50
   - PSO参数: w=0.729, c1=1.49445, c2=1.49445

================================================================================
                            分布式PSO优化算法 (Algorithm 2)                            
================================================================================

[Step 1] 初始化粒子群...
   ✓ 粒子群初始化完成
   ✓ 初始全局最佳适应度: 279.3674

[开始迭代] 最大迭代次数: 50
--------------------------------------------------------------------------------
Iter   0 | Fitness: 279.3674 | Min Rate: 25.8901 Mbps | Sum Rate:  2533.39 Mbps | Mean Rate: 42.2231 Mbps
Iter  10 | Fitness: 285.9330 | Min Rate: 29.7624 Mbps | Sum Rate:  2534.82 Mbps | Mean Rate: 42.2470 Mbps
Iter  20 | Fitness: 286.3642 | Min Rate: 29.3719 Mbps | Sum Rate:  2536.29 Mbps | Mean Rate: 42.2715 Mbps
Iter  30 | Fitness: 292.8280 | Min Rate: 30.5857 Mbps | Sum Rate:  2586.58 Mbps | Mean Rate: 43.1097 Mbps
Iter  40 | Fitness: 292.8280 | Min Rate: 28.6537 Mbps | Sum Rate:  2605.69 Mbps | Mean Rate: 43.4281 Mbps
Iter  49 | Fitness: 294.6149 | Min Rate: 29.5492 Mbps | Sum Rate:  2580.92 Mbps | Mean Rate: 43.0154 Mbps

================================================================================
                                      优化完成                                      
================================================================================

📊 最终性能指标:
   - 总速率 (Sum Rate):      2614.74 Mbps
   - 最小速率 (Min Rate):    31.1447 Mbps
   - 平均速率 (Mean Rate):   43.5790 Mbps
   - 速率标准差 (Std):        6.9295 Mbps
   - 最佳适应度 (Fitness):  294.6149

📈 性能提升:
   - 总速率提升:   +3.21%
   - 最小速率提升: +20.30%

⏱️  计算时间:
   - 总优化时间: 198.01 秒
   - 平均每代:   3.960 秒
    PSO 完成: Min=31.14, Sum=2614.7
  正在运行 NewSSA...
================================================================================
开始NewSSA优化（论文算法）...
  • 改进1: OBL策略 + 折射原理（公式18）
  • 改进2: 正弦-余弦搜索（公式20）
  • 改进3: 自适应参数r1和w（公式21-22）
  • 麻雀数量: 30
  • 最大迭代: 50
  • 生产者: 20%, 警戒者: 15%
================================================================================

[1/5] OBL策略 + 折射原理初始化...
[2/5] 计算初始适应度...
  ✓ 初始最优适应度: 28.4413 Mbps

[3/5] 开始迭代优化（50次）...
--------------------------------------------------------------------------------
Iter  10/50: Sum=2412.67Mbps, Min=30.1745Mbps, Time=6.114s
Iter  20/50: Sum=2412.67Mbps, Min=30.1745Mbps, Time=6.003s
Iter  30/50: Sum=2390.81Mbps, Min=30.1956Mbps, Time=6.115s
Iter  40/50: Sum=2390.81Mbps, Min=30.1956Mbps, Time=6.095s
Iter  50/50: Sum=2390.81Mbps, Min=30.1956Mbps, Time=6.041s

[4/5] 整理最终结果...

[5/5] 优化完成!
================================================================================
🎉 NewSSA优化完成!
📊 最终总速率: 2390.81 Mbps
🎯 最终最小速率: 30.1956 Mbps
📈 平均速率: 39.7112 Mbps
⏱️  优化时间: 300.64 秒
================================================================================
    NewSSA 完成: Min=30.20, Sum=2390.8
✅ 结果已保存: v5pro_comp_9uav_L4_seed75.json

🔥 运行配置: 9UAV | L=4 | Seed=76
  正在运行 V5Pro...
🚀 开始平衡虚拟力优化 V5-Pro (Comm-Aware + Memory Robustness)...
Iter  0 | MinRate: 26.3309 | SumRate:  3202.3 | BestMin: 26.3309
Iter 10 | MinRate: 26.9701 | SumRate:  3216.9 | BestMin: 29.2354
Iter 20 | MinRate: 26.8652 | SumRate:  3204.4 | BestMin: 29.2354
  🔄 触发智能重启 #1 (代 28) | 尝试跳出局部最优...
Iter 30 | MinRate: 24.7845 | SumRate:  3210.2 | BestMin: 29.2354
Iter 40 | MinRate: 25.1198 | SumRate:  3205.3 | BestMin: 29.2354
    V5Pro 完成: Min=29.24, Sum=3169.9
  正在运行 GA...
离散网格生成完成: 9x9 = 81个候选点
开始离散遗传算法优化（网格: 9x9）...
Gen 0: Fitness=3.0699, Sum=2517.22Mbps, Min=22.0721Mbps, Time=3.086s
Gen 10: Fitness=3.5039, Sum=2617.32Mbps, Min=33.5742Mbps, Time=3.084s
Gen 20: Fitness=3.5074, Sum=2583.64Mbps, Min=32.2744Mbps, Time=3.075s
Gen 30: Fitness=3.5074, Sum=2585.13Mbps, Min=30.8027Mbps, Time=3.089s
Gen 40: Fitness=3.5074, Sum=2576.86Mbps, Min=31.6872Mbps, Time=3.129s

🎉 离散遗传算法优化完成!
✨ 最佳性能出现在第 48 代
📊 最终总速率: 2676.00 Mbps
🎯 最终最小速率: 32.4636 Mbps
📈 速率标准差: 5.7010 Mbps
⏱️  优化时间: 156.10 秒
⚡ 平均每代: 3.122 秒
🎲 使用网格点: [5, 10, 13, 20, 35, 55, 67, 69, 79]
    GA 完成: Min=32.46, Sum=2676.0
  正在运行 PSO...
✅ 分布式PSO优化器初始化完成
   - 粒子数量: 30
   - 最大迭代次数: 50
   - PSO参数: w=0.729, c1=1.49445, c2=1.49445

================================================================================
                            分布式PSO优化算法 (Algorithm 2)                            
================================================================================

[Step 1] 初始化粒子群...
   ✓ 粒子群初始化完成
   ✓ 初始全局最佳适应度: 294.2122

[开始迭代] 最大迭代次数: 50
--------------------------------------------------------------------------------
Iter   0 | Fitness: 294.2122 | Min Rate: 27.2419 Mbps | Sum Rate:  2642.52 Mbps | Mean Rate: 44.0420 Mbps
Iter  10 | Fitness: 302.1362 | Min Rate: 32.2093 Mbps | Sum Rate:  2675.03 Mbps | Mean Rate: 44.5839 Mbps
Iter  20 | Fitness: 305.8716 | Min Rate: 31.6182 Mbps | Sum Rate:  2716.90 Mbps | Mean Rate: 45.2816 Mbps
Iter  30 | Fitness: 306.2710 | Min Rate: 31.9298 Mbps | Sum Rate:  2722.77 Mbps | Mean Rate: 45.3794 Mbps
Iter  40 | Fitness: 308.3958 | Min Rate: 30.6491 Mbps | Sum Rate:  2712.09 Mbps | Mean Rate: 45.2016 Mbps
Iter  49 | Fitness: 308.3958 | Min Rate: 30.9445 Mbps | Sum Rate:  2728.86 Mbps | Mean Rate: 45.4810 Mbps

================================================================================
                                      优化完成                                      
================================================================================

📊 最终性能指标:
   - 总速率 (Sum Rate):      2705.24 Mbps
   - 最小速率 (Min Rate):    33.2122 Mbps
   - 平均速率 (Mean Rate):   45.0873 Mbps
   - 速率标准差 (Std):        7.6250 Mbps
   - 最佳适应度 (Fitness):  308.3958

📈 性能提升:
   - 总速率提升:   +2.37%
   - 最小速率提升: +21.92%

⏱️  计算时间:
   - 总优化时间: 199.50 秒
   - 平均每代:   3.990 秒
    PSO 完成: Min=33.21, Sum=2705.2
  正在运行 NewSSA...
================================================================================
开始NewSSA优化（论文算法）...
  • 改进1: OBL策略 + 折射原理（公式18）
  • 改进2: 正弦-余弦搜索（公式20）
  • 改进3: 自适应参数r1和w（公式21-22）
  • 麻雀数量: 30
  • 最大迭代: 50
  • 生产者: 20%, 警戒者: 15%
================================================================================

[1/5] OBL策略 + 折射原理初始化...
[2/5] 计算初始适应度...
  ✓ 初始最优适应度: 28.7159 Mbps

[3/5] 开始迭代优化（50次）...
--------------------------------------------------------------------------------
Iter  10/50: Sum=2563.34Mbps, Min=30.5705Mbps, Time=6.024s
Iter  20/50: Sum=2563.34Mbps, Min=30.5705Mbps, Time=6.124s
Iter  30/50: Sum=2528.85Mbps, Min=31.4765Mbps, Time=5.999s
Iter  40/50: Sum=2528.85Mbps, Min=31.4765Mbps, Time=6.026s
Iter  50/50: Sum=2528.85Mbps, Min=31.4765Mbps, Time=6.042s

[4/5] 整理最终结果...

[5/5] 优化完成!
================================================================================
🎉 NewSSA优化完成!
📊 最终总速率: 2528.85 Mbps
🎯 最终最小速率: 31.4765 Mbps
📈 平均速率: 42.2555 Mbps
⏱️  优化时间: 303.47 秒
================================================================================
    NewSSA 完成: Min=31.48, Sum=2528.8
✅ 结果已保存: v5pro_comp_9uav_L4_seed76.json

🔥 运行配置: 12UAV | L=5 | Seed=71
  正在运行 V5Pro...
🚀 开始平衡虚拟力优化 V5-Pro (Comm-Aware + Memory Robustness)...
Iter  0 | MinRate: 34.5404 | SumRate:  3546.1 | BestMin: 34.5404
Iter 10 | MinRate: 28.6986 | SumRate:  3556.9 | BestMin: 34.7469
Iter 20 | MinRate: 42.9064 | SumRate:  3547.0 | BestMin: 43.2147
Iter 30 | MinRate: 43.0276 | SumRate:  3528.1 | BestMin: 44.3334
Iter 40 | MinRate: 38.8954 | SumRate:  3504.6 | BestMin: 45.7710
    V5Pro 完成: Min=45.77, Sum=3510.1
  正在运行 GA...
离散网格生成完成: 9x9 = 81个候选点
开始离散遗传算法优化（网格: 9x9）...
Gen 0: Fitness=3.5467, Sum=2991.18Mbps, Min=32.9919Mbps, Time=3.773s
Gen 10: Fitness=3.6730, Sum=2933.75Mbps, Min=35.2658Mbps, Time=3.824s
Gen 20: Fitness=3.6833, Sum=2987.19Mbps, Min=35.9138Mbps, Time=3.838s
Gen 30: Fitness=3.6969, Sum=2979.17Mbps, Min=40.3682Mbps, Time=4.044s
Gen 40: Fitness=3.7203, Sum=2956.34Mbps, Min=39.5498Mbps, Time=3.875s

🎉 离散遗传算法优化完成!
✨ 最佳性能出现在第 49 代
📊 最终总速率: 2984.15 Mbps
🎯 最终最小速率: 38.6260 Mbps
📈 速率标准差: 5.7667 Mbps
⏱️  优化时间: 190.50 秒
⚡ 平均每代: 3.810 秒
🎲 使用网格点: [9, 12, 15, 26, 37, 41, 43, 53, 56, 74, 75, 78]
    GA 完成: Min=38.63, Sum=2984.1
  正在运行 PSO...
✅ 分布式PSO优化器初始化完成
   - 粒子数量: 30
   - 最大迭代次数: 50
   - PSO参数: w=0.729, c1=1.49445, c2=1.49445

================================================================================
                            分布式PSO优化算法 (Algorithm 2)                            
================================================================================

[Step 1] 初始化粒子群...
   ✓ 粒子群初始化完成
   ✓ 初始全局最佳适应度: 338.3225

[开始迭代] 最大迭代次数: 50
--------------------------------------------------------------------------------
Iter   0 | Fitness: 338.3225 | Min Rate: 36.1998 Mbps | Sum Rate:  3035.58 Mbps | Mean Rate: 50.5929 Mbps
Iter  10 | Fitness: 341.1903 | Min Rate: 32.5741 Mbps | Sum Rate:  3026.99 Mbps | Mean Rate: 50.4499 Mbps
Iter  20 | Fitness: 341.9962 | Min Rate: 32.4122 Mbps | Sum Rate:  3034.95 Mbps | Mean Rate: 50.5826 Mbps
Iter  30 | Fitness: 351.6183 | Min Rate: 36.5257 Mbps | Sum Rate:  3053.40 Mbps | Mean Rate: 50.8900 Mbps
Iter  40 | Fitness: 351.6183 | Min Rate: 36.2200 Mbps | Sum Rate:  3076.10 Mbps | Mean Rate: 51.2683 Mbps
Iter  49 | Fitness: 351.6183 | Min Rate: 37.8315 Mbps | Sum Rate:  3064.62 Mbps | Mean Rate: 51.0771 Mbps

================================================================================
                                      优化完成                                      
================================================================================

📊 最终性能指标:
   - 总速率 (Sum Rate):      3090.30 Mbps
   - 最小速率 (Min Rate):    37.5181 Mbps
   - 平均速率 (Mean Rate):   51.5050 Mbps
   - 速率标准差 (Std):        6.4544 Mbps
   - 最佳适应度 (Fitness):  351.6183

📈 性能提升:
   - 总速率提升:   +1.80%
   - 最小速率提升: +3.64%

⏱️  计算时间:
   - 总优化时间: 242.24 秒
   - 平均每代:   4.845 秒
    PSO 完成: Min=37.52, Sum=3090.3
  正在运行 NewSSA...
================================================================================
开始NewSSA优化（论文算法）...
  • 改进1: OBL策略 + 折射原理（公式18）
  • 改进2: 正弦-余弦搜索（公式20）
  • 改进3: 自适应参数r1和w（公式21-22）
  • 麻雀数量: 30
  • 最大迭代: 50
  • 生产者: 20%, 警戒者: 15%
================================================================================

[1/5] OBL策略 + 折射原理初始化...
[2/5] 计算初始适应度...
  ✓ 初始最优适应度: 36.9980 Mbps

[3/5] 开始迭代优化（50次）...
--------------------------------------------------------------------------------
Iter  10/50: Sum=2939.67Mbps, Min=40.0010Mbps, Time=7.381s
Iter  20/50: Sum=2943.86Mbps, Min=40.0135Mbps, Time=7.403s
Iter  30/50: Sum=2955.77Mbps, Min=40.8403Mbps, Time=7.358s
Iter  40/50: Sum=2955.77Mbps, Min=40.8403Mbps, Time=7.314s
Iter  50/50: Sum=2955.77Mbps, Min=40.8403Mbps, Time=7.369s

[4/5] 整理最终结果...

[5/5] 优化完成!
================================================================================
🎉 NewSSA优化完成!
📊 最终总速率: 2955.77 Mbps
🎯 最终最小速率: 40.8403 Mbps
📈 平均速率: 49.0264 Mbps
⏱️  优化时间: 367.39 秒
================================================================================
    NewSSA 完成: Min=40.84, Sum=2955.8
✅ 结果已保存: v5pro_comp_12uav_L5_seed71.json

🔥 运行配置: 12UAV | L=5 | Seed=75
  正在运行 V5Pro...
🚀 开始平衡虚拟力优化 V5-Pro (Comm-Aware + Memory Robustness)...
Iter  0 | MinRate: 36.2005 | SumRate:  3382.7 | BestMin: 36.2005
Iter 10 | MinRate: 36.5985 | SumRate:  3361.7 | BestMin: 38.1591
Iter 20 | MinRate: 36.5644 | SumRate:  3364.0 | BestMin: 38.1591
  🔄 触发智能重启 #1 (代 30) | 尝试跳出局部最优...
Iter 40 | MinRate: 37.9722 | SumRate:  3383.1 | BestMin: 41.7223
    V5Pro 完成: Min=41.72, Sum=3453.8
  正在运行 GA...
离散网格生成完成: 9x9 = 81个候选点
开始离散遗传算法优化（网格: 9x9）...
Gen 0: Fitness=3.5004, Sum=2796.40Mbps, Min=31.6188Mbps, Time=3.783s
Gen 10: Fitness=3.6641, Sum=2886.53Mbps, Min=37.5606Mbps, Time=3.813s
Gen 20: Fitness=3.6641, Sum=2927.52Mbps, Min=38.0746Mbps, Time=3.792s
Gen 30: Fitness=3.6675, Sum=2908.97Mbps, Min=38.6046Mbps, Time=3.873s
Gen 40: Fitness=3.6675, Sum=2919.15Mbps, Min=39.7644Mbps, Time=3.826s

🎉 离散遗传算法优化完成!
✨ 最佳性能出现在第 47 代
📊 最终总速率: 2940.80 Mbps
🎯 最终最小速率: 40.5850 Mbps
📈 速率标准差: 5.2008 Mbps
⏱️  优化时间: 191.15 秒
⚡ 平均每代: 3.823 秒
🎲 使用网格点: [9, 11, 24, 33, 40, 47, 54, 57, 60, 63, 67, 80]
    GA 完成: Min=40.59, Sum=2940.8
  正在运行 PSO...
✅ 分布式PSO优化器初始化完成
   - 粒子数量: 30
   - 最大迭代次数: 50
   - PSO参数: w=0.729, c1=1.49445, c2=1.49445

================================================================================
                            分布式PSO优化算法 (Algorithm 2)                            
================================================================================

[Step 1] 初始化粒子群...
   ✓ 粒子群初始化完成
   ✓ 初始全局最佳适应度: 323.7617

[开始迭代] 最大迭代次数: 50
--------------------------------------------------------------------------------
Iter   0 | Fitness: 324.9349 | Min Rate: 30.6125 Mbps | Sum Rate:  2917.74 Mbps | Mean Rate: 48.6291 Mbps
Iter  10 | Fitness: 328.5751 | Min Rate: 30.2148 Mbps | Sum Rate:  2968.38 Mbps | Mean Rate: 49.4729 Mbps
Iter  20 | Fitness: 336.3173 | Min Rate: 34.5495 Mbps | Sum Rate:  2965.54 Mbps | Mean Rate: 49.4256 Mbps
Iter  30 | Fitness: 339.5772 | Min Rate: 37.0565 Mbps | Sum Rate:  3003.25 Mbps | Mean Rate: 50.0542 Mbps
Iter  40 | Fitness: 340.1916 | Min Rate: 35.6798 Mbps | Sum Rate:  3010.21 Mbps | Mean Rate: 50.1702 Mbps
Iter  49 | Fitness: 341.4180 | Min Rate: 35.8500 Mbps | Sum Rate:  3015.00 Mbps | Mean Rate: 50.2501 Mbps

================================================================================
                                      优化完成                                      
================================================================================

📊 最终性能指标:
   - 总速率 (Sum Rate):      3043.03 Mbps
   - 最小速率 (Min Rate):    36.5999 Mbps
   - 平均速率 (Mean Rate):   50.7171 Mbps
   - 速率标准差 (Std):        6.4127 Mbps
   - 最佳适应度 (Fitness):  341.4180

📈 性能提升:
   - 总速率提升:   +4.29%
   - 最小速率提升: +19.56%

⏱️  计算时间:
   - 总优化时间: 244.28 秒
   - 平均每代:   4.886 秒
    PSO 完成: Min=36.60, Sum=3043.0
  正在运行 NewSSA...
================================================================================
开始NewSSA优化（论文算法）...
  • 改进1: OBL策略 + 折射原理（公式18）
  • 改进2: 正弦-余弦搜索（公式20）
  • 改进3: 自适应参数r1和w（公式21-22）
  • 麻雀数量: 30
  • 最大迭代: 50
  • 生产者: 20%, 警戒者: 15%
================================================================================

[1/5] OBL策略 + 折射原理初始化...
[2/5] 计算初始适应度...
  ✓ 初始最优适应度: 34.2634 Mbps

[3/5] 开始迭代优化（50次）...
--------------------------------------------------------------------------------
Iter  10/50: Sum=2822.72Mbps, Min=34.5747Mbps, Time=7.412s
Iter  20/50: Sum=2858.07Mbps, Min=36.2324Mbps, Time=7.273s
Iter  30/50: Sum=2858.07Mbps, Min=36.2324Mbps, Time=7.409s
Iter  40/50: Sum=2858.07Mbps, Min=36.2324Mbps, Time=7.521s
Iter  50/50: Sum=2858.07Mbps, Min=36.2324Mbps, Time=7.350s

[4/5] 整理最终结果...

[5/5] 优化完成!
================================================================================
🎉 NewSSA优化完成!
📊 最终总速率: 2858.07 Mbps
🎯 最终最小速率: 36.2324 Mbps
📈 平均速率: 47.3121 Mbps
⏱️  优化时间: 370.90 秒
================================================================================
    NewSSA 完成: Min=36.23, Sum=2858.1
✅ 结果已保存: v5pro_comp_12uav_L5_seed75.json

🔥 运行配置: 12UAV | L=5 | Seed=76
  正在运行 V5Pro...
🚀 开始平衡虚拟力优化 V5-Pro (Comm-Aware + Memory Robustness)...
Iter  0 | MinRate: 29.7766 | SumRate:  3411.3 | BestMin: 29.7766
Iter 10 | MinRate: 31.8859 | SumRate:  3445.9 | BestMin: 32.2291
Iter 20 | MinRate: 29.5217 | SumRate:  3463.9 | BestMin: 34.4001
Iter 30 | MinRate: 33.4303 | SumRate:  3486.4 | BestMin: 34.4001
Iter 40 | MinRate: 33.1738 | SumRate:  3483.0 | BestMin: 34.4001
    V5Pro 完成: Min=34.40, Sum=3497.2
  正在运行 GA...
离散网格生成完成: 9x9 = 81个候选点
开始离散遗传算法优化（网格: 9x9）...
Gen 0: Fitness=3.4101, Sum=2872.69Mbps, Min=30.7506Mbps, Time=3.812s
Gen 10: Fitness=3.6558, Sum=2919.29Mbps, Min=37.3186Mbps, Time=3.833s
Gen 20: Fitness=3.6818, Sum=2983.65Mbps, Min=38.3722Mbps, Time=3.832s
Gen 30: Fitness=3.6818, Sum=2951.80Mbps, Min=37.7616Mbps, Time=3.850s
Gen 40: Fitness=3.6956, Sum=3007.03Mbps, Min=39.6749Mbps, Time=3.884s

🎉 离散遗传算法优化完成!
✨ 最佳性能出现在第 32 代
📊 最终总速率: 3023.93 Mbps
🎯 最终最小速率: 37.0863 Mbps
📈 速率标准差: 5.4670 Mbps
⏱️  优化时间: 191.05 秒
⚡ 平均每代: 3.821 秒
🎲 使用网格点: [2, 4, 10, 13, 25, 34, 46, 49, 56, 57, 69, 79]
    GA 完成: Min=37.09, Sum=3023.9
  正在运行 PSO...
✅ 分布式PSO优化器初始化完成
   - 粒子数量: 30
   - 最大迭代次数: 50
   - PSO参数: w=0.729, c1=1.49445, c2=1.49445

================================================================================
                            分布式PSO优化算法 (Algorithm 2)                            
================================================================================

[Step 1] 初始化粒子群...
   ✓ 粒子群初始化完成
   ✓ 初始全局最佳适应度: 337.5178

[开始迭代] 最大迭代次数: 50
--------------------------------------------------------------------------------
Iter   0 | Fitness: 337.5178 | Min Rate: 35.6770 Mbps | Sum Rate:  3048.75 Mbps | Mean Rate: 50.8125 Mbps
Iter  10 | Fitness: 341.4122 | Min Rate: 36.7202 Mbps | Sum Rate:  3001.87 Mbps | Mean Rate: 50.0311 Mbps
Iter  20 | Fitness: 351.4428 | Min Rate: 39.2211 Mbps | Sum Rate:  3142.56 Mbps | Mean Rate: 52.3761 Mbps
Iter  30 | Fitness: 352.2289 | Min Rate: 39.4347 Mbps | Sum Rate:  3128.37 Mbps | Mean Rate: 52.1396 Mbps
Iter  40 | Fitness: 354.2014 | Min Rate: 36.2635 Mbps | Sum Rate:  3112.48 Mbps | Mean Rate: 51.8747 Mbps
Iter  49 | Fitness: 354.2014 | Min Rate: 39.3742 Mbps | Sum Rate:  3122.18 Mbps | Mean Rate: 52.0363 Mbps

================================================================================
                                      优化完成                                      
================================================================================

📊 最终性能指标:
   - 总速率 (Sum Rate):      3107.13 Mbps
   - 最小速率 (Min Rate):    38.3583 Mbps
   - 平均速率 (Mean Rate):   51.7855 Mbps
   - 速率标准差 (Std):        6.9400 Mbps
   - 最佳适应度 (Fitness):  354.2014

📈 性能提升:
   - 总速率提升:   +1.91%
   - 最小速率提升: +7.52%

⏱️  计算时间:
   - 总优化时间: 245.32 秒
   - 平均每代:   4.906 秒
    PSO 完成: Min=38.36, Sum=3107.1
  正在运行 NewSSA...
================================================================================
开始NewSSA优化（论文算法）...
  • 改进1: OBL策略 + 折射原理（公式18）
  • 改进2: 正弦-余弦搜索（公式20）
  • 改进3: 自适应参数r1和w（公式21-22）
  • 麻雀数量: 30
  • 最大迭代: 50
  • 生产者: 20%, 警戒者: 15%
================================================================================

[1/5] OBL策略 + 折射原理初始化...
[2/5] 计算初始适应度...
  ✓ 初始最优适应度: 36.9997 Mbps

[3/5] 开始迭代优化（50次）...
--------------------------------------------------------------------------------
Iter  10/50: Sum=2922.39Mbps, Min=38.9166Mbps, Time=7.438s
Iter  20/50: Sum=2888.50Mbps, Min=39.5745Mbps, Time=7.417s
Iter  30/50: Sum=2888.50Mbps, Min=39.5745Mbps, Time=7.363s
Iter  40/50: Sum=2888.50Mbps, Min=39.5745Mbps, Time=7.463s
Iter  50/50: Sum=2888.50Mbps, Min=39.5745Mbps, Time=7.444s

[4/5] 整理最终结果...

[5/5] 优化完成!
================================================================================
🎉 NewSSA优化完成!
📊 最终总速率: 2888.50 Mbps
🎯 最终最小速率: 39.5745 Mbps
📈 平均速率: 48.1647 Mbps
⏱️  优化时间: 372.58 秒
================================================================================
    NewSSA 完成: Min=39.57, Sum=2888.5
✅ 结果已保存: v5pro_comp_12uav_L5_seed76.json
