======================================================================
  在 v5pro_final_consistent 配置下运行 V6
======================================================================

[1/30] 运行 V6: 12 UAV, Seed 56
🚀 开始平衡虚拟力优化 V6 (科学力场 + 通信感知 + 稳健性)...
Iter  0 | Min: 43.4798 | Sum: 3595.5 | BestMin: 43.4798
Iter 10 | Min: 42.8257 | Sum: 3554.7 | BestMin: 46.1429
Iter 20 | Min: 43.4183 | Sum: 3592.7 | BestMin: 50.4186
Iter 30 | Min: 39.3067 | Sum: 3607.9 | BestMin: 50.4186
Iter 40 | Min: 39.9898 | Sum: 3548.7 | BestMin: 50.4186
  V6: Min=50.4186, Sum=3749.1, Time=5.8s
  ✅ 已更新: consistent_comp_12uav_seed56.json

[2/30] 运行 V6: 12 UAV, Seed 61
🚀 开始平衡虚拟力优化 V6 (科学力场 + 通信感知 + 稳健性)...
Iter  0 | Min: 38.4410 | Sum: 3666.6 | BestMin: 38.4410
Iter 10 | Min: 35.8628 | Sum: 3582.7 | BestMin: 41.3784
Iter 20 | Min: 39.1746 | Sum: 3494.6 | BestMin: 41.3784
  🔄 智能重启 #1 (Iter 29)
Iter 30 | Min: 40.8950 | Sum: 3618.2 | BestMin: 41.3784
Iter 40 | Min: 41.9953 | Sum: 3739.7 | BestMin: 46.5255
  V6: Min=46.5255, Sum=3656.7, Time=5.8s
  ✅ 已更新: consistent_comp_12uav_seed61.json

[3/30] 运行 V6: 12 UAV, Seed 62
🚀 开始平衡虚拟力优化 V6 (科学力场 + 通信感知 + 稳健性)...
Iter  0 | Min: 37.2133 | Sum: 3589.1 | BestMin: 37.2133
Iter 10 | Min: 42.7029 | Sum: 3677.2 | BestMin: 43.7684
Iter 20 | Min: 39.6152 | Sum: 3586.3 | BestMin: 46.2004
Iter 30 | Min: 44.6589 | Sum: 3638.0 | BestMin: 49.4619
Iter 40 | Min: 40.9939 | Sum: 3648.4 | BestMin: 49.4619
  V6: Min=49.4619, Sum=3742.3, Time=5.7s
  ✅ 已更新: consistent_comp_12uav_seed62.json

[4/30] 运行 V6: 12 UAV, Seed 64
🚀 开始平衡虚拟力优化 V6 (科学力场 + 通信感知 + 稳健性)...
Iter  0 | Min: 38.9765 | Sum: 3483.4 | BestMin: 38.9765
Iter 10 | Min: 38.0692 | Sum: 3594.5 | BestMin: 38.9765
Iter 20 | Min: 35.7322 | Sum: 3534.4 | BestMin: 43.5735
Iter 30 | Min: 38.5722 | Sum: 3593.2 | BestMin: 43.5735
Iter 40 | Min: 39.4153 | Sum: 3630.4 | BestMin: 44.1617
  V6: Min=45.2331, Sum=3596.0, Time=5.7s
  ✅ 已更新: consistent_comp_12uav_seed64.json

[5/30] 运行 V6: 12 UAV, Seed 67
🚀 开始平衡虚拟力优化 V6 (科学力场 + 通信感知 + 稳健性)...
Iter  0 | Min: 42.5721 | Sum: 3652.0 | BestMin: 42.5721
Iter 10 | Min: 47.1742 | Sum: 3870.1 | BestMin: 47.1742
Iter 20 | Min: 42.0202 | Sum: 3699.7 | BestMin: 47.1742
Iter 30 | Min: 43.0625 | Sum: 3639.7 | BestMin: 47.1742
  🔄 智能重启 #1 (Iter 35)
Iter 40 | Min: 39.1813 | Sum: 3685.9 | BestMin: 47.1742
  V6: Min=47.1742, Sum=3870.1, Time=5.7s
  ✅ 已更新: consistent_comp_12uav_seed67.json

[6/30] 运行 V6: 12 UAV, Seed 69
🚀 开始平衡虚拟力优化 V6 (科学力场 + 通信感知 + 稳健性)...
Iter  0 | Min: 44.7555 | Sum: 3666.5 | BestMin: 44.7555
Iter 10 | Min: 40.9382 | Sum: 3711.6 | BestMin: 48.9398
Iter 20 | Min: 45.6642 | Sum: 3671.1 | BestMin: 48.9398
  🔄 智能重启 #1 (Iter 27)
Iter 30 | Min: 42.4312 | Sum: 3501.7 | BestMin: 48.9398
Iter 40 | Min: 45.3453 | Sum: 3703.0 | BestMin: 48.9398
  V6: Min=48.9398, Sum=3628.0, Time=5.8s
  ✅ 已更新: consistent_comp_12uav_seed69.json

[7/30] 运行 V6: 12 UAV, Seed 70
🚀 开始平衡虚拟力优化 V6 (科学力场 + 通信感知 + 稳健性)...
Iter  0 | Min: 43.5940 | Sum: 3653.0 | BestMin: 43.5940
Iter 10 | Min: 37.9756 | Sum: 3643.0 | BestMin: 48.6029
Iter 20 | Min: 36.7202 | Sum: 3729.0 | BestMin: 48.6029
  🔄 智能重启 #1 (Iter 27)
Iter 30 | Min: 41.1801 | Sum: 3674.2 | BestMin: 48.6029
Iter 40 | Min: 42.6497 | Sum: 3581.7 | BestMin: 48.6029
  V6: Min=48.6029, Sum=3646.9, Time=5.7s
  ✅ 已更新: consistent_comp_12uav_seed70.json

[8/30] 运行 V6: 12 UAV, Seed 73
🚀 开始平衡虚拟力优化 V6 (科学力场 + 通信感知 + 稳健性)...
Iter  0 | Min: 43.3803 | Sum: 3599.9 | BestMin: 43.3803
Iter 10 | Min: 39.4798 | Sum: 3756.6 | BestMin: 46.9530
Iter 20 | Min: 40.5967 | Sum: 3498.3 | BestMin: 46.9530
  🔄 智能重启 #1 (Iter 27)
Iter 30 | Min: 39.9574 | Sum: 3701.4 | BestMin: 46.9530
Iter 40 | Min: 44.2951 | Sum: 3624.6 | BestMin: 46.9530
  V6: Min=47.0551, Sum=3705.2, Time=5.7s
  ✅ 已更新: consistent_comp_12uav_seed73.json

[9/30] 运行 V6: 12 UAV, Seed 75
🚀 开始平衡虚拟力优化 V6 (科学力场 + 通信感知 + 稳健性)...
Iter  0 | Min: 42.6833 | Sum: 3585.9 | BestMin: 42.6833
Iter 10 | Min: 39.1268 | Sum: 3483.4 | BestMin: 42.6833
Iter 20 | Min: 40.4427 | Sum: 3454.2 | BestMin: 42.6833
Iter 30 | Min: 42.1918 | Sum: 3543.1 | BestMin: 43.4074
Iter 40 | Min: 43.7554 | Sum: 3588.2 | BestMin: 44.2355
  V6: Min=44.2355, Sum=3568.4, Time=5.7s
  ✅ 已更新: consistent_comp_12uav_seed75.json

[10/30] 运行 V6: 12 UAV, Seed 76
🚀 开始平衡虚拟力优化 V6 (科学力场 + 通信感知 + 稳健性)...
Iter  0 | Min: 37.4749 | Sum: 3655.8 | BestMin: 37.4749
Iter 10 | Min: 41.3154 | Sum: 3658.3 | BestMin: 45.5168
Iter 20 | Min: 42.0483 | Sum: 3687.8 | BestMin: 45.7603
Iter 30 | Min: 46.3668 | Sum: 3784.0 | BestMin: 46.3668
Iter 40 | Min: 42.1236 | Sum: 3742.2 | BestMin: 46.3668
  V6: Min=46.9687, Sum=3800.6, Time=5.7s
  ✅ 已更新: consistent_comp_12uav_seed76.json

[11/30] 运行 V6: 6 UAV, Seed 56
🚀 开始平衡虚拟力优化 V6 (科学力场 + 通信感知 + 稳健性)...
Iter  0 | Min: 26.8872 | Sum: 2767.2 | BestMin: 26.8872
Iter 10 | Min: 25.2514 | Sum: 2638.5 | BestMin: 27.9160
Iter 20 | Min: 26.9414 | Sum: 2714.6 | BestMin: 29.4576
Iter 30 | Min: 26.5160 | Sum: 2790.2 | BestMin: 29.4576
Iter 40 | Min: 25.3791 | Sum: 2669.0 | BestMin: 29.4576
  V6: Min=29.4576, Sum=2693.1, Time=3.7s
  ✅ 已更新: consistent_comp_6uav_seed56.json

[12/30] 运行 V6: 6 UAV, Seed 61
🚀 开始平衡虚拟力优化 V6 (科学力场 + 通信感知 + 稳健性)...
Iter  0 | Min: 19.3559 | Sum: 2722.9 | BestMin: 19.3559
Iter 10 | Min: 26.4712 | Sum: 2731.6 | BestMin: 29.3202
Iter 20 | Min: 28.8909 | Sum: 2745.9 | BestMin: 29.3202
Iter 30 | Min: 25.5342 | Sum: 2739.8 | BestMin: 29.3202
  🔄 智能重启 #1 (Iter 32)
Iter 40 | Min: 28.9155 | Sum: 2747.8 | BestMin: 30.8908
  V6: Min=30.8908, Sum=2759.0, Time=3.8s
  ✅ 已更新: consistent_comp_6uav_seed61.json

[13/30] 运行 V6: 6 UAV, Seed 62
🚀 开始平衡虚拟力优化 V6 (科学力场 + 通信感知 + 稳健性)...
Iter  0 | Min: 23.9541 | Sum: 2619.2 | BestMin: 23.9541
Iter 10 | Min: 29.7593 | Sum: 2613.3 | BestMin: 29.9701
Iter 20 | Min: 26.8689 | Sum: 2723.7 | BestMin: 29.9701
Iter 30 | Min: 30.1877 | Sum: 2719.0 | BestMin: 30.1877
Iter 40 | Min: 26.0987 | Sum: 2684.5 | BestMin: 30.4332
  V6: Min=30.4332, Sum=2743.7, Time=3.7s
  ✅ 已更新: consistent_comp_6uav_seed62.json

[14/30] 运行 V6: 6 UAV, Seed 64
🚀 开始平衡虚拟力优化 V6 (科学力场 + 通信感知 + 稳健性)...
Iter  0 | Min: 23.6888 | Sum: 2572.6 | BestMin: 23.6888
Iter 10 | Min: 27.0375 | Sum: 2687.5 | BestMin: 28.7345
Iter 20 | Min: 31.0806 | Sum: 2749.2 | BestMin: 31.0806
Iter 30 | Min: 30.1086 | Sum: 2728.7 | BestMin: 31.2026
Iter 40 | Min: 28.0906 | Sum: 2742.6 | BestMin: 31.5228
  V6: Min=32.3788, Sum=2710.6, Time=3.7s
  ✅ 已更新: consistent_comp_6uav_seed64.json

[15/30] 运行 V6: 6 UAV, Seed 67
🚀 开始平衡虚拟力优化 V6 (科学力场 + 通信感知 + 稳健性)...
Iter  0 | Min: 26.7971 | Sum: 2775.2 | BestMin: 26.7971
Iter 10 | Min: 31.5880 | Sum: 2757.7 | BestMin: 32.5635
Iter 20 | Min: 27.9426 | Sum: 2824.4 | BestMin: 32.5635
Iter 30 | Min: 29.6227 | Sum: 2785.2 | BestMin: 33.9564
Iter 40 | Min: 30.0447 | Sum: 2759.1 | BestMin: 33.9564
  V6: Min=33.9564, Sum=2819.8, Time=3.7s
  ✅ 已更新: consistent_comp_6uav_seed67.json

[16/30] 运行 V6: 6 UAV, Seed 69
🚀 开始平衡虚拟力优化 V6 (科学力场 + 通信感知 + 稳健性)...
Iter  0 | Min: 27.4808 | Sum: 2837.5 | BestMin: 27.4808
Iter 10 | Min: 32.7636 | Sum: 2782.7 | BestMin: 32.7636
Iter 20 | Min: 30.8996 | Sum: 2817.8 | BestMin: 33.1780
Iter 30 | Min: 30.7807 | Sum: 2880.7 | BestMin: 33.6321
Iter 40 | Min: 24.5340 | Sum: 2810.1 | BestMin: 33.6321
  V6: Min=33.6321, Sum=2903.7, Time=3.7s
  ✅ 已更新: consistent_comp_6uav_seed69.json

[17/30] 运行 V6: 6 UAV, Seed 70
🚀 开始平衡虚拟力优化 V6 (科学力场 + 通信感知 + 稳健性)...
Iter  0 | Min: 25.3921 | Sum: 2767.3 | BestMin: 25.3921
Iter 10 | Min: 26.1907 | Sum: 2694.9 | BestMin: 28.0228
Iter 20 | Min: 25.9407 | Sum: 2761.5 | BestMin: 28.0228
  🔄 智能重启 #1 (Iter 28)
Iter 30 | Min: 20.4857 | Sum: 2719.1 | BestMin: 28.0228
Iter 40 | Min: 21.6273 | Sum: 2740.3 | BestMin: 28.0228
  V6: Min=28.0228, Sum=2760.6, Time=3.7s
  ✅ 已更新: consistent_comp_6uav_seed70.json

[18/30] 运行 V6: 6 UAV, Seed 73
🚀 开始平衡虚拟力优化 V6 (科学力场 + 通信感知 + 稳健性)...
Iter  0 | Min: 23.6052 | Sum: 2673.8 | BestMin: 23.6052
Iter 10 | Min: 26.3947 | Sum: 2597.5 | BestMin: 26.6075
Iter 20 | Min: 25.8708 | Sum: 2651.0 | BestMin: 28.1381
Iter 30 | Min: 28.5920 | Sum: 2674.9 | BestMin: 29.2206
Iter 40 | Min: 26.8068 | Sum: 2586.6 | BestMin: 30.0384
  V6: Min=30.0384, Sum=2682.0, Time=3.7s
  ✅ 已更新: consistent_comp_6uav_seed73.json

[19/30] 运行 V6: 6 UAV, Seed 75
🚀 开始平衡虚拟力优化 V6 (科学力场 + 通信感知 + 稳健性)...
Iter  0 | Min: 27.2661 | Sum: 2632.0 | BestMin: 27.2661
Iter 10 | Min: 25.6643 | Sum: 2633.9 | BestMin: 30.5681
Iter 20 | Min: 29.9272 | Sum: 2695.3 | BestMin: 31.8207
Iter 30 | Min: 26.8504 | Sum: 2676.1 | BestMin: 31.8207
Iter 40 | Min: 30.3235 | Sum: 2705.2 | BestMin: 31.8207
  V6: Min=31.8207, Sum=2745.3, Time=3.7s
  ✅ 已更新: consistent_comp_6uav_seed75.json

[20/30] 运行 V6: 6 UAV, Seed 76
🚀 开始平衡虚拟力优化 V6 (科学力场 + 通信感知 + 稳健性)...
Iter  0 | Min: 22.9760 | Sum: 2791.2 | BestMin: 22.9760
Iter 10 | Min: 24.6002 | Sum: 2716.3 | BestMin: 24.6002
Iter 20 | Min: 24.2508 | Sum: 2932.0 | BestMin: 26.7710
Iter 30 | Min: 26.8747 | Sum: 2809.9 | BestMin: 30.3901
Iter 40 | Min: 27.1075 | Sum: 2739.2 | BestMin: 30.3901
  V6: Min=30.3901, Sum=2846.0, Time=3.7s
  ✅ 已更新: consistent_comp_6uav_seed76.json

[21/30] 运行 V6: 9 UAV, Seed 56
🚀 开始平衡虚拟力优化 V6 (科学力场 + 通信感知 + 稳健性)...
Iter  0 | Min: 39.8876 | Sum: 3248.6 | BestMin: 39.8876
Iter 10 | Min: 39.0161 | Sum: 3254.3 | BestMin: 43.4902
Iter 20 | Min: 40.4800 | Sum: 3378.8 | BestMin: 43.4902
Iter 30 | Min: 37.7948 | Sum: 3253.1 | BestMin: 43.4902
  🔄 智能重启 #1 (Iter 34)
Iter 40 | Min: 36.4672 | Sum: 3264.7 | BestMin: 43.4902
  V6: Min=43.4902, Sum=3435.8, Time=4.7s
  ✅ 已更新: consistent_comp_9uav_seed56.json

[22/30] 运行 V6: 9 UAV, Seed 61
🚀 开始平衡虚拟力优化 V6 (科学力场 + 通信感知 + 稳健性)...
Iter  0 | Min: 31.6347 | Sum: 3323.9 | BestMin: 31.6347
Iter 10 | Min: 29.3332 | Sum: 3238.1 | BestMin: 38.8095
Iter 20 | Min: 35.2286 | Sum: 3378.7 | BestMin: 38.8095
  🔄 智能重启 #1 (Iter 29)
Iter 30 | Min: 31.5605 | Sum: 3300.3 | BestMin: 38.8095
Iter 40 | Min: 35.3588 | Sum: 3323.4 | BestMin: 38.8095
  V6: Min=38.8095, Sum=3287.2, Time=4.7s
  ✅ 已更新: consistent_comp_9uav_seed61.json

[23/30] 运行 V6: 9 UAV, Seed 62
🚀 开始平衡虚拟力优化 V6 (科学力场 + 通信感知 + 稳健性)...
Iter  0 | Min: 31.3102 | Sum: 3220.6 | BestMin: 31.3102
Iter 10 | Min: 34.8023 | Sum: 3258.8 | BestMin: 41.1288
Iter 20 | Min: 41.1942 | Sum: 3369.7 | BestMin: 41.1942
Iter 30 | Min: 37.3864 | Sum: 3354.4 | BestMin: 42.8348
Iter 40 | Min: 39.0222 | Sum: 3308.4 | BestMin: 43.9877
  V6: Min=43.9877, Sum=3396.4, Time=4.7s
  ✅ 已更新: consistent_comp_9uav_seed62.json

[24/30] 运行 V6: 9 UAV, Seed 64
🚀 开始平衡虚拟力优化 V6 (科学力场 + 通信感知 + 稳健性)...
Iter  0 | Min: 36.2606 | Sum: 3196.2 | BestMin: 36.2606
Iter 10 | Min: 39.1765 | Sum: 3262.4 | BestMin: 39.8969
Iter 20 | Min: 34.6637 | Sum: 3215.1 | BestMin: 41.2232
Iter 30 | Min: 37.4722 | Sum: 3274.8 | BestMin: 41.2232
  🔄 智能重启 #1 (Iter 39)
Iter 40 | Min: 28.0683 | Sum: 3019.2 | BestMin: 41.2232
  V6: Min=41.2232, Sum=3198.1, Time=4.7s
  ✅ 已更新: consistent_comp_9uav_seed64.json

[25/30] 运行 V6: 9 UAV, Seed 67
🚀 开始平衡虚拟力优化 V6 (科学力场 + 通信感知 + 稳健性)...
Iter  0 | Min: 38.2504 | Sum: 3343.4 | BestMin: 38.2504
Iter 10 | Min: 39.7472 | Sum: 3399.3 | BestMin: 43.9744
Iter 20 | Min: 42.3674 | Sum: 3434.1 | BestMin: 43.9744
Iter 30 | Min: 31.9872 | Sum: 3263.5 | BestMin: 43.9744
  🔄 智能重启 #1 (Iter 34)
Iter 40 | Min: 38.5332 | Sum: 3224.0 | BestMin: 43.9744
  V6: Min=43.9744, Sum=3394.5, Time=4.7s
  ✅ 已更新: consistent_comp_9uav_seed67.json

[26/30] 运行 V6: 9 UAV, Seed 69
🚀 开始平衡虚拟力优化 V6 (科学力场 + 通信感知 + 稳健性)...
Iter  0 | Min: 40.2943 | Sum: 3333.8 | BestMin: 40.2943
Iter 10 | Min: 32.4303 | Sum: 3264.4 | BestMin: 42.9015
Iter 20 | Min: 36.7988 | Sum: 3331.6 | BestMin: 42.9015
  🔄 智能重启 #1 (Iter 28)
Iter 30 | Min: 33.6198 | Sum: 3248.0 | BestMin: 42.9015
Iter 40 | Min: 36.7612 | Sum: 3309.6 | BestMin: 42.9015
  V6: Min=42.9015, Sum=3377.1, Time=4.7s
  ✅ 已更新: consistent_comp_9uav_seed69.json

[27/30] 运行 V6: 9 UAV, Seed 70
🚀 开始平衡虚拟力优化 V6 (科学力场 + 通信感知 + 稳健性)...
Iter  0 | Min: 37.6062 | Sum: 3246.7 | BestMin: 37.6062
Iter 10 | Min: 39.9257 | Sum: 3406.8 | BestMin: 40.1457
Iter 20 | Min: 36.7104 | Sum: 3235.6 | BestMin: 41.0528
Iter 30 | Min: 35.3090 | Sum: 3278.5 | BestMin: 41.0528
Iter 40 | Min: 33.0107 | Sum: 3273.8 | BestMin: 41.0528
  V6: Min=41.0528, Sum=3296.3, Time=4.7s
  ✅ 已更新: consistent_comp_9uav_seed70.json

[28/30] 运行 V6: 9 UAV, Seed 73
🚀 开始平衡虚拟力优化 V6 (科学力场 + 通信感知 + 稳健性)...
Iter  0 | Min: 37.8845 | Sum: 3300.2 | BestMin: 37.8845
Iter 10 | Min: 37.8015 | Sum: 3231.4 | BestMin: 39.4403
Iter 20 | Min: 38.7661 | Sum: 3309.7 | BestMin: 40.9731
Iter 30 | Min: 35.9693 | Sum: 3308.2 | BestMin: 41.2409
Iter 40 | Min: 36.9016 | Sum: 3308.5 | BestMin: 41.3841
  V6: Min=41.5875, Sum=3265.2, Time=4.7s
  ✅ 已更新: consistent_comp_9uav_seed73.json

[29/30] 运行 V6: 9 UAV, Seed 75
🚀 开始平衡虚拟力优化 V6 (科学力场 + 通信感知 + 稳健性)...
Iter  0 | Min: 41.5404 | Sum: 3300.9 | BestMin: 41.5404
Iter 10 | Min: 35.9539 | Sum: 3266.2 | BestMin: 41.5404
Iter 20 | Min: 34.9932 | Sum: 3164.6 | BestMin: 41.5404
  🔄 智能重启 #1 (Iter 25)
Iter 30 | Min: 35.5897 | Sum: 3161.5 | BestMin: 41.5404
Iter 40 | Min: 32.5237 | Sum: 3125.7 | BestMin: 41.5404
  V6: Min=41.5404, Sum=3300.9, Time=4.7s
  ✅ 已更新: consistent_comp_9uav_seed75.json

[30/30] 运行 V6: 9 UAV, Seed 76
🚀 开始平衡虚拟力优化 V6 (科学力场 + 通信感知 + 稳健性)...
Iter  0 | Min: 35.8600 | Sum: 3406.4 | BestMin: 35.8600
Iter 10 | Min: 36.2110 | Sum: 3276.0 | BestMin: 41.7259
Iter 20 | Min: 31.6055 | Sum: 3283.6 | BestMin: 41.7259
Iter 30 | Min: 32.4331 | Sum: 3304.1 | BestMin: 41.7725
Iter 40 | Min: 32.1240 | Sum: 3222.9 | BestMin: 41.7725
  V6: Min=41.7725, Sum=3325.2, Time=4.7s
  ✅ 已更新: consistent_comp_9uav_seed76.json

======================================================================
  完成! 共处理 30 个文件
======================================================================
