
==========================================================================================
                            四算法对比 - 加权Fitness - 12 UAVs - 种子51                            
==========================================================================================

📊 实验配置:
   • 随机种子: 51
   • UAV数量: 12
   • Fitness: 加权版本（min_rate + 0.01*sum_rate）
   • 信道实现: 50
   • 总评估次数: 1500

[1/3] 生成中立场景...
[Neutral Initialization]
  ✓ UE positions: 60 users randomly distributed
  ✓ Ground APs: 4 APs uniformly distributed (2x2 grid)
  ✓ UAVs: 9 UAVs in 3x3 grid
  ✓ Random seed: 51
[2/3] 创建配置...
  初始 Min Rate: 34.9352 Mbps

[3/3] 运行优化器...

  运行 BVF...
开始平衡虚拟力优化（V3正确优化版）...
Iter 0: Sum=2952.63Mbps, Min=35.8904Mbps, BestMin=35.8904Mbps (Iter0), Time=0.154s
Iter 10: Sum=2989.97Mbps, Min=39.1067Mbps, BestMin=40.6985Mbps (Iter9), Time=0.156s
Iter 20: Sum=3048.65Mbps, Min=40.1472Mbps, BestMin=42.1125Mbps (Iter12), Time=0.160s
Iter 30: Sum=3049.09Mbps, Min=41.4365Mbps, BestMin=42.1125Mbps (Iter12), Time=0.168s
Iter 40: Sum=3067.68Mbps, Min=42.0435Mbps, BestMin=42.2832Mbps (Iter34), Time=0.167s

🎉 平衡虚拟力优化完成（V3版 - 历代最优记忆）!
✨ 最佳性能出现在第 34 次迭代
📊 历代最优总速率: 3060.22 Mbps
🎯 历代最优最小速率: 42.2832 Mbps
📈 速率标准差: 4.4214 Mbps
⏱️  优化时间: 8.20 秒
⚡ 平均每次迭代: 0.164 秒
🔄 重启次数: 0
    Min Rate: 42.2832 Mbps (8.2s)

  运行 GA...
离散网格生成完成: 9x9 = 81个候选点
开始离散遗传算法优化（网格: 9x9）...
Gen 0: Fitness=66.6067, Sum=2966.04Mbps, Min=36.7122Mbps, Time=5.227s
Gen 10: Fitness=66.7408, Sum=2913.97Mbps, Min=35.6549Mbps, Time=6.751s
Gen 20: Fitness=68.3375, Sum=3028.91Mbps, Min=36.7438Mbps, Time=7.440s
Gen 30: Fitness=68.4452, Sum=3047.96Mbps, Min=37.7138Mbps, Time=7.343s
Gen 40: Fitness=69.3162, Sum=3047.01Mbps, Min=38.6979Mbps, Time=6.906s

🎉 离散遗传算法优化完成!
✨ 最佳性能出现在第 45 代
📊 最终总速率: 3055.69 Mbps
🎯 最终最小速率: 38.0069 Mbps
📈 速率标准差: 6.3958 Mbps
⏱️  优化时间: 337.94 秒
⚡ 平均每代: 6.759 秒
🎲 使用网格点: [12, 14, 16, 18, 28, 30, 34, 36, 41, 49, 60, 64]
    Min Rate: 38.0069 Mbps (338.2s)

  运行 PSO...
✅ 分布式PSO优化器初始化完成
   - 粒子数量: 30
   - 最大迭代次数: 50
   - PSO参数: w=0.729, c1=1.49445, c2=1.49445

================================================================================
                            分布式PSO优化算法 (Algorithm 2)                            
================================================================================

[Step 1] 初始化粒子群...
   ✓ 粒子群初始化完成
   ✓ 初始全局最佳适应度: 65.3255

[开始迭代] 最大迭代次数: 50
--------------------------------------------------------------------------------
Iter   0 | Fitness:  66.5977 | Min Rate: 35.8678 Mbps | Sum Rate:  2974.72 Mbps | Mean Rate: 49.5787 Mbps
Iter  10 | Fitness:  66.5977 | Min Rate: 34.7577 Mbps | Sum Rate:  2961.25 Mbps | Mean Rate: 49.3542 Mbps
Iter  20 | Fitness:  71.8591 | Min Rate: 39.6556 Mbps | Sum Rate:  3012.22 Mbps | Mean Rate: 50.2037 Mbps
Iter  30 | Fitness:  71.8591 | Min Rate: 40.7064 Mbps | Sum Rate:  3023.79 Mbps | Mean Rate: 50.3964 Mbps
Iter  40 | Fitness:  72.0604 | Min Rate: 39.4150 Mbps | Sum Rate:  2994.53 Mbps | Mean Rate: 49.9088 Mbps
Iter  49 | Fitness:  72.8136 | Min Rate: 40.2676 Mbps | Sum Rate:  2985.73 Mbps | Mean Rate: 49.7621 Mbps

================================================================================
                                      优化完成                                      
================================================================================

📊 最终性能指标:
   - 总速率 (Sum Rate):      2985.16 Mbps
   - 最小速率 (Min Rate):    39.4207 Mbps
   - 平均速率 (Mean Rate):   49.7527 Mbps
   - 速率标准差 (Std):        5.8504 Mbps
   - 最佳适应度 (Fitness):   72.8136

📈 性能提升:
   - 总速率提升:   +0.35%
   - 最小速率提升: +9.91%

⏱️  计算时间:
   - 总优化时间: 448.52 秒
   - 平均每代:   8.970 秒
    Min Rate: 39.4207 Mbps (448.8s)

  运行 NewSSA...
================================================================================
开始NewSSA优化（论文算法）...
  • 改进1: OBL策略 + 折射原理（公式18）
  • 改进2: 正弦-余弦搜索（公式20）
  • 改进3: 自适应参数r1和w（公式21-22）
  • 麻雀数量: 30
  • 最大迭代: 50
  • 生产者: 20%, 警戒者: 15%
================================================================================

[1/5] OBL策略 + 折射原理初始化...
[2/5] 计算初始适应度...
  ✓ 初始最优适应度: 61.7182 (min_rate=32.9005 Mbps)

[3/5] 开始迭代优化（50次）...
--------------------------------------------------------------------------------
Iter  10/50: Sum=2974.96Mbps, Min=35.2422Mbps, Fit=64.9918, Time=12.166s
Iter  20/50: Sum=2974.96Mbps, Min=35.2422Mbps, Fit=64.9918, Time=7.587s
Iter  30/50: Sum=2976.62Mbps, Min=35.4505Mbps, Fit=65.2167, Time=7.621s
Iter  40/50: Sum=2960.80Mbps, Min=35.7714Mbps, Fit=65.3794, Time=7.716s
Iter  50/50: Sum=2960.80Mbps, Min=35.7714Mbps, Fit=65.3794, Time=7.522s

[4/5] 整理最终结果...

[5/5] 优化完成!
================================================================================
🎉 Weighted NewSSA优化完成!
📊 最终总速率: 2960.80 Mbps
🎯 最终最小速率: 35.7714 Mbps
💫 最终适应度: 65.3794 (weighted)
📈 平均速率: 49.0769 Mbps
⏱️  优化时间: 436.25 秒
================================================================================
    Min Rate: 35.7714 Mbps (442.5s)

✓ 结果已保存到: result/weighted_12uav_seed51.json

✅ 实验完成！总时间: 20.6 分钟

==========================================================================================
                                           结果总结                                           
==========================================================================================
  initial   :  34.94 Mbps ( +0.00%)
  VF        :  42.28 Mbps (+21.03%)
  GA        :  38.01 Mbps ( +8.79%)
  PSO       :  39.42 Mbps (+12.84%)
  NewSSA    :  35.77 Mbps ( +2.39%)
