/Users/haydd/.matplotlib is not a writable directory
Matplotlib created a temporary cache directory at /var/folders/r6/dcf4cdw91gq6nbp1qy0xyx4w0000gn/T/matplotlib-h0jjur99 because there was an issue with the default path (/Users/haydd/.matplotlib); it is highly recommended to set the MPLCONFIGDIR environment variable to a writable directory, in particular to speed up the import of Matplotlib and to better support multiprocessing.
Matplotlib is building the font cache; this may take a moment.

==========================================================================================
                            四算法对比 - 加权Fitness - 6 UAVs - 种子62                             
==========================================================================================

📊 实验配置:
   • 随机种子: 62
   • UAV数量: 6
   • Fitness: 加权版本（min_rate + 0.01×sum_rate）
   • 信道实现: 50
   • 总评估次数: 1500

[1/3] 生成中立场景...
[Neutral Initialization]
  ✓ UE positions: 60 users randomly distributed
  ✓ Ground APs: 4 APs uniformly distributed (2x2 grid)
  ✓ UAVs: 9 UAVs in 3x3 grid
  ✓ Random seed: 62
[2/3] 创建配置...
  初始 Min Rate: 17.6143 Mbps

[3/3] 运行优化器...

  运行 BVF...
开始平衡虚拟力优化（V3正确优化版）...
Iter 0: Sum=2056.06Mbps, Min=18.2384Mbps, BestMin=18.2384Mbps (Iter0), Time=0.112s
Iter 10: Sum=2052.28Mbps, Min=24.2416Mbps, BestMin=25.6428Mbps (Iter9), Time=0.117s
Iter 20: Sum=2001.23Mbps, Min=21.5275Mbps, BestMin=25.6428Mbps (Iter9), Time=0.120s
Iter 30: Sum=2023.38Mbps, Min=24.3926Mbps, BestMin=25.7251Mbps (Iter25), Time=0.118s
Iter 40: Sum=2041.48Mbps, Min=22.8584Mbps, BestMin=25.7251Mbps (Iter25), Time=0.117s

🎉 平衡虚拟力优化完成（V3版 - 历代最优记忆）!
✨ 最佳性能出现在第 25 次迭代
📊 历代最优总速率: 2003.14 Mbps
🎯 历代最优最小速率: 25.7251 Mbps
📈 速率标准差: 5.4794 Mbps
⏱️  优化时间: 6.02 秒
⚡ 平均每次迭代: 0.120 秒
🔄 重启次数: 0
    Min Rate: 25.7251 Mbps (6.0s)

  运行 GA (Weighted)...
离散网格生成完成: 9x9 = 81个候选点
开始离散遗传算法优化（网格: 9x9）...
Gen 0: Fitness=42.1183, Sum=2089.75Mbps, Min=20.6306Mbps, Time=3.671s
Gen 10: Fitness=47.0033, Sum=2123.01Mbps, Min=24.2646Mbps, Time=3.802s
Gen 20: Fitness=47.0323, Sum=2201.12Mbps, Min=23.0843Mbps, Time=2.816s
Gen 30: Fitness=48.3922, Sum=2140.08Mbps, Min=25.5494Mbps, Time=2.597s
Gen 40: Fitness=48.3922, Sum=2164.87Mbps, Min=25.7728Mbps, Time=2.583s

🎉 离散遗传算法优化完成!
✨ 最佳性能出现在第 27 代
📊 最终总速率: 2175.83 Mbps
🎯 最终最小速率: 23.6668 Mbps
📈 速率标准差: 5.9145 Mbps
⏱️  优化时间: 147.16 秒
⚡ 平均每代: 2.943 秒
🎲 使用网格点: [22, 25, 43, 46, 64, 67]
    Min Rate: 23.6668 Mbps (147.2s)

  运行 PSO (Weighted)...
✅ 分布式PSO优化器初始化完成
   - 粒子数量: 30
   - 最大迭代次数: 50
   - PSO参数: w=0.729, c1=1.49445, c2=1.49445

================================================================================
                            分布式PSO优化算法 (Algorithm 2)                            
================================================================================

[Step 1] 初始化粒子群...
   ✓ 粒子群初始化完成
   ✓ 初始全局最佳适应度: 43.8153

[开始迭代] 最大迭代次数: 50
--------------------------------------------------------------------------------
Iter   0 | Fitness:  43.8153 | Min Rate: 20.8395 Mbps | Sum Rate:  2111.22 Mbps | Mean Rate: 35.1870 Mbps
Iter  10 | Fitness:  47.8980 | Min Rate: 25.9085 Mbps | Sum Rate:  2128.92 Mbps | Mean Rate: 35.4819 Mbps
Iter  20 | Fitness:  47.8980 | Min Rate: 24.7399 Mbps | Sum Rate:  2110.77 Mbps | Mean Rate: 35.1795 Mbps
Iter  30 | Fitness:  48.2783 | Min Rate: 25.9689 Mbps | Sum Rate:  2163.68 Mbps | Mean Rate: 36.0613 Mbps
Iter  40 | Fitness:  48.5437 | Min Rate: 24.0011 Mbps | Sum Rate:  2149.87 Mbps | Mean Rate: 35.8311 Mbps
Iter  49 | Fitness:  48.6743 | Min Rate: 24.5547 Mbps | Sum Rate:  2182.06 Mbps | Mean Rate: 36.3677 Mbps

================================================================================
                                      优化完成                                      
================================================================================

📊 最终性能指标:
   - 总速率 (Sum Rate):      2179.29 Mbps
   - 最小速率 (Min Rate):    25.4061 Mbps
   - 平均速率 (Mean Rate):   36.3215 Mbps
   - 速率标准差 (Std):        5.9586 Mbps
   - 最佳适应度 (Fitness):   48.6743

📈 性能提升:
   - 总速率提升:   +3.22%
   - 最小速率提升: +21.91%

⏱️  计算时间:
   - 总优化时间: 167.11 秒
   - 平均每代:   3.342 秒
    Min Rate: 25.4061 Mbps (167.2s)

  运行 NewSSA (Weighted)...
================================================================================
开始NewSSA优化（论文算法）...
  • 改进1: OBL策略 + 折射原理（公式18）
  • 改进2: 正弦-余弦搜索（公式20）
  • 改进3: 自适应参数r1和w（公式21-22）
  • 麻雀数量: 30
  • 最大迭代: 50
  • 生产者: 20%, 警戒者: 15%
================================================================================

[1/5] OBL策略 + 折射原理初始化...
[2/5] 计算初始适应度...
  ✓ 初始最优适应度: 44.3205 (min_rate=23.0842 Mbps)

[3/5] 开始迭代优化（50次）...
--------------------------------------------------------------------------------
Iter  10/50: Sum=2145.21Mbps, Min=23.7013Mbps, Fit=45.1534, Time=5.081s
Iter  20/50: Sum=2125.79Mbps, Min=24.6549Mbps, Fit=45.9128, Time=5.121s
Iter  30/50: Sum=2125.79Mbps, Min=24.6549Mbps, Fit=45.9128, Time=5.140s
Iter  40/50: Sum=2125.79Mbps, Min=24.6549Mbps, Fit=45.9128, Time=5.251s
Iter  50/50: Sum=2125.79Mbps, Min=24.6549Mbps, Fit=45.9128, Time=5.172s

[4/5] 整理最终结果...

[5/5] 优化完成!
================================================================================
🎉 Weighted NewSSA优化完成!
📊 最终总速率: 2125.79 Mbps
🎯 最终最小速率: 24.6549 Mbps
💫 最终适应度: 45.9128 (weighted)
📈 平均速率: 35.3848 Mbps
⏱️  优化时间: 257.88 秒
================================================================================
    Min Rate: 24.6549 Mbps (260.5s)

✓ 结果已保存到: result/weighted_6uav_seed62.json

✅ 实验完成！总时间: 9.9 分钟

==========================================================================================
                                           结果总结                                           
==========================================================================================
  initial   :  17.61 Mbps ( +0.00%)
  VF        :  25.73 Mbps (+46.05%)
  GA        :  23.67 Mbps (+34.36%)
  PSO       :  25.41 Mbps (+44.24%)
  NewSSA    :  24.65 Mbps (+39.97%)
