
==========================================================================================
                            四算法对比 - 加权Fitness - 6 UAVs - 种子51                             
==========================================================================================

📊 实验配置:
   • 随机种子: 51
   • UAV数量: 6
   • Fitness: 加权版本（min_rate + 0.01*sum_rate）
   • 信道实现: 50
   • 总评估次数: 1500

[1/3] 生成中立场景...
[Neutral Initialization]
  ✓ UE positions: 60 users randomly distributed
  ✓ Ground APs: 4 APs uniformly distributed (2x2 grid)
  ✓ UAVs: 9 UAVs in 3x3 grid
  ✓ Random seed: 51
[2/3] 创建配置...
  初始 Min Rate: 15.7165 Mbps

[3/3] 运行优化器...

  运行 BVF...
开始平衡虚拟力优化（V3正确优化版）...
Iter 0: Sum=2208.36Mbps, Min=17.4284Mbps, BestMin=17.4284Mbps (Iter0), Time=0.100s
Iter 10: Sum=2290.08Mbps, Min=26.2420Mbps, BestMin=26.2420Mbps (Iter10), Time=0.104s
Iter 20: Sum=2286.67Mbps, Min=25.1388Mbps, BestMin=26.3527Mbps (Iter14), Time=0.104s
Iter 30: Sum=2261.12Mbps, Min=23.8563Mbps, BestMin=27.5948Mbps (Iter29), Time=0.100s
Iter 40: Sum=2230.62Mbps, Min=25.7904Mbps, BestMin=27.6069Mbps (Iter35), Time=0.101s

🎉 平衡虚拟力优化完成（V3版 - 历代最优记忆）!
✨ 最佳性能出现在第 41 次迭代
📊 历代最优总速率: 2279.26 Mbps
🎯 历代最优最小速率: 27.6123 Mbps
📈 速率标准差: 6.5676 Mbps
⏱️  优化时间: 5.21 秒
⚡ 平均每次迭代: 0.104 秒
🔄 重启次数: 0
    Min Rate: 27.6123 Mbps (5.2s)

  运行 GA...
离散网格生成完成: 9x9 = 81个候选点
开始离散遗传算法优化（网格: 9x9）...
Gen 0: Fitness=40.4570, Sum=2054.14Mbps, Min=18.0958Mbps, Time=3.317s
Gen 10: Fitness=47.7205, Sum=2250.11Mbps, Min=24.9434Mbps, Time=3.908s
Gen 20: Fitness=48.6855, Sum=2244.17Mbps, Min=24.8201Mbps, Time=4.509s
Gen 30: Fitness=48.6855, Sum=2232.45Mbps, Min=23.3432Mbps, Time=4.782s
Gen 40: Fitness=48.6855, Sum=2230.92Mbps, Min=24.6056Mbps, Time=4.673s

🎉 离散遗传算法优化完成!
✨ 最佳性能出现在第 43 代
📊 最终总速率: 2239.05 Mbps
🎯 最终最小速率: 24.9443 Mbps
📈 速率标准差: 6.1744 Mbps
⏱️  优化时间: 217.88 秒
⚡ 平均每代: 4.358 秒
🎲 使用网格点: [11, 22, 33, 37, 49, 64]
    Min Rate: 24.9443 Mbps (218.0s)

  运行 PSO...
✅ 分布式PSO优化器初始化完成
   - 粒子数量: 30
   - 最大迭代次数: 50
   - PSO参数: w=0.729, c1=1.49445, c2=1.49445

================================================================================
                            分布式PSO优化算法 (Algorithm 2)                            
================================================================================

[Step 1] 初始化粒子群...
   ✓ 粒子群初始化完成
   ✓ 初始全局最佳适应度: 42.9103

[开始迭代] 最大迭代次数: 50
--------------------------------------------------------------------------------
Iter   0 | Fitness:  43.1816 | Min Rate: 22.9255 Mbps | Sum Rate:  2153.52 Mbps | Mean Rate: 35.8920 Mbps
Iter  10 | Fitness:  46.2128 | Min Rate: 21.9766 Mbps | Sum Rate:  2226.07 Mbps | Mean Rate: 37.1011 Mbps
Iter  20 | Fitness:  47.8660 | Min Rate: 23.6372 Mbps | Sum Rate:  2215.57 Mbps | Mean Rate: 36.9261 Mbps
Iter  30 | Fitness:  48.8951 | Min Rate: 25.6469 Mbps | Sum Rate:  2232.30 Mbps | Mean Rate: 37.2051 Mbps
Iter  40 | Fitness:  49.1841 | Min Rate: 22.5193 Mbps | Sum Rate:  2200.29 Mbps | Mean Rate: 36.6716 Mbps
Iter  49 | Fitness:  49.2076 | Min Rate: 23.0169 Mbps | Sum Rate:  2221.85 Mbps | Mean Rate: 37.0309 Mbps

================================================================================
                                      优化完成                                      
================================================================================

📊 最终性能指标:
   - 总速率 (Sum Rate):      2229.70 Mbps
   - 最小速率 (Min Rate):    24.8067 Mbps
   - 平均速率 (Mean Rate):   37.1617 Mbps
   - 速率标准差 (Std):        6.7915 Mbps
   - 最佳适应度 (Fitness):   49.2076

📈 性能提升:
   - 总速率提升:   +3.54%
   - 最小速率提升: +8.21%

⏱️  计算时间:
   - 总优化时间: 289.62 秒
   - 平均每代:   5.792 秒
    Min Rate: 24.8067 Mbps (289.8s)

  运行 NewSSA...
================================================================================
开始NewSSA优化（论文算法）...
  • 改进1: OBL策略 + 折射原理（公式18）
  • 改进2: 正弦-余弦搜索（公式20）
  • 改进3: 自适应参数r1和w（公式21-22）
  • 麻雀数量: 30
  • 最大迭代: 50
  • 生产者: 20%, 警戒者: 15%
================================================================================

[1/5] OBL策略 + 折射原理初始化...
[2/5] 计算初始适应度...
  ✓ 初始最优适应度: 44.0339 (min_rate=21.8694 Mbps)

[3/5] 开始迭代优化（50次）...
--------------------------------------------------------------------------------
Iter  10/50: Sum=2177.56Mbps, Min=25.0928Mbps, Fit=46.8684, Time=8.983s
Iter  20/50: Sum=2177.56Mbps, Min=25.0928Mbps, Fit=46.8684, Time=9.124s
Iter  30/50: Sum=2159.39Mbps, Min=25.8768Mbps, Fit=47.4707, Time=8.028s
Iter  40/50: Sum=2159.39Mbps, Min=25.8768Mbps, Fit=47.4707, Time=7.995s
Iter  50/50: Sum=2159.39Mbps, Min=25.8768Mbps, Fit=47.4707, Time=7.685s

[4/5] 整理最终结果...

[5/5] 优化完成!
================================================================================
🎉 Weighted NewSSA优化完成!
📊 最终总速率: 2159.39 Mbps
🎯 最终最小速率: 25.8768 Mbps
💫 最终适应度: 47.4707 (weighted)
📈 平均速率: 35.8944 Mbps
⏱️  优化时间: 424.22 秒
================================================================================
    Min Rate: 25.8768 Mbps (428.8s)

✓ 结果已保存到: result/weighted_6uav_seed51.json

✅ 实验完成！总时间: 15.7 分钟

==========================================================================================
                                           结果总结                                           
==========================================================================================
  initial   :  15.72 Mbps ( +0.00%)
  VF        :  27.61 Mbps (+75.69%)
  GA        :  24.94 Mbps (+58.71%)
  PSO       :  24.81 Mbps (+57.84%)
  NewSSA    :  25.88 Mbps (+64.65%)
