
==========================================================================================
                                多随机种子四算法对比实验 - 加权Fitness版本                                
==========================================================================================

📊 实验配置:
   • 随机种子: [43, 45, 46, 47, 48, 49, 50, 51, 52, 53, 54]
   • 运行次数: 11 轮
   • 算法: VF (原始), GA/PSO/NewSSA (加权fitness)
   • Fitness: min_rate + 0.01 * sum_rate
   • 信道实现: 50
   • 总评估次数: 1500
   • 输出目录: result/

⏱️  预计总时间: ~165 分钟 (每轮约15分钟)


==========================================================================================
                                    运行 1/11: 随机种子 = 43                                    
==========================================================================================
================================================================================
                      FAIR OPTIMIZER COMPARISON EXPERIMENT                      
================================================================================

公平性保证：
  ✓ 总评估次数: 1500 (种群30 × 迭代50)
  ✓ 信道实现次数: 50
  ✓ 随机种子: 43
  ✓ 相同的初始位置和场景
  ✓ 固定的导频分配


[1/5] Generating neutral scenario...
[Neutral Initialization]
  ✓ UE positions: 60 users randomly distributed
  ✓ Ground APs: 4 APs uniformly distributed (2x2 grid)
  ✓ UAVs: 9 UAVs in 3x3 grid
  ✓ Random seed: 43

[2/5] Creating fair configurations...
  ✓ All configurations created with unified parameters

[3/5] Computing initial performance...
  Initial Min Rate: 27.5609 Mbps
  Initial Sum Rate: 2659.60 Mbps
  Initial Mean Rate: 44.3267 Mbps
  Initial Std Rate: 6.2697 Mbps

[4/5] Running optimizers...

================================================================================
[4/4] Running Balanced Virtual Force Optimizer V3...
================================================================================
开始平衡虚拟力优化（V3正确优化版）...
Iter 0: Sum=2627.93Mbps, Min=29.1619Mbps, BestMin=29.1619Mbps (Iter0), Time=0.095s
Iter 10: Sum=2634.49Mbps, Min=35.6547Mbps, BestMin=35.6547Mbps (Iter10), Time=0.095s
Iter 20: Sum=2644.03Mbps, Min=28.7964Mbps, BestMin=35.6547Mbps (Iter10), Time=0.097s
Iter 30: Sum=2632.24Mbps, Min=35.7263Mbps, BestMin=37.6162Mbps (Iter22), Time=0.105s
Iter 40: Sum=2608.42Mbps, Min=34.9976Mbps, BestMin=37.6162Mbps (Iter22), Time=0.110s

🔄 智能重启 #1 (Iter 47)

🎉 平衡虚拟力优化完成（V3版 - 历代最优记忆）!
✨ 最佳性能出现在第 22 次迭代
📊 历代最优总速率: 2654.82 Mbps
🎯 历代最优最小速率: 37.6162 Mbps
📈 速率标准差: 5.1406 Mbps
⏱️  优化时间: 5.23 秒
⚡ 平均每次迭代: 0.105 秒
🔄 重启次数: 1

✓ Balanced Virtual Force Optimizer V3 Complete
   Final Min Rate: 37.6162 Mbps
   Final Sum Rate: 2654.82 Mbps
   Time: 5.23 s

================================================================================
[4/4] Running Weighted Genetic Algorithm...
================================================================================
离散网格生成完成: 9x9 = 81个候选点
开始离散遗传算法优化（网格: 9x9）...
Gen 0: Fitness=52.6413, Sum=2543.34Mbps, Min=28.6086Mbps, Time=3.775s
Gen 10: Fitness=56.2498, Sum=2563.26Mbps, Min=28.9019Mbps, Time=3.405s
Gen 20: Fitness=56.2498, Sum=2566.72Mbps, Min=28.7192Mbps, Time=3.531s
Gen 30: Fitness=56.2498, Sum=2563.76Mbps, Min=27.7183Mbps, Time=3.594s
Gen 40: Fitness=56.2498, Sum=2561.80Mbps, Min=29.9522Mbps, Time=3.594s

🎉 离散遗传算法优化完成!
✨ 最佳性能出现在第 5 代
📊 最终总速率: 2519.31 Mbps
🎯 最终最小速率: 28.1866 Mbps
📈 速率标准差: 7.4201 Mbps
⏱️  优化时间: 176.37 秒
⚡ 平均每代: 3.527 秒
🎲 使用网格点: [4, 33, 40, 41, 43, 45, 57, 69, 74]

✓ Weighted Genetic Algorithm Complete
   Final Min Rate: 28.1866 Mbps
   Final Sum Rate: 2519.31 Mbps
   Time: 176.48 s

================================================================================
[4/4] Running Weighted PSO...
================================================================================
✅ 分布式PSO优化器初始化完成
   - 粒子数量: 30
   - 最大迭代次数: 50
   - PSO参数: w=0.729, c1=1.49445, c2=1.49445

================================================================================
                            分布式PSO优化算法 (Algorithm 2)                            
================================================================================

[Step 1] 初始化粒子群...
   ✓ 粒子群初始化完成
   ✓ 初始全局最佳适应度: 55.3537

[开始迭代] 最大迭代次数: 50
--------------------------------------------------------------------------------
Iter   0 | Fitness:  55.3537 | Min Rate: 30.9067 Mbps | Sum Rate:  2662.76 Mbps | Mean Rate: 44.3794 Mbps
Iter  10 | Fitness:  60.0419 | Min Rate: 33.0373 Mbps | Sum Rate:  2633.64 Mbps | Mean Rate: 43.8939 Mbps
Iter  20 | Fitness:  61.6632 | Min Rate: 33.8223 Mbps | Sum Rate:  2603.34 Mbps | Mean Rate: 43.3890 Mbps
Iter  30 | Fitness:  61.9300 | Min Rate: 35.4498 Mbps | Sum Rate:  2589.45 Mbps | Mean Rate: 43.1575 Mbps
Iter  40 | Fitness:  61.9300 | Min Rate: 33.1502 Mbps | Sum Rate:  2606.28 Mbps | Mean Rate: 43.4380 Mbps
Iter  49 | Fitness:  61.9300 | Min Rate: 33.6819 Mbps | Sum Rate:  2577.49 Mbps | Mean Rate: 42.9582 Mbps

================================================================================
                                      优化完成                                      
================================================================================

📊 最终性能指标:
   - 总速率 (Sum Rate):      2592.74 Mbps
   - 最小速率 (Min Rate):    33.7955 Mbps
   - 平均速率 (Mean Rate):   43.2123 Mbps
   - 速率标准差 (Std):        5.4490 Mbps
   - 最佳适应度 (Fitness):   61.9300

📈 性能提升:
   - 总速率提升:   -2.63%
   - 最小速率提升: +9.35%

⏱️  计算时间:
   - 总优化时间: 208.69 秒
   - 平均每代:   4.174 秒

✓ Weighted PSO Complete
   Final Min Rate: 33.7955 Mbps
   Final Sum Rate: 2592.74 Mbps
   Time: 208.82 s

================================================================================
[4/4] Running Weighted NewSSA...
================================================================================
================================================================================
开始NewSSA优化（论文算法）...
  • 改进1: OBL策略 + 折射原理（公式18）
  • 改进2: 正弦-余弦搜索（公式20）
  • 改进3: 自适应参数r1和w（公式21-22）
  • 麻雀数量: 30
  • 最大迭代: 50
  • 生产者: 20%, 警戒者: 15%
================================================================================

[1/5] OBL策略 + 折射原理初始化...
[2/5] 计算初始适应度...
  ✓ 初始最优适应度: 51.9755 (min_rate=27.3780 Mbps)

[3/5] 开始迭代优化（50次）...
--------------------------------------------------------------------------------
Iter  10/50: Sum=2494.84Mbps, Min=28.8807Mbps, Fit=53.8291, Time=6.194s
Iter  20/50: Sum=2494.84Mbps, Min=28.8807Mbps, Fit=53.8291, Time=6.130s
Iter  30/50: Sum=2493.70Mbps, Min=31.8278Mbps, Fit=56.7649, Time=6.135s
Iter  40/50: Sum=2493.70Mbps, Min=31.8278Mbps, Fit=56.7649, Time=6.145s
Iter  50/50: Sum=2493.70Mbps, Min=31.8278Mbps, Fit=56.7649, Time=6.150s

[4/5] 整理最终结果...

[5/5] 优化完成!
================================================================================
🎉 Weighted NewSSA优化完成!
📊 最终总速率: 2493.70 Mbps
🎯 最终最小速率: 31.8278 Mbps
💫 最终适应度: 56.7649 (weighted)
📈 平均速率: 41.2619 Mbps
⏱️  优化时间: 308.76 秒
================================================================================

✓ Weighted NewSSA Complete
   Final Min Rate: 31.8278 Mbps
   Final Sum Rate: 2493.70 Mbps
   Time: 311.98 s

✓ 随机种子 43 完成（用时 11.7 分钟）
  VF:     37.62 Mbps
  GA:     28.19 Mbps
  PSO:    33.80 Mbps
  NewSSA: 31.83 Mbps
✓ 结果已保存到: result/weighted_partial_1.json

==========================================================================================
                                    运行 2/11: 随机种子 = 45                                    
==========================================================================================
================================================================================
                      FAIR OPTIMIZER COMPARISON EXPERIMENT                      
================================================================================

公平性保证：
  ✓ 总评估次数: 1500 (种群30 × 迭代50)
  ✓ 信道实现次数: 50
  ✓ 随机种子: 45
  ✓ 相同的初始位置和场景
  ✓ 固定的导频分配


[1/5] Generating neutral scenario...
[Neutral Initialization]
  ✓ UE positions: 60 users randomly distributed
  ✓ Ground APs: 4 APs uniformly distributed (2x2 grid)
  ✓ UAVs: 9 UAVs in 3x3 grid
  ✓ Random seed: 45

[2/5] Creating fair configurations...
  ✓ All configurations created with unified parameters

[3/5] Computing initial performance...
  Initial Min Rate: 28.9579 Mbps
  Initial Sum Rate: 2508.92 Mbps
  Initial Mean Rate: 41.8153 Mbps
  Initial Std Rate: 7.1070 Mbps

[4/5] Running optimizers...

================================================================================
[4/4] Running Balanced Virtual Force Optimizer V3...
================================================================================
开始平衡虚拟力优化（V3正确优化版）...
Iter 0: Sum=2542.94Mbps, Min=28.1569Mbps, BestMin=28.1569Mbps (Iter0), Time=0.103s
Iter 10: Sum=2566.87Mbps, Min=36.8196Mbps, BestMin=36.8196Mbps (Iter10), Time=0.105s
Iter 20: Sum=2556.11Mbps, Min=34.1504Mbps, BestMin=36.8196Mbps (Iter10), Time=0.104s
Iter 30: Sum=2575.68Mbps, Min=34.0154Mbps, BestMin=36.8196Mbps (Iter10), Time=0.102s

🔄 智能重启 #1 (Iter 35)
Iter 40: Sum=2520.96Mbps, Min=32.4255Mbps, BestMin=36.8196Mbps (Iter10), Time=0.102s

🎉 平衡虚拟力优化完成（V3版 - 历代最优记忆）!
✨ 最佳性能出现在第 10 次迭代
📊 历代最优总速率: 2566.87 Mbps
🎯 历代最优最小速率: 36.8196 Mbps
📈 速率标准差: 5.3406 Mbps
⏱️  优化时间: 5.26 秒
⚡ 平均每次迭代: 0.105 秒
🔄 重启次数: 1

✓ Balanced Virtual Force Optimizer V3 Complete
   Final Min Rate: 36.8196 Mbps
   Final Sum Rate: 2566.87 Mbps
   Time: 5.26 s

================================================================================
[4/4] Running Weighted Genetic Algorithm...
================================================================================
离散网格生成完成: 9x9 = 81个候选点
开始离散遗传算法优化（网格: 9x9）...
Gen 0: Fitness=54.2018, Sum=2497.08Mbps, Min=28.7361Mbps, Time=3.207s
Gen 10: Fitness=55.7271, Sum=2465.96Mbps, Min=29.8975Mbps, Time=3.189s
Gen 20: Fitness=56.4619, Sum=2577.54Mbps, Min=31.3067Mbps, Time=3.200s
Gen 30: Fitness=58.1119, Sum=2503.96Mbps, Min=32.0599Mbps, Time=3.194s
Gen 40: Fitness=58.2548, Sum=2574.43Mbps, Min=32.0294Mbps, Time=3.191s

🎉 离散遗传算法优化完成!
✨ 最佳性能出现在第 47 代
📊 最终总速率: 2589.42 Mbps
🎯 最终最小速率: 30.1502 Mbps
📈 速率标准差: 6.1052 Mbps
⏱️  优化时间: 159.92 秒
⚡ 平均每代: 3.198 秒
🎲 使用网格点: [0, 4, 17, 29, 37, 40, 68, 74, 77]

✓ Weighted Genetic Algorithm Complete
   Final Min Rate: 30.1502 Mbps
   Final Sum Rate: 2589.42 Mbps
   Time: 160.03 s

================================================================================
[4/4] Running Weighted PSO...
================================================================================
✅ 分布式PSO优化器初始化完成
   - 粒子数量: 30
   - 最大迭代次数: 50
   - PSO参数: w=0.729, c1=1.49445, c2=1.49445

================================================================================
                            分布式PSO优化算法 (Algorithm 2)                            
================================================================================

[Step 1] 初始化粒子群...
   ✓ 粒子群初始化完成
   ✓ 初始全局最佳适应度: 53.4604

[开始迭代] 最大迭代次数: 50
--------------------------------------------------------------------------------
Iter   0 | Fitness:  53.4604 | Min Rate: 28.9494 Mbps | Sum Rate:  2498.67 Mbps | Mean Rate: 41.6445 Mbps
Iter  10 | Fitness:  60.4272 | Min Rate: 32.4978 Mbps | Sum Rate:  2604.76 Mbps | Mean Rate: 43.4126 Mbps
Iter  20 | Fitness:  61.5340 | Min Rate: 35.1820 Mbps | Sum Rate:  2663.94 Mbps | Mean Rate: 44.3990 Mbps
Iter  30 | Fitness:  62.5993 | Min Rate: 33.9398 Mbps | Sum Rate:  2667.66 Mbps | Mean Rate: 44.4611 Mbps
Iter  40 | Fitness:  63.1380 | Min Rate: 34.2438 Mbps | Sum Rate:  2632.65 Mbps | Mean Rate: 43.8774 Mbps
Iter  49 | Fitness:  64.6914 | Min Rate: 32.7266 Mbps | Sum Rate:  2627.31 Mbps | Mean Rate: 43.7885 Mbps

================================================================================
                                      优化完成                                      
================================================================================

📊 最终性能指标:
   - 总速率 (Sum Rate):      2667.41 Mbps
   - 最小速率 (Min Rate):    32.6515 Mbps
   - 平均速率 (Mean Rate):   44.4568 Mbps
   - 速率标准差 (Std):        4.5202 Mbps
   - 最佳适应度 (Fitness):   64.6914

📈 性能提升:
   - 总速率提升:   +6.75%
   - 最小速率提升: +12.79%

⏱️  计算时间:
   - 总优化时间: 3876.88 秒
   - 平均每代:   77.538 秒

✓ Weighted PSO Complete
   Final Min Rate: 32.6515 Mbps
   Final Sum Rate: 2667.41 Mbps
   Time: 3876.99 s

================================================================================
[4/4] Running Weighted NewSSA...
================================================================================
================================================================================
开始NewSSA优化（论文算法）...
  • 改进1: OBL策略 + 折射原理（公式18）
  • 改进2: 正弦-余弦搜索（公式20）
  • 改进3: 自适应参数r1和w（公式21-22）
  • 麻雀数量: 30
  • 最大迭代: 50
  • 生产者: 20%, 警戒者: 15%
================================================================================

[1/5] OBL策略 + 折射原理初始化...
[2/5] 计算初始适应度...
  ✓ 初始最优适应度: 51.3561 (min_rate=26.3558 Mbps)

[3/5] 开始迭代优化（50次）...
--------------------------------------------------------------------------------
Iter  10/50: Sum=2458.01Mbps, Min=30.2462Mbps, Fit=54.8264, Time=5.580s
Iter  20/50: Sum=2458.01Mbps, Min=30.2462Mbps, Fit=54.8264, Time=5.600s
Iter  30/50: Sum=2437.77Mbps, Min=32.4016Mbps, Fit=56.7792, Time=5.649s
Iter  40/50: Sum=2437.77Mbps, Min=32.4016Mbps, Fit=56.7792, Time=5.713s
Iter  50/50: Sum=2437.77Mbps, Min=32.4016Mbps, Fit=56.7792, Time=5.855s

[4/5] 整理最终结果...

[5/5] 优化完成!
================================================================================
🎉 Weighted NewSSA优化完成!
📊 最终总速率: 2437.77 Mbps
🎯 最终最小速率: 32.4016 Mbps
💫 最终适应度: 56.7792 (weighted)
📈 平均速率: 40.7475 Mbps
⏱️  优化时间: 283.27 秒
================================================================================

✓ Weighted NewSSA Complete
   Final Min Rate: 32.4016 Mbps
   Final Sum Rate: 2437.77 Mbps
   Time: 286.19 s

✓ 随机种子 45 完成（用时 72.1 分钟）
  VF:     36.82 Mbps
  GA:     30.15 Mbps
  PSO:    32.65 Mbps
  NewSSA: 32.40 Mbps
✓ 结果已保存到: result/weighted_partial_2.json

==========================================================================================
                                    运行 3/11: 随机种子 = 46                                    
==========================================================================================
================================================================================
                      FAIR OPTIMIZER COMPARISON EXPERIMENT                      
================================================================================

公平性保证：
  ✓ 总评估次数: 1500 (种群30 × 迭代50)
  ✓ 信道实现次数: 50
  ✓ 随机种子: 46
  ✓ 相同的初始位置和场景
  ✓ 固定的导频分配


[1/5] Generating neutral scenario...
[Neutral Initialization]
  ✓ UE positions: 60 users randomly distributed
  ✓ Ground APs: 4 APs uniformly distributed (2x2 grid)
  ✓ UAVs: 9 UAVs in 3x3 grid
  ✓ Random seed: 46

[2/5] Creating fair configurations...
  ✓ All configurations created with unified parameters

[3/5] Computing initial performance...
  Initial Min Rate: 27.5508 Mbps
  Initial Sum Rate: 2529.00 Mbps
  Initial Mean Rate: 42.1500 Mbps
  Initial Std Rate: 6.7457 Mbps

[4/5] Running optimizers...

================================================================================
[4/4] Running Balanced Virtual Force Optimizer V3...
================================================================================
开始平衡虚拟力优化（V3正确优化版）...
Iter 0: Sum=2559.31Mbps, Min=28.5617Mbps, BestMin=28.5617Mbps (Iter0), Time=0.098s
Iter 10: Sum=2534.42Mbps, Min=27.9261Mbps, BestMin=32.2911Mbps (Iter8), Time=0.095s
Iter 20: Sum=2483.38Mbps, Min=29.8860Mbps, BestMin=32.2911Mbps (Iter8), Time=0.097s
Iter 30: Sum=2484.46Mbps, Min=31.9296Mbps, BestMin=32.2911Mbps (Iter8), Time=0.097s

🔄 智能重启 #1 (Iter 33)
Iter 40: Sum=2472.23Mbps, Min=27.6185Mbps, BestMin=32.2911Mbps (Iter8), Time=0.095s

🎉 平衡虚拟力优化完成（V3版 - 历代最优记忆）!
✨ 最佳性能出现在第 8 次迭代
📊 历代最优总速率: 2522.21 Mbps
🎯 历代最优最小速率: 32.2911 Mbps
📈 速率标准差: 4.8164 Mbps
⏱️  优化时间: 4.92 秒
⚡ 平均每次迭代: 0.098 秒
🔄 重启次数: 1

✓ Balanced Virtual Force Optimizer V3 Complete
   Final Min Rate: 32.2911 Mbps
   Final Sum Rate: 2522.21 Mbps
   Time: 4.93 s

================================================================================
[4/4] Running Weighted Genetic Algorithm...
================================================================================
离散网格生成完成: 9x9 = 81个候选点
开始离散遗传算法优化（网格: 9x9）...
Gen 0: Fitness=52.3040, Sum=2518.38Mbps, Min=25.1088Mbps, Time=3.016s
Gen 10: Fitness=55.8565, Sum=2667.29Mbps, Min=29.9236Mbps, Time=3.022s
Gen 20: Fitness=58.1816, Sum=2563.28Mbps, Min=31.6858Mbps, Time=3.007s
Gen 30: Fitness=58.4241, Sum=2601.70Mbps, Min=31.3440Mbps, Time=3.050s
Gen 40: Fitness=58.5395, Sum=2604.50Mbps, Min=31.6418Mbps, Time=3.028s

🎉 离散遗传算法优化完成!
✨ 最佳性能出现在第 47 代
📊 最终总速率: 2593.08 Mbps
🎯 最终最小速率: 32.8252 Mbps
📈 速率标准差: 6.9843 Mbps
⏱️  优化时间: 151.71 秒
⚡ 平均每代: 3.034 秒
🎲 使用网格点: [3, 6, 10, 16, 32, 42, 46, 57, 74]

✓ Weighted Genetic Algorithm Complete
   Final Min Rate: 32.8252 Mbps
   Final Sum Rate: 2593.08 Mbps
   Time: 151.81 s

================================================================================
[4/4] Running Weighted PSO...
================================================================================
✅ 分布式PSO优化器初始化完成
   - 粒子数量: 30
   - 最大迭代次数: 50
   - PSO参数: w=0.729, c1=1.49445, c2=1.49445

================================================================================
                            分布式PSO优化算法 (Algorithm 2)                            
================================================================================

[Step 1] 初始化粒子群...
   ✓ 粒子群初始化完成
   ✓ 初始全局最佳适应度: 54.4581

[开始迭代] 最大迭代次数: 50
--------------------------------------------------------------------------------
Iter   0 | Fitness:  54.4581 | Min Rate: 28.1072 Mbps | Sum Rate:  2534.93 Mbps | Mean Rate: 42.2488 Mbps
Iter  10 | Fitness:  55.7172 | Min Rate: 27.8044 Mbps | Sum Rate:  2545.95 Mbps | Mean Rate: 42.4324 Mbps
Iter  20 | Fitness:  59.9676 | Min Rate: 32.0121 Mbps | Sum Rate:  2605.45 Mbps | Mean Rate: 43.4242 Mbps
Iter  30 | Fitness:  62.0951 | Min Rate: 34.3251 Mbps | Sum Rate:  2605.80 Mbps | Mean Rate: 43.4300 Mbps
Iter  40 | Fitness:  62.0951 | Min Rate: 33.5636 Mbps | Sum Rate:  2608.59 Mbps | Mean Rate: 43.4764 Mbps
Iter  49 | Fitness:  62.5063 | Min Rate: 32.9983 Mbps | Sum Rate:  2661.91 Mbps | Mean Rate: 44.3652 Mbps

================================================================================
                                      优化完成                                      
================================================================================

📊 最终性能指标:
   - 总速率 (Sum Rate):      2644.29 Mbps
   - 最小速率 (Min Rate):    31.4176 Mbps
   - 平均速率 (Mean Rate):   44.0715 Mbps
   - 速率标准差 (Std):        6.3942 Mbps
   - 最佳适应度 (Fitness):   62.5063

📈 性能提升:
   - 总速率提升:   +4.31%
   - 最小速率提升: +11.78%

⏱️  计算时间:
   - 总优化时间: 196.96 秒
   - 平均每代:   3.939 秒

✓ Weighted PSO Complete
   Final Min Rate: 31.4176 Mbps
   Final Sum Rate: 2644.29 Mbps
   Time: 197.09 s

================================================================================
[4/4] Running Weighted NewSSA...
================================================================================
================================================================================
开始NewSSA优化（论文算法）...
  • 改进1: OBL策略 + 折射原理（公式18）
  • 改进2: 正弦-余弦搜索（公式20）
  • 改进3: 自适应参数r1和w（公式21-22）
  • 麻雀数量: 30
  • 最大迭代: 50
  • 生产者: 20%, 警戒者: 15%
================================================================================

[1/5] OBL策略 + 折射原理初始化...
[2/5] 计算初始适应度...
  ✓ 初始最优适应度: 53.5777 (min_rate=28.2224 Mbps)

[3/5] 开始迭代优化（50次）...
--------------------------------------------------------------------------------
Iter  10/50: Sum=2547.68Mbps, Min=28.7005Mbps, Fit=54.1773, Time=5.963s
Iter  20/50: Sum=2621.93Mbps, Min=29.6017Mbps, Fit=55.8210, Time=6.013s
Iter  30/50: Sum=2518.57Mbps, Min=32.3226Mbps, Fit=57.5083, Time=5.992s
Iter  40/50: Sum=2548.11Mbps, Min=32.1119Mbps, Fit=57.5930, Time=6.024s
Iter  50/50: Sum=2548.11Mbps, Min=32.1119Mbps, Fit=57.5930, Time=6.031s

[4/5] 整理最终结果...

[5/5] 优化完成!
================================================================================
🎉 Weighted NewSSA优化完成!
📊 最终总速率: 2548.11 Mbps
🎯 最终最小速率: 32.1119 Mbps
💫 最终适应度: 57.5930 (weighted)
📈 平均速率: 43.0686 Mbps
⏱️  优化时间: 300.02 秒
================================================================================

✓ Weighted NewSSA Complete
   Final Min Rate: 32.1119 Mbps
   Final Sum Rate: 2548.11 Mbps
   Time: 303.11 s

✓ 随机种子 46 完成（用时 11.0 分钟）
  VF:     32.29 Mbps
  GA:     32.83 Mbps
  PSO:    31.42 Mbps
  NewSSA: 32.11 Mbps
✓ 结果已保存到: result/weighted_partial_3.json

==========================================================================================
                                    运行 4/11: 随机种子 = 47                                    
==========================================================================================
================================================================================
                      FAIR OPTIMIZER COMPARISON EXPERIMENT                      
================================================================================

公平性保证：
  ✓ 总评估次数: 1500 (种群30 × 迭代50)
  ✓ 信道实现次数: 50
  ✓ 随机种子: 47
  ✓ 相同的初始位置和场景
  ✓ 固定的导频分配


[1/5] Generating neutral scenario...
[Neutral Initialization]
  ✓ UE positions: 60 users randomly distributed
  ✓ Ground APs: 4 APs uniformly distributed (2x2 grid)
  ✓ UAVs: 9 UAVs in 3x3 grid
  ✓ Random seed: 47

[2/5] Creating fair configurations...
  ✓ All configurations created with unified parameters

[3/5] Computing initial performance...
  Initial Min Rate: 32.5636 Mbps
  Initial Sum Rate: 2597.80 Mbps
  Initial Mean Rate: 43.2966 Mbps
  Initial Std Rate: 5.2265 Mbps

[4/5] Running optimizers...

================================================================================
[4/4] Running Balanced Virtual Force Optimizer V3...
================================================================================
开始平衡虚拟力优化（V3正确优化版）...
Iter 0: Sum=2587.77Mbps, Min=34.6330Mbps, BestMin=34.6330Mbps (Iter0), Time=0.096s
Iter 10: Sum=2650.05Mbps, Min=34.3072Mbps, BestMin=35.0262Mbps (Iter2), Time=0.098s
Iter 20: Sum=2569.45Mbps, Min=33.2399Mbps, BestMin=35.6924Mbps (Iter14), Time=0.098s
Iter 30: Sum=2562.21Mbps, Min=34.1836Mbps, BestMin=35.6924Mbps (Iter14), Time=0.101s

🔄 智能重启 #1 (Iter 39)
Iter 40: Sum=2547.99Mbps, Min=31.6130Mbps, BestMin=35.6924Mbps (Iter14), Time=0.101s

🎉 平衡虚拟力优化完成（V3版 - 历代最优记忆）!
✨ 最佳性能出现在第 14 次迭代
📊 历代最优总速率: 2638.59 Mbps
🎯 历代最优最小速率: 35.6924 Mbps
📈 速率标准差: 4.6921 Mbps
⏱️  优化时间: 5.09 秒
⚡ 平均每次迭代: 0.102 秒
🔄 重启次数: 1

✓ Balanced Virtual Force Optimizer V3 Complete
   Final Min Rate: 35.6924 Mbps
   Final Sum Rate: 2638.59 Mbps
   Time: 5.09 s

================================================================================
[4/4] Running Weighted Genetic Algorithm...
================================================================================
离散网格生成完成: 9x9 = 81个候选点
开始离散遗传算法优化（网格: 9x9）...
Gen 0: Fitness=52.5656, Sum=2563.84Mbps, Min=25.9613Mbps, Time=3.096s
Gen 10: Fitness=55.2667, Sum=2529.31Mbps, Min=30.0649Mbps, Time=3.131s
Gen 20: Fitness=57.5259, Sum=2570.52Mbps, Min=29.5381Mbps, Time=3.115s
Gen 30: Fitness=57.5259, Sum=2544.46Mbps, Min=30.2009Mbps, Time=3.121s
Gen 40: Fitness=57.5259, Sum=2544.99Mbps, Min=28.9609Mbps, Time=3.113s

🎉 离散遗传算法优化完成!
✨ 最佳性能出现在第 15 代
📊 最终总速率: 2539.71 Mbps
🎯 最终最小速率: 28.9210 Mbps
📈 速率标准差: 7.9430 Mbps
⏱️  优化时间: 156.27 秒
⚡ 平均每代: 3.125 秒
🎲 使用网格点: [1, 5, 17, 25, 38, 40, 59, 64, 70]

✓ Weighted Genetic Algorithm Complete
   Final Min Rate: 28.9210 Mbps
   Final Sum Rate: 2539.71 Mbps
   Time: 156.37 s

================================================================================
[4/4] Running Weighted PSO...
================================================================================
✅ 分布式PSO优化器初始化完成
   - 粒子数量: 30
   - 最大迭代次数: 50
   - PSO参数: w=0.729, c1=1.49445, c2=1.49445

================================================================================
                            分布式PSO优化算法 (Algorithm 2)                            
================================================================================

[Step 1] 初始化粒子群...
   ✓ 粒子群初始化完成
   ✓ 初始全局最佳适应度: 60.2468

[开始迭代] 最大迭代次数: 50
--------------------------------------------------------------------------------
Iter   0 | Fitness:  60.2468 | Min Rate: 34.7483 Mbps | Sum Rate:  2597.55 Mbps | Mean Rate: 43.2925 Mbps
Iter  10 | Fitness:  62.5261 | Min Rate: 33.9379 Mbps | Sum Rate:  2622.86 Mbps | Mean Rate: 43.7143 Mbps
Iter  20 | Fitness:  62.9089 | Min Rate: 31.5783 Mbps | Sum Rate:  2635.12 Mbps | Mean Rate: 43.9186 Mbps
Iter  30 | Fitness:  63.2694 | Min Rate: 34.7700 Mbps | Sum Rate:  2599.65 Mbps | Mean Rate: 43.3275 Mbps
Iter  40 | Fitness:  63.2694 | Min Rate: 36.3916 Mbps | Sum Rate:  2621.18 Mbps | Mean Rate: 43.6864 Mbps
Iter  49 | Fitness:  63.5319 | Min Rate: 33.3055 Mbps | Sum Rate:  2619.70 Mbps | Mean Rate: 43.6617 Mbps

================================================================================
                                      优化完成                                      
================================================================================

📊 最终性能指标:
   - 总速率 (Sum Rate):      2665.02 Mbps
   - 最小速率 (Min Rate):    36.5711 Mbps
   - 平均速率 (Mean Rate):   44.4169 Mbps
   - 速率标准差 (Std):        5.1613 Mbps
   - 最佳适应度 (Fitness):   63.5319

📈 性能提升:
   - 总速率提升:   +2.60%
   - 最小速率提升: +5.25%

⏱️  计算时间:
   - 总优化时间: 203.13 秒
   - 平均每代:   4.063 秒

✓ Weighted PSO Complete
   Final Min Rate: 36.5711 Mbps
   Final Sum Rate: 2665.02 Mbps
   Time: 203.25 s

================================================================================
[4/4] Running Weighted NewSSA...
================================================================================
================================================================================
开始NewSSA优化（论文算法）...
  • 改进1: OBL策略 + 折射原理（公式18）
  • 改进2: 正弦-余弦搜索（公式20）
  • 改进3: 自适应参数r1和w（公式21-22）
  • 麻雀数量: 30
  • 最大迭代: 50
  • 生产者: 20%, 警戒者: 15%
================================================================================

[1/5] OBL策略 + 折射原理初始化...
[2/5] 计算初始适应度...
  ✓ 初始最优适应度: 53.8116 (min_rate=27.9208 Mbps)

[3/5] 开始迭代优化（50次）...
--------------------------------------------------------------------------------
Iter  10/50: Sum=2622.40Mbps, Min=30.4051Mbps, Fit=56.6291, Time=5.430s
Iter  20/50: Sum=2622.40Mbps, Min=30.4051Mbps, Fit=56.6291, Time=5.431s
Iter  30/50: Sum=2622.40Mbps, Min=30.4051Mbps, Fit=56.6291, Time=5.508s
Iter  40/50: Sum=2622.40Mbps, Min=30.4051Mbps, Fit=56.6291, Time=5.440s
Iter  50/50: Sum=2622.40Mbps, Min=30.4051Mbps, Fit=56.6291, Time=5.421s

[4/5] 整理最终结果...

[5/5] 优化完成!
================================================================================
🎉 Weighted NewSSA优化完成!
📊 最终总速率: 2622.40 Mbps
🎯 最终最小速率: 30.4051 Mbps
💫 最终适应度: 56.6291 (weighted)
📈 平均速率: 43.2499 Mbps
⏱️  优化时间: 271.44 秒
================================================================================

✓ Weighted NewSSA Complete
   Final Min Rate: 30.4051 Mbps
   Final Sum Rate: 2622.40 Mbps
   Time: 274.24 s

✓ 随机种子 47 完成（用时 10.7 分钟）
  VF:     35.69 Mbps
  GA:     28.92 Mbps
  PSO:    36.57 Mbps
  NewSSA: 30.41 Mbps
✓ 结果已保存到: result/weighted_partial_4.json

==========================================================================================
                                    运行 5/11: 随机种子 = 48                                    
==========================================================================================
================================================================================
                      FAIR OPTIMIZER COMPARISON EXPERIMENT                      
================================================================================

公平性保证：
  ✓ 总评估次数: 1500 (种群30 × 迭代50)
  ✓ 信道实现次数: 50
  ✓ 随机种子: 48
  ✓ 相同的初始位置和场景
  ✓ 固定的导频分配


[1/5] Generating neutral scenario...
[Neutral Initialization]
  ✓ UE positions: 60 users randomly distributed
  ✓ Ground APs: 4 APs uniformly distributed (2x2 grid)
  ✓ UAVs: 9 UAVs in 3x3 grid
  ✓ Random seed: 48

[2/5] Creating fair configurations...
  ✓ All configurations created with unified parameters

[3/5] Computing initial performance...
  Initial Min Rate: 25.8646 Mbps
  Initial Sum Rate: 2495.63 Mbps
  Initial Mean Rate: 41.5939 Mbps
  Initial Std Rate: 6.7325 Mbps

[4/5] Running optimizers...

================================================================================
[4/4] Running Balanced Virtual Force Optimizer V3...
================================================================================
开始平衡虚拟力优化（V3正确优化版）...
Iter 0: Sum=2492.07Mbps, Min=26.7521Mbps, BestMin=26.7521Mbps (Iter0), Time=0.090s
Iter 10: Sum=2603.40Mbps, Min=33.7151Mbps, BestMin=33.7151Mbps (Iter10), Time=0.091s
Iter 20: Sum=2570.70Mbps, Min=30.4272Mbps, BestMin=34.3741Mbps (Iter18), Time=0.092s
Iter 30: Sum=2579.06Mbps, Min=31.3530Mbps, BestMin=35.1685Mbps (Iter24), Time=0.091s
Iter 40: Sum=2533.88Mbps, Min=32.1495Mbps, BestMin=35.1685Mbps (Iter24), Time=0.091s

🔄 智能重启 #1 (Iter 49)

🎉 平衡虚拟力优化完成（V3版 - 历代最优记忆）!
✨ 最佳性能出现在第 24 次迭代
📊 历代最优总速率: 2553.55 Mbps
🎯 历代最优最小速率: 35.1685 Mbps
📈 速率标准差: 5.7895 Mbps
⏱️  优化时间: 4.64 秒
⚡ 平均每次迭代: 0.093 秒
🔄 重启次数: 1

✓ Balanced Virtual Force Optimizer V3 Complete
   Final Min Rate: 35.1685 Mbps
   Final Sum Rate: 2553.55 Mbps
   Time: 4.64 s

================================================================================
[4/4] Running Weighted Genetic Algorithm...
================================================================================
离散网格生成完成: 9x9 = 81个候选点
开始离散遗传算法优化（网格: 9x9）...
Gen 0: Fitness=55.0887, Sum=2673.85Mbps, Min=28.1851Mbps, Time=2.799s
Gen 10: Fitness=56.5224, Sum=2722.17Mbps, Min=30.7383Mbps, Time=2.803s
Gen 20: Fitness=58.4662, Sum=2742.61Mbps, Min=29.7539Mbps, Time=2.797s
Gen 30: Fitness=58.4662, Sum=2714.76Mbps, Min=29.9206Mbps, Time=2.795s
Gen 40: Fitness=58.4662, Sum=2722.93Mbps, Min=29.5665Mbps, Time=2.805s

🎉 离散遗传算法优化完成!
✨ 最佳性能出现在第 14 代
📊 最终总速率: 2739.13 Mbps
🎯 最终最小速率: 29.9901 Mbps
📈 速率标准差: 8.2038 Mbps
⏱️  优化时间: 140.24 秒
⚡ 平均每代: 2.805 秒
🎲 使用网格点: [2, 7, 11, 18, 33, 41, 59, 66, 75]

✓ Weighted Genetic Algorithm Complete
   Final Min Rate: 29.9901 Mbps
   Final Sum Rate: 2739.13 Mbps
   Time: 140.33 s

================================================================================
[4/4] Running Weighted PSO...
================================================================================
✅ 分布式PSO优化器初始化完成
   - 粒子数量: 30
   - 最大迭代次数: 50
   - PSO参数: w=0.729, c1=1.49445, c2=1.49445

================================================================================
                            分布式PSO优化算法 (Algorithm 2)                            
================================================================================

[Step 1] 初始化粒子群...
   ✓ 粒子群初始化完成
   ✓ 初始全局最佳适应度: 51.3384

[开始迭代] 最大迭代次数: 50
--------------------------------------------------------------------------------
Iter   0 | Fitness:  53.1144 | Min Rate: 27.1541 Mbps | Sum Rate:  2551.94 Mbps | Mean Rate: 42.5323 Mbps
Iter  10 | Fitness:  57.0002 | Min Rate: 29.7473 Mbps | Sum Rate:  2489.34 Mbps | Mean Rate: 41.4890 Mbps
Iter  20 | Fitness:  58.4844 | Min Rate: 29.2159 Mbps | Sum Rate:  2541.81 Mbps | Mean Rate: 42.3635 Mbps
Iter  30 | Fitness:  59.0359 | Min Rate: 31.8599 Mbps | Sum Rate:  2569.64 Mbps | Mean Rate: 42.8273 Mbps
Iter  40 | Fitness:  59.9415 | Min Rate: 29.9555 Mbps | Sum Rate:  2590.79 Mbps | Mean Rate: 43.1799 Mbps
Iter  49 | Fitness:  59.9415 | Min Rate: 29.7016 Mbps | Sum Rate:  2615.50 Mbps | Mean Rate: 43.5917 Mbps

================================================================================
                                      优化完成                                      
================================================================================

📊 最终性能指标:
   - 总速率 (Sum Rate):      2607.10 Mbps
   - 最小速率 (Min Rate):    31.0483 Mbps
   - 平均速率 (Mean Rate):   43.4517 Mbps
   - 速率标准差 (Std):        7.9680 Mbps
   - 最佳适应度 (Fitness):   59.9415

📈 性能提升:
   - 总速率提升:   +2.16%
   - 最小速率提升: +14.34%

⏱️  计算时间:
   - 总优化时间: 180.80 秒
   - 平均每代:   3.616 秒

✓ Weighted PSO Complete
   Final Min Rate: 31.0483 Mbps
   Final Sum Rate: 2607.10 Mbps
   Time: 180.92 s

================================================================================
[4/4] Running Weighted NewSSA...
================================================================================
================================================================================
开始NewSSA优化（论文算法）...
  • 改进1: OBL策略 + 折射原理（公式18）
  • 改进2: 正弦-余弦搜索（公式20）
  • 改进3: 自适应参数r1和w（公式21-22）
  • 麻雀数量: 30
  • 最大迭代: 50
  • 生产者: 20%, 警戒者: 15%
================================================================================

[1/5] OBL策略 + 折射原理初始化...
[2/5] 计算初始适应度...
  ✓ 初始最优适应度: 50.7686 (min_rate=25.9549 Mbps)

[3/5] 开始迭代优化（50次）...
--------------------------------------------------------------------------------
Iter  10/50: Sum=2475.59Mbps, Min=29.3132Mbps, Fit=54.0691, Time=5.416s
Iter  20/50: Sum=2475.59Mbps, Min=29.3132Mbps, Fit=54.0691, Time=5.424s
Iter  30/50: Sum=2475.59Mbps, Min=29.3132Mbps, Fit=54.0691, Time=5.443s
Iter  40/50: Sum=2475.59Mbps, Min=29.3132Mbps, Fit=54.0691, Time=5.434s
Iter  50/50: Sum=2475.59Mbps, Min=29.3132Mbps, Fit=54.0691, Time=5.428s

[4/5] 整理最终结果...

[5/5] 优化完成!
================================================================================
🎉 Weighted NewSSA优化完成!
📊 最终总速率: 2475.59 Mbps
🎯 最终最小速率: 29.3132 Mbps
💫 最终适应度: 54.0691 (weighted)
📈 平均速率: 41.0307 Mbps
⏱️  优化时间: 271.27 秒
================================================================================

✓ Weighted NewSSA Complete
   Final Min Rate: 29.3132 Mbps
   Final Sum Rate: 2475.59 Mbps
   Time: 274.08 s

✓ 随机种子 48 完成（用时 10.0 分钟）
  VF:     35.17 Mbps
  GA:     29.99 Mbps
  PSO:    31.05 Mbps
  NewSSA: 29.31 Mbps
✓ 结果已保存到: result/weighted_partial_5.json

==========================================================================================
                                    运行 6/11: 随机种子 = 49                                    
==========================================================================================
================================================================================
                      FAIR OPTIMIZER COMPARISON EXPERIMENT                      
================================================================================

公平性保证：
  ✓ 总评估次数: 1500 (种群30 × 迭代50)
  ✓ 信道实现次数: 50
  ✓ 随机种子: 49
  ✓ 相同的初始位置和场景
  ✓ 固定的导频分配


[1/5] Generating neutral scenario...
[Neutral Initialization]
  ✓ UE positions: 60 users randomly distributed
  ✓ Ground APs: 4 APs uniformly distributed (2x2 grid)
  ✓ UAVs: 9 UAVs in 3x3 grid
  ✓ Random seed: 49

[2/5] Creating fair configurations...
  ✓ All configurations created with unified parameters

[3/5] Computing initial performance...
  Initial Min Rate: 28.4579 Mbps
  Initial Sum Rate: 2540.78 Mbps
  Initial Mean Rate: 42.3464 Mbps
  Initial Std Rate: 7.4598 Mbps

[4/5] Running optimizers...

================================================================================
[4/4] Running Balanced Virtual Force Optimizer V3...
================================================================================
开始平衡虚拟力优化（V3正确优化版）...
Iter 0: Sum=2532.09Mbps, Min=26.9931Mbps, BestMin=26.9931Mbps (Iter0), Time=0.091s
Iter 10: Sum=2572.68Mbps, Min=32.6731Mbps, BestMin=34.0425Mbps (Iter9), Time=0.091s
Iter 20: Sum=2587.72Mbps, Min=32.0290Mbps, BestMin=34.5291Mbps (Iter14), Time=0.093s
Iter 30: Sum=2552.34Mbps, Min=32.9713Mbps, BestMin=35.4116Mbps (Iter27), Time=0.090s
Iter 40: Sum=2582.68Mbps, Min=34.1088Mbps, BestMin=35.4116Mbps (Iter27), Time=0.092s

🎉 平衡虚拟力优化完成（V3版 - 历代最优记忆）!
✨ 最佳性能出现在第 27 次迭代
📊 历代最优总速率: 2570.54 Mbps
🎯 历代最优最小速率: 35.4116 Mbps
📈 速率标准差: 4.4408 Mbps
⏱️  优化时间: 4.64 秒
⚡ 平均每次迭代: 0.093 秒
🔄 重启次数: 0

✓ Balanced Virtual Force Optimizer V3 Complete
   Final Min Rate: 35.4116 Mbps
   Final Sum Rate: 2570.54 Mbps
   Time: 4.64 s

================================================================================
[4/4] Running Weighted Genetic Algorithm...
================================================================================
离散网格生成完成: 9x9 = 81个候选点
开始离散遗传算法优化（网格: 9x9）...
Gen 0: Fitness=50.2436, Sum=2537.08Mbps, Min=24.6624Mbps, Time=2.798s
Gen 10: Fitness=56.2493, Sum=2536.35Mbps, Min=30.2515Mbps, Time=2.805s
Gen 20: Fitness=56.9327, Sum=2597.06Mbps, Min=29.1807Mbps, Time=2.800s
Gen 30: Fitness=58.0943, Sum=2552.14Mbps, Min=29.0994Mbps, Time=2.814s
Gen 40: Fitness=58.0943, Sum=2598.16Mbps, Min=29.2742Mbps, Time=2.813s

🎉 离散遗传算法优化完成!
✨ 最佳性能出现在第 24 代
📊 最终总速率: 2575.54 Mbps
🎯 最终最小速率: 30.2764 Mbps
📈 速率标准差: 6.2854 Mbps
⏱️  优化时间: 140.45 秒
⚡ 平均每代: 2.809 秒
🎲 使用网格点: [5, 19, 28, 43, 52, 54, 57, 67, 71]

✓ Weighted Genetic Algorithm Complete
   Final Min Rate: 30.2764 Mbps
   Final Sum Rate: 2575.54 Mbps
   Time: 140.54 s

================================================================================
[4/4] Running Weighted PSO...
================================================================================
✅ 分布式PSO优化器初始化完成
   - 粒子数量: 30
   - 最大迭代次数: 50
   - PSO参数: w=0.729, c1=1.49445, c2=1.49445

================================================================================
                            分布式PSO优化算法 (Algorithm 2)                            
================================================================================

[Step 1] 初始化粒子群...
   ✓ 粒子群初始化完成
   ✓ 初始全局最佳适应度: 51.9023

[开始迭代] 最大迭代次数: 50
--------------------------------------------------------------------------------
Iter   0 | Fitness:  52.8593 | Min Rate: 28.1535 Mbps | Sum Rate:  2540.80 Mbps | Mean Rate: 42.3467 Mbps
Iter  10 | Fitness:  55.8716 | Min Rate: 27.1264 Mbps | Sum Rate:  2529.80 Mbps | Mean Rate: 42.1633 Mbps
Iter  20 | Fitness:  59.7502 | Min Rate: 30.2748 Mbps | Sum Rate:  2580.99 Mbps | Mean Rate: 43.0164 Mbps
Iter  30 | Fitness:  60.9841 | Min Rate: 34.1314 Mbps | Sum Rate:  2569.40 Mbps | Mean Rate: 42.8234 Mbps
Iter  40 | Fitness:  61.3772 | Min Rate: 32.6205 Mbps | Sum Rate:  2564.87 Mbps | Mean Rate: 42.7478 Mbps
Iter  49 | Fitness:  61.7914 | Min Rate: 34.7721 Mbps | Sum Rate:  2564.35 Mbps | Mean Rate: 42.7391 Mbps

================================================================================
                                      优化完成                                      
================================================================================

📊 最终性能指标:
   - 总速率 (Sum Rate):      2555.15 Mbps
   - 最小速率 (Min Rate):    30.4115 Mbps
   - 平均速率 (Mean Rate):   42.5858 Mbps
   - 速率标准差 (Std):        6.0482 Mbps
   - 最佳适应度 (Fitness):   61.7914

📈 性能提升:
   - 总速率提升:   +0.56%
   - 最小速率提升: +8.02%

⏱️  计算时间:
   - 总优化时间: 180.55 秒
   - 平均每代:   3.611 秒

✓ Weighted PSO Complete
   Final Min Rate: 30.4115 Mbps
   Final Sum Rate: 2555.15 Mbps
   Time: 180.66 s

================================================================================
[4/4] Running Weighted NewSSA...
================================================================================
================================================================================
开始NewSSA优化（论文算法）...
  • 改进1: OBL策略 + 折射原理（公式18）
  • 改进2: 正弦-余弦搜索（公式20）
  • 改进3: 自适应参数r1和w（公式21-22）
  • 麻雀数量: 30
  • 最大迭代: 50
  • 生产者: 20%, 警戒者: 15%
================================================================================

[1/5] OBL策略 + 折射原理初始化...
[2/5] 计算初始适应度...
  ✓ 初始最优适应度: 50.8266 (min_rate=24.4918 Mbps)

[3/5] 开始迭代优化（50次）...
--------------------------------------------------------------------------------
Iter  10/50: Sum=2606.01Mbps, Min=27.6914Mbps, Fit=53.7516, Time=5.428s
Iter  20/50: Sum=2605.55Mbps, Min=29.5864Mbps, Fit=55.6419, Time=5.423s
Iter  30/50: Sum=2605.55Mbps, Min=29.5864Mbps, Fit=55.6419, Time=5.443s
Iter  40/50: Sum=2605.55Mbps, Min=29.5864Mbps, Fit=55.6419, Time=5.408s
Iter  50/50: Sum=2605.55Mbps, Min=29.5864Mbps, Fit=55.6419, Time=5.437s

[4/5] 整理最终结果...

[5/5] 优化完成!
================================================================================
🎉 Weighted NewSSA优化完成!
📊 最终总速率: 2605.55 Mbps
🎯 最终最小速率: 29.5864 Mbps
💫 最终适应度: 55.6419 (weighted)
📈 平均速率: 43.5958 Mbps
⏱️  优化时间: 271.34 秒
================================================================================

✓ Weighted NewSSA Complete
   Final Min Rate: 29.5864 Mbps
   Final Sum Rate: 2605.55 Mbps
   Time: 274.14 s

✓ 随机种子 49 完成（用时 10.0 分钟）
  VF:     35.41 Mbps
  GA:     30.28 Mbps
  PSO:    30.41 Mbps
  NewSSA: 29.59 Mbps
✓ 结果已保存到: result/weighted_partial_6.json

==========================================================================================
                                    运行 7/11: 随机种子 = 50                                    
==========================================================================================
================================================================================
                      FAIR OPTIMIZER COMPARISON EXPERIMENT                      
================================================================================

公平性保证：
  ✓ 总评估次数: 1500 (种群30 × 迭代50)
  ✓ 信道实现次数: 50
  ✓ 随机种子: 50
  ✓ 相同的初始位置和场景
  ✓ 固定的导频分配


[1/5] Generating neutral scenario...
[Neutral Initialization]
  ✓ UE positions: 60 users randomly distributed
  ✓ Ground APs: 4 APs uniformly distributed (2x2 grid)
  ✓ UAVs: 9 UAVs in 3x3 grid
  ✓ Random seed: 50

[2/5] Creating fair configurations...
  ✓ All configurations created with unified parameters

[3/5] Computing initial performance...
  Initial Min Rate: 33.3023 Mbps
  Initial Sum Rate: 2568.94 Mbps
  Initial Mean Rate: 42.8157 Mbps
  Initial Std Rate: 6.0003 Mbps

[4/5] Running optimizers...

================================================================================
[4/4] Running Balanced Virtual Force Optimizer V3...
================================================================================
开始平衡虚拟力优化（V3正确优化版）...
Iter 0: Sum=2560.52Mbps, Min=33.1434Mbps, BestMin=33.1434Mbps (Iter0), Time=0.091s
Iter 10: Sum=2598.15Mbps, Min=34.9318Mbps, BestMin=35.7846Mbps (Iter9), Time=0.092s
Iter 20: Sum=2601.32Mbps, Min=34.8985Mbps, BestMin=37.8626Mbps (Iter17), Time=0.090s
Iter 30: Sum=2617.90Mbps, Min=35.3925Mbps, BestMin=37.8626Mbps (Iter17), Time=0.092s
Iter 40: Sum=2598.21Mbps, Min=35.2864Mbps, BestMin=37.8626Mbps (Iter17), Time=0.090s

🔄 智能重启 #1 (Iter 42)

🎉 平衡虚拟力优化完成（V3版 - 历代最优记忆）!
✨ 最佳性能出现在第 17 次迭代
📊 历代最优总速率: 2606.98 Mbps
🎯 历代最优最小速率: 37.8626 Mbps
📈 速率标准差: 4.5642 Mbps
⏱️  优化时间: 4.62 秒
⚡ 平均每次迭代: 0.092 秒
🔄 重启次数: 1

✓ Balanced Virtual Force Optimizer V3 Complete
   Final Min Rate: 37.8626 Mbps
   Final Sum Rate: 2606.98 Mbps
   Time: 4.62 s

================================================================================
[4/4] Running Weighted Genetic Algorithm...
================================================================================
离散网格生成完成: 9x9 = 81个候选点
开始离散遗传算法优化（网格: 9x9）...
Gen 0: Fitness=50.7806, Sum=2464.20Mbps, Min=25.0023Mbps, Time=2.827s
Gen 10: Fitness=54.0823, Sum=2456.78Mbps, Min=27.7606Mbps, Time=2.817s
Gen 20: Fitness=56.4835, Sum=2559.67Mbps, Min=29.5559Mbps, Time=2.817s
Gen 30: Fitness=56.4835, Sum=2545.86Mbps, Min=29.5550Mbps, Time=2.811s
Gen 40: Fitness=56.4835, Sum=2537.26Mbps, Min=28.9647Mbps, Time=2.820s

🎉 离散遗传算法优化完成!
✨ 最佳性能出现在第 19 代
📊 最终总速率: 2567.79 Mbps
🎯 最终最小速率: 29.5817 Mbps
📈 速率标准差: 7.3258 Mbps
⏱️  优化时间: 140.89 秒
⚡ 平均每代: 2.818 秒
🎲 使用网格点: [6, 19, 22, 27, 34, 40, 49, 66, 70]

✓ Weighted Genetic Algorithm Complete
   Final Min Rate: 29.5817 Mbps
   Final Sum Rate: 2567.79 Mbps
   Time: 140.98 s

================================================================================
[4/4] Running Weighted PSO...
================================================================================
✅ 分布式PSO优化器初始化完成
   - 粒子数量: 30
   - 最大迭代次数: 50
   - PSO参数: w=0.729, c1=1.49445, c2=1.49445

================================================================================
                            分布式PSO优化算法 (Algorithm 2)                            
================================================================================

[Step 1] 初始化粒子群...
   ✓ 粒子群初始化完成
   ✓ 初始全局最佳适应度: 57.6326

[开始迭代] 最大迭代次数: 50
--------------------------------------------------------------------------------
Iter   0 | Fitness:  58.8749 | Min Rate: 31.4704 Mbps | Sum Rate:  2598.83 Mbps | Mean Rate: 43.3139 Mbps
Iter  10 | Fitness:  61.2626 | Min Rate: 32.9836 Mbps | Sum Rate:  2581.40 Mbps | Mean Rate: 43.0233 Mbps
Iter  20 | Fitness:  61.9690 | Min Rate: 33.5665 Mbps | Sum Rate:  2583.75 Mbps | Mean Rate: 43.0624 Mbps
Iter  30 | Fitness:  61.9690 | Min Rate: 32.2500 Mbps | Sum Rate:  2627.96 Mbps | Mean Rate: 43.7993 Mbps
Iter  40 | Fitness:  61.9690 | Min Rate: 32.7458 Mbps | Sum Rate:  2600.48 Mbps | Mean Rate: 43.3413 Mbps
Iter  49 | Fitness:  61.9690 | Min Rate: 31.5783 Mbps | Sum Rate:  2600.51 Mbps | Mean Rate: 43.3418 Mbps

================================================================================
                                      优化完成                                      
================================================================================

📊 最终性能指标:
   - 总速率 (Sum Rate):      2612.29 Mbps
   - 最小速率 (Min Rate):    33.1059 Mbps
   - 平均速率 (Mean Rate):   43.5382 Mbps
   - 速率标准差 (Std):        5.1394 Mbps
   - 最佳适应度 (Fitness):   61.9690

📈 性能提升:
   - 总速率提升:   +0.52%
   - 最小速率提升: +5.20%

⏱️  计算时间:
   - 总优化时间: 1170.00 秒
   - 平均每代:   23.400 秒

✓ Weighted PSO Complete
   Final Min Rate: 33.1059 Mbps
   Final Sum Rate: 2612.29 Mbps
   Time: 1170.11 s

================================================================================
[4/4] Running Weighted NewSSA...
================================================================================
================================================================================
开始NewSSA优化（论文算法）...
  • 改进1: OBL策略 + 折射原理（公式18）
  • 改进2: 正弦-余弦搜索（公式20）
  • 改进3: 自适应参数r1和w（公式21-22）
  • 麻雀数量: 30
  • 最大迭代: 50
  • 生产者: 20%, 警戒者: 15%
================================================================================

[1/5] OBL策略 + 折射原理初始化...
[2/5] 计算初始适应度...
  ✓ 初始最优适应度: 51.4260 (min_rate=27.3096 Mbps)

[3/5] 开始迭代优化（50次）...
--------------------------------------------------------------------------------
Iter  10/50: Sum=2411.63Mbps, Min=27.3096Mbps, Fit=51.4260, Time=5.366s
Iter  20/50: Sum=2433.47Mbps, Min=28.1869Mbps, Fit=52.5215, Time=5.412s
Iter  30/50: Sum=2433.47Mbps, Min=28.1869Mbps, Fit=52.5215, Time=5.520s
Iter  40/50: Sum=2433.47Mbps, Min=28.1869Mbps, Fit=52.5215, Time=5.431s
Iter  50/50: Sum=2433.47Mbps, Min=28.1869Mbps, Fit=52.5215, Time=5.445s

[4/5] 整理最终结果...

[5/5] 优化完成!
================================================================================
🎉 Weighted NewSSA优化完成!
📊 最终总速率: 2433.47 Mbps
🎯 最终最小速率: 28.1869 Mbps
💫 最终适应度: 52.5215 (weighted)
📈 平均速率: 40.1936 Mbps
⏱️  优化时间: 1043.73 秒
================================================================================

✓ Weighted NewSSA Complete
   Final Min Rate: 28.1869 Mbps
   Final Sum Rate: 2433.47 Mbps
   Time: 1046.40 s

✓ 随机种子 50 完成（用时 39.4 分钟）
  VF:     37.86 Mbps
  GA:     29.58 Mbps
  PSO:    33.11 Mbps
  NewSSA: 28.19 Mbps
✓ 结果已保存到: result/weighted_partial_7.json

==========================================================================================
                                    运行 8/11: 随机种子 = 51                                    
==========================================================================================
================================================================================
                      FAIR OPTIMIZER COMPARISON EXPERIMENT                      
================================================================================

公平性保证：
  ✓ 总评估次数: 1500 (种群30 × 迭代50)
  ✓ 信道实现次数: 50
  ✓ 随机种子: 51
  ✓ 相同的初始位置和场景
  ✓ 固定的导频分配


[1/5] Generating neutral scenario...
[Neutral Initialization]
  ✓ UE positions: 60 users randomly distributed
  ✓ Ground APs: 4 APs uniformly distributed (2x2 grid)
  ✓ UAVs: 9 UAVs in 3x3 grid
  ✓ Random seed: 51

[2/5] Creating fair configurations...
  ✓ All configurations created with unified parameters

[3/5] Computing initial performance...
  Initial Min Rate: 31.5932 Mbps
  Initial Sum Rate: 2613.64 Mbps
  Initial Mean Rate: 43.5607 Mbps
  Initial Std Rate: 6.6644 Mbps

[4/5] Running optimizers...

================================================================================
[4/4] Running Balanced Virtual Force Optimizer V3...
================================================================================
开始平衡虚拟力优化（V3正确优化版）...
Iter 0: Sum=2598.31Mbps, Min=29.5418Mbps, BestMin=29.5418Mbps (Iter0), Time=0.090s
Iter 10: Sum=2699.98Mbps, Min=36.0230Mbps, BestMin=36.2730Mbps (Iter5), Time=0.090s
Iter 20: Sum=2707.84Mbps, Min=36.1352Mbps, BestMin=36.6076Mbps (Iter15), Time=0.091s
Iter 30: Sum=2736.19Mbps, Min=35.2946Mbps, BestMin=36.6076Mbps (Iter15), Time=0.091s
Iter 40: Sum=2740.08Mbps, Min=36.4604Mbps, BestMin=38.4597Mbps (Iter35), Time=0.091s

🎉 平衡虚拟力优化完成（V3版 - 历代最优记忆）!
✨ 最佳性能出现在第 35 次迭代
📊 历代最优总速率: 2747.38 Mbps
🎯 历代最优最小速率: 38.4597 Mbps
📈 速率标准差: 5.8033 Mbps
⏱️  优化时间: 4.62 秒
⚡ 平均每次迭代: 0.092 秒
🔄 重启次数: 0

✓ Balanced Virtual Force Optimizer V3 Complete
   Final Min Rate: 38.4597 Mbps
   Final Sum Rate: 2747.38 Mbps
   Time: 4.62 s

================================================================================
[4/4] Running Weighted Genetic Algorithm...
================================================================================
离散网格生成完成: 9x9 = 81个候选点
开始离散遗传算法优化（网格: 9x9）...
Gen 0: Fitness=55.1277, Sum=2679.79Mbps, Min=27.9172Mbps, Time=2.810s
Gen 10: Fitness=57.5967, Sum=2575.98Mbps, Min=30.1146Mbps, Time=2.810s
Gen 20: Fitness=58.6817, Sum=2571.73Mbps, Min=31.7562Mbps, Time=2.799s
Gen 30: Fitness=58.6817, Sum=2585.96Mbps, Min=31.9613Mbps, Time=2.866s
Gen 40: Fitness=60.8530, Sum=2621.48Mbps, Min=32.2891Mbps, Time=2.803s

🎉 离散遗传算法优化完成!
✨ 最佳性能出现在第 45 代
📊 最终总速率: 2610.32 Mbps
🎯 最终最小速率: 34.2277 Mbps
📈 速率标准差: 4.9420 Mbps
⏱️  优化时间: 140.64 秒
⚡ 平均每代: 2.813 秒
🎲 使用网格点: [0, 3, 14, 35, 37, 49, 51, 58, 63]

✓ Weighted Genetic Algorithm Complete
   Final Min Rate: 34.2277 Mbps
   Final Sum Rate: 2610.32 Mbps
   Time: 140.73 s

================================================================================
[4/4] Running Weighted PSO...
================================================================================
✅ 分布式PSO优化器初始化完成
   - 粒子数量: 30
   - 最大迭代次数: 50
   - PSO参数: w=0.729, c1=1.49445, c2=1.49445

================================================================================
                            分布式PSO优化算法 (Algorithm 2)                            
================================================================================

[Step 1] 初始化粒子群...
   ✓ 粒子群初始化完成
   ✓ 初始全局最佳适应度: 57.4797

[开始迭代] 最大迭代次数: 50
--------------------------------------------------------------------------------
Iter   0 | Fitness:  58.0049 | Min Rate: 31.9315 Mbps | Sum Rate:  2602.98 Mbps | Mean Rate: 43.3830 Mbps
Iter  10 | Fitness:  58.8638 | Min Rate: 30.0276 Mbps | Sum Rate:  2613.65 Mbps | Mean Rate: 43.5609 Mbps
Iter  20 | Fitness:  62.3891 | Min Rate: 33.9573 Mbps | Sum Rate:  2615.16 Mbps | Mean Rate: 43.5861 Mbps
Iter  30 | Fitness:  63.5279 | Min Rate: 34.1667 Mbps | Sum Rate:  2641.77 Mbps | Mean Rate: 44.0295 Mbps
Iter  40 | Fitness:  63.5902 | Min Rate: 33.9590 Mbps | Sum Rate:  2619.83 Mbps | Mean Rate: 43.6638 Mbps
Iter  49 | Fitness:  63.5902 | Min Rate: 35.2283 Mbps | Sum Rate:  2642.19 Mbps | Mean Rate: 44.0364 Mbps

================================================================================
                                      优化完成                                      
================================================================================

📊 最终性能指标:
   - 总速率 (Sum Rate):      2651.16 Mbps
   - 最小速率 (Min Rate):    34.8844 Mbps
   - 平均速率 (Mean Rate):   44.1861 Mbps
   - 速率标准差 (Std):        5.7937 Mbps
   - 最佳适应度 (Fitness):   63.5902

📈 性能提升:
   - 总速率提升:   +1.85%
   - 最小速率提升: +9.25%

⏱️  计算时间:
   - 总优化时间: 180.68 秒
   - 平均每代:   3.614 秒

✓ Weighted PSO Complete
   Final Min Rate: 34.8844 Mbps
   Final Sum Rate: 2651.16 Mbps
   Time: 180.80 s

================================================================================
[4/4] Running Weighted NewSSA...
================================================================================
================================================================================
开始NewSSA优化（论文算法）...
  • 改进1: OBL策略 + 折射原理（公式18）
  • 改进2: 正弦-余弦搜索（公式20）
  • 改进3: 自适应参数r1和w（公式21-22）
  • 麻雀数量: 30
  • 最大迭代: 50
  • 生产者: 20%, 警戒者: 15%
================================================================================

[1/5] OBL策略 + 折射原理初始化...
[2/5] 计算初始适应度...
  ✓ 初始最优适应度: 54.4007 (min_rate=29.7652 Mbps)

[3/5] 开始迭代优化（50次）...
--------------------------------------------------------------------------------
Iter  10/50: Sum=2561.41Mbps, Min=30.7417Mbps, Fit=56.3558, Time=5.444s
Iter  20/50: Sum=2587.91Mbps, Min=31.7109Mbps, Fit=57.5900, Time=5.445s
Iter  30/50: Sum=2676.76Mbps, Min=34.9303Mbps, Fit=61.6979, Time=5.460s
Iter  40/50: Sum=2676.76Mbps, Min=34.9303Mbps, Fit=61.6979, Time=5.448s
Iter  50/50: Sum=2676.76Mbps, Min=34.9303Mbps, Fit=61.6979, Time=5.438s

[4/5] 整理最终结果...

[5/5] 优化完成!
================================================================================
🎉 Weighted NewSSA优化完成!
📊 最终总速率: 2676.76 Mbps
🎯 最终最小速率: 34.9303 Mbps
💫 最终适应度: 61.6979 (weighted)
📈 平均速率: 44.5579 Mbps
⏱️  优化时间: 274.17 秒
================================================================================

✓ Weighted NewSSA Complete
   Final Min Rate: 34.9303 Mbps
   Final Sum Rate: 2676.76 Mbps
   Time: 276.99 s

✓ 随机种子 51 完成（用时 10.1 分钟）
  VF:     38.46 Mbps
  GA:     34.23 Mbps
  PSO:    34.88 Mbps
  NewSSA: 34.93 Mbps
✓ 结果已保存到: result/weighted_partial_8.json

==========================================================================================
                                    运行 9/11: 随机种子 = 52                                    
==========================================================================================
================================================================================
                      FAIR OPTIMIZER COMPARISON EXPERIMENT                      
================================================================================

公平性保证：
  ✓ 总评估次数: 1500 (种群30 × 迭代50)
  ✓ 信道实现次数: 50
  ✓ 随机种子: 52
  ✓ 相同的初始位置和场景
  ✓ 固定的导频分配


[1/5] Generating neutral scenario...
[Neutral Initialization]
  ✓ UE positions: 60 users randomly distributed
  ✓ Ground APs: 4 APs uniformly distributed (2x2 grid)
  ✓ UAVs: 9 UAVs in 3x3 grid
  ✓ Random seed: 52

[2/5] Creating fair configurations...
  ✓ All configurations created with unified parameters

[3/5] Computing initial performance...
  Initial Min Rate: 30.1837 Mbps
  Initial Sum Rate: 2575.31 Mbps
  Initial Mean Rate: 42.9218 Mbps
  Initial Std Rate: 6.5242 Mbps

[4/5] Running optimizers...

================================================================================
[4/4] Running Balanced Virtual Force Optimizer V3...
================================================================================
开始平衡虚拟力优化（V3正确优化版）...
Iter 0: Sum=2562.11Mbps, Min=30.5830Mbps, BestMin=30.5830Mbps (Iter0), Time=0.091s
Iter 10: Sum=2582.85Mbps, Min=33.0452Mbps, BestMin=33.1891Mbps (Iter6), Time=0.092s
Iter 20: Sum=2535.86Mbps, Min=33.0647Mbps, BestMin=33.3736Mbps (Iter13), Time=0.091s
Iter 30: Sum=2523.42Mbps, Min=33.7351Mbps, BestMin=33.7351Mbps (Iter30), Time=0.092s
Iter 40: Sum=2514.01Mbps, Min=31.7050Mbps, BestMin=34.7820Mbps (Iter37), Time=0.091s

🎉 平衡虚拟力优化完成（V3版 - 历代最优记忆）!
✨ 最佳性能出现在第 37 次迭代
📊 历代最优总速率: 2512.69 Mbps
🎯 历代最优最小速率: 34.7820 Mbps
📈 速率标准差: 4.7775 Mbps
⏱️  优化时间: 4.66 秒
⚡ 平均每次迭代: 0.093 秒
🔄 重启次数: 0

✓ Balanced Virtual Force Optimizer V3 Complete
   Final Min Rate: 34.7820 Mbps
   Final Sum Rate: 2512.69 Mbps
   Time: 4.66 s

================================================================================
[4/4] Running Weighted Genetic Algorithm...
================================================================================
离散网格生成完成: 9x9 = 81个候选点
开始离散遗传算法优化（网格: 9x9）...
Gen 0: Fitness=47.7170, Sum=2491.28Mbps, Min=20.8803Mbps, Time=2.833s
Gen 10: Fitness=52.2977, Sum=2526.02Mbps, Min=25.8886Mbps, Time=2.828s
Gen 20: Fitness=52.9870, Sum=2474.86Mbps, Min=27.2344Mbps, Time=2.819s
Gen 30: Fitness=55.2068, Sum=2510.62Mbps, Min=28.0004Mbps, Time=2.823s
Gen 40: Fitness=55.7599, Sum=2525.08Mbps, Min=27.9399Mbps, Time=2.829s

🎉 离散遗传算法优化完成!
✨ 最佳性能出现在第 36 代
📊 最终总速率: 2494.70 Mbps
🎯 最终最小速率: 27.4554 Mbps
📈 速率标准差: 6.3784 Mbps
⏱️  优化时间: 141.33 秒
⚡ 平均每代: 2.827 秒
🎲 使用网格点: [12, 16, 40, 43, 54, 57, 62, 68, 74]

✓ Weighted Genetic Algorithm Complete
   Final Min Rate: 27.4554 Mbps
   Final Sum Rate: 2494.70 Mbps
   Time: 141.42 s

================================================================================
[4/4] Running Weighted PSO...
================================================================================
✅ 分布式PSO优化器初始化完成
   - 粒子数量: 30
   - 最大迭代次数: 50
   - PSO参数: w=0.729, c1=1.49445, c2=1.49445

================================================================================
                            分布式PSO优化算法 (Algorithm 2)                            
================================================================================

[Step 1] 初始化粒子群...
   ✓ 粒子群初始化完成
   ✓ 初始全局最佳适应度: 55.2998

[开始迭代] 最大迭代次数: 50
--------------------------------------------------------------------------------
Iter   0 | Fitness:  55.2998 | Min Rate: 28.1903 Mbps | Sum Rate:  2579.98 Mbps | Mean Rate: 42.9996 Mbps
Iter  10 | Fitness:  57.4227 | Min Rate: 28.7813 Mbps | Sum Rate:  2563.08 Mbps | Mean Rate: 42.7180 Mbps
Iter  20 | Fitness:  60.9203 | Min Rate: 32.8671 Mbps | Sum Rate:  2568.25 Mbps | Mean Rate: 42.8042 Mbps
Iter  30 | Fitness:  61.5658 | Min Rate: 34.2133 Mbps | Sum Rate:  2524.63 Mbps | Mean Rate: 42.0772 Mbps
Iter  40 | Fitness:  62.2560 | Min Rate: 36.0010 Mbps | Sum Rate:  2607.83 Mbps | Mean Rate: 43.4638 Mbps
Iter  49 | Fitness:  62.7585 | Min Rate: 35.1339 Mbps | Sum Rate:  2569.53 Mbps | Mean Rate: 42.8255 Mbps

================================================================================
                                      优化完成                                      
================================================================================

📊 最终性能指标:
   - 总速率 (Sum Rate):      2579.90 Mbps
   - 最小速率 (Min Rate):    34.7666 Mbps
   - 平均速率 (Mean Rate):   42.9984 Mbps
   - 速率标准差 (Std):        5.7337 Mbps
   - 最佳适应度 (Fitness):   62.7585

📈 性能提升:
   - 总速率提升:   -0.00%
   - 最小速率提升: +23.33%

⏱️  计算时间:
   - 总优化时间: 182.48 秒
   - 平均每代:   3.650 秒

✓ Weighted PSO Complete
   Final Min Rate: 34.7666 Mbps
   Final Sum Rate: 2579.90 Mbps
   Time: 182.60 s

================================================================================
[4/4] Running Weighted NewSSA...
================================================================================
================================================================================
开始NewSSA优化（论文算法）...
  • 改进1: OBL策略 + 折射原理（公式18）
  • 改进2: 正弦-余弦搜索（公式20）
  • 改进3: 自适应参数r1和w（公式21-22）
  • 麻雀数量: 30
  • 最大迭代: 50
  • 生产者: 20%, 警戒者: 15%
================================================================================

[1/5] OBL策略 + 折射原理初始化...
[2/5] 计算初始适应度...
  ✓ 初始最优适应度: 47.3810 (min_rate=23.1165 Mbps)

[3/5] 开始迭代优化（50次）...
--------------------------------------------------------------------------------
Iter  10/50: Sum=2441.28Mbps, Min=23.3457Mbps, Fit=47.7586, Time=5.494s
Iter  20/50: Sum=2412.11Mbps, Min=24.4119Mbps, Fit=48.5330, Time=5.496s
Iter  30/50: Sum=2401.90Mbps, Min=26.8158Mbps, Fit=50.8347, Time=5.450s
Iter  40/50: Sum=2458.00Mbps, Min=27.5324Mbps, Fit=52.1124, Time=5.449s
Iter  50/50: Sum=2458.00Mbps, Min=27.5324Mbps, Fit=52.1124, Time=5.456s

[4/5] 整理最终结果...

[5/5] 优化完成!
================================================================================
🎉 Weighted NewSSA优化完成!
📊 最终总速率: 2458.00 Mbps
🎯 最终最小速率: 27.5324 Mbps
💫 最终适应度: 52.1124 (weighted)
📈 平均速率: 40.9763 Mbps
⏱️  优化时间: 273.60 秒
================================================================================

✓ Weighted NewSSA Complete
   Final Min Rate: 27.5324 Mbps
   Final Sum Rate: 2458.00 Mbps
   Time: 276.45 s

✓ 随机种子 52 完成（用时 10.1 分钟）
  VF:     34.78 Mbps
  GA:     27.46 Mbps
  PSO:    34.77 Mbps
  NewSSA: 27.53 Mbps
✓ 结果已保存到: result/weighted_partial_9.json

==========================================================================================
                                   运行 10/11: 随机种子 = 53                                    
==========================================================================================
================================================================================
                      FAIR OPTIMIZER COMPARISON EXPERIMENT                      
================================================================================

公平性保证：
  ✓ 总评估次数: 1500 (种群30 × 迭代50)
  ✓ 信道实现次数: 50
  ✓ 随机种子: 53
  ✓ 相同的初始位置和场景
  ✓ 固定的导频分配


[1/5] Generating neutral scenario...
[Neutral Initialization]
  ✓ UE positions: 60 users randomly distributed
  ✓ Ground APs: 4 APs uniformly distributed (2x2 grid)
  ✓ UAVs: 9 UAVs in 3x3 grid
  ✓ Random seed: 53

[2/5] Creating fair configurations...
  ✓ All configurations created with unified parameters

[3/5] Computing initial performance...
  Initial Min Rate: 31.7513 Mbps
  Initial Sum Rate: 2632.40 Mbps
  Initial Mean Rate: 43.8734 Mbps
  Initial Std Rate: 7.0467 Mbps

[4/5] Running optimizers...

================================================================================
[4/4] Running Balanced Virtual Force Optimizer V3...
================================================================================
开始平衡虚拟力优化（V3正确优化版）...
Iter 0: Sum=2650.90Mbps, Min=31.7542Mbps, BestMin=31.7542Mbps (Iter0), Time=0.089s
Iter 10: Sum=2639.55Mbps, Min=31.9377Mbps, BestMin=33.2145Mbps (Iter7), Time=0.090s
Iter 20: Sum=2702.82Mbps, Min=34.8070Mbps, BestMin=34.8070Mbps (Iter20), Time=0.091s
Iter 30: Sum=2721.12Mbps, Min=35.6431Mbps, BestMin=35.6431Mbps (Iter30), Time=0.091s
Iter 40: Sum=2722.06Mbps, Min=34.9127Mbps, BestMin=37.3031Mbps (Iter32), Time=0.090s

🎉 平衡虚拟力优化完成（V3版 - 历代最优记忆）!
✨ 最佳性能出现在第 32 次迭代
📊 历代最优总速率: 2740.79 Mbps
🎯 历代最优最小速率: 37.3031 Mbps
📈 速率标准差: 5.3821 Mbps
⏱️  优化时间: 4.62 秒
⚡ 平均每次迭代: 0.092 秒
🔄 重启次数: 0

✓ Balanced Virtual Force Optimizer V3 Complete
   Final Min Rate: 37.3031 Mbps
   Final Sum Rate: 2740.79 Mbps
   Time: 4.62 s

================================================================================
[4/4] Running Weighted Genetic Algorithm...
================================================================================
离散网格生成完成: 9x9 = 81个候选点
开始离散遗传算法优化（网格: 9x9）...
Gen 0: Fitness=49.5004, Sum=2466.56Mbps, Min=20.7534Mbps, Time=2.807s
Gen 10: Fitness=57.4128, Sum=2597.94Mbps, Min=29.8560Mbps, Time=2.800s
Gen 20: Fitness=58.4620, Sum=2648.01Mbps, Min=29.6910Mbps, Time=2.825s
Gen 30: Fitness=60.0848, Sum=2720.02Mbps, Min=33.2853Mbps, Time=2.957s
Gen 40: Fitness=60.0848, Sum=2691.27Mbps, Min=31.3547Mbps, Time=2.936s

🎉 离散遗传算法优化完成!
✨ 最佳性能出现在第 26 代
📊 最终总速率: 2715.41 Mbps
🎯 最终最小速率: 32.2756 Mbps
📈 速率标准差: 6.4747 Mbps
⏱️  优化时间: 142.74 秒
⚡ 平均每代: 2.855 秒
🎲 使用网格点: [14, 28, 31, 33, 35, 48, 54, 59, 78]

✓ Weighted Genetic Algorithm Complete
   Final Min Rate: 32.2756 Mbps
   Final Sum Rate: 2715.41 Mbps
   Time: 142.83 s

================================================================================
[4/4] Running Weighted PSO...
================================================================================
✅ 分布式PSO优化器初始化完成
   - 粒子数量: 30
   - 最大迭代次数: 50
   - PSO参数: w=0.729, c1=1.49445, c2=1.49445

================================================================================
                            分布式PSO优化算法 (Algorithm 2)                            
================================================================================

[Step 1] 初始化粒子群...
   ✓ 粒子群初始化完成
   ✓ 初始全局最佳适应度: 57.4334

[开始迭代] 最大迭代次数: 50
--------------------------------------------------------------------------------
Iter   0 | Fitness:  57.6137 | Min Rate: 31.6808 Mbps | Sum Rate:  2657.42 Mbps | Mean Rate: 44.2904 Mbps
Iter  10 | Fitness:  61.8551 | Min Rate: 32.4561 Mbps | Sum Rate:  2678.90 Mbps | Mean Rate: 44.6483 Mbps
Iter  20 | Fitness:  63.2076 | Min Rate: 35.4969 Mbps | Sum Rate:  2699.39 Mbps | Mean Rate: 44.9898 Mbps
Iter  30 | Fitness:  64.7694 | Min Rate: 34.4389 Mbps | Sum Rate:  2700.48 Mbps | Mean Rate: 45.0080 Mbps
Iter  40 | Fitness:  64.7694 | Min Rate: 34.7598 Mbps | Sum Rate:  2692.96 Mbps | Mean Rate: 44.8827 Mbps
Iter  49 | Fitness:  64.7694 | Min Rate: 35.0007 Mbps | Sum Rate:  2690.06 Mbps | Mean Rate: 44.8343 Mbps

================================================================================
                                      优化完成                                      
================================================================================

📊 最终性能指标:
   - 总速率 (Sum Rate):      2721.62 Mbps
   - 最小速率 (Min Rate):    34.3134 Mbps
   - 平均速率 (Mean Rate):   45.3603 Mbps
   - 速率标准差 (Std):        5.5460 Mbps
   - 最佳适应度 (Fitness):   64.7694

📈 性能提升:
   - 总速率提升:   +2.42%
   - 最小速率提升: +8.31%

⏱️  计算时间:
   - 总优化时间: 185.09 秒
   - 平均每代:   3.702 秒

✓ Weighted PSO Complete
   Final Min Rate: 34.3134 Mbps
   Final Sum Rate: 2721.62 Mbps
   Time: 185.20 s

================================================================================
[4/4] Running Weighted NewSSA...
================================================================================
================================================================================
开始NewSSA优化（论文算法）...
  • 改进1: OBL策略 + 折射原理（公式18）
  • 改进2: 正弦-余弦搜索（公式20）
  • 改进3: 自适应参数r1和w（公式21-22）
  • 麻雀数量: 30
  • 最大迭代: 50
  • 生产者: 20%, 警戒者: 15%
================================================================================

[1/5] OBL策略 + 折射原理初始化...
[2/5] 计算初始适应度...
  ✓ 初始最优适应度: 52.9481 (min_rate=27.0157 Mbps)

[3/5] 开始迭代优化（50次）...
--------------------------------------------------------------------------------
Iter  10/50: Sum=2641.00Mbps, Min=31.5609Mbps, Fit=57.9710, Time=5.602s
Iter  20/50: Sum=2646.96Mbps, Min=31.8261Mbps, Fit=58.2957, Time=5.586s
Iter  30/50: Sum=2658.31Mbps, Min=32.4190Mbps, Fit=59.0021, Time=5.578s
Iter  40/50: Sum=2658.31Mbps, Min=32.4190Mbps, Fit=59.0021, Time=5.546s
Iter  50/50: Sum=2658.31Mbps, Min=32.4190Mbps, Fit=59.0021, Time=5.501s

[4/5] 整理最终结果...

[5/5] 优化完成!
================================================================================
🎉 Weighted NewSSA优化完成!
📊 最终总速率: 2658.31 Mbps
🎯 最终最小速率: 32.4190 Mbps
💫 最终适应度: 59.0021 (weighted)
📈 平均速率: 43.9232 Mbps
⏱️  优化时间: 276.54 秒
================================================================================

✓ Weighted NewSSA Complete
   Final Min Rate: 32.4190 Mbps
   Final Sum Rate: 2658.31 Mbps
   Time: 279.39 s

✓ 随机种子 53 完成（用时 10.2 分钟）
  VF:     37.30 Mbps
  GA:     32.28 Mbps
  PSO:    34.31 Mbps
  NewSSA: 32.42 Mbps
✓ 结果已保存到: result/weighted_partial_10.json

==========================================================================================
                                   运行 11/11: 随机种子 = 54                                    
==========================================================================================
================================================================================
                      FAIR OPTIMIZER COMPARISON EXPERIMENT                      
================================================================================

公平性保证：
  ✓ 总评估次数: 1500 (种群30 × 迭代50)
  ✓ 信道实现次数: 50
  ✓ 随机种子: 54
  ✓ 相同的初始位置和场景
  ✓ 固定的导频分配


[1/5] Generating neutral scenario...
[Neutral Initialization]
  ✓ UE positions: 60 users randomly distributed
  ✓ Ground APs: 4 APs uniformly distributed (2x2 grid)
  ✓ UAVs: 9 UAVs in 3x3 grid
  ✓ Random seed: 54

[2/5] Creating fair configurations...
  ✓ All configurations created with unified parameters

[3/5] Computing initial performance...
  Initial Min Rate: 32.1140 Mbps
  Initial Sum Rate: 2632.92 Mbps
  Initial Mean Rate: 43.8821 Mbps
  Initial Std Rate: 6.1077 Mbps

[4/5] Running optimizers...

================================================================================
[4/4] Running Balanced Virtual Force Optimizer V3...
================================================================================
开始平衡虚拟力优化（V3正确优化版）...
Iter 0: Sum=2647.19Mbps, Min=33.2679Mbps, BestMin=33.2679Mbps (Iter0), Time=0.091s
Iter 10: Sum=2745.94Mbps, Min=33.9908Mbps, BestMin=33.9908Mbps (Iter10), Time=0.093s
Iter 20: Sum=2716.10Mbps, Min=33.6888Mbps, BestMin=36.7274Mbps (Iter18), Time=0.091s
Iter 30: Sum=2709.12Mbps, Min=34.1430Mbps, BestMin=36.7274Mbps (Iter18), Time=0.092s
Iter 40: Sum=2680.36Mbps, Min=35.7704Mbps, BestMin=36.7274Mbps (Iter18), Time=0.092s

🔄 智能重启 #1 (Iter 43)

🎉 平衡虚拟力优化完成（V3版 - 历代最优记忆）!
✨ 最佳性能出现在第 18 次迭代
📊 历代最优总速率: 2767.74 Mbps
🎯 历代最优最小速率: 36.7274 Mbps
📈 速率标准差: 4.8342 Mbps
⏱️  优化时间: 4.76 秒
⚡ 平均每次迭代: 0.095 秒
🔄 重启次数: 1

✓ Balanced Virtual Force Optimizer V3 Complete
   Final Min Rate: 36.7274 Mbps
   Final Sum Rate: 2767.74 Mbps
   Time: 4.76 s

================================================================================
[4/4] Running Weighted Genetic Algorithm...
================================================================================
离散网格生成完成: 9x9 = 81个候选点
开始离散遗传算法优化（网格: 9x9）...
Gen 0: Fitness=49.2057, Sum=2525.48Mbps, Min=23.2583Mbps, Time=2.836s
Gen 10: Fitness=54.4212, Sum=2519.80Mbps, Min=28.7801Mbps, Time=2.879s
Gen 20: Fitness=56.5600, Sum=2554.94Mbps, Min=29.8247Mbps, Time=2.923s
Gen 30: Fitness=56.8082, Sum=2519.52Mbps, Min=28.4263Mbps, Time=3.046s
Gen 40: Fitness=56.8082, Sum=2531.73Mbps, Min=31.3630Mbps, Time=2.883s

🎉 离散遗传算法优化完成!
✨ 最佳性能出现在第 48 代
📊 最终总速率: 2551.58 Mbps
🎯 最终最小速率: 29.8335 Mbps
📈 速率标准差: 7.4857 Mbps
⏱️  优化时间: 145.39 秒
⚡ 平均每代: 2.908 秒
🎲 使用网格点: [2, 5, 7, 12, 19, 44, 46, 58, 66]

✓ Weighted Genetic Algorithm Complete
   Final Min Rate: 29.8335 Mbps
   Final Sum Rate: 2551.58 Mbps
   Time: 145.48 s

================================================================================
[4/4] Running Weighted PSO...
================================================================================
✅ 分布式PSO优化器初始化完成
   - 粒子数量: 30
   - 最大迭代次数: 50
   - PSO参数: w=0.729, c1=1.49445, c2=1.49445

================================================================================
                            分布式PSO优化算法 (Algorithm 2)                            
================================================================================

[Step 1] 初始化粒子群...
   ✓ 粒子群初始化完成
   ✓ 初始全局最佳适应度: 57.8386

[开始迭代] 最大迭代次数: 50
--------------------------------------------------------------------------------
Iter   0 | Fitness:  59.8801 | Min Rate: 33.4641 Mbps | Sum Rate:  2627.19 Mbps | Mean Rate: 43.7865 Mbps
Iter  10 | Fitness:  61.4998 | Min Rate: 32.8492 Mbps | Sum Rate:  2671.99 Mbps | Mean Rate: 44.5331 Mbps
Iter  20 | Fitness:  61.5674 | Min Rate: 32.9570 Mbps | Sum Rate:  2592.24 Mbps | Mean Rate: 43.2040 Mbps
Iter  30 | Fitness:  62.4504 | Min Rate: 34.1801 Mbps | Sum Rate:  2634.57 Mbps | Mean Rate: 43.9094 Mbps
Iter  40 | Fitness:  62.6806 | Min Rate: 31.8405 Mbps | Sum Rate:  2680.78 Mbps | Mean Rate: 44.6797 Mbps
Iter  49 | Fitness:  62.9993 | Min Rate: 35.1317 Mbps | Sum Rate:  2693.37 Mbps | Mean Rate: 44.8896 Mbps

================================================================================
                                      优化完成                                      
================================================================================

📊 最终性能指标:
   - 总速率 (Sum Rate):      2685.09 Mbps
   - 最小速率 (Min Rate):    34.2928 Mbps
   - 平均速率 (Mean Rate):   44.7515 Mbps
   - 速率标准差 (Std):        6.2800 Mbps
   - 最佳适应度 (Fitness):   62.9993

📈 性能提升:
   - 总速率提升:   +2.20%
   - 最小速率提升: +2.48%

⏱️  计算时间:
   - 总优化时间: 258.98 秒
   - 平均每代:   5.180 秒

✓ Weighted PSO Complete
   Final Min Rate: 34.2928 Mbps
   Final Sum Rate: 2685.09 Mbps
   Time: 259.23 s

================================================================================
[4/4] Running Weighted NewSSA...
================================================================================
================================================================================
开始NewSSA优化（论文算法）...
  • 改进1: OBL策略 + 折射原理（公式18）
  • 改进2: 正弦-余弦搜索（公式20）
  • 改进3: 自适应参数r1和w（公式21-22）
  • 麻雀数量: 30
  • 最大迭代: 50
  • 生产者: 20%, 警戒者: 15%
================================================================================

[1/5] OBL策略 + 折射原理初始化...
[2/5] 计算初始适应度...
  ✓ 初始最优适应度: 52.5519 (min_rate=26.2660 Mbps)

[3/5] 开始迭代优化（50次）...
--------------------------------------------------------------------------------
Iter  10/50: Sum=2547.86Mbps, Min=30.2614Mbps, Fit=55.7399, Time=11.156s
Iter  20/50: Sum=2534.43Mbps, Min=30.7144Mbps, Fit=56.0587, Time=11.002s
Iter  30/50: Sum=2584.47Mbps, Min=30.7067Mbps, Fit=56.5515, Time=11.174s
Iter  40/50: Sum=2578.28Mbps, Min=31.0283Mbps, Fit=56.8111, Time=11.410s
Iter  50/50: Sum=2578.28Mbps, Min=31.0283Mbps, Fit=56.8111, Time=11.580s

[4/5] 整理最终结果...

[5/5] 优化完成!
================================================================================
🎉 Weighted NewSSA优化完成!
📊 最终总速率: 2578.28 Mbps
🎯 最终最小速率: 31.0283 Mbps
💫 最终适应度: 56.8111 (weighted)
📈 平均速率: 43.3245 Mbps
⏱️  优化时间: 560.93 秒
================================================================================

✓ Weighted NewSSA Complete
   Final Min Rate: 31.0283 Mbps
   Final Sum Rate: 2578.28 Mbps
   Time: 567.04 s

✓ 随机种子 54 完成（用时 16.3 分钟）
  VF:     36.73 Mbps
  GA:     29.83 Mbps
  PSO:    34.29 Mbps
  NewSSA: 31.03 Mbps
✓ 结果已保存到: result/weighted_partial_11.json

==========================================================================================
                                 多随机种子聚合结果 (加权Fitness版本)                                  
==========================================================================================

💡 Fitness函数:
   • BVF: 保持原有优化目标（最小用户速率）
   • GA/PSO/NewSSA: fitness = min_rate + 0.01 * sum_rate

算法              最小速率 (Mbps)               总速率 (Mbps)                时间 (秒)              
                平均 ± 标准差                  平均 ± 标准差                  平均 ± 标准差            
------------------------------------------------------------------------------------------
VF               36.19 ± 1.68           2625.7 ±  87.8             4.8 ±  0.2
GA               30.34 ± 1.93           2590.5 ±  72.1           148.8 ± 11.0
PSO              33.39 ± 1.78           2634.7 ±  47.5           620.5 ± 1066.9
NewSSA           30.89 ± 2.05           2544.4 ±  85.2           379.1 ± 226.3
------------------------------------------------------------------------------------------

初始状态: 29.99 ± 2.34 Mbps

==========================================================================================
                                      最小速率排名（基于平均值）                                       
==========================================================================================
🥇 1. VF          :  36.19 ± 1.68 Mbps (+20.68%)
🥈 2. PSO         :  33.39 ± 1.78 Mbps (+11.32%)
🥉 3. NewSSA      :  30.89 ± 2.05 Mbps ( +2.98%)
   4. GA          :  30.34 ± 1.93 Mbps ( +1.16%)
==========================================================================================
✓ 结果已保存到: result/weighted_final.json

✅ 所有实验完成！
   总运行时间: 211.4 分钟
   成功运行: 11/11 轮
   结果保存在: result/ 文件夹
